build 3rd-party software ...
ftn -c  -O2 -O3 -r8 -fpconstant -fpp -craympich-dpm -r8 -fpconstant -fpp -DMPI -DUNDERSCORE -DTIMER -I/projects/wall_turb_dd/vpuri/NekTools/writefile -I/lus/theta-fs0/projects/wall_turb_dd/vpuri/Nek5000-v17/core -I./ /lus/theta-fs0/projects/wall_turb_dd/vpuri/Nek5000-v17/core/drive.f -o obj/drive.o
ftn -c  -O2 -O3 -r8 -fpconstant -fpp -craympich-dpm -r8 -fpconstant -fpp -DMPI -DUNDERSCORE -DTIMER -I/projects/wall_turb_dd/vpuri/NekTools/writefile -I/lus/theta-fs0/projects/wall_turb_dd/vpuri/Nek5000-v17/core -I./ /lus/theta-fs0/projects/wall_turb_dd/vpuri/Nek5000-v17/core/drive1.f -o obj/drive1.o
ftn -c  -O2 -O3 -r8 -fpconstant -fpp -craympich-dpm -r8 -fpconstant -fpp -DMPI -DUNDERSCORE -DTIMER -I/projects/wall_turb_dd/vpuri/NekTools/writefile -I/lus/theta-fs0/projects/wall_turb_dd/vpuri/Nek5000-v17/core -I./ /lus/theta-fs0/projects/wall_turb_dd/vpuri/Nek5000-v17/core/drive2.f -o obj/drive2.o
ftn -c  -O2 -O3 -r8 -fpconstant -fpp -craympich-dpm -r8 -fpconstant -fpp -DMPI -DUNDERSCORE -DTIMER -I/projects/wall_turb_dd/vpuri/NekTools/writefile -I/lus/theta-fs0/projects/wall_turb_dd/vpuri/Nek5000-v17/core -I./ /lus/theta-fs0/projects/wall_turb_dd/vpuri/Nek5000-v17/core/plan5.f -o obj/plan5.o
ftn -c  -O2 -O3 -r8 -fpconstant -fpp -craympich-dpm -r8 -fpconstant -fpp -DMPI -DUNDERSCORE -DTIMER -I/projects/wall_turb_dd/vpuri/NekTools/writefile -I/lus/theta-fs0/projects/wall_turb_dd/vpuri/Nek5000-v17/core -I./ /lus/theta-fs0/projects/wall_turb_dd/vpuri/Nek5000-v17/core/plan4.f -o obj/plan4.o
ftn -c  -O2 -O3 -r8 -fpconstant -fpp -craympich-dpm -r8 -fpconstant -fpp -DMPI -DUNDERSCORE -DTIMER -I/projects/wall_turb_dd/vpuri/NekTools/writefile -I/lus/theta-fs0/projects/wall_turb_dd/vpuri/Nek5000-v17/core -I./ /lus/theta-fs0/projects/wall_turb_dd/vpuri/Nek5000-v17/core/bdry.f -o obj/bdry.o
ftn -c  -O2 -O3 -r8 -fpconstant -fpp -craympich-dpm -r8 -fpconstant -fpp -DMPI -DUNDERSCORE -DTIMER -I/projects/wall_turb_dd/vpuri/NekTools/writefile -I/lus/theta-fs0/projects/wall_turb_dd/vpuri/Nek5000-v17/core -I./ /lus/theta-fs0/projects/wall_turb_dd/vpuri/Nek5000-v17/core/coef.f -o obj/coef.o
ftn -c  -O2 -O3 -r8 -fpconstant -fpp -craympich-dpm -r8 -fpconstant -fpp -DMPI -DUNDERSCORE -DTIMER -I/projects/wall_turb_dd/vpuri/NekTools/writefile -I/lus/theta-fs0/projects/wall_turb_dd/vpuri/Nek5000-v17/core -I./ /lus/theta-fs0/projects/wall_turb_dd/vpuri/Nek5000-v17/core/conduct.f -o obj/conduct.o
ftn -c  -O2 -O3 -r8 -fpconstant -fpp -craympich-dpm -r8 -fpconstant -fpp -DMPI -DUNDERSCORE -DTIMER -I/projects/wall_turb_dd/vpuri/NekTools/writefile -I/lus/theta-fs0/projects/wall_turb_dd/vpuri/Nek5000-v17/core -I./ /lus/theta-fs0/projects/wall_turb_dd/vpuri/Nek5000-v17/core/connect1.f -o obj/connect1.o
ftn -c  -O2 -O3 -r8 -fpconstant -fpp -craympich-dpm -r8 -fpconstant -fpp -DMPI -DUNDERSCORE -DTIMER -I/projects/wall_turb_dd/vpuri/NekTools/writefile -I/lus/theta-fs0/projects/wall_turb_dd/vpuri/Nek5000-v17/core -I./ /lus/theta-fs0/projects/wall_turb_dd/vpuri/Nek5000-v17/core/connect2.f -o obj/connect2.o
ftn -c  -O2 -O3 -r8 -fpconstant -fpp -craympich-dpm -r8 -fpconstant -fpp -DMPI -DUNDERSCORE -DTIMER -I/projects/wall_turb_dd/vpuri/NekTools/writefile -I/lus/theta-fs0/projects/wall_turb_dd/vpuri/Nek5000-v17/core -I./ /lus/theta-fs0/projects/wall_turb_dd/vpuri/Nek5000-v17/core/dssum.f -o obj/dssum.o
ftn -c  -O2 -O3 -r8 -fpconstant -fpp -craympich-dpm -r8 -fpconstant -fpp -DMPI -DUNDERSCORE -DTIMER -I/projects/wall_turb_dd/vpuri/NekTools/writefile -I/lus/theta-fs0/projects/wall_turb_dd/vpuri/Nek5000-v17/core -I./ /lus/theta-fs0/projects/wall_turb_dd/vpuri/Nek5000-v17/core/edgec.f -o obj/edgec.o
ftn -c  -O2 -O3 -r8 -fpconstant -fpp -craympich-dpm -r8 -fpconstant -fpp -DMPI -DUNDERSCORE -DTIMER -I/projects/wall_turb_dd/vpuri/NekTools/writefile -I/lus/theta-fs0/projects/wall_turb_dd/vpuri/Nek5000-v17/core -I./ /lus/theta-fs0/projects/wall_turb_dd/vpuri/Nek5000-v17/core/eigsolv.f -o obj/eigsolv.o
ftn -c  -O2 -O3 -r8 -fpconstant -fpp -craympich-dpm -r8 -fpconstant -fpp -DMPI -DUNDERSCORE -DTIMER -I/projects/wall_turb_dd/vpuri/NekTools/writefile -I/lus/theta-fs0/projects/wall_turb_dd/vpuri/Nek5000-v17/core -I./ /lus/theta-fs0/projects/wall_turb_dd/vpuri/Nek5000-v17/core/gauss.f -o obj/gauss.o
ftn -c  -O2 -O3 -r8 -fpconstant -fpp -craympich-dpm -r8 -fpconstant -fpp -DMPI -DUNDERSCORE -DTIMER -I/projects/wall_turb_dd/vpuri/NekTools/writefile -I/lus/theta-fs0/projects/wall_turb_dd/vpuri/Nek5000-v17/core -I./ /lus/theta-fs0/projects/wall_turb_dd/vpuri/Nek5000-v17/core/genxyz.f -o obj/genxyz.o
ftn -c  -O2 -O3 -r8 -fpconstant -fpp -craympich-dpm -r8 -fpconstant -fpp -DMPI -DUNDERSCORE -DTIMER -I/projects/wall_turb_dd/vpuri/NekTools/writefile -I/lus/theta-fs0/projects/wall_turb_dd/vpuri/Nek5000-v17/core -I./ /lus/theta-fs0/projects/wall_turb_dd/vpuri/Nek5000-v17/core/navier1.f -o obj/navier1.o
ftn -c  -O2 -O3 -r8 -fpconstant -fpp -craympich-dpm -r8 -fpconstant -fpp -DMPI -DUNDERSCORE -DTIMER -I/projects/wall_turb_dd/vpuri/NekTools/writefile -I/lus/theta-fs0/projects/wall_turb_dd/vpuri/Nek5000-v17/core -I./ /lus/theta-fs0/projects/wall_turb_dd/vpuri/Nek5000-v17/core/makeq.f -o obj/makeq.o
ftn -c  -O2 -O3 -r8 -fpconstant -fpp -craympich-dpm -r8 -fpconstant -fpp -DMPI -DUNDERSCORE -DTIMER -I/projects/wall_turb_dd/vpuri/NekTools/writefile -I/lus/theta-fs0/projects/wall_turb_dd/vpuri/Nek5000-v17/core -I./ /lus/theta-fs0/projects/wall_turb_dd/vpuri/Nek5000-v17/core/navier0.f -o obj/navier0.o
/lus/theta-fs0/projects/wall_turb_dd/vpuri/Nek5000-v17/core/navier1.f(3253): warning #6371: A jump into a block from outside the block may have occurred.   [101]
      if (.not. ifdeal(ifield)) goto 101
-------------------------------------^
ftn -c  -O2 -O3 -r8 -fpconstant -fpp -craympich-dpm -r8 -fpconstant -fpp -DMPI -DUNDERSCORE -DTIMER -I/projects/wall_turb_dd/vpuri/NekTools/writefile -I/lus/theta-fs0/projects/wall_turb_dd/vpuri/Nek5000-v17/core -I./ /lus/theta-fs0/projects/wall_turb_dd/vpuri/Nek5000-v17/core/navier2.f -o obj/navier2.o
ftn -c  -O2 -O3 -r8 -fpconstant -fpp -craympich-dpm -r8 -fpconstant -fpp -DMPI -DUNDERSCORE -DTIMER -I/projects/wall_turb_dd/vpuri/NekTools/writefile -I/lus/theta-fs0/projects/wall_turb_dd/vpuri/Nek5000-v17/core -I./ /lus/theta-fs0/projects/wall_turb_dd/vpuri/Nek5000-v17/core/navier3.f -o obj/navier3.o
ftn -c  -O2 -O3 -r8 -fpconstant -fpp -craympich-dpm -r8 -fpconstant -fpp -DMPI -DUNDERSCORE -DTIMER -I/projects/wall_turb_dd/vpuri/NekTools/writefile -I/lus/theta-fs0/projects/wall_turb_dd/vpuri/Nek5000-v17/core -I./ /lus/theta-fs0/projects/wall_turb_dd/vpuri/Nek5000-v17/core/navier4.f -o obj/navier4.o
ftn -c  -O2 -O3 -r8 -fpconstant -fpp -craympich-dpm -r8 -fpconstant -fpp -DMPI -DUNDERSCORE -DTIMER -I/projects/wall_turb_dd/vpuri/NekTools/writefile -I/lus/theta-fs0/projects/wall_turb_dd/vpuri/Nek5000-v17/core -I./ /lus/theta-fs0/projects/wall_turb_dd/vpuri/Nek5000-v17/core/prepost.f -o obj/prepost.o
ftn -c  -O2 -O3 -r8 -fpconstant -fpp -craympich-dpm -r8 -fpconstant -fpp -DMPI -DUNDERSCORE -DTIMER -I/projects/wall_turb_dd/vpuri/NekTools/writefile -I/lus/theta-fs0/projects/wall_turb_dd/vpuri/Nek5000-v17/core -I./ /lus/theta-fs0/projects/wall_turb_dd/vpuri/Nek5000-v17/core/speclib.f -o obj/speclib.o
ftn -c  -O2 -O3 -r8 -fpconstant -fpp -craympich-dpm -r8 -fpconstant -fpp -DMPI -DUNDERSCORE -DTIMER -I/projects/wall_turb_dd/vpuri/NekTools/writefile -I/lus/theta-fs0/projects/wall_turb_dd/vpuri/Nek5000-v17/core -I./ /lus/theta-fs0/projects/wall_turb_dd/vpuri/Nek5000-v17/core/map2.f -o obj/map2.o
ftn -c  -O2 -O3 -r8 -fpconstant -fpp -craympich-dpm -r8 -fpconstant -fpp -DMPI -DUNDERSCORE -DTIMER -I/projects/wall_turb_dd/vpuri/NekTools/writefile -I/lus/theta-fs0/projects/wall_turb_dd/vpuri/Nek5000-v17/core -I./ /lus/theta-fs0/projects/wall_turb_dd/vpuri/Nek5000-v17/core/mvmesh.f -o obj/mvmesh.o
ftn -c  -O2 -O3 -r8 -fpconstant -fpp -craympich-dpm -r8 -fpconstant -fpp -DMPI -DUNDERSCORE -DTIMER -I/projects/wall_turb_dd/vpuri/NekTools/writefile -I/lus/theta-fs0/projects/wall_turb_dd/vpuri/Nek5000-v17/core -I./ /lus/theta-fs0/projects/wall_turb_dd/vpuri/Nek5000-v17/core/ic.f -o obj/ic.o
ftn -c  -O2 -O3 -r8 -fpconstant -fpp -craympich-dpm -r8 -fpconstant -fpp -DMPI -DUNDERSCORE -DTIMER -I/projects/wall_turb_dd/vpuri/NekTools/writefile -I/lus/theta-fs0/projects/wall_turb_dd/vpuri/Nek5000-v17/core -I./ /lus/theta-fs0/projects/wall_turb_dd/vpuri/Nek5000-v17/core/gfldr.f -o obj/gfldr.o
/lus/theta-fs0/projects/wall_turb_dd/vpuri/Nek5000-v17/core/gfldr.f(149): remark #8291: Recommended relationship between field width 'W' and the number of fractional digits 'D' in this edit descriptor is 'W>=D+7'.
      if(nio.eq.0) write(6,'(A,1(1g8.2),A)')
-----------------------------------^
ftn -c  -O2 -O3 -r8 -fpconstant -fpp -craympich-dpm -r8 -fpconstant -fpp -DMPI -DUNDERSCORE -DTIMER -I/projects/wall_turb_dd/vpuri/NekTools/writefile -I/lus/theta-fs0/projects/wall_turb_dd/vpuri/Nek5000-v17/core -I./ /lus/theta-fs0/projects/wall_turb_dd/vpuri/Nek5000-v17/core/ssolv.f -o obj/ssolv.o
ftn -c  -O2 -O3 -r8 -fpconstant -fpp -craympich-dpm -r8 -fpconstant -fpp -DMPI -DUNDERSCORE -DTIMER -I/projects/wall_turb_dd/vpuri/NekTools/writefile -I/lus/theta-fs0/projects/wall_turb_dd/vpuri/Nek5000-v17/core -I./ /lus/theta-fs0/projects/wall_turb_dd/vpuri/Nek5000-v17/core/planx.f -o obj/planx.o
ftn -c  -O3 -O3 -r8 -fpconstant -fpp -craympich-dpm -r8 -fpconstant -fpp -DMPI -DUNDERSCORE -DTIMER -I/projects/wall_turb_dd/vpuri/NekTools/writefile -I/lus/theta-fs0/projects/wall_turb_dd/vpuri/Nek5000-v17/core -I./ /lus/theta-fs0/projects/wall_turb_dd/vpuri/Nek5000-v17/core/math.f -o obj/math.o
ftn -c  -O2 -O3 -r8 -fpconstant -fpp -craympich-dpm -r8 -fpconstant -fpp -DMPI -DUNDERSCORE -DTIMER -I/projects/wall_turb_dd/vpuri/NekTools/writefile -I/lus/theta-fs0/projects/wall_turb_dd/vpuri/Nek5000-v17/core -I./ /lus/theta-fs0/projects/wall_turb_dd/vpuri/Nek5000-v17/core/mxm_wrapper.f -o obj/mxm_wrapper.o 
ftn -c  -O2 -O3 -r8 -fpconstant -fpp -craympich-dpm -r8 -fpconstant -fpp -DMPI -DUNDERSCORE -DTIMER -I/projects/wall_turb_dd/vpuri/NekTools/writefile -I/lus/theta-fs0/projects/wall_turb_dd/vpuri/Nek5000-v17/core -I./ /lus/theta-fs0/projects/wall_turb_dd/vpuri/Nek5000-v17/core/hmholtz.f -o obj/hmholtz.o
ftn -c  -O2 -O3 -r8 -fpconstant -fpp -craympich-dpm -r8 -fpconstant -fpp -DMPI -DUNDERSCORE -DTIMER -I/projects/wall_turb_dd/vpuri/NekTools/writefile -I/lus/theta-fs0/projects/wall_turb_dd/vpuri/Nek5000-v17/core -I./ /lus/theta-fs0/projects/wall_turb_dd/vpuri/Nek5000-v17/core/gfdm_par.f -o obj/gfdm_par.o
ftn -c  -O2 -O3 -r8 -fpconstant -fpp -craympich-dpm -r8 -fpconstant -fpp -DMPI -DUNDERSCORE -DTIMER -I/projects/wall_turb_dd/vpuri/NekTools/writefile -I/lus/theta-fs0/projects/wall_turb_dd/vpuri/Nek5000-v17/core -I./ /lus/theta-fs0/projects/wall_turb_dd/vpuri/Nek5000-v17/core/gfdm_op.f -o obj/gfdm_op.o
ftn -c  -O2 -O3 -r8 -fpconstant -fpp -craympich-dpm -r8 -fpconstant -fpp -DMPI -DUNDERSCORE -DTIMER -I/projects/wall_turb_dd/vpuri/NekTools/writefile -I/lus/theta-fs0/projects/wall_turb_dd/vpuri/Nek5000-v17/core -I./ /lus/theta-fs0/projects/wall_turb_dd/vpuri/Nek5000-v17/core/gfdm_solve.f -o obj/gfdm_solve.o
ftn -c  -O2 -O3 -r8 -fpconstant -fpp -craympich-dpm -r8 -fpconstant -fpp -DMPI -DUNDERSCORE -DTIMER -I/projects/wall_turb_dd/vpuri/NekTools/writefile -I/lus/theta-fs0/projects/wall_turb_dd/vpuri/Nek5000-v17/core -I./ /lus/theta-fs0/projects/wall_turb_dd/vpuri/Nek5000-v17/core/subs1.f -o obj/subs1.o
ftn -c  -O2 -O3 -r8 -fpconstant -fpp -craympich-dpm -r8 -fpconstant -fpp -DMPI -DUNDERSCORE -DTIMER -I/projects/wall_turb_dd/vpuri/NekTools/writefile -I/lus/theta-fs0/projects/wall_turb_dd/vpuri/Nek5000-v17/core -I./ /lus/theta-fs0/projects/wall_turb_dd/vpuri/Nek5000-v17/core/subs2.f -o obj/subs2.o
ftn -c  -O2 -O3 -r8 -fpconstant -fpp -craympich-dpm -r8 -fpconstant -fpp -DMPI -DUNDERSCORE -DTIMER -I/projects/wall_turb_dd/vpuri/NekTools/writefile -I/lus/theta-fs0/projects/wall_turb_dd/vpuri/Nek5000-v17/core -I./ /lus/theta-fs0/projects/wall_turb_dd/vpuri/Nek5000-v17/core/genbox.f -o obj/genbox.o
ftn -c  -O2 -O3 -r8 -fpconstant -fpp -craympich-dpm -r8 -fpconstant -fpp -DMPI -DUNDERSCORE -DTIMER -I/projects/wall_turb_dd/vpuri/NekTools/writefile -I/lus/theta-fs0/projects/wall_turb_dd/vpuri/Nek5000-v17/core -I./ /lus/theta-fs0/projects/wall_turb_dd/vpuri/Nek5000-v17/core/gmres.f -o obj/gmres.o
ftn -c  -O2 -O3 -r8 -fpconstant -fpp -craympich-dpm -r8 -fpconstant -fpp -DMPI -DUNDERSCORE -DTIMER -I/projects/wall_turb_dd/vpuri/NekTools/writefile -I/lus/theta-fs0/projects/wall_turb_dd/vpuri/Nek5000-v17/core -I./ /lus/theta-fs0/projects/wall_turb_dd/vpuri/Nek5000-v17/core/hsmg.f -o obj/hsmg.o
ftn -c  -O2 -O3 -r8 -fpconstant -fpp -craympich-dpm -r8 -fpconstant -fpp -DMPI -DUNDERSCORE -DTIMER -I/projects/wall_turb_dd/vpuri/NekTools/writefile -I/lus/theta-fs0/projects/wall_turb_dd/vpuri/Nek5000-v17/core -I./ /lus/theta-fs0/projects/wall_turb_dd/vpuri/Nek5000-v17/core/convect.f -o obj/convect.o
ftn -c  -O2 -O3 -r8 -fpconstant -fpp -craympich-dpm -r8 -fpconstant -fpp -DMPI -DUNDERSCORE -DTIMER -I/projects/wall_turb_dd/vpuri/NekTools/writefile -I/lus/theta-fs0/projects/wall_turb_dd/vpuri/Nek5000-v17/core -I./ /lus/theta-fs0/projects/wall_turb_dd/vpuri/Nek5000-v17/core/induct.f -o obj/induct.o
ftn -c  -O2 -O3 -r8 -fpconstant -fpp -craympich-dpm -r8 -fpconstant -fpp -DMPI -DUNDERSCORE -DTIMER -I/projects/wall_turb_dd/vpuri/NekTools/writefile -I/lus/theta-fs0/projects/wall_turb_dd/vpuri/Nek5000-v17/core -I./ /lus/theta-fs0/projects/wall_turb_dd/vpuri/Nek5000-v17/core/perturb.f -o obj/perturb.o
ftn -c  -O2 -O3 -r8 -fpconstant -fpp -craympich-dpm -r8 -fpconstant -fpp -DMPI -DUNDERSCORE -DTIMER -I/projects/wall_turb_dd/vpuri/NekTools/writefile -I/lus/theta-fs0/projects/wall_turb_dd/vpuri/Nek5000-v17/core -I./ /lus/theta-fs0/projects/wall_turb_dd/vpuri/Nek5000-v17/core/navier5.f -o obj/navier5.o
ftn -c  -O2 -O3 -r8 -fpconstant -fpp -craympich-dpm -r8 -fpconstant -fpp -DMPI -DUNDERSCORE -DTIMER -I/projects/wall_turb_dd/vpuri/NekTools/writefile -I/lus/theta-fs0/projects/wall_turb_dd/vpuri/Nek5000-v17/core -I./ /lus/theta-fs0/projects/wall_turb_dd/vpuri/Nek5000-v17/core/navier6.f -o obj/navier6.o
ftn -c  -O2 -O3 -r8 -fpconstant -fpp -craympich-dpm -r8 -fpconstant -fpp -DMPI -DUNDERSCORE -DTIMER -I/projects/wall_turb_dd/vpuri/NekTools/writefile -I/lus/theta-fs0/projects/wall_turb_dd/vpuri/Nek5000-v17/core -I./ /lus/theta-fs0/projects/wall_turb_dd/vpuri/Nek5000-v17/core/navier7.f -o obj/navier7.o
ftn -c  -O2 -O3 -r8 -fpconstant -fpp -craympich-dpm -r8 -fpconstant -fpp -DMPI -DUNDERSCORE -DTIMER -I/projects/wall_turb_dd/vpuri/NekTools/writefile -I/lus/theta-fs0/projects/wall_turb_dd/vpuri/Nek5000-v17/core -I./ /lus/theta-fs0/projects/wall_turb_dd/vpuri/Nek5000-v17/core/navier8.f -o obj/navier8.o
ftn -c  -O2 -O3 -r8 -fpconstant -fpp -craympich-dpm -r8 -fpconstant -fpp -DMPI -DUNDERSCORE -DTIMER -I/projects/wall_turb_dd/vpuri/NekTools/writefile -I/lus/theta-fs0/projects/wall_turb_dd/vpuri/Nek5000-v17/core -I./ /lus/theta-fs0/projects/wall_turb_dd/vpuri/Nek5000-v17/core/fast3d.f -o obj/fast3d.o
ftn -c  -O2 -O3 -r8 -fpconstant -fpp -craympich-dpm -r8 -fpconstant -fpp -DMPI -DUNDERSCORE -DTIMER -I/projects/wall_turb_dd/vpuri/NekTools/writefile -I/lus/theta-fs0/projects/wall_turb_dd/vpuri/Nek5000-v17/core -I./ /lus/theta-fs0/projects/wall_turb_dd/vpuri/Nek5000-v17/core/fasts.f -o obj/fasts.o
ftn -c  -O2 -O3 -r8 -fpconstant -fpp -craympich-dpm -r8 -fpconstant -fpp -DMPI -DUNDERSCORE -DTIMER -I/projects/wall_turb_dd/vpuri/NekTools/writefile -I/lus/theta-fs0/projects/wall_turb_dd/vpuri/Nek5000-v17/core -I./ /lus/theta-fs0/projects/wall_turb_dd/vpuri/Nek5000-v17/core/calcz.f -o obj/calcz.o
cc -c  -O2 -O3 -craympich-dpm -DMPI -DUNDERSCORE -DTIMER /lus/theta-fs0/projects/wall_turb_dd/vpuri/Nek5000-v17/core/byte.c -o obj/byte.o
cc -c  -O2 -O3 -craympich-dpm -DMPI -DUNDERSCORE -DTIMER /lus/theta-fs0/projects/wall_turb_dd/vpuri/Nek5000-v17/core/chelpers.c -o obj/chelpers.o
ftn -c  -O2 -O3 -r8 -fpconstant -fpp -craympich-dpm -r8 -fpconstant -fpp -DMPI -DUNDERSCORE -DTIMER -I/projects/wall_turb_dd/vpuri/NekTools/writefile -I/lus/theta-fs0/projects/wall_turb_dd/vpuri/Nek5000-v17/core -I./ /lus/theta-fs0/projects/wall_turb_dd/vpuri/Nek5000-v17/core/byte_mpi.f -o obj/byte_mpi.o
ftn -c  -O2 -O3 -r8 -fpconstant -fpp -craympich-dpm -r8 -fpconstant -fpp -DMPI -DUNDERSCORE -DTIMER -I/projects/wall_turb_dd/vpuri/NekTools/writefile -I/lus/theta-fs0/projects/wall_turb_dd/vpuri/Nek5000-v17/core -I./ /lus/theta-fs0/projects/wall_turb_dd/vpuri/Nek5000-v17/core/postpro.f -o obj/postpro.o
ftn -c  -O2 -O3 -r8 -fpconstant -fpp -craympich-dpm -r8 -fpconstant -fpp -DMPI -DUNDERSCORE -DTIMER -I/projects/wall_turb_dd/vpuri/NekTools/writefile -I/lus/theta-fs0/projects/wall_turb_dd/vpuri/Nek5000-v17/core -I./ /lus/theta-fs0/projects/wall_turb_dd/vpuri/Nek5000-v17/core/intp_usr.f -o obj/intp_usr.o
ftn -c  -O2 -O3 -r8 -fpconstant -fpp -craympich-dpm -r8 -fpconstant -fpp -DMPI -DUNDERSCORE -DTIMER -I/projects/wall_turb_dd/vpuri/NekTools/writefile -I/lus/theta-fs0/projects/wall_turb_dd/vpuri/Nek5000-v17/core -I./ /lus/theta-fs0/projects/wall_turb_dd/vpuri/Nek5000-v17/core/cvode_driver.f -o obj/cvode_driver.o
cc -c  -O2 -O3 -craympich-dpm -DMPI -DUNDERSCORE -DTIMER /lus/theta-fs0/projects/wall_turb_dd/vpuri/Nek5000-v17/core/nek_comm.c -o obj/nek_comm.o
ftn -c  -O2 -O3 -r8 -fpconstant -fpp -craympich-dpm -r8 -fpconstant -fpp -DMPI -DUNDERSCORE -DTIMER -I/projects/wall_turb_dd/vpuri/NekTools/writefile -I/lus/theta-fs0/projects/wall_turb_dd/vpuri/Nek5000-v17/core -I./ /lus/theta-fs0/projects/wall_turb_dd/vpuri/Nek5000-v17/core/vprops.f -o obj/vprops.o
ftn -c  -O2 -O3 -r8 -fpconstant -fpp -craympich-dpm -r8 -fpconstant -fpp -DMPI -DUNDERSCORE -DTIMER -I/projects/wall_turb_dd/vpuri/NekTools/writefile -I/lus/theta-fs0/projects/wall_turb_dd/vpuri/Nek5000-v17/core -I./ /lus/theta-fs0/projects/wall_turb_dd/vpuri/Nek5000-v17/core/makeq_aux.f -o obj/makeq_aux.o
ftn -c  -O2 -O3 -r8 -fpconstant -fpp -craympich-dpm -r8 -fpconstant -fpp -DMPI -DUNDERSCORE -DTIMER -I/projects/wall_turb_dd/vpuri/NekTools/writefile -I/lus/theta-fs0/projects/wall_turb_dd/vpuri/Nek5000-v17/core -I./ /lus/theta-fs0/projects/wall_turb_dd/vpuri/Nek5000-v17/core/papi.f -o obj/papi.o
ftn -c   -O2 -O3 -r8 -fpconstant -fpp -craympich-dpm -r8 -fpconstant -fpp -DMPI -DUNDERSCORE -DTIMER -I/projects/wall_turb_dd/vpuri/NekTools/writefile -I/lus/theta-fs0/projects/wall_turb_dd/vpuri/Nek5000-v17/core -I./ /lus/theta-fs0/projects/wall_turb_dd/vpuri/Nek5000-v17/core/3rd_party/nek_in_situ.f -o obj/nek_in_situ.o
ftn -c  -O2 -O3 -r8 -fpconstant -fpp -craympich-dpm -r8 -fpconstant -fpp -DMPI -DUNDERSCORE -DTIMER -I/projects/wall_turb_dd/vpuri/NekTools/writefile -I/lus/theta-fs0/projects/wall_turb_dd/vpuri/Nek5000-v17/core -I./ /lus/theta-fs0/projects/wall_turb_dd/vpuri/Nek5000-v17/core/reader_rea.f -o obj/reader_rea.o
ftn -c  -O2 -O3 -r8 -fpconstant -fpp -craympich-dpm -r8 -fpconstant -fpp -DMPI -DUNDERSCORE -DTIMER -I/projects/wall_turb_dd/vpuri/NekTools/writefile -I/lus/theta-fs0/projects/wall_turb_dd/vpuri/Nek5000-v17/core -I./ /lus/theta-fs0/projects/wall_turb_dd/vpuri/Nek5000-v17/core/reader_par.f -o obj/reader_par.o
ftn -c  -O2 -O3 -r8 -fpconstant -fpp -craympich-dpm -r8 -fpconstant -fpp -DMPI -DUNDERSCORE -DTIMER -I/projects/wall_turb_dd/vpuri/NekTools/writefile -I/lus/theta-fs0/projects/wall_turb_dd/vpuri/Nek5000-v17/core -I./ /lus/theta-fs0/projects/wall_turb_dd/vpuri/Nek5000-v17/core/reader_re2.f -o obj/reader_re2.o
cc  -c  -O2 -O3 -craympich-dpm -DMPI -DUNDERSCORE -DTIMER  /lus/theta-fs0/projects/wall_turb_dd/vpuri/Nek5000-v17/core/3rd_party/finiparser.c -o obj/finiparser.o
cc  -c  -O2 -O3 -craympich-dpm -DMPI -DUNDERSCORE -DTIMER  /lus/theta-fs0/projects/wall_turb_dd/vpuri/Nek5000-v17/core/3rd_party/iniparser.c -o obj/iniparser.o
/lus/theta-fs0/projects/wall_turb_dd/vpuri/Nek5000-v17/core/reader_re2.f(61): remark #8291: Recommended relationship between field width 'W' and the number of fractional digits 'D' in this edit descriptor is 'W>=D+7'.
      if(nio.eq.0) write(6,'(A,1(1g8.2),A,/)')
-----------------------------------^
cc  -c  -O2 -O3 -craympich-dpm -DMPI -DUNDERSCORE -DTIMER  /lus/theta-fs0/projects/wall_turb_dd/vpuri/Nek5000-v17/core/3rd_party/dictionary.c -o obj/dictionary.o
ftn -c  -O2 -O3 -r8 -fpconstant -fpp -craympich-dpm -r8 -fpconstant -fpp -DMPI -DUNDERSCORE -DTIMER -I/projects/wall_turb_dd/vpuri/NekTools/writefile -I/lus/theta-fs0/projects/wall_turb_dd/vpuri/Nek5000-v17/core -I./ /lus/theta-fs0/projects/wall_turb_dd/vpuri/Nek5000-v17/core/hpf.f -o obj/hpf.o
ftn -c  -O3 -O3 -r8 -fpconstant -fpp -craympich-dpm -r8 -fpconstant -fpp -DMPI -DUNDERSCORE -DTIMER -I/projects/wall_turb_dd/vpuri/NekTools/writefile -I/lus/theta-fs0/projects/wall_turb_dd/vpuri/Nek5000-v17/core -I./ /lus/theta-fs0/projects/wall_turb_dd/vpuri/Nek5000-v17/core/mxm_std.f -o obj/mxm_std.o
ftn -c  -O2 -O3 -r8 -fpconstant -fpp -craympich-dpm -r8 -fpconstant -fpp -DMPI -DUNDERSCORE -DTIMER -I/projects/wall_turb_dd/vpuri/NekTools/writefile -I/lus/theta-fs0/projects/wall_turb_dd/vpuri/Nek5000-v17/core -I./ /lus/theta-fs0/projects/wall_turb_dd/vpuri/Nek5000-v17/core/comm_mpi.f -o obj/comm_mpi.o
ftn -c  -O2 -O3 -r8 -fpconstant -fpp -craympich-dpm -r8 -fpconstant -fpp -DMPI -DUNDERSCORE -DTIMER -I/projects/wall_turb_dd/vpuri/NekTools/writefile -I/lus/theta-fs0/projects/wall_turb_dd/vpuri/Nek5000-v17/core -I./ /lus/theta-fs0/projects/wall_turb_dd/vpuri/Nek5000-v17/core/singlmesh.f -o obj/singlmesh.o
/lus/theta-fs0/projects/wall_turb_dd/vpuri/Nek5000-v17/core/comm_mpi.f(91): remark #8291: Recommended relationship between field width 'W' and the number of fractional digits 'D' in this edit descriptor is 'W>=D+7'.
         WRITE(6,'(A,1pE8.2)') ' Timer accuracy      : ',edif
------------------------^
ftn -c  -O0 -DMPI -DUNDERSCORE -DTIMER /lus/theta-fs0/projects/wall_turb_dd/vpuri/Nek5000-v17/core/3rd_party/blas.f -o obj/blas.o
ftn -c  -O0 -DMPI -DUNDERSCORE -DTIMER /lus/theta-fs0/projects/wall_turb_dd/vpuri/Nek5000-v17/core/3rd_party/dsygv.f -o obj/dsygv.o
'channel.usr' -> 'channel.f'
ftn -c  -O2 -O3 -r8 -fpconstant -fpp -craympich-dpm -r8 -fpconstant -fpp -DMPI -DUNDERSCORE -DTIMER -I/projects/wall_turb_dd/vpuri/NekTools/writefile -I/lus/theta-fs0/projects/wall_turb_dd/vpuri/Nek5000-v17/core -I./ /projects/wall_turb_dd/vpuri/NekTools/writefile/channel.f  -o obj/channel.o 
ftn  -O2 -O3 -r8 -fpconstant -fpp -craympich-dpm -r8 -fpconstant -fpp -DMPI -DUNDERSCORE -DTIMER -I/projects/wall_turb_dd/vpuri/NekTools/writefile -I/lus/theta-fs0/projects/wall_turb_dd/vpuri/Nek5000-v17/core -I./ -o nek5000 obj/channel.o obj/drive.o obj/drive1.o obj/drive2.o obj/plan5.o obj/plan4.o obj/bdry.o obj/coef.o obj/conduct.o obj/connect1.o obj/connect2.o obj/dssum.o obj/edgec.o obj/eigsolv.o obj/gauss.o obj/genxyz.o obj/navier1.o obj/makeq.o obj/navier0.o obj/navier2.o obj/navier3.o obj/navier4.o obj/prepost.o obj/speclib.o obj/map2.o obj/mvmesh.o obj/ic.o obj/gfldr.o obj/ssolv.o obj/planx.o obj/math.o obj/mxm_wrapper.o obj/hmholtz.o obj/gfdm_par.o obj/gfdm_op.o obj/gfdm_solve.o obj/subs1.o obj/subs2.o obj/genbox.o obj/gmres.o obj/hsmg.o obj/convect.o obj/induct.o obj/perturb.o obj/navier5.o obj/navier6.o obj/navier7.o obj/navier8.o obj/fast3d.o obj/fasts.o obj/calcz.o obj/byte.o obj/chelpers.o obj/byte_mpi.o obj/postpro.o obj/intp_usr.o obj/cvode_driver.o obj/nek_comm.o obj/vprops.o obj/makeq_aux.o obj/papi.o obj/nek_in_situ.o obj/reader_rea.o obj/reader_par.o obj/reader_re2.o obj/finiparser.o obj/iniparser.o obj/dictionary.o obj/hpf.o obj/mxm_std.o obj/comm_mpi.o obj/singlmesh.o obj/blas.o obj/dsygv.o -craympich-dpm -L/lus/theta-fs0/projects/wall_turb_dd/vpuri/Nek5000-v17/3rd_party/gslib/lib -lgs 

#############################################################
#                  Compilation successful!                  #
#############################################################
   text	   data	    bss	    dec	    hex	filename
11457231	 172780	65935248	77565259	49f8d4b	nek5000


build 3rd-party software ...
'channel.usr' -> 'channel.f'
ftn -c  -O2 -O3 -r8 -fpconstant -fpp -craympich-dpm -r8 -fpconstant -fpp -DMPI -DUNDERSCORE -DTIMER -I/projects/wall_turb_dd/vpuri/NekTools/writefile -I/lus/theta-fs0/projects/wall_turb_dd/vpuri/Nek5000-v17/core -I./ /projects/wall_turb_dd/vpuri/NekTools/writefile/channel.f  -o obj/channel.o 
ftn  -O2 -O3 -r8 -fpconstant -fpp -craympich-dpm -r8 -fpconstant -fpp -DMPI -DUNDERSCORE -DTIMER -I/projects/wall_turb_dd/vpuri/NekTools/writefile -I/lus/theta-fs0/projects/wall_turb_dd/vpuri/Nek5000-v17/core -I./ -o nek5000 obj/channel.o obj/drive.o obj/drive1.o obj/drive2.o obj/plan5.o obj/plan4.o obj/bdry.o obj/coef.o obj/conduct.o obj/connect1.o obj/connect2.o obj/dssum.o obj/edgec.o obj/eigsolv.o obj/gauss.o obj/genxyz.o obj/navier1.o obj/makeq.o obj/navier0.o obj/navier2.o obj/navier3.o obj/navier4.o obj/prepost.o obj/speclib.o obj/map2.o obj/mvmesh.o obj/ic.o obj/gfldr.o obj/ssolv.o obj/planx.o obj/math.o obj/mxm_wrapper.o obj/hmholtz.o obj/gfdm_par.o obj/gfdm_op.o obj/gfdm_solve.o obj/subs1.o obj/subs2.o obj/genbox.o obj/gmres.o obj/hsmg.o obj/convect.o obj/induct.o obj/perturb.o obj/navier5.o obj/navier6.o obj/navier7.o obj/navier8.o obj/fast3d.o obj/fasts.o obj/calcz.o obj/byte.o obj/chelpers.o obj/byte_mpi.o obj/postpro.o obj/intp_usr.o obj/cvode_driver.o obj/nek_comm.o obj/vprops.o obj/makeq_aux.o obj/papi.o obj/nek_in_situ.o obj/reader_rea.o obj/reader_par.o obj/reader_re2.o obj/finiparser.o obj/iniparser.o obj/dictionary.o obj/hpf.o obj/mxm_std.o obj/comm_mpi.o obj/singlmesh.o obj/blas.o obj/dsygv.o -craympich-dpm -L/lus/theta-fs0/projects/wall_turb_dd/vpuri/Nek5000-v17/3rd_party/gslib/lib -lgs 

#############################################################
#                  Compilation successful!                  #
#############################################################
   text	   data	    bss	    dec	    hex	filename
11457231	 172780	65935248	77565259	49f8d4b	nek5000


build 3rd-party software ...
'channel.usr' -> 'channel.f'
ftn -c  -O2 -O3 -r8 -fpconstant -fpp -craympich-dpm -r8 -fpconstant -fpp -DMPI -DUNDERSCORE -DTIMER -I/projects/wall_turb_dd/vpuri/NekTools/writefile -I/lus/theta-fs0/projects/wall_turb_dd/vpuri/Nek5000-v17/core -I./ /projects/wall_turb_dd/vpuri/NekTools/writefile/channel.f  -o obj/channel.o 
ftn  -O2 -O3 -r8 -fpconstant -fpp -craympich-dpm -r8 -fpconstant -fpp -DMPI -DUNDERSCORE -DTIMER -I/projects/wall_turb_dd/vpuri/NekTools/writefile -I/lus/theta-fs0/projects/wall_turb_dd/vpuri/Nek5000-v17/core -I./ -o nek5000 obj/channel.o obj/drive.o obj/drive1.o obj/drive2.o obj/plan5.o obj/plan4.o obj/bdry.o obj/coef.o obj/conduct.o obj/connect1.o obj/connect2.o obj/dssum.o obj/edgec.o obj/eigsolv.o obj/gauss.o obj/genxyz.o obj/navier1.o obj/makeq.o obj/navier0.o obj/navier2.o obj/navier3.o obj/navier4.o obj/prepost.o obj/speclib.o obj/map2.o obj/mvmesh.o obj/ic.o obj/gfldr.o obj/ssolv.o obj/planx.o obj/math.o obj/mxm_wrapper.o obj/hmholtz.o obj/gfdm_par.o obj/gfdm_op.o obj/gfdm_solve.o obj/subs1.o obj/subs2.o obj/genbox.o obj/gmres.o obj/hsmg.o obj/convect.o obj/induct.o obj/perturb.o obj/navier5.o obj/navier6.o obj/navier7.o obj/navier8.o obj/fast3d.o obj/fasts.o obj/calcz.o obj/byte.o obj/chelpers.o obj/byte_mpi.o obj/postpro.o obj/intp_usr.o obj/cvode_driver.o obj/nek_comm.o obj/vprops.o obj/makeq_aux.o obj/papi.o obj/nek_in_situ.o obj/reader_rea.o obj/reader_par.o obj/reader_re2.o obj/finiparser.o obj/iniparser.o obj/dictionary.o obj/hpf.o obj/mxm_std.o obj/comm_mpi.o obj/singlmesh.o obj/blas.o obj/dsygv.o -craympich-dpm -L/lus/theta-fs0/projects/wall_turb_dd/vpuri/Nek5000-v17/3rd_party/gslib/lib -lgs 

#############################################################
#                  Compilation successful!                  #
#############################################################
   text	   data	    bss	    dec	    hex	filename
11457231	 172780	65935248	77565259	49f8d4b	nek5000


build 3rd-party software ...
'channel.usr' -> 'channel.f'
ftn -c  -O2 -O3 -r8 -fpconstant -fpp -craympich-dpm -r8 -fpconstant -fpp -DMPI -DUNDERSCORE -DTIMER -I/projects/wall_turb_dd/vpuri/NekTools/writefile -I/lus/theta-fs0/projects/wall_turb_dd/vpuri/Nek5000-v17/core -I./ /projects/wall_turb_dd/vpuri/NekTools/writefile/channel.f  -o obj/channel.o 
ftn  -O2 -O3 -r8 -fpconstant -fpp -craympich-dpm -r8 -fpconstant -fpp -DMPI -DUNDERSCORE -DTIMER -I/projects/wall_turb_dd/vpuri/NekTools/writefile -I/lus/theta-fs0/projects/wall_turb_dd/vpuri/Nek5000-v17/core -I./ -o nek5000 obj/channel.o obj/drive.o obj/drive1.o obj/drive2.o obj/plan5.o obj/plan4.o obj/bdry.o obj/coef.o obj/conduct.o obj/connect1.o obj/connect2.o obj/dssum.o obj/edgec.o obj/eigsolv.o obj/gauss.o obj/genxyz.o obj/navier1.o obj/makeq.o obj/navier0.o obj/navier2.o obj/navier3.o obj/navier4.o obj/prepost.o obj/speclib.o obj/map2.o obj/mvmesh.o obj/ic.o obj/gfldr.o obj/ssolv.o obj/planx.o obj/math.o obj/mxm_wrapper.o obj/hmholtz.o obj/gfdm_par.o obj/gfdm_op.o obj/gfdm_solve.o obj/subs1.o obj/subs2.o obj/genbox.o obj/gmres.o obj/hsmg.o obj/convect.o obj/induct.o obj/perturb.o obj/navier5.o obj/navier6.o obj/navier7.o obj/navier8.o obj/fast3d.o obj/fasts.o obj/calcz.o obj/byte.o obj/chelpers.o obj/byte_mpi.o obj/postpro.o obj/intp_usr.o obj/cvode_driver.o obj/nek_comm.o obj/vprops.o obj/makeq_aux.o obj/papi.o obj/nek_in_situ.o obj/reader_rea.o obj/reader_par.o obj/reader_re2.o obj/finiparser.o obj/iniparser.o obj/dictionary.o obj/hpf.o obj/mxm_std.o obj/comm_mpi.o obj/singlmesh.o obj/blas.o obj/dsygv.o -craympich-dpm -L/lus/theta-fs0/projects/wall_turb_dd/vpuri/Nek5000-v17/3rd_party/gslib/lib -lgs 

#############################################################
#                  Compilation successful!                  #
#############################################################
   text	   data	    bss	    dec	    hex	filename
11452647	 172716	65935248	77560611	49f7b23	nek5000


build 3rd-party software ...
'channel.usr' -> 'channel.f'
ftn -c  -O2 -O3 -r8 -fpconstant -fpp -craympich-dpm -r8 -fpconstant -fpp -DMPI -DUNDERSCORE -DTIMER -I/projects/wall_turb_dd/vpuri/NekTools/writefile -I/lus/theta-fs0/projects/wall_turb_dd/vpuri/Nek5000-v17/core -I./ /projects/wall_turb_dd/vpuri/NekTools/writefile/channel.f  -o obj/channel.o 
ftn  -O2 -O3 -r8 -fpconstant -fpp -craympich-dpm -r8 -fpconstant -fpp -DMPI -DUNDERSCORE -DTIMER -I/projects/wall_turb_dd/vpuri/NekTools/writefile -I/lus/theta-fs0/projects/wall_turb_dd/vpuri/Nek5000-v17/core -I./ -o nek5000 obj/channel.o obj/drive.o obj/drive1.o obj/drive2.o obj/plan5.o obj/plan4.o obj/bdry.o obj/coef.o obj/conduct.o obj/connect1.o obj/connect2.o obj/dssum.o obj/edgec.o obj/eigsolv.o obj/gauss.o obj/genxyz.o obj/navier1.o obj/makeq.o obj/navier0.o obj/navier2.o obj/navier3.o obj/navier4.o obj/prepost.o obj/speclib.o obj/map2.o obj/mvmesh.o obj/ic.o obj/gfldr.o obj/ssolv.o obj/planx.o obj/math.o obj/mxm_wrapper.o obj/hmholtz.o obj/gfdm_par.o obj/gfdm_op.o obj/gfdm_solve.o obj/subs1.o obj/subs2.o obj/genbox.o obj/gmres.o obj/hsmg.o obj/convect.o obj/induct.o obj/perturb.o obj/navier5.o obj/navier6.o obj/navier7.o obj/navier8.o obj/fast3d.o obj/fasts.o obj/calcz.o obj/byte.o obj/chelpers.o obj/byte_mpi.o obj/postpro.o obj/intp_usr.o obj/cvode_driver.o obj/nek_comm.o obj/vprops.o obj/makeq_aux.o obj/papi.o obj/nek_in_situ.o obj/reader_rea.o obj/reader_par.o obj/reader_re2.o obj/finiparser.o obj/iniparser.o obj/dictionary.o obj/hpf.o obj/mxm_std.o obj/comm_mpi.o obj/singlmesh.o obj/blas.o obj/dsygv.o -craympich-dpm -L/lus/theta-fs0/projects/wall_turb_dd/vpuri/Nek5000-v17/3rd_party/gslib/lib -lgs 

#############################################################
#                  Compilation successful!                  #
#############################################################
   text	   data	    bss	    dec	    hex	filename
11453575	 172716	65935248	77561539	49f7ec3	nek5000


build 3rd-party software ...
'channel.usr' -> 'channel.f'
ftn -c  -O2 -O3 -r8 -fpconstant -fpp -craympich-dpm -r8 -fpconstant -fpp -DMPI -DUNDERSCORE -DTIMER -I/projects/wall_turb_dd/vpuri/NekTools/writefile -I/lus/theta-fs0/projects/wall_turb_dd/vpuri/Nek5000-v17/core -I./ /projects/wall_turb_dd/vpuri/NekTools/writefile/channel.f  -o obj/channel.o 
ftn  -O2 -O3 -r8 -fpconstant -fpp -craympich-dpm -r8 -fpconstant -fpp -DMPI -DUNDERSCORE -DTIMER -I/projects/wall_turb_dd/vpuri/NekTools/writefile -I/lus/theta-fs0/projects/wall_turb_dd/vpuri/Nek5000-v17/core -I./ -o nek5000 obj/channel.o obj/drive.o obj/drive1.o obj/drive2.o obj/plan5.o obj/plan4.o obj/bdry.o obj/coef.o obj/conduct.o obj/connect1.o obj/connect2.o obj/dssum.o obj/edgec.o obj/eigsolv.o obj/gauss.o obj/genxyz.o obj/navier1.o obj/makeq.o obj/navier0.o obj/navier2.o obj/navier3.o obj/navier4.o obj/prepost.o obj/speclib.o obj/map2.o obj/mvmesh.o obj/ic.o obj/gfldr.o obj/ssolv.o obj/planx.o obj/math.o obj/mxm_wrapper.o obj/hmholtz.o obj/gfdm_par.o obj/gfdm_op.o obj/gfdm_solve.o obj/subs1.o obj/subs2.o obj/genbox.o obj/gmres.o obj/hsmg.o obj/convect.o obj/induct.o obj/perturb.o obj/navier5.o obj/navier6.o obj/navier7.o obj/navier8.o obj/fast3d.o obj/fasts.o obj/calcz.o obj/byte.o obj/chelpers.o obj/byte_mpi.o obj/postpro.o obj/intp_usr.o obj/cvode_driver.o obj/nek_comm.o obj/vprops.o obj/makeq_aux.o obj/papi.o obj/nek_in_situ.o obj/reader_rea.o obj/reader_par.o obj/reader_re2.o obj/finiparser.o obj/iniparser.o obj/dictionary.o obj/hpf.o obj/mxm_std.o obj/comm_mpi.o obj/singlmesh.o obj/blas.o obj/dsygv.o -craympich-dpm -L/lus/theta-fs0/projects/wall_turb_dd/vpuri/Nek5000-v17/3rd_party/gslib/lib -lgs 

#############################################################
#                  Compilation successful!                  #
#############################################################
   text	   data	    bss	    dec	    hex	filename
11453223	 172716	65935248	77561187	49f7d63	nek5000


build 3rd-party software ...
'channel.usr' -> 'channel.f'
ftn -c  -O2 -O3 -r8 -fpconstant -fpp -craympich-dpm -r8 -fpconstant -fpp -DMPI -DUNDERSCORE -DTIMER -I/projects/wall_turb_dd/vpuri/NekTools/writefile -I/lus/theta-fs0/projects/wall_turb_dd/vpuri/Nek5000-v17/core -I./ /projects/wall_turb_dd/vpuri/NekTools/writefile/channel.f  -o obj/channel.o 
ftn  -O2 -O3 -r8 -fpconstant -fpp -craympich-dpm -r8 -fpconstant -fpp -DMPI -DUNDERSCORE -DTIMER -I/projects/wall_turb_dd/vpuri/NekTools/writefile -I/lus/theta-fs0/projects/wall_turb_dd/vpuri/Nek5000-v17/core -I./ -o nek5000 obj/channel.o obj/drive.o obj/drive1.o obj/drive2.o obj/plan5.o obj/plan4.o obj/bdry.o obj/coef.o obj/conduct.o obj/connect1.o obj/connect2.o obj/dssum.o obj/edgec.o obj/eigsolv.o obj/gauss.o obj/genxyz.o obj/navier1.o obj/makeq.o obj/navier0.o obj/navier2.o obj/navier3.o obj/navier4.o obj/prepost.o obj/speclib.o obj/map2.o obj/mvmesh.o obj/ic.o obj/gfldr.o obj/ssolv.o obj/planx.o obj/math.o obj/mxm_wrapper.o obj/hmholtz.o obj/gfdm_par.o obj/gfdm_op.o obj/gfdm_solve.o obj/subs1.o obj/subs2.o obj/genbox.o obj/gmres.o obj/hsmg.o obj/convect.o obj/induct.o obj/perturb.o obj/navier5.o obj/navier6.o obj/navier7.o obj/navier8.o obj/fast3d.o obj/fasts.o obj/calcz.o obj/byte.o obj/chelpers.o obj/byte_mpi.o obj/postpro.o obj/intp_usr.o obj/cvode_driver.o obj/nek_comm.o obj/vprops.o obj/makeq_aux.o obj/papi.o obj/nek_in_situ.o obj/reader_rea.o obj/reader_par.o obj/reader_re2.o obj/finiparser.o obj/iniparser.o obj/dictionary.o obj/hpf.o obj/mxm_std.o obj/comm_mpi.o obj/singlmesh.o obj/blas.o obj/dsygv.o -craympich-dpm -L/lus/theta-fs0/projects/wall_turb_dd/vpuri/Nek5000-v17/3rd_party/gslib/lib -lgs 

#############################################################
#                  Compilation successful!                  #
#############################################################
   text	   data	    bss	    dec	    hex	filename
11452775	 172716	65935248	77560739	49f7ba3	nek5000


build 3rd-party software ...
'channel.usr' -> 'channel.f'
ftn -c  -O2 -O3 -r8 -fpconstant -fpp -craympich-dpm -r8 -fpconstant -fpp -DMPI -DUNDERSCORE -DTIMER -I/projects/wall_turb_dd/vpuri/NekTools/writefile -I/lus/theta-fs0/projects/wall_turb_dd/vpuri/Nek5000-v17/core -I./ /projects/wall_turb_dd/vpuri/NekTools/writefile/channel.f  -o obj/channel.o 
ftn  -O2 -O3 -r8 -fpconstant -fpp -craympich-dpm -r8 -fpconstant -fpp -DMPI -DUNDERSCORE -DTIMER -I/projects/wall_turb_dd/vpuri/NekTools/writefile -I/lus/theta-fs0/projects/wall_turb_dd/vpuri/Nek5000-v17/core -I./ -o nek5000 obj/channel.o obj/drive.o obj/drive1.o obj/drive2.o obj/plan5.o obj/plan4.o obj/bdry.o obj/coef.o obj/conduct.o obj/connect1.o obj/connect2.o obj/dssum.o obj/edgec.o obj/eigsolv.o obj/gauss.o obj/genxyz.o obj/navier1.o obj/makeq.o obj/navier0.o obj/navier2.o obj/navier3.o obj/navier4.o obj/prepost.o obj/speclib.o obj/map2.o obj/mvmesh.o obj/ic.o obj/gfldr.o obj/ssolv.o obj/planx.o obj/math.o obj/mxm_wrapper.o obj/hmholtz.o obj/gfdm_par.o obj/gfdm_op.o obj/gfdm_solve.o obj/subs1.o obj/subs2.o obj/genbox.o obj/gmres.o obj/hsmg.o obj/convect.o obj/induct.o obj/perturb.o obj/navier5.o obj/navier6.o obj/navier7.o obj/navier8.o obj/fast3d.o obj/fasts.o obj/calcz.o obj/byte.o obj/chelpers.o obj/byte_mpi.o obj/postpro.o obj/intp_usr.o obj/cvode_driver.o obj/nek_comm.o obj/vprops.o obj/makeq_aux.o obj/papi.o obj/nek_in_situ.o obj/reader_rea.o obj/reader_par.o obj/reader_re2.o obj/finiparser.o obj/iniparser.o obj/dictionary.o obj/hpf.o obj/mxm_std.o obj/comm_mpi.o obj/singlmesh.o obj/blas.o obj/dsygv.o -craympich-dpm -L/lus/theta-fs0/projects/wall_turb_dd/vpuri/Nek5000-v17/3rd_party/gslib/lib -lgs 

#############################################################
#                  Compilation successful!                  #
#############################################################
   text	   data	    bss	    dec	    hex	filename
11452647	 172716	65935248	77560611	49f7b23	nek5000


build 3rd-party software ...
'channel.usr' -> 'channel.f'
ftn -c  -O2 -O3 -r8 -fpconstant -fpp -craympich-dpm -r8 -fpconstant -fpp -DMPI -DUNDERSCORE -DTIMER -I/projects/wall_turb_dd/vpuri/NekTools/writefile -I/lus/theta-fs0/projects/wall_turb_dd/vpuri/Nek5000-v17/core -I./ /projects/wall_turb_dd/vpuri/NekTools/writefile/channel.f  -o obj/channel.o 
ftn  -O2 -O3 -r8 -fpconstant -fpp -craympich-dpm -r8 -fpconstant -fpp -DMPI -DUNDERSCORE -DTIMER -I/projects/wall_turb_dd/vpuri/NekTools/writefile -I/lus/theta-fs0/projects/wall_turb_dd/vpuri/Nek5000-v17/core -I./ -o nek5000 obj/channel.o obj/drive.o obj/drive1.o obj/drive2.o obj/plan5.o obj/plan4.o obj/bdry.o obj/coef.o obj/conduct.o obj/connect1.o obj/connect2.o obj/dssum.o obj/edgec.o obj/eigsolv.o obj/gauss.o obj/genxyz.o obj/navier1.o obj/makeq.o obj/navier0.o obj/navier2.o obj/navier3.o obj/navier4.o obj/prepost.o obj/speclib.o obj/map2.o obj/mvmesh.o obj/ic.o obj/gfldr.o obj/ssolv.o obj/planx.o obj/math.o obj/mxm_wrapper.o obj/hmholtz.o obj/gfdm_par.o obj/gfdm_op.o obj/gfdm_solve.o obj/subs1.o obj/subs2.o obj/genbox.o obj/gmres.o obj/hsmg.o obj/convect.o obj/induct.o obj/perturb.o obj/navier5.o obj/navier6.o obj/navier7.o obj/navier8.o obj/fast3d.o obj/fasts.o obj/calcz.o obj/byte.o obj/chelpers.o obj/byte_mpi.o obj/postpro.o obj/intp_usr.o obj/cvode_driver.o obj/nek_comm.o obj/vprops.o obj/makeq_aux.o obj/papi.o obj/nek_in_situ.o obj/reader_rea.o obj/reader_par.o obj/reader_re2.o obj/finiparser.o obj/iniparser.o obj/dictionary.o obj/hpf.o obj/mxm_std.o obj/comm_mpi.o obj/singlmesh.o obj/blas.o obj/dsygv.o -craympich-dpm -L/lus/theta-fs0/projects/wall_turb_dd/vpuri/Nek5000-v17/3rd_party/gslib/lib -lgs 

#############################################################
#                  Compilation successful!                  #
#############################################################
   text	   data	    bss	    dec	    hex	filename
11452775	 172716	65935248	77560739	49f7ba3	nek5000


build 3rd-party software ...
'channel.usr' -> 'channel.f'
ftn -c  -O2 -O3 -r8 -fpconstant -fpp -craympich-dpm -r8 -fpconstant -fpp -DMPI -DUNDERSCORE -DTIMER -I/projects/wall_turb_dd/vpuri/NekTools/writefile -I/lus/theta-fs0/projects/wall_turb_dd/vpuri/Nek5000-v17/core -I./ /projects/wall_turb_dd/vpuri/NekTools/writefile/channel.f  -o obj/channel.o 
ftn  -O2 -O3 -r8 -fpconstant -fpp -craympich-dpm -r8 -fpconstant -fpp -DMPI -DUNDERSCORE -DTIMER -I/projects/wall_turb_dd/vpuri/NekTools/writefile -I/lus/theta-fs0/projects/wall_turb_dd/vpuri/Nek5000-v17/core -I./ -o nek5000 obj/channel.o obj/drive.o obj/drive1.o obj/drive2.o obj/plan5.o obj/plan4.o obj/bdry.o obj/coef.o obj/conduct.o obj/connect1.o obj/connect2.o obj/dssum.o obj/edgec.o obj/eigsolv.o obj/gauss.o obj/genxyz.o obj/navier1.o obj/makeq.o obj/navier0.o obj/navier2.o obj/navier3.o obj/navier4.o obj/prepost.o obj/speclib.o obj/map2.o obj/mvmesh.o obj/ic.o obj/gfldr.o obj/ssolv.o obj/planx.o obj/math.o obj/mxm_wrapper.o obj/hmholtz.o obj/gfdm_par.o obj/gfdm_op.o obj/gfdm_solve.o obj/subs1.o obj/subs2.o obj/genbox.o obj/gmres.o obj/hsmg.o obj/convect.o obj/induct.o obj/perturb.o obj/navier5.o obj/navier6.o obj/navier7.o obj/navier8.o obj/fast3d.o obj/fasts.o obj/calcz.o obj/byte.o obj/chelpers.o obj/byte_mpi.o obj/postpro.o obj/intp_usr.o obj/cvode_driver.o obj/nek_comm.o obj/vprops.o obj/makeq_aux.o obj/papi.o obj/nek_in_situ.o obj/reader_rea.o obj/reader_par.o obj/reader_re2.o obj/finiparser.o obj/iniparser.o obj/dictionary.o obj/hpf.o obj/mxm_std.o obj/comm_mpi.o obj/singlmesh.o obj/blas.o obj/dsygv.o -craympich-dpm -L/lus/theta-fs0/projects/wall_turb_dd/vpuri/Nek5000-v17/3rd_party/gslib/lib -lgs 

#############################################################
#                  Compilation successful!                  #
#############################################################
   text	   data	    bss	    dec	    hex	filename
11452647	 172716	65935248	77560611	49f7b23	nek5000


build 3rd-party software ...
'channel.usr' -> 'channel.f'
ftn -c  -O2 -O3 -r8 -fpconstant -fpp -craympich-dpm -r8 -fpconstant -fpp -DMPI -DUNDERSCORE -DTIMER -I/projects/wall_turb_dd/vpuri/NekTools/writefile -I/lus/theta-fs0/projects/wall_turb_dd/vpuri/Nek5000-v17/core -I./ /projects/wall_turb_dd/vpuri/NekTools/writefile/channel.f  -o obj/channel.o 
ftn  -O2 -O3 -r8 -fpconstant -fpp -craympich-dpm -r8 -fpconstant -fpp -DMPI -DUNDERSCORE -DTIMER -I/projects/wall_turb_dd/vpuri/NekTools/writefile -I/lus/theta-fs0/projects/wall_turb_dd/vpuri/Nek5000-v17/core -I./ -o nek5000 obj/channel.o obj/drive.o obj/drive1.o obj/drive2.o obj/plan5.o obj/plan4.o obj/bdry.o obj/coef.o obj/conduct.o obj/connect1.o obj/connect2.o obj/dssum.o obj/edgec.o obj/eigsolv.o obj/gauss.o obj/genxyz.o obj/navier1.o obj/makeq.o obj/navier0.o obj/navier2.o obj/navier3.o obj/navier4.o obj/prepost.o obj/speclib.o obj/map2.o obj/mvmesh.o obj/ic.o obj/gfldr.o obj/ssolv.o obj/planx.o obj/math.o obj/mxm_wrapper.o obj/hmholtz.o obj/gfdm_par.o obj/gfdm_op.o obj/gfdm_solve.o obj/subs1.o obj/subs2.o obj/genbox.o obj/gmres.o obj/hsmg.o obj/convect.o obj/induct.o obj/perturb.o obj/navier5.o obj/navier6.o obj/navier7.o obj/navier8.o obj/fast3d.o obj/fasts.o obj/calcz.o obj/byte.o obj/chelpers.o obj/byte_mpi.o obj/postpro.o obj/intp_usr.o obj/cvode_driver.o obj/nek_comm.o obj/vprops.o obj/makeq_aux.o obj/papi.o obj/nek_in_situ.o obj/reader_rea.o obj/reader_par.o obj/reader_re2.o obj/finiparser.o obj/iniparser.o obj/dictionary.o obj/hpf.o obj/mxm_std.o obj/comm_mpi.o obj/singlmesh.o obj/blas.o obj/dsygv.o -craympich-dpm -L/lus/theta-fs0/projects/wall_turb_dd/vpuri/Nek5000-v17/3rd_party/gslib/lib -lgs 

#############################################################
#                  Compilation successful!                  #
#############################################################
   text	   data	    bss	    dec	    hex	filename
11457103	 172780	65935248	77565131	49f8ccb	nek5000


build 3rd-party software ...
'channel.usr' -> 'channel.f'
ftn -c  -O2 -O3 -r8 -fpconstant -fpp -craympich-dpm -r8 -fpconstant -fpp -DMPI -DUNDERSCORE -DTIMER -I/projects/wall_turb_dd/vpuri/NekTools/writefile -I/lus/theta-fs0/projects/wall_turb_dd/vpuri/Nek5000-v17/core -I./ /projects/wall_turb_dd/vpuri/NekTools/writefile/channel.f  -o obj/channel.o 
/projects/wall_turb_dd/vpuri/NekTools/writefile/writefile.usr(14): error #6211: A symbol must be a defined parameter in this context.   [STEP0]
      data    step1  /step0/
----------------------^
compilation aborted for /projects/wall_turb_dd/vpuri/NekTools/writefile/channel.f (code 1)
makefile:119: recipe for target 'nek5000' failed
make: *** [nek5000] Error 1
build 3rd-party software ...
'channel.usr' -> 'channel.f'
ftn -c  -O2 -O3 -r8 -fpconstant -fpp -craympich-dpm -r8 -fpconstant -fpp -DMPI -DUNDERSCORE -DTIMER -I/projects/wall_turb_dd/vpuri/NekTools/writefile -I/lus/theta-fs0/projects/wall_turb_dd/vpuri/Nek5000-v17/core -I./ /projects/wall_turb_dd/vpuri/NekTools/writefile/channel.f  -o obj/channel.o 
ftn  -O2 -O3 -r8 -fpconstant -fpp -craympich-dpm -r8 -fpconstant -fpp -DMPI -DUNDERSCORE -DTIMER -I/projects/wall_turb_dd/vpuri/NekTools/writefile -I/lus/theta-fs0/projects/wall_turb_dd/vpuri/Nek5000-v17/core -I./ -o nek5000 obj/channel.o obj/drive.o obj/drive1.o obj/drive2.o obj/plan5.o obj/plan4.o obj/bdry.o obj/coef.o obj/conduct.o obj/connect1.o obj/connect2.o obj/dssum.o obj/edgec.o obj/eigsolv.o obj/gauss.o obj/genxyz.o obj/navier1.o obj/makeq.o obj/navier0.o obj/navier2.o obj/navier3.o obj/navier4.o obj/prepost.o obj/speclib.o obj/map2.o obj/mvmesh.o obj/ic.o obj/gfldr.o obj/ssolv.o obj/planx.o obj/math.o obj/mxm_wrapper.o obj/hmholtz.o obj/gfdm_par.o obj/gfdm_op.o obj/gfdm_solve.o obj/subs1.o obj/subs2.o obj/genbox.o obj/gmres.o obj/hsmg.o obj/convect.o obj/induct.o obj/perturb.o obj/navier5.o obj/navier6.o obj/navier7.o obj/navier8.o obj/fast3d.o obj/fasts.o obj/calcz.o obj/byte.o obj/chelpers.o obj/byte_mpi.o obj/postpro.o obj/intp_usr.o obj/cvode_driver.o obj/nek_comm.o obj/vprops.o obj/makeq_aux.o obj/papi.o obj/nek_in_situ.o obj/reader_rea.o obj/reader_par.o obj/reader_re2.o obj/finiparser.o obj/iniparser.o obj/dictionary.o obj/hpf.o obj/mxm_std.o obj/comm_mpi.o obj/singlmesh.o obj/blas.o obj/dsygv.o -craympich-dpm -L/lus/theta-fs0/projects/wall_turb_dd/vpuri/Nek5000-v17/3rd_party/gslib/lib -lgs 

#############################################################
#                  Compilation successful!                  #
#############################################################
   text	   data	    bss	    dec	    hex	filename
11457559	 172844	65935248	77565651	49f8ed3	nek5000


build 3rd-party software ...
'channel.usr' -> 'channel.f'
ftn -c  -O2 -O3 -r8 -fpconstant -fpp -craympich-dpm -r8 -fpconstant -fpp -DMPI -DUNDERSCORE -DTIMER -I/projects/wall_turb_dd/vpuri/NekTools/writefile -I/lus/theta-fs0/projects/wall_turb_dd/vpuri/Nek5000-v17/core -I./ /projects/wall_turb_dd/vpuri/NekTools/writefile/channel.f  -o obj/channel.o 
ftn  -O2 -O3 -r8 -fpconstant -fpp -craympich-dpm -r8 -fpconstant -fpp -DMPI -DUNDERSCORE -DTIMER -I/projects/wall_turb_dd/vpuri/NekTools/writefile -I/lus/theta-fs0/projects/wall_turb_dd/vpuri/Nek5000-v17/core -I./ -o nek5000 obj/channel.o obj/drive.o obj/drive1.o obj/drive2.o obj/plan5.o obj/plan4.o obj/bdry.o obj/coef.o obj/conduct.o obj/connect1.o obj/connect2.o obj/dssum.o obj/edgec.o obj/eigsolv.o obj/gauss.o obj/genxyz.o obj/navier1.o obj/makeq.o obj/navier0.o obj/navier2.o obj/navier3.o obj/navier4.o obj/prepost.o obj/speclib.o obj/map2.o obj/mvmesh.o obj/ic.o obj/gfldr.o obj/ssolv.o obj/planx.o obj/math.o obj/mxm_wrapper.o obj/hmholtz.o obj/gfdm_par.o obj/gfdm_op.o obj/gfdm_solve.o obj/subs1.o obj/subs2.o obj/genbox.o obj/gmres.o obj/hsmg.o obj/convect.o obj/induct.o obj/perturb.o obj/navier5.o obj/navier6.o obj/navier7.o obj/navier8.o obj/fast3d.o obj/fasts.o obj/calcz.o obj/byte.o obj/chelpers.o obj/byte_mpi.o obj/postpro.o obj/intp_usr.o obj/cvode_driver.o obj/nek_comm.o obj/vprops.o obj/makeq_aux.o obj/papi.o obj/nek_in_situ.o obj/reader_rea.o obj/reader_par.o obj/reader_re2.o obj/finiparser.o obj/iniparser.o obj/dictionary.o obj/hpf.o obj/mxm_std.o obj/comm_mpi.o obj/singlmesh.o obj/blas.o obj/dsygv.o -craympich-dpm -L/lus/theta-fs0/projects/wall_turb_dd/vpuri/Nek5000-v17/3rd_party/gslib/lib -lgs 

#############################################################
#                  Compilation successful!                  #
#############################################################
   text	   data	    bss	    dec	    hex	filename
11457431	 172844	65935248	77565523	49f8e53	nek5000


build 3rd-party software ...
'channel.usr' -> 'channel.f'
ftn -c  -O2 -O3 -r8 -fpconstant -fpp -craympich-dpm -r8 -fpconstant -fpp -DMPI -DUNDERSCORE -DTIMER -I/projects/wall_turb_dd/vpuri/NekTools/writefile -I/lus/theta-fs0/projects/wall_turb_dd/vpuri/Nek5000-v17/core -I./ /projects/wall_turb_dd/vpuri/NekTools/writefile/channel.f  -o obj/channel.o 
ftn  -O2 -O3 -r8 -fpconstant -fpp -craympich-dpm -r8 -fpconstant -fpp -DMPI -DUNDERSCORE -DTIMER -I/projects/wall_turb_dd/vpuri/NekTools/writefile -I/lus/theta-fs0/projects/wall_turb_dd/vpuri/Nek5000-v17/core -I./ -o nek5000 obj/channel.o obj/drive.o obj/drive1.o obj/drive2.o obj/plan5.o obj/plan4.o obj/bdry.o obj/coef.o obj/conduct.o obj/connect1.o obj/connect2.o obj/dssum.o obj/edgec.o obj/eigsolv.o obj/gauss.o obj/genxyz.o obj/navier1.o obj/makeq.o obj/navier0.o obj/navier2.o obj/navier3.o obj/navier4.o obj/prepost.o obj/speclib.o obj/map2.o obj/mvmesh.o obj/ic.o obj/gfldr.o obj/ssolv.o obj/planx.o obj/math.o obj/mxm_wrapper.o obj/hmholtz.o obj/gfdm_par.o obj/gfdm_op.o obj/gfdm_solve.o obj/subs1.o obj/subs2.o obj/genbox.o obj/gmres.o obj/hsmg.o obj/convect.o obj/induct.o obj/perturb.o obj/navier5.o obj/navier6.o obj/navier7.o obj/navier8.o obj/fast3d.o obj/fasts.o obj/calcz.o obj/byte.o obj/chelpers.o obj/byte_mpi.o obj/postpro.o obj/intp_usr.o obj/cvode_driver.o obj/nek_comm.o obj/vprops.o obj/makeq_aux.o obj/papi.o obj/nek_in_situ.o obj/reader_rea.o obj/reader_par.o obj/reader_re2.o obj/finiparser.o obj/iniparser.o obj/dictionary.o obj/hpf.o obj/mxm_std.o obj/comm_mpi.o obj/singlmesh.o obj/blas.o obj/dsygv.o -craympich-dpm -L/lus/theta-fs0/projects/wall_turb_dd/vpuri/Nek5000-v17/3rd_party/gslib/lib -lgs 

#############################################################
#                  Compilation successful!                  #
#############################################################
   text	   data	    bss	    dec	    hex	filename
11457431	 172844	65935248	77565523	49f8e53	nek5000


build 3rd-party software ...
'channel.usr' -> 'channel.f'
ftn -c  -O2 -O3 -r8 -fpconstant -fpp -craympich-dpm -r8 -fpconstant -fpp -DMPI -DUNDERSCORE -DTIMER -I/projects/wall_turb_dd/vpuri/NekTools/writefile -I/lus/theta-fs0/projects/wall_turb_dd/vpuri/Nek5000-v17/core -I./ /projects/wall_turb_dd/vpuri/NekTools/writefile/channel.f  -o obj/channel.o 
ftn  -O2 -O3 -r8 -fpconstant -fpp -craympich-dpm -r8 -fpconstant -fpp -DMPI -DUNDERSCORE -DTIMER -I/projects/wall_turb_dd/vpuri/NekTools/writefile -I/lus/theta-fs0/projects/wall_turb_dd/vpuri/Nek5000-v17/core -I./ -o nek5000 obj/channel.o obj/drive.o obj/drive1.o obj/drive2.o obj/plan5.o obj/plan4.o obj/bdry.o obj/coef.o obj/conduct.o obj/connect1.o obj/connect2.o obj/dssum.o obj/edgec.o obj/eigsolv.o obj/gauss.o obj/genxyz.o obj/navier1.o obj/makeq.o obj/navier0.o obj/navier2.o obj/navier3.o obj/navier4.o obj/prepost.o obj/speclib.o obj/map2.o obj/mvmesh.o obj/ic.o obj/gfldr.o obj/ssolv.o obj/planx.o obj/math.o obj/mxm_wrapper.o obj/hmholtz.o obj/gfdm_par.o obj/gfdm_op.o obj/gfdm_solve.o obj/subs1.o obj/subs2.o obj/genbox.o obj/gmres.o obj/hsmg.o obj/convect.o obj/induct.o obj/perturb.o obj/navier5.o obj/navier6.o obj/navier7.o obj/navier8.o obj/fast3d.o obj/fasts.o obj/calcz.o obj/byte.o obj/chelpers.o obj/byte_mpi.o obj/postpro.o obj/intp_usr.o obj/cvode_driver.o obj/nek_comm.o obj/vprops.o obj/makeq_aux.o obj/papi.o obj/nek_in_situ.o obj/reader_rea.o obj/reader_par.o obj/reader_re2.o obj/finiparser.o obj/iniparser.o obj/dictionary.o obj/hpf.o obj/mxm_std.o obj/comm_mpi.o obj/singlmesh.o obj/blas.o obj/dsygv.o -craympich-dpm -L/lus/theta-fs0/projects/wall_turb_dd/vpuri/Nek5000-v17/3rd_party/gslib/lib -lgs 

#############################################################
#                  Compilation successful!                  #
#############################################################
   text	   data	    bss	    dec	    hex	filename
11457471	 172844	65935248	77565563	49f8e7b	nek5000


