/----------------------------------------------------------\
|      _   __ ______ __ __  ______  ____   ____   ____     |
|     / | / // ____// //_/ / ____/ / __ \/ __ \/ __ \   |
|    /  |/ // __/  / ,<   /___ \ / / / // / / // / / /    |
|   / /|  // /___ / /| | ____/ / / /_/ // /_/ // /_/ /     |
|  /_/ |_//_____//_/ |_|/_____/  \___/ \___/ \___/      |
|                                                          |
|----------------------------------------------------------|
|                                                          |
| NEK5000:  Open Source Spectral Element Solver            |
| COPYRIGHT (c) 2008-2017 UCHICAGO ARGONNE, LLC            |
| Version:  v17.0                                          |
| Web:      http://nek5000.mcs.anl.gov                     |
|                                                          |
\----------------------------------------------------------/
                                                              

 Number of processors: 512
 REAL    wdsize      : 8
 INTEGER wdsize      : 4
 Timer accuracy      : 1.89E-07
  
 Reading /projects/wall_turb_dd/vpuri/NekRoutines/post/uplus/smoothWavyWall.rea                                                              
 WARNING: lgmres might be too low!
 Reading /projects/wall_turb_dd/vpuri/NekRoutines/post/uplus/smoothWavyWall.re2                                                              
 mapping elements to processors
 Reading /projects/wall_turb_dd/vpuri/NekRoutines/post/uplus/smoothWavyWall.ma2                                                              
 RANK     0 IEG    7196    7228    7229    7259    7260    7261    7292    7707
                   7708    7709    7739    7740    7741    7771    7772    7773
  
 element load imbalance:  0 16 16
 done :: mapping    .51519E-01 sec

  
  preading mesh 
  preading bc for ifld 1
 done :: read .re2 file    .34     sec

 0  objects found
 118   Parameters from file:
   1      1.00000     p001 DENSITY
   2     -4780.00   p002 VISCOS
   8      1.00000     p008 CONDUCT
  12      1.5e-0       p012 DT
  15      10000.0    p015 IOSTEP
  18      0.50000E-01 p018 GRID < 0 --> # cells on screen
  21      0.10000E-06     p021 DIVERGENCE	# after using 0 to see
  22      0.10000E-08     p022 HELMHOLTZ
  24     0.100000E-01 p024 TOLREL
  25     0.100009E-01 p025 TOLABS
  26      1.000000    p26 COURANT/NTAU
  27      2.000000    p27 TORDER
  54     -1.00000     p054 fixed flow rate dir: |p54|=1,2,3=x,y,z
  55      1.00000     p055 vol.flow rate (p54>0) or Ubar (p54<0)
  59      1.00000     p059 !=0 --> full Jac. eval. for each el.
  65      1.00000     p065 #iofiles (eg, 0 or 64); <0 --> sep. dirs
  66      6.00000     p066 output : <0=ascii, else binary
  67      6.00000     p067 restart: <0=ascii, else binary
  93      20.0000     p093 Number of previous pressure solns saved
  94      3.00000     p094 start projecting velocity after p94 step
  95      5.00000     p095 start projecting pressure after p95 step
  99      4.00000     p099 dealiasing: <0--> off/3--> old/4--> new
 101      1.00000     p101 Number of additional modes to filter
 103      0.01        p103 weight of stabilizing filter (.01)
  
 done :: read .rea file    .49003     sec

 nelgt/nelgv/lelt:        8192        8192         132
 lx1  /lx2  /lx3 :           4           4           4
 Reset the target Courant number to .5
 setup mesh topology
   Right-handed check complete for    8192 elements. OK.
   setvert3d:   4      167361      232897      167361      167361
 call usrsetvert
 done :: usrsetvert

gs_setup: 87547 unique labels shared
   pairwise times (avg, min, max): 0.000490825 0.000385317 0.000563863
   crystal router                : 0.00110106 0.00108869 0.00111546
   all reduce                    : 0.0167132 0.0163779 0.0167478
   used all_to_all method: pairwise
   handle bytes (avg, min, max): 17984.2 13116 20524
   buffer bytes (avg, min, max): 8848.88 4080 11840
   setupds time 3.5866E-01 seconds   0  4      167361        8192
 8  max multiplicity
 done :: setup mesh topology
  
 call usrdat
 done :: usrdat

 generate geometry data
 NOTE: All elements deformed , param(59) ^=0
 done :: generate geometry data
  
 call usrdat2
 done :: usrdat2

 regenerate geometry data 1
 NOTE: All elements deformed , param(59) ^=0
 done :: regenerate geometry data 1
  
 verify mesh topology
 0.000000000000000000E+00 3.99999999999999956  Xrange
 0.000000000000000000E+00 1.04999999999999982  Yrange
 0.000000000000000000E+00 1.99999999999999978  Zrange
 done :: verify mesh topology
  
 IFTRAN   = T
 IFFLOW   = T
 IFHEAT   = F
 IFSPLIT  = T
 IFLOMACH = F
 IFUSERVP = F
 IFUSERMV = F
 IFPERT   = F
 IFADJ    = F
 IFSTRS   = F
 IFCHAR   = F
 IFCYCLIC = F
 IFAXIS   = F
 IFMVBD   = F
 IFMELT   = F
 IFNEKNEK = F
 IFSYNC   = F
   
 IFVCOR   = T
 IFINTQ   = F
 IFGEOM   = F
 IFSURT   = F
 IFWCNO   = F
   
 IFTMSH for field 1    =  F
 IFADVC for field 1    =  T
 IFNONL for field 1    =  F
   
 Dealiasing enabled, lxd= 4
 verify mesh topology
 0.000000000000000000E+00 3.99999999999999956  Xrange
 0.000000000000000000E+00 1.04999999999999982  Yrange
 0.000000000000000000E+00 1.99999999999999978  Zrange
 done :: verify mesh topology
  
 call usrdat3
 done :: usrdat3

 set initial conditions
 nekuic (1) for ifld  1
 call nekuic for vel  
 xyz min     .00000E+00   .00000E+00   .00000E+00
 uvwpt min   1.0000       .00000E+00   .00000E+00   .00000E+00   .00000E+00
 PS min      .00000E+00   .99000E+22
 xyz max     4.0000       1.0500       2.0000    
 uvwpt max   1.0000       .00000E+00   .00000E+00   .00000E+00   .00000E+00
 PS max      .00000E+00  -.99000E+22
 done :: set initial conditions
  
gridpoints unique/tot:        232897       524288











































































































































































































































































































































































































































































































































































































































































































































































































































































































































































































































































































































































































































































































































































































































































































































































































































































































































































































































































































  dofs: 223391 232897





















































































































































































































  
 Initialization successfully completed    1.5733     sec

 nsteps=0 -> skip time loop
 running solver in post processing mode

 call userchk
 call gfldr restart0.f00001
 done :: gfldr   3.7     sec
 in comp_uplus(...)
 ar is 0.000000000000000000E+00
 ar is 0.000000000000000000E+00
 ar is 0.000000000000000000E+00
 ar is 0.000000000000000000E+00
 ar is 0.000000000000000000E+00
 ar is 0.000000000000000000E+00
 ar is 0.000000000000000000E+00
 ar is 0.000000000000000000E+00
 ar is 0.000000000000000000E+00
 ar is 0.000000000000000000E+00
 Tmg is 0.000000000000000000E+00
 Tmg is 0.000000000000000000E+00
 ar is 0.000000000000000000E+00
 Tmg is 0.000000000000000000E+00
 ar is 0.000000000000000000E+00
 Tmg is 0.000000000000000000E+00
 ar is 0.000000000000000000E+00
 ar is 0.000000000000000000E+00
 ar is 0.000000000000000000E+00
 ar is 0.000000000000000000E+00
 ar is 0.000000000000000000E+00
 Tmg is 0.000000000000000000E+00
 ar is 0.643198771679664993E-01
 ar is 0.000000000000000000E+00
 ar is 0.000000000000000000E+00
 ar is 0.000000000000000000E+00
 ar is 0.000000000000000000E+00
 Tmg is 0.000000000000000000E+00
 ar is 0.809468533206740282E-01
 Tmg is 0.000000000000000000E+00
 ar is 0.000000000000000000E+00
 Tmg is 0.000000000000000000E+00
 ar is 0.000000000000000000E+00
 ar is 0.000000000000000000E+00
 ar is 0.000000000000000000E+00
 ar is 0.000000000000000000E+00
 Tmg is 0.000000000000000000E+00
 ar is 0.000000000000000000E+00
 ar is 0.000000000000000000E+00
 ar is 0.000000000000000000E+00
 ar is 0.000000000000000000E+00
 ar is 0.174582233396900072
 Tmg is 0.000000000000000000E+00
 Tmg is 0.000000000000000000E+00
 Tmg is 0.000000000000000000E+00
 Tmg is 0.000000000000000000E+00
 Tmg is 0.000000000000000000E+00
 Tmg is 0.000000000000000000E+00
 ar is 0.144391519511494787
 Tmg is 0.000000000000000000E+00
 ar is 0.000000000000000000E+00
 ar is 0.000000000000000000E+00
 Tmg is 0.000000000000000000E+00
 ar is 0.000000000000000000E+00
 Tmg is 0.728519182388223104E-04
 ar is 0.000000000000000000E+00
 ar is 0.000000000000000000E+00
 Tmg is 0.000000000000000000E+00
 Tmg is 0.000000000000000000E+00
 ar is 0.000000000000000000E+00
 Tmg is 0.000000000000000000E+00
 Tmg is 0.000000000000000000E+00
 Tmg is 0.319390761694224218E-07
 Tmg is 0.000000000000000000E+00
 Tmg is 0.000000000000000000E+00
 Tmg is 0.000000000000000000E+00
 Tmg is 0.000000000000000000E+00
 Tmg is 0.000000000000000000E+00
 ar is 0.000000000000000000E+00
 Tmg is 0.000000000000000000E+00
 ar is 0.000000000000000000E+00
 ar is 0.000000000000000000E+00
 ar is 0.000000000000000000E+00
 Tmg is 0.000000000000000000E+00
 Tmg is 0.000000000000000000E+00
 Tmg is 0.588214782869640872E-05
 Tmg is 0.000000000000000000E+00
 Tmg is 0.000000000000000000E+00
 Tmg is 0.000000000000000000E+00
 ar is 0.000000000000000000E+00
 Tmg is 0.000000000000000000E+00
 Tmg is 0.000000000000000000E+00
 Tmg is 0.000000000000000000E+00
 Tmg is 0.000000000000000000E+00
 Tmg is 0.000000000000000000E+00
 ar is 0.000000000000000000E+00
 ar is 0.000000000000000000E+00
 ar is 0.000000000000000000E+00
 ar is 0.000000000000000000E+00
 Tmg is 0.000000000000000000E+00
 Tmg is 0.000000000000000000E+00
 Tmg is 0.000000000000000000E+00
 ar is 0.000000000000000000E+00
 ar is 0.000000000000000000E+00
 Tmg is 0.745507790772865035E-05
 ar is 0.000000000000000000E+00
 Tmg is 0.000000000000000000E+00
 Tmg is 0.000000000000000000E+00
 Tmg is 0.000000000000000000E+00
 ar is 0.000000000000000000E+00
 Tmg is 0.000000000000000000E+00
 ar is 0.000000000000000000E+00
 ar is 0.000000000000000000E+00
 Tmg is 0.000000000000000000E+00
 ar is 0.000000000000000000E+00
 ar is 0.000000000000000000E+00
 Tmg is 0.000000000000000000E+00
 ar is 0.000000000000000000E+00
 ar is 0.000000000000000000E+00
 ar is 0.000000000000000000E+00
 ar is 0.000000000000000000E+00
 ar is 0.000000000000000000E+00
 ar is 0.000000000000000000E+00
 Tmg is 0.000000000000000000E+00
 ar is 0.805092478321012828E-01
 Tmg is 0.000000000000000000E+00
 ar is 0.000000000000000000E+00
 Tmg is 0.000000000000000000E+00
 ar is 0.000000000000000000E+00
 ar is 0.000000000000000000E+00
 ar is 0.000000000000000000E+00
 ar is 0.000000000000000000E+00
 ar is 0.000000000000000000E+00
 Tmg is 0.000000000000000000E+00
 ar is 0.000000000000000000E+00
 ar is 0.000000000000000000E+00
 Tmg is 0.000000000000000000E+00
 ar is 0.000000000000000000E+00
 Tmg is 0.000000000000000000E+00
 ar is 0.000000000000000000E+00
 Tmg is 0.000000000000000000E+00
 Tmg is 0.000000000000000000E+00
 ar is 0.000000000000000000E+00
 Tmg is 0.000000000000000000E+00
 ar is 0.000000000000000000E+00
 ar is 0.000000000000000000E+00
 ar is 0.000000000000000000E+00
 ar is 0.000000000000000000E+00
 ar is 0.000000000000000000E+00
 Tmg is 0.000000000000000000E+00
 Tmg is 0.000000000000000000E+00
 ar is 0.958234075190902562E-01
 Tmg is 0.000000000000000000E+00
 ar is 0.000000000000000000E+00
 Tmg is 0.000000000000000000E+00
 ar is 0.000000000000000000E+00
 ar is 0.000000000000000000E+00
 ar is 0.000000000000000000E+00
 Tmg is 0.000000000000000000E+00
 Tmg is 0.000000000000000000E+00
 Tmg is 0.000000000000000000E+00
 Tmg is 0.000000000000000000E+00
 ar is 0.000000000000000000E+00
 ar is 0.000000000000000000E+00
 Tmg is 0.000000000000000000E+00
 ar is 0.000000000000000000E+00
 ar is 0.000000000000000000E+00
 Tmg is 0.000000000000000000E+00
 Tmg is 0.000000000000000000E+00
 ar is 0.000000000000000000E+00
 ar is 0.000000000000000000E+00
 Tmg is 0.000000000000000000E+00
 ar is 0.000000000000000000E+00
 ar is 0.000000000000000000E+00
 ar is 0.000000000000000000E+00
 Tmg is 0.000000000000000000E+00
 ar is 0.000000000000000000E+00
 Tmg is 0.000000000000000000E+00
 Tmg is 0.000000000000000000E+00
 ar is 0.000000000000000000E+00
 Tmg is 0.000000000000000000E+00
 ar is 0.000000000000000000E+00
 Tmg is 0.000000000000000000E+00
 Tmg is 0.000000000000000000E+00
 Tmg is 0.000000000000000000E+00
 ar is 0.000000000000000000E+00
 Tmg is 0.000000000000000000E+00
 ar is 0.000000000000000000E+00
 Tmg is 0.000000000000000000E+00
 Tmg is 0.000000000000000000E+00
 ar is 0.000000000000000000E+00
 Tmg is 0.000000000000000000E+00
 Tmg is 0.217066792285411809E-05
 Tmg is 0.000000000000000000E+00
 Tmg is 0.000000000000000000E+00
 ar is 0.000000000000000000E+00
 ar is 0.000000000000000000E+00
 Tmg is 0.000000000000000000E+00
 ar is 0.000000000000000000E+00
 Tmg is 0.000000000000000000E+00
 Tmg is 0.000000000000000000E+00
 Tmg is 0.000000000000000000E+00
 Tmg is 0.000000000000000000E+00
 Tmg is 0.000000000000000000E+00
 ar is 0.000000000000000000E+00
 Tmg is 0.328231657445110612E-05
 ar is 0.000000000000000000E+00
 Tmg is 0.000000000000000000E+00
 Tmg is 0.000000000000000000E+00
 Tmg is 0.000000000000000000E+00
 Tmg is 0.000000000000000000E+00
 Tmg is 0.000000000000000000E+00
 ar is 0.000000000000000000E+00
 Tmg is 0.000000000000000000E+00
 ar is 0.000000000000000000E+00
 Tmg is 0.000000000000000000E+00
 ar is 0.000000000000000000E+00
 Tmg is 0.000000000000000000E+00
 Tmg is 0.000000000000000000E+00
 Tmg is 0.000000000000000000E+00
 Tmg is 0.000000000000000000E+00
 Tmg is 0.000000000000000000E+00
 ar is 0.000000000000000000E+00
 Tmg is 0.000000000000000000E+00
 Tmg is 0.000000000000000000E+00
 ar is 0.485681119924044127E-01
 Tmg is 0.000000000000000000E+00
 ar is 0.000000000000000000E+00
 ar is 0.000000000000000000E+00
 ar is 0.000000000000000000E+00
 ar is 0.000000000000000000E+00
 ar is 0.000000000000000000E+00
 ar is 0.174582233396900433
 ar is 0.000000000000000000E+00
 ar is 0.000000000000000000E+00
 Tmg is 0.000000000000000000E+00
 ar is 0.159268073709911140
 Tmg is 0.000000000000000000E+00
 ar is 0.143516308534349019
 ar is 0.000000000000000000E+00
 ar is 0.000000000000000000E+00
 Tmg is 0.000000000000000000E+00
 ar is 0.000000000000000000E+00
 Tmg is 0.000000000000000000E+00
 Tmg is 0.000000000000000000E+00
 ar is 0.000000000000000000E+00
 ar is 0.809468533206739588E-01
 ar is 0.000000000000000000E+00
 ar is 0.000000000000000000E+00
 Tmg is 0.000000000000000000E+00
 ar is 0.000000000000000000E+00
 ar is 0.000000000000000000E+00
 Tmg is 0.226928962530888469E-04
 ar is 0.000000000000000000E+00
 ar is 0.000000000000000000E+00
 ar is 0.000000000000000000E+00
 Tmg is 0.000000000000000000E+00
 Tmg is 0.000000000000000000E+00
 Tmg is 0.000000000000000000E+00
 ar is 0.000000000000000000E+00
 Tmg is 0.000000000000000000E+00
 ar is 0.000000000000000000E+00
 ar is 0.000000000000000000E+00
 ar is 0.971362239848089087E-01
 ar is 0.000000000000000000E+00
 ar is 0.000000000000000000E+00
 Tmg is 0.000000000000000000E+00
 Tmg is 0.000000000000000000E+00
 Tmg is 0.000000000000000000E+00
 ar is 0.000000000000000000E+00
 ar is 0.000000000000000000E+00
 Tmg is 0.000000000000000000E+00
 Tmg is 0.862711131734788226E-04
 ar is 0.000000000000000000E+00
 Tmg is 0.000000000000000000E+00
 Tmg is 0.000000000000000000E+00
 Tmg is 0.000000000000000000E+00
 Tmg is 0.000000000000000000E+00
 ar is 0.796340368549555561E-01
 ar is 0.000000000000000000E+00
 Tmg is 0.000000000000000000E+00
 ar is 0.000000000000000000E+00
 Tmg is 0.000000000000000000E+00
 Tmg is 0.000000000000000000E+00
 Tmg is 0.376722733397551757E-04
 Tmg is 0.888325614564900167E-04
 Tmg is 0.000000000000000000E+00
 Tmg is 0.000000000000000000E+00
 Tmg is 0.000000000000000000E+00
 ar is 0.000000000000000000E+00
 ar is 0.000000000000000000E+00
 Tmg is 0.823394790773320304E-06
 Tmg is 0.000000000000000000E+00
 Tmg is 0.000000000000000000E+00
 ar is 0.000000000000000000E+00
 Tmg is 0.000000000000000000E+00
 Tmg is 0.327589645647551845E-03
 Tmg is 0.000000000000000000E+00
 ar is 0.143078703045776329
 Tmg is 0.431947379470625878E-04
 Tmg is 0.000000000000000000E+00
 ar is 0.800716423435281210E-01
 ar is 0.000000000000000000E+00
 Tmg is 0.000000000000000000E+00
 Tmg is 0.000000000000000000E+00
 ar is 0.000000000000000000E+00
 ar is 0.144391519511494731
 ar is 0.000000000000000000E+00
 ar is 0.634446661908207032E-01
 ar is 0.000000000000000000E+00
 ar is 0.319411358396967868E-01
 ar is 0.000000000000000000E+00
 ar is 0.796340368549556810E-01
 ar is 0.643198771679663883E-01
 ar is 0.000000000000000000E+00
 Tmg is 0.000000000000000000E+00
 Tmg is 0.000000000000000000E+00
 ar is 0.000000000000000000E+00
 ar is 0.000000000000000000E+00
 Tmg is 0.426030801649082675E-05
 ar is 0.000000000000000000E+00
 ar is 0.000000000000000000E+00
 ar is 0.800716423435281072E-01
 Tmg is 0.000000000000000000E+00
 ar is 0.000000000000000000E+00
 ar is 0.000000000000000000E+00
 ar is 0.000000000000000000E+00
 Tmg is 0.173894726931825001E-05
 ar is 0.000000000000000000E+00
 ar is 0.112012778183225151
 ar is 0.000000000000000000E+00
 Tmg is 0.000000000000000000E+00
 ar is 0.000000000000000000E+00
 ar is 0.000000000000000000E+00
 Tmg is 0.000000000000000000E+00
 Tmg is 0.000000000000000000E+00
 ar is 0.127764543358787341
 ar is 0.000000000000000000E+00
 Tmg is 0.148890721927929132E-03
 ar is 0.000000000000000000E+00
 Tmg is 0.000000000000000000E+00
 Tmg is 0.216523130729211180E-05
 Tmg is 0.000000000000000000E+00
 ar is 0.634446661908206061E-01
 ar is 0.000000000000000000E+00
 Tmg is 0.000000000000000000E+00
 ar is 0.000000000000000000E+00
 ar is 0.000000000000000000E+00
 ar is 0.000000000000000000E+00
 Tmg is 0.000000000000000000E+00
 Tmg is 0.319637749562410678E-03
 Tmg is 0.000000000000000000E+00
 ar is 0.000000000000000000E+00
 Tmg is 0.000000000000000000E+00
 ar is 0.000000000000000000E+00
 ar is 0.000000000000000000E+00
 Tmg is 0.000000000000000000E+00
 Tmg is 0.573221611856928509E-05
 Tmg is 0.000000000000000000E+00
 ar is 0.000000000000000000E+00
 Tmg is 0.000000000000000000E+00
 Tmg is 0.000000000000000000E+00
 Tmg is 0.000000000000000000E+00
 ar is 0.000000000000000000E+00
 Tmg is 0.106708072205734497E-04
 Tmg is 0.000000000000000000E+00
 ar is 0.800716423435284957E-01
 ar is 0.000000000000000000E+00
 Tmg is 0.000000000000000000E+00
 ar is 0.000000000000000000E+00
 ar is 0.000000000000000000E+00
 Tmg is 0.588732576942271363E-05
 ar is 0.000000000000000000E+00
 ar is 0.958234075190903672E-01
 ar is 0.000000000000000000E+00
 Tmg is 0.000000000000000000E+00
 ar is 0.127764543358787036
 ar is 0.000000000000000000E+00
 ar is 0.126451726893068800
 ar is 0.000000000000000000E+00
 Tmg is 0.413689385445079611E-05
 Tmg is 0.000000000000000000E+00
 ar is 0.127764543358787175
 ar is 0.000000000000000000E+00
 Tmg is 0.000000000000000000E+00
 ar is 0.127326937870214679
 ar is 0.000000000000000000E+00
 ar is 0.953858020305175247E-01
 Tmg is 0.000000000000000000E+00
 ar is 0.000000000000000000E+00
 Tmg is 0.928234472584775434E-04
 ar is 0.000000000000000000E+00
 ar is 0.112012778183225359
 Tmg is 0.000000000000000000E+00
 Tmg is 0.141534360652903907E-03
 ar is 0.000000000000000000E+00
 ar is 0.127764543358787230
 ar is 0.127764543358787147
 Tmg is 0.000000000000000000E+00
 Tmg is 0.409057221839361493E-04
 ar is 0.000000000000000000E+00
 Tmg is 0.992122604249993092E-05
 ar is 0.000000000000000000E+00
 ar is 0.000000000000000000E+00
 Tmg is 0.000000000000000000E+00
 Tmg is 0.000000000000000000E+00
 Tmg is 0.200764249230418651E-05
 ar is 0.000000000000000000E+00
 Tmg is 0.000000000000000000E+00
 ar is 0.000000000000000000E+00
 Tmg is 0.000000000000000000E+00
 Tmg is 0.000000000000000000E+00
 Tmg is 0.000000000000000000E+00
 ar is 0.638822716793936984E-01
 ar is 0.000000000000000000E+00
 ar is 0.000000000000000000E+00
 Tmg is 0.000000000000000000E+00
 Tmg is 0.000000000000000000E+00
 Tmg is 0.579545330924388527E-04
 ar is 0.000000000000000000E+00
 Tmg is 0.154419640877928614E-04
 Tmg is 0.000000000000000000E+00
 ar is 0.000000000000000000E+00
 Tmg is 0.000000000000000000E+00
 Tmg is 0.265565563706391557E-06
 ar is 0.000000000000000000E+00
 ar is 0.000000000000000000E+00
 Tmg is 0.361197827446201969E-05
 Tmg is 0.000000000000000000E+00
 Tmg is 0.000000000000000000E+00
 Tmg is 0.000000000000000000E+00
 Tmg is 0.516135984660432123E-05
 ar is 0.000000000000000000E+00
 Tmg is 0.000000000000000000E+00
 ar is 0.000000000000000000E+00
 Tmg is 0.000000000000000000E+00
 Tmg is 0.000000000000000000E+00
 ar is 0.000000000000000000E+00
 ar is 0.000000000000000000E+00
 Tmg is 0.000000000000000000E+00
 Tmg is 0.000000000000000000E+00
 ar is 0.000000000000000000E+00
 ar is 0.000000000000000000E+00
 ar is 0.000000000000000000E+00
 Tmg is 0.000000000000000000E+00
 ar is 0.000000000000000000E+00
 Tmg is 0.000000000000000000E+00
 ar is 0.000000000000000000E+00
 ar is 0.647574826565390088E-01
 ar is 0.000000000000000000E+00
 ar is 0.000000000000000000E+00
 Tmg is 0.000000000000000000E+00
 Tmg is 0.000000000000000000E+00
 ar is 0.000000000000000000E+00
 ar is 0.000000000000000000E+00
 Tmg is 0.000000000000000000E+00
 ar is 0.000000000000000000E+00
 Tmg is 0.000000000000000000E+00
 ar is 0.000000000000000000E+00
 ar is 0.000000000000000000E+00
 ar is 0.000000000000000000E+00
 Tmg is 0.000000000000000000E+00
 Tmg is 0.000000000000000000E+00
 Tmg is 0.000000000000000000E+00
 Tmg is 0.000000000000000000E+00
 ar is 0.000000000000000000E+00
 Tmg is 0.000000000000000000E+00
 Tmg is 0.000000000000000000E+00
 Tmg is 0.000000000000000000E+00
 ar is 0.000000000000000000E+00
 Tmg is 0.000000000000000000E+00
 ar is 0.110699961717506776
 Tmg is 0.000000000000000000E+00
 Tmg is 0.000000000000000000E+00
 Tmg is 0.000000000000000000E+00
 ar is 0.000000000000000000E+00
 Tmg is 0.150699473261605078E-03
 ar is 0.000000000000000000E+00
 ar is 0.143953914022922180
 Tmg is 0.000000000000000000E+00
 ar is 0.000000000000000000E+00
 ar is 0.800716423435283986E-01
 ar is 0.000000000000000000E+00
 Tmg is 0.000000000000000000E+00
 ar is 0.000000000000000000E+00
 Tmg is 0.000000000000000000E+00
 Tmg is 0.000000000000000000E+00
 ar is 0.112012778183225234
 ar is 0.958234075190903117E-01
 ar is 0.000000000000000000E+00
 ar is 0.000000000000000000E+00
 Tmg is 0.000000000000000000E+00
 ar is 0.000000000000000000E+00
 ar is 0.000000000000000000E+00
 ar is 0.638822716793935735E-01
 ar is 0.000000000000000000E+00
 ar is 0.000000000000000000E+00
 ar is 0.796340368549557087E-01
 Tmg is 0.000000000000000000E+00
 ar is 0.000000000000000000E+00
 ar is 0.000000000000000000E+00
 Tmg is 0.000000000000000000E+00
 Tmg is 0.148502166909828165E-04
 Tmg is 0.000000000000000000E+00
 ar is 0.485681119924045585E-01
 Tmg is 0.000000000000000000E+00
 ar is 0.000000000000000000E+00
 ar is 0.000000000000000000E+00
 ar is 0.634446661908206477E-01
 ar is 0.953858020305174831E-01
 Tmg is 0.000000000000000000E+00
 ar is 0.000000000000000000E+00
 Tmg is 0.000000000000000000E+00
 ar is 0.000000000000000000E+00
 Tmg is 0.000000000000000000E+00
 ar is 0.127764543358787203
 Tmg is 0.000000000000000000E+00
 Tmg is 0.000000000000000000E+00
 Tmg is 0.219346009651729540E-03
 ar is 0.000000000000000000E+00
 Tmg is 0.000000000000000000E+00
 ar is 0.000000000000000000E+00
 ar is 0.800716423435280239E-01
 Tmg is 0.292238754756111088E-04
 Tmg is 0.000000000000000000E+00
 Tmg is 0.000000000000000000E+00
 ar is 0.000000000000000000E+00
 Tmg is 0.000000000000000000E+00
 ar is 0.000000000000000000E+00
 ar is 0.112012778183225220
 Tmg is 0.220221631016200049E-05
 ar is 0.000000000000000000E+00
 Tmg is 0.000000000000000000E+00
 Tmg is 0.000000000000000000E+00
 Tmg is 0.000000000000000000E+00
 Tmg is 0.000000000000000000E+00
 Tmg is 0.102738049469498845E-04
 ar is 0.000000000000000000E+00
 ar is 0.000000000000000000E+00
 Tmg is 0.549108261050066006E-04
 Tmg is 0.000000000000000000E+00
 Tmg is 0.000000000000000000E+00
 Tmg is 0.000000000000000000E+00
 Tmg is 0.112822281488353204E-04
 ar is 0.000000000000000000E+00
 Tmg is 0.000000000000000000E+00
 ar is 0.000000000000000000E+00
 Tmg is 0.000000000000000000E+00
 ar is 0.796340368549556948E-01
 ar is 0.000000000000000000E+00
 Tmg is 0.118816452656180622E-05
 Tmg is 0.000000000000000000E+00
 Tmg is 0.000000000000000000E+00
 ar is 0.000000000000000000E+00
 ar is 0.000000000000000000E+00
 ar is 0.000000000000000000E+00
 ar is 0.000000000000000000E+00
 Tmg is 0.580825397410629575E-04
 ar is 0.000000000000000000E+00
 ar is 0.000000000000000000E+00
 ar is 0.000000000000000000E+00
 ar is 0.000000000000000000E+00
 ar is 0.143516308534349213
 Tmg is 0.000000000000000000E+00
 ar is 0.634446661908206200E-01
 ar is 0.319411358396968006E-01
 ar is 0.000000000000000000E+00
 ar is 0.000000000000000000E+00
 Tmg is 0.000000000000000000E+00
 ar is 0.485681119924044613E-01
 Tmg is 0.000000000000000000E+00
 ar is 0.112012778183225248
 Tmg is 0.000000000000000000E+00
 Tmg is 0.000000000000000000E+00
 Tmg is 0.000000000000000000E+00
 Tmg is 0.000000000000000000E+00
 Tmg is 0.000000000000000000E+00
 ar is 0.000000000000000000E+00
 Tmg is 0.100519787735824364E-05
 Tmg is 0.000000000000000000E+00
 Tmg is 0.000000000000000000E+00
 Tmg is 0.000000000000000000E+00
 ar is 0.000000000000000000E+00
 Tmg is 0.122569134672744227E-03
 ar is 0.000000000000000000E+00
 ar is 0.800716423435280794E-01
 Tmg is 0.327143181138478777E-04
 ar is 0.000000000000000000E+00
 Tmg is 0.000000000000000000E+00
 ar is 0.000000000000000000E+00
 Tmg is 0.629573843343576510E-05
 ar is 0.000000000000000000E+00
 Tmg is 0.156058167756205427E-03
 ar is 0.958234075190903811E-01
 ar is 0.000000000000000000E+00
 Tmg is 0.000000000000000000E+00
 Tmg is 0.000000000000000000E+00
 Tmg is 0.453281976920645673E-05
 Tmg is 0.000000000000000000E+00
 ar is 0.127764543358787258
 ar is 0.000000000000000000E+00
 Tmg is 0.000000000000000000E+00
 ar is 0.143078703045776467
 Tmg is 0.000000000000000000E+00
 Tmg is 0.813368438541936532E-05
 Tmg is 0.000000000000000000E+00
 Tmg is 0.304066255984706406E-04
 ar is 0.000000000000000000E+00
 ar is 0.000000000000000000E+00
 ar is 0.159268073709911084
 ar is 0.000000000000000000E+00
 ar is 0.000000000000000000E+00
 Tmg is 0.000000000000000000E+00
 Tmg is 0.459415795406347468E-04
 Tmg is 0.568924207643146021E-05
 ar is 0.000000000000000000E+00
 ar is 0.000000000000000000E+00
 ar is 0.000000000000000000E+00
 Tmg is 0.145981781468494838E-04
 ar is 0.000000000000000000E+00
 ar is 0.127764543358787230
 ar is 0.805092478321011856E-01
 Tmg is 0.000000000000000000E+00
 Tmg is 0.125593363875909915E-03
 ar is 0.000000000000000000E+00
 Tmg is 0.000000000000000000E+00
 ar is 0.000000000000000000E+00
 ar is 0.000000000000000000E+00
 Tmg is 0.000000000000000000E+00
 Tmg is 0.000000000000000000E+00
 Tmg is 0.000000000000000000E+00
 Tmg is 0.000000000000000000E+00
 ar is 0.630070607022479440E-01
 ar is 0.000000000000000000E+00
 ar is 0.127764543358787230
 Tmg is 0.000000000000000000E+00
 Tmg is 0.000000000000000000E+00
 ar is 0.971362239848090059E-01
 Tmg is 0.000000000000000000E+00
 ar is 0.000000000000000000E+00
 Tmg is 0.000000000000000000E+00
 ar is 0.000000000000000000E+00
 Tmg is 0.640261292214430644E-06
 ar is 0.000000000000000000E+00
 Tmg is 0.131080527893464526E-05
 ar is 0.000000000000000000E+00
 ar is 0.000000000000000000E+00
 ar is 0.000000000000000000E+00
 Tmg is 0.000000000000000000E+00
 ar is 0.000000000000000000E+00
 ar is 0.000000000000000000E+00
 Tmg is 0.355944865182234082E-05
 Tmg is 0.000000000000000000E+00
 ar is 0.000000000000000000E+00
 Tmg is 0.000000000000000000E+00
 Tmg is 0.000000000000000000E+00
 ar is 0.000000000000000000E+00
 ar is 0.000000000000000000E+00
 ar is 0.000000000000000000E+00
 Tmg is 0.000000000000000000E+00
 Tmg is 0.000000000000000000E+00
 ar is 0.000000000000000000E+00
 Tmg is 0.242092690035544440E-05
 Tmg is 0.000000000000000000E+00
 Tmg is 0.000000000000000000E+00
 ar is 0.000000000000000000E+00
 ar is 0.000000000000000000E+00
 ar is 0.000000000000000000E+00
 Tmg is 0.000000000000000000E+00
 Tmg is 0.253434034062179739E-04
 ar is 0.000000000000000000E+00
 Tmg is 0.000000000000000000E+00
 ar is 0.000000000000000000E+00
 ar is 0.000000000000000000E+00
 Tmg is 0.000000000000000000E+00
 Tmg is 0.000000000000000000E+00
 Tmg is 0.000000000000000000E+00
 ar is 0.000000000000000000E+00
 Tmg is 0.000000000000000000E+00
 Tmg is 0.000000000000000000E+00
 ar is 0.000000000000000000E+00
 Tmg is 0.000000000000000000E+00
 Tmg is 0.000000000000000000E+00
 ar is 0.000000000000000000E+00
 Tmg is 0.000000000000000000E+00
 ar is 0.000000000000000000E+00
 Tmg is 0.000000000000000000E+00
 Tmg is 0.000000000000000000E+00
 Tmg is 0.000000000000000000E+00
 Tmg is 0.000000000000000000E+00
 Tmg is 0.192220747168345667E-03
 Tmg is 0.000000000000000000E+00
 ar is 0.000000000000000000E+00
 ar is 0.000000000000000000E+00
 Tmg is 0.000000000000000000E+00
 Tmg is 0.332581572612723289E-04
 ar is 0.000000000000000000E+00
 ar is 0.485681119924045446E-01
 Tmg is 0.000000000000000000E+00
 ar is 0.000000000000000000E+00
 Tmg is 0.000000000000000000E+00
 Tmg is 0.000000000000000000E+00
 ar is 0.000000000000000000E+00
 ar is 0.000000000000000000E+00
 Tmg is 0.000000000000000000E+00
 ar is 0.000000000000000000E+00
 ar is 0.000000000000000000E+00
 Tmg is 0.000000000000000000E+00
 ar is 0.000000000000000000E+00
 ar is 0.000000000000000000E+00
 Tmg is 0.000000000000000000E+00
 Tmg is 0.924561321087414916E-04
 ar is 0.000000000000000000E+00
 Tmg is 0.000000000000000000E+00
 ar is 0.000000000000000000E+00
 ar is 0.000000000000000000E+00
 Tmg is 0.000000000000000000E+00
 Tmg is 0.000000000000000000E+00
 ar is 0.000000000000000000E+00
 Tmg is 0.000000000000000000E+00
 Tmg is 0.000000000000000000E+00
 ar is 0.000000000000000000E+00
 Tmg is 0.000000000000000000E+00
 Tmg is 0.000000000000000000E+00
 Tmg is 0.000000000000000000E+00
 ar is 0.000000000000000000E+00
 ar is 0.000000000000000000E+00
 Tmg is 0.000000000000000000E+00
 ar is 0.000000000000000000E+00
 ar is 0.000000000000000000E+00
 ar is 0.000000000000000000E+00
 ar is 0.000000000000000000E+00
 ar is 0.000000000000000000E+00
 Tmg is 0.000000000000000000E+00
 ar is 0.000000000000000000E+00
 Tmg is 0.000000000000000000E+00
 ar is 0.000000000000000000E+00
 ar is 0.000000000000000000E+00
 Tmg is 0.000000000000000000E+00
 Tmg is 0.000000000000000000E+00
 Tmg is 0.000000000000000000E+00
 Tmg is 0.000000000000000000E+00
 Tmg is 0.000000000000000000E+00
 Tmg is 0.000000000000000000E+00
 Tmg is 0.000000000000000000E+00
 Tmg is 0.000000000000000000E+00
 ar is 0.000000000000000000E+00
 ar is 0.000000000000000000E+00
 Tmg is 0.000000000000000000E+00
 ar is 0.000000000000000000E+00
 Tmg is 0.000000000000000000E+00
 Tmg is 0.000000000000000000E+00
 Tmg is 0.000000000000000000E+00
 Tmg is 0.000000000000000000E+00
 ar is 0.143953914022922042
 ar is 0.000000000000000000E+00
 Tmg is 0.000000000000000000E+00
 Tmg is 0.000000000000000000E+00
 ar is 0.000000000000000000E+00
 ar is 0.000000000000000000E+00
 Tmg is 0.000000000000000000E+00
 ar is 0.630070607022480134E-01
 ar is 0.000000000000000000E+00
 Tmg is 0.000000000000000000E+00
 ar is 0.000000000000000000E+00
 ar is 0.000000000000000000E+00
 ar is 0.000000000000000000E+00
 Tmg is 0.000000000000000000E+00
 ar is 0.110699961717506748
 ar is 0.000000000000000000E+00
 ar is 0.000000000000000000E+00
 ar is 0.000000000000000000E+00
 ar is 0.000000000000000000E+00
 ar is 0.000000000000000000E+00
 ar is 0.000000000000000000E+00
 Tmg is 0.834628017670259616E-05
 Tmg is 0.000000000000000000E+00
 ar is 0.000000000000000000E+00
 ar is 0.000000000000000000E+00
 Tmg is 0.000000000000000000E+00
 Tmg is 0.000000000000000000E+00
 ar is 0.000000000000000000E+00
 Tmg is 0.738553248404658485E-06
 Tmg is 0.000000000000000000E+00
 Tmg is 0.000000000000000000E+00
 Tmg is 0.000000000000000000E+00
 ar is 0.000000000000000000E+00
 Tmg is 0.000000000000000000E+00
 Tmg is 0.000000000000000000E+00
 Tmg is 0.115730672411612804E-04
 Tmg is 0.000000000000000000E+00
 Tmg is 0.000000000000000000E+00
 Tmg is 0.000000000000000000E+00
 Tmg is 0.000000000000000000E+00
 Tmg is 0.000000000000000000E+00
 Tmg is 0.000000000000000000E+00
 Tmg is 0.000000000000000000E+00
 ar is 0.000000000000000000E+00
 ar is 0.000000000000000000E+00
 ar is 0.000000000000000000E+00
 Tmg is 0.000000000000000000E+00
 ar is 0.000000000000000000E+00
 ar is 0.000000000000000000E+00
 Tmg is 0.000000000000000000E+00
 ar is 0.000000000000000000E+00
 ar is 0.000000000000000000E+00
 Tmg is 0.000000000000000000E+00
 Tmg is 0.000000000000000000E+00
 ar is 0.000000000000000000E+00
 ar is 0.000000000000000000E+00
 ar is 0.000000000000000000E+00
 Tmg is 0.000000000000000000E+00
 Tmg is 0.000000000000000000E+00
 Tmg is 0.000000000000000000E+00
 ar is 0.000000000000000000E+00
 ar is 0.000000000000000000E+00
 Tmg is 0.000000000000000000E+00
 ar is 0.000000000000000000E+00
 ar is 0.000000000000000000E+00
 Tmg is 0.000000000000000000E+00
 ar is 0.000000000000000000E+00
 ar is 0.000000000000000000E+00
 ar is 0.000000000000000000E+00
 Tmg is 0.000000000000000000E+00
 Tmg is 0.000000000000000000E+00
 Tmg is 0.000000000000000000E+00
 ar is 0.127764543358787175
 ar is 0.000000000000000000E+00
 Tmg is 0.000000000000000000E+00
 ar is 0.000000000000000000E+00
 ar is 0.000000000000000000E+00
 ar is 0.000000000000000000E+00
 ar is 0.000000000000000000E+00
 ar is 0.127764543358787369
 Tmg is 0.000000000000000000E+00
 Tmg is 0.000000000000000000E+00
 Tmg is 0.000000000000000000E+00
 ar is 0.000000000000000000E+00
 Tmg is 0.000000000000000000E+00
 ar is 0.000000000000000000E+00
 ar is 0.000000000000000000E+00
 Tmg is 0.000000000000000000E+00
 ar is 0.000000000000000000E+00
 Tmg is 0.000000000000000000E+00
 ar is 0.000000000000000000E+00
 ar is 0.000000000000000000E+00
 Tmg is 0.000000000000000000E+00
 Tmg is 0.647902318188299823E-05
 ar is 0.000000000000000000E+00
 ar is 0.000000000000000000E+00
 Tmg is 0.000000000000000000E+00
 Tmg is 0.000000000000000000E+00
 Tmg is 0.000000000000000000E+00
 Tmg is 0.000000000000000000E+00
 ar is 0.000000000000000000E+00
 Tmg is 0.000000000000000000E+00
 Tmg is 0.000000000000000000E+00
 Tmg is 0.000000000000000000E+00
 Tmg is 0.000000000000000000E+00
 Tmg is 0.000000000000000000E+00
 Tmg is 0.000000000000000000E+00
 Tmg is 0.466069300965459739E-06
 Tmg is 0.000000000000000000E+00
 Tmg is 0.000000000000000000E+00
 Tmg is 0.000000000000000000E+00
 Tmg is 0.000000000000000000E+00
 ar is 0.000000000000000000E+00
 ar is 0.000000000000000000E+00
 Tmg is 0.000000000000000000E+00
 ar is 0.000000000000000000E+00
 ar is 0.127764543358787119
 ar is 0.000000000000000000E+00
 ar is 0.000000000000000000E+00
 ar is 0.000000000000000000E+00
 ar is 0.000000000000000000E+00
 Tmg is 0.000000000000000000E+00
 ar is 0.000000000000000000E+00
 ar is 0.127764543358787314
 ar is 0.000000000000000000E+00
 ar is 0.127326937870214596
 ar is 0.000000000000000000E+00
 ar is 0.000000000000000000E+00
 ar is 0.000000000000000000E+00
 Tmg is 0.000000000000000000E+00
 ar is 0.000000000000000000E+00
 ar is 0.000000000000000000E+00
 Tmg is 0.000000000000000000E+00
 Tmg is 0.000000000000000000E+00
 Tmg is 0.000000000000000000E+00
 ar is 0.127764543358787286
 ar is 0.000000000000000000E+00
 Tmg is 0.185464050480542474E-03
 ar is 0.000000000000000000E+00
 ar is 0.000000000000000000E+00
 ar is 0.000000000000000000E+00
 Tmg is 0.000000000000000000E+00
 ar is 0.127764543358787452
 ar is 0.000000000000000000E+00
 Tmg is 0.000000000000000000E+00
 Tmg is 0.000000000000000000E+00
 ar is 0.000000000000000000E+00
 Tmg is 0.000000000000000000E+00
 ar is 0.000000000000000000E+00
 Tmg is 0.107911642094995311E-04
 Tmg is 0.000000000000000000E+00
 Tmg is 0.947822353724540184E-04
 Tmg is 0.000000000000000000E+00
 Tmg is 0.000000000000000000E+00
 Tmg is 0.000000000000000000E+00
 Tmg is 0.000000000000000000E+00
 Tmg is 0.000000000000000000E+00
 Tmg is 0.000000000000000000E+00
 ar is 0.000000000000000000E+00
 Tmg is 0.000000000000000000E+00
 Tmg is 0.000000000000000000E+00
 Tmg is 0.000000000000000000E+00
 Tmg is 0.000000000000000000E+00
 ar is 0.000000000000000000E+00
 Tmg is 0.000000000000000000E+00
 ar is 0.000000000000000000E+00
 Tmg is 0.000000000000000000E+00
 ar is 0.647574826565389949E-01
 ar is 0.000000000000000000E+00
 ar is 0.000000000000000000E+00
 Tmg is 0.409979921268023544E-05
 ar is 0.000000000000000000E+00
 Tmg is 0.000000000000000000E+00
 ar is 0.000000000000000000E+00
 ar is 0.000000000000000000E+00
 ar is 0.000000000000000000E+00
 ar is 0.000000000000000000E+00
 Tmg is 0.000000000000000000E+00
 ar is 0.000000000000000000E+00
 ar is 0.000000000000000000E+00
 ar is 0.000000000000000000E+00
 Tmg is 0.392362458620939574E-04
 ar is 0.000000000000000000E+00
 ar is 0.000000000000000000E+00
 ar is 0.112012778183225317
 ar is 0.000000000000000000E+00
 ar is 0.000000000000000000E+00
 ar is 0.000000000000000000E+00
 Tmg is 0.000000000000000000E+00
 Tmg is 0.000000000000000000E+00
 Tmg is 0.000000000000000000E+00
 ar is 0.127764543358787286
 ar is 0.000000000000000000E+00
 ar is 0.000000000000000000E+00
 ar is 0.000000000000000000E+00
 Tmg is 0.271105622993352063E-04
 ar is 0.000000000000000000E+00
 ar is 0.000000000000000000E+00
 Tmg is 0.215061717764269007E-03
 Tmg is 0.000000000000000000E+00
 Tmg is 0.000000000000000000E+00
 Tmg is 0.000000000000000000E+00
 Tmg is 0.311343458835911069E-04
 Tmg is 0.000000000000000000E+00
 Tmg is 0.000000000000000000E+00
 Tmg is 0.120738399324344236E-04
 Tmg is 0.000000000000000000E+00
 Tmg is 0.000000000000000000E+00
 Tmg is 0.000000000000000000E+00
 Tmg is 0.537214667194734980E-05
 Tmg is 0.000000000000000000E+00
 Tmg is 0.000000000000000000E+00
 Tmg is 0.420025505889564483E-04
 Tmg is 0.000000000000000000E+00
 ar is 0.000000000000000000E+00
 Tmg is 0.000000000000000000E+00
 ar is 0.126451726893068828
 Tmg is 0.000000000000000000E+00
 Tmg is 0.000000000000000000E+00
 Tmg is 0.820229805812820614E-04
 Tmg is 0.000000000000000000E+00
 Tmg is 0.000000000000000000E+00
 Tmg is 0.000000000000000000E+00
 ar is 0.000000000000000000E+00
 ar is 0.000000000000000000E+00
 ar is 0.000000000000000000E+00
 ar is 0.000000000000000000E+00
 ar is 0.000000000000000000E+00
 Tmg is 0.000000000000000000E+00
 ar is 0.000000000000000000E+00
 ar is 0.000000000000000000E+00
 ar is 0.000000000000000000E+00
 ar is 0.000000000000000000E+00
 ar is 0.000000000000000000E+00
 ar is 0.000000000000000000E+00
 Tmg is 0.000000000000000000E+00
 ar is 0.000000000000000000E+00
 Tmg is 0.000000000000000000E+00
 ar is 0.000000000000000000E+00
 ar is 0.000000000000000000E+00
 ar is 0.000000000000000000E+00
 ar is 0.000000000000000000E+00
 ar is 0.000000000000000000E+00
 Tmg is 0.000000000000000000E+00
 ar is 0.000000000000000000E+00
 ar is 0.000000000000000000E+00
 Tmg is 0.000000000000000000E+00
 ar is 0.000000000000000000E+00
 ar is 0.000000000000000000E+00
 ar is 0.000000000000000000E+00
 ar is 0.000000000000000000E+00
 ar is 0.000000000000000000E+00
 Tmg is 0.000000000000000000E+00
 Tmg is 0.000000000000000000E+00
 Tmg is 0.000000000000000000E+00
 Tmg is 0.000000000000000000E+00
 Tmg is 0.000000000000000000E+00
 Tmg is 0.000000000000000000E+00
 Tmg is 0.000000000000000000E+00
 Tmg is 0.000000000000000000E+00
 ar is 0.000000000000000000E+00
 Tmg is 0.000000000000000000E+00
 Tmg is 0.000000000000000000E+00
 ar is 0.000000000000000000E+00
 Tmg is 0.000000000000000000E+00
 Tmg is 0.000000000000000000E+00
 Tmg is 0.000000000000000000E+00
 Tmg is 0.000000000000000000E+00
 Tmg is 0.000000000000000000E+00
 Tmg is 0.000000000000000000E+00
 Tmg is 0.000000000000000000E+00
 ar is 0.000000000000000000E+00
 Tmg is 0.000000000000000000E+00
 Tmg is 0.000000000000000000E+00
 Tmg is 0.000000000000000000E+00
 Tmg is 0.000000000000000000E+00
 Tmg is 0.000000000000000000E+00
 Tmg is 0.000000000000000000E+00
 Tmg is 0.000000000000000000E+00
 Tmg is 0.814888478538855319E-04
 area     is 8.17693077496237919
 xdrag    is 0.302471080082265149E-01
 ydrag    is 0.510616434248260549E-02
 zdrag    is -0.132103920106256111E-04
 drag mag is 0.306750816081753641E-01
 y_sctr
gs_setup: 8192 unique labels shared
   pairwise times (avg, min, max): 0.000220523 0.000114707 0.000309073
   crystal router                : 0.000413406 0.000404946 0.000423422
   all reduce                    : 0.000443512 0.000443209 0.000443879
   used all_to_all method: pairwise
   handle bytes (avg, min, max): 7173.41 5904 11520
   buffer bytes (avg, min, max): 1754 640 10112

        0  0.0000E+00 Write checkpoint
       FILE:/projects/wall_turb_dd/vpuri/NekRoutines/post/uplus/wshsmoothWavyWall0.f00001                                                       

        0  0.0000E+00 done :: Write checkpoint
                              file size =      15.    MB
                              avg data-throughput =    30.9MB/s
                              io-nodes =   512


        0  0.0000E+00 Write checkpoint
       FILE:/projects/wall_turb_dd/vpuri/NekRoutines/post/uplus/utnsmoothWavyWall0.f00001                                                       

        0  0.0000E+00 done :: Write checkpoint
                              file size =      15.    MB
                              avg data-throughput =    30.8MB/s
                              io-nodes =   512


        0  0.0000E+00 Write checkpoint
       FILE:/projects/wall_turb_dd/vpuri/NekRoutines/post/uplus/uplsmoothWavyWall0.f00001                                                       

        0  0.0000E+00 done :: Write checkpoint
                              file size =      13.    MB
                              avg data-throughput =    31.9MB/s
                              io-nodes =   512

 done :: userchk

        0  0.0000E+00 Write checkpoint
       FILE:/projects/wall_turb_dd/vpuri/NekRoutines/post/uplus/smoothWavyWall0.f00001                                                          

        0  0.0000E+00 done :: Write checkpoint
                              file size =      15.    MB
                              avg data-throughput =    32.9MB/s
                              io-nodes =   512

  
run successful: dying ...
  
  
total elapsed time             :   7.44604E+00 sec
total solver time w/o IO       :   0.00000E+00 sec
time/timestep                  :   0.00000E+00 sec
avg throughput per timestep    :   0.00000E+00 gridpts/CPUs
total max memory usage         :   3.14274E+01 GB

