/----------------------------------------------------------\
|      _   __ ______ __ __  ______  ____   ____   ____     |
|     / | / // ____// //_/ / ____/ / __ \/ __ \/ __ \   |
|    /  |/ // __/  / ,<   /___ \ / / / // / / // / / /    |
|   / /|  // /___ / /| | ____/ / / /_/ // /_/ // /_/ /     |
|  /_/ |_//_____//_/ |_|/_____/  \___/ \___/ \___/      |
|                                                          |
|----------------------------------------------------------|
|                                                          |
| NEK5000:  Open Source Spectral Element Solver            |
| COPYRIGHT (c) 2008-2017 UCHICAGO ARGONNE, LLC            |
| Version:  v17.0                                          |
| Web:      http://nek5000.mcs.anl.gov                     |
|                                                          |
\----------------------------------------------------------/
                                                              

 Number of processors: 512
 REAL    wdsize      : 8
 INTEGER wdsize      : 4
 Timer accuracy      : 1.80E-07
  
 Reading /projects/wall_turb_dd/vpuri/NekRoutines/post/uplus/smoothWavyWall.rea                                                              
 WARNING: lgmres might be too low!
 Reading /projects/wall_turb_dd/vpuri/NekRoutines/post/uplus/smoothWavyWall.re2                                                              
 mapping elements to processors
 Reading /projects/wall_turb_dd/vpuri/NekRoutines/post/uplus/smoothWavyWall.ma2                                                              
 RANK     0 IEG    7196    7228    7229    7259    7260    7261    7292    7707
                   7708    7709    7739    7740    7741    7771    7772    7773
  
 element load imbalance:  0 16 16
 done :: mapping    .51767E-01 sec

  
  preading mesh 
  preading bc for ifld 1
 done :: read .re2 file    .33     sec

 0  objects found
 118   Parameters from file:
   1      1.00000     p001 DENSITY
   2     -4780.00   p002 VISCOS
   8      1.00000     p008 CONDUCT
  12      1.5e-0       p012 DT
  15      10000.0    p015 IOSTEP
  18      0.50000E-01 p018 GRID < 0 --> # cells on screen
  21      0.10000E-06     p021 DIVERGENCE	# after using 0 to see
  22      0.10000E-08     p022 HELMHOLTZ
  24     0.100000E-01 p024 TOLREL
  25     0.100009E-01 p025 TOLABS
  26      1.000000    p26 COURANT/NTAU
  27      2.000000    p27 TORDER
  54     -1.00000     p054 fixed flow rate dir: |p54|=1,2,3=x,y,z
  55      1.00000     p055 vol.flow rate (p54>0) or Ubar (p54<0)
  59      1.00000     p059 !=0 --> full Jac. eval. for each el.
  65      1.00000     p065 #iofiles (eg, 0 or 64); <0 --> sep. dirs
  66      6.00000     p066 output : <0=ascii, else binary
  67      6.00000     p067 restart: <0=ascii, else binary
  93      20.0000     p093 Number of previous pressure solns saved
  94      3.00000     p094 start projecting velocity after p94 step
  95      5.00000     p095 start projecting pressure after p95 step
  99      4.00000     p099 dealiasing: <0--> off/3--> old/4--> new
 101      1.00000     p101 Number of additional modes to filter
 103      0.01        p103 weight of stabilizing filter (.01)
  
 done :: read .rea file    .49012     sec

 nelgt/nelgv/lelt:        8192        8192         132
 lx1  /lx2  /lx3 :           4           4           4
 Reset the target Courant number to .5
 setup mesh topology
   Right-handed check complete for    8192 elements. OK.
   setvert3d:   4      167361      232897      167361      167361
 call usrsetvert
 done :: usrsetvert

gs_setup: 87547 unique labels shared
   pairwise times (avg, min, max): 0.000493405 0.000381667 0.000562676
   crystal router                : 0.0011055 0.00109418 0.00111977
   all reduce                    : 0.0167597 0.0164144 0.0168006
   used all_to_all method: pairwise
   handle bytes (avg, min, max): 17984.2 13116 20524
   buffer bytes (avg, min, max): 8848.88 4080 11840
   setupds time 3.5982E-01 seconds   0  4      167361        8192
 8  max multiplicity
 done :: setup mesh topology
  
 call usrdat
 done :: usrdat

 generate geometry data
 NOTE: All elements deformed , param(59) ^=0
 done :: generate geometry data
  
 call usrdat2
 done :: usrdat2

 regenerate geometry data 1
 NOTE: All elements deformed , param(59) ^=0
 done :: regenerate geometry data 1
  
 verify mesh topology
 0.000000000000000000E+00 3.99999999999999956  Xrange
 0.000000000000000000E+00 1.04999999999999982  Yrange
 0.000000000000000000E+00 1.99999999999999978  Zrange
 done :: verify mesh topology
  
 IFTRAN   = T
 IFFLOW   = T
 IFHEAT   = F
 IFSPLIT  = T
 IFLOMACH = F
 IFUSERVP = F
 IFUSERMV = F
 IFPERT   = F
 IFADJ    = F
 IFSTRS   = F
 IFCHAR   = F
 IFCYCLIC = F
 IFAXIS   = F
 IFMVBD   = F
 IFMELT   = F
 IFNEKNEK = F
 IFSYNC   = F
   
 IFVCOR   = T
 IFINTQ   = F
 IFGEOM   = F
 IFSURT   = F
 IFWCNO   = F
   
 IFTMSH for field 1    =  F
 IFADVC for field 1    =  T
 IFNONL for field 1    =  F
   
 Dealiasing enabled, lxd= 4
 verify mesh topology
 0.000000000000000000E+00 3.99999999999999956  Xrange
 0.000000000000000000E+00 1.04999999999999982  Yrange
 0.000000000000000000E+00 1.99999999999999978  Zrange
 done :: verify mesh topology
  
 call usrdat3
 done :: usrdat3

 set initial conditions
 nekuic (1) for ifld  1
 call nekuic for vel  
 xyz min     .00000E+00   .00000E+00   .00000E+00
 uvwpt min   1.0000       .00000E+00   .00000E+00   .00000E+00   .00000E+00
 PS min      .00000E+00   .99000E+22
 xyz max     4.0000       1.0500       2.0000    
 uvwpt max   1.0000       .00000E+00   .00000E+00   .00000E+00   .00000E+00
 PS max      .00000E+00  -.99000E+22
 done :: set initial conditions
  
gridpoints unique/tot:        232897       524288


































































































































































































































































































































































































































































































































































































































































































































































































































































































































































































































































































































































  dofs: 223391 232897






























































































































































































































































































































































































































































































































































































































































































































































































































































































































































  
 Initialization successfully completed    1.5964     sec

 nsteps=0 -> skip time loop
 running solver in post processing mode

 call userchk
 call gfldr restart0.f00001
 done :: gfldr   3.7     sec
 in comp_uplus(...)
 area     is 8.17693077496237919
 xdrag    is 0.302471080082265149E-01
 ydrag    is 0.510616434248260549E-02
 zdrag    is -0.132103920106256111E-04
 drag mag is 0.306750816081753641E-01
 y_sctr
gs_setup: 8192 unique labels shared
   pairwise times (avg, min, max): 0.000219423 0.000113716 0.000307065
   crystal router                : 0.000411179 0.00040289 0.000420885
   all reduce                    : 0.000443335 0.000442816 0.000443693
   used all_to_all method: pairwise
   handle bytes (avg, min, max): 7173.41 5904 11520
   buffer bytes (avg, min, max): 1754 640 10112

        0  0.0000E+00 Write checkpoint
       FILE:/projects/wall_turb_dd/vpuri/NekRoutines/post/uplus/wshsmoothWavyWall0.f00001                                                       

        0  0.0000E+00 done :: Write checkpoint
                              file size =      15.    MB
                              avg data-throughput =    35.7MB/s
                              io-nodes =   512


        0  0.0000E+00 Write checkpoint
       FILE:/projects/wall_turb_dd/vpuri/NekRoutines/post/uplus/utnsmoothWavyWall0.f00001                                                       

        0  0.0000E+00 done :: Write checkpoint
                              file size =      15.    MB
                              avg data-throughput =    37.9MB/s
                              io-nodes =   512


        0  0.0000E+00 Write checkpoint
       FILE:/projects/wall_turb_dd/vpuri/NekRoutines/post/uplus/uplsmoothWavyWall0.f00001                                                       

        0  0.0000E+00 done :: Write checkpoint
                              file size =      13.    MB
                              avg data-throughput =    36.9MB/s
                              io-nodes =   512

 done :: userchk

        0  0.0000E+00 Write checkpoint
       FILE:/projects/wall_turb_dd/vpuri/NekRoutines/post/uplus/smoothWavyWall0.f00001                                                          

        0  0.0000E+00 done :: Write checkpoint
                              file size =      15.    MB
                              avg data-throughput =    38.0MB/s
                              io-nodes =   512

  
run successful: dying ...
  
  
total elapsed time             :   6.92098E+00 sec
total solver time w/o IO       :   0.00000E+00 sec
time/timestep                  :   0.00000E+00 sec
avg throughput per timestep    :   0.00000E+00 gridpts/CPUs
total max memory usage         :   3.14274E+01 GB

