build 3rd-party software ...
ftn -c  -O2 -O3 -r8 -fpconstant -fpp -craympich-dpm -r8 -fpconstant -fpp -DMPI -DUNDERSCORE -DTIMER -I/projects/wall_turb_dd/vpuri/NekTools/wpts -I/lus/theta-fs0/projects/wall_turb_dd/vpuri/Nek5000-v17/core -I./ /lus/theta-fs0/projects/wall_turb_dd/vpuri/Nek5000-v17/core/drive.f -o obj/drive.o
ftn -c  -O2 -O3 -r8 -fpconstant -fpp -craympich-dpm -r8 -fpconstant -fpp -DMPI -DUNDERSCORE -DTIMER -I/projects/wall_turb_dd/vpuri/NekTools/wpts -I/lus/theta-fs0/projects/wall_turb_dd/vpuri/Nek5000-v17/core -I./ /lus/theta-fs0/projects/wall_turb_dd/vpuri/Nek5000-v17/core/drive1.f -o obj/drive1.o
ftn -c  -O2 -O3 -r8 -fpconstant -fpp -craympich-dpm -r8 -fpconstant -fpp -DMPI -DUNDERSCORE -DTIMER -I/projects/wall_turb_dd/vpuri/NekTools/wpts -I/lus/theta-fs0/projects/wall_turb_dd/vpuri/Nek5000-v17/core -I./ /lus/theta-fs0/projects/wall_turb_dd/vpuri/Nek5000-v17/core/drive2.f -o obj/drive2.o
ftn -c  -O2 -O3 -r8 -fpconstant -fpp -craympich-dpm -r8 -fpconstant -fpp -DMPI -DUNDERSCORE -DTIMER -I/projects/wall_turb_dd/vpuri/NekTools/wpts -I/lus/theta-fs0/projects/wall_turb_dd/vpuri/Nek5000-v17/core -I./ /lus/theta-fs0/projects/wall_turb_dd/vpuri/Nek5000-v17/core/plan5.f -o obj/plan5.o
ftn -c  -O2 -O3 -r8 -fpconstant -fpp -craympich-dpm -r8 -fpconstant -fpp -DMPI -DUNDERSCORE -DTIMER -I/projects/wall_turb_dd/vpuri/NekTools/wpts -I/lus/theta-fs0/projects/wall_turb_dd/vpuri/Nek5000-v17/core -I./ /lus/theta-fs0/projects/wall_turb_dd/vpuri/Nek5000-v17/core/plan4.f -o obj/plan4.o
ftn -c  -O2 -O3 -r8 -fpconstant -fpp -craympich-dpm -r8 -fpconstant -fpp -DMPI -DUNDERSCORE -DTIMER -I/projects/wall_turb_dd/vpuri/NekTools/wpts -I/lus/theta-fs0/projects/wall_turb_dd/vpuri/Nek5000-v17/core -I./ /lus/theta-fs0/projects/wall_turb_dd/vpuri/Nek5000-v17/core/bdry.f -o obj/bdry.o
ftn -c  -O2 -O3 -r8 -fpconstant -fpp -craympich-dpm -r8 -fpconstant -fpp -DMPI -DUNDERSCORE -DTIMER -I/projects/wall_turb_dd/vpuri/NekTools/wpts -I/lus/theta-fs0/projects/wall_turb_dd/vpuri/Nek5000-v17/core -I./ /lus/theta-fs0/projects/wall_turb_dd/vpuri/Nek5000-v17/core/coef.f -o obj/coef.o
ftn -c  -O2 -O3 -r8 -fpconstant -fpp -craympich-dpm -r8 -fpconstant -fpp -DMPI -DUNDERSCORE -DTIMER -I/projects/wall_turb_dd/vpuri/NekTools/wpts -I/lus/theta-fs0/projects/wall_turb_dd/vpuri/Nek5000-v17/core -I./ /lus/theta-fs0/projects/wall_turb_dd/vpuri/Nek5000-v17/core/conduct.f -o obj/conduct.o
ftn -c  -O2 -O3 -r8 -fpconstant -fpp -craympich-dpm -r8 -fpconstant -fpp -DMPI -DUNDERSCORE -DTIMER -I/projects/wall_turb_dd/vpuri/NekTools/wpts -I/lus/theta-fs0/projects/wall_turb_dd/vpuri/Nek5000-v17/core -I./ /lus/theta-fs0/projects/wall_turb_dd/vpuri/Nek5000-v17/core/connect1.f -o obj/connect1.o
ftn -c  -O2 -O3 -r8 -fpconstant -fpp -craympich-dpm -r8 -fpconstant -fpp -DMPI -DUNDERSCORE -DTIMER -I/projects/wall_turb_dd/vpuri/NekTools/wpts -I/lus/theta-fs0/projects/wall_turb_dd/vpuri/Nek5000-v17/core -I./ /lus/theta-fs0/projects/wall_turb_dd/vpuri/Nek5000-v17/core/connect2.f -o obj/connect2.o
ftn -c  -O2 -O3 -r8 -fpconstant -fpp -craympich-dpm -r8 -fpconstant -fpp -DMPI -DUNDERSCORE -DTIMER -I/projects/wall_turb_dd/vpuri/NekTools/wpts -I/lus/theta-fs0/projects/wall_turb_dd/vpuri/Nek5000-v17/core -I./ /lus/theta-fs0/projects/wall_turb_dd/vpuri/Nek5000-v17/core/dssum.f -o obj/dssum.o
ftn -c  -O2 -O3 -r8 -fpconstant -fpp -craympich-dpm -r8 -fpconstant -fpp -DMPI -DUNDERSCORE -DTIMER -I/projects/wall_turb_dd/vpuri/NekTools/wpts -I/lus/theta-fs0/projects/wall_turb_dd/vpuri/Nek5000-v17/core -I./ /lus/theta-fs0/projects/wall_turb_dd/vpuri/Nek5000-v17/core/edgec.f -o obj/edgec.o
ftn -c  -O2 -O3 -r8 -fpconstant -fpp -craympich-dpm -r8 -fpconstant -fpp -DMPI -DUNDERSCORE -DTIMER -I/projects/wall_turb_dd/vpuri/NekTools/wpts -I/lus/theta-fs0/projects/wall_turb_dd/vpuri/Nek5000-v17/core -I./ /lus/theta-fs0/projects/wall_turb_dd/vpuri/Nek5000-v17/core/eigsolv.f -o obj/eigsolv.o
ftn -c  -O2 -O3 -r8 -fpconstant -fpp -craympich-dpm -r8 -fpconstant -fpp -DMPI -DUNDERSCORE -DTIMER -I/projects/wall_turb_dd/vpuri/NekTools/wpts -I/lus/theta-fs0/projects/wall_turb_dd/vpuri/Nek5000-v17/core -I./ /lus/theta-fs0/projects/wall_turb_dd/vpuri/Nek5000-v17/core/gauss.f -o obj/gauss.o
ftn -c  -O2 -O3 -r8 -fpconstant -fpp -craympich-dpm -r8 -fpconstant -fpp -DMPI -DUNDERSCORE -DTIMER -I/projects/wall_turb_dd/vpuri/NekTools/wpts -I/lus/theta-fs0/projects/wall_turb_dd/vpuri/Nek5000-v17/core -I./ /lus/theta-fs0/projects/wall_turb_dd/vpuri/Nek5000-v17/core/genxyz.f -o obj/genxyz.o
ftn -c  -O2 -O3 -r8 -fpconstant -fpp -craympich-dpm -r8 -fpconstant -fpp -DMPI -DUNDERSCORE -DTIMER -I/projects/wall_turb_dd/vpuri/NekTools/wpts -I/lus/theta-fs0/projects/wall_turb_dd/vpuri/Nek5000-v17/core -I./ /lus/theta-fs0/projects/wall_turb_dd/vpuri/Nek5000-v17/core/navier1.f -o obj/navier1.o
ftn -c  -O2 -O3 -r8 -fpconstant -fpp -craympich-dpm -r8 -fpconstant -fpp -DMPI -DUNDERSCORE -DTIMER -I/projects/wall_turb_dd/vpuri/NekTools/wpts -I/lus/theta-fs0/projects/wall_turb_dd/vpuri/Nek5000-v17/core -I./ /lus/theta-fs0/projects/wall_turb_dd/vpuri/Nek5000-v17/core/makeq.f -o obj/makeq.o
ftn -c  -O2 -O3 -r8 -fpconstant -fpp -craympich-dpm -r8 -fpconstant -fpp -DMPI -DUNDERSCORE -DTIMER -I/projects/wall_turb_dd/vpuri/NekTools/wpts -I/lus/theta-fs0/projects/wall_turb_dd/vpuri/Nek5000-v17/core -I./ /lus/theta-fs0/projects/wall_turb_dd/vpuri/Nek5000-v17/core/navier0.f -o obj/navier0.o
ftn -c  -O2 -O3 -r8 -fpconstant -fpp -craympich-dpm -r8 -fpconstant -fpp -DMPI -DUNDERSCORE -DTIMER -I/projects/wall_turb_dd/vpuri/NekTools/wpts -I/lus/theta-fs0/projects/wall_turb_dd/vpuri/Nek5000-v17/core -I./ /lus/theta-fs0/projects/wall_turb_dd/vpuri/Nek5000-v17/core/navier2.f -o obj/navier2.o
ftn -c  -O2 -O3 -r8 -fpconstant -fpp -craympich-dpm -r8 -fpconstant -fpp -DMPI -DUNDERSCORE -DTIMER -I/projects/wall_turb_dd/vpuri/NekTools/wpts -I/lus/theta-fs0/projects/wall_turb_dd/vpuri/Nek5000-v17/core -I./ /lus/theta-fs0/projects/wall_turb_dd/vpuri/Nek5000-v17/core/navier3.f -o obj/navier3.o
/lus/theta-fs0/projects/wall_turb_dd/vpuri/Nek5000-v17/core/navier1.f(3253): warning #6371: A jump into a block from outside the block may have occurred.   [101]
      if (.not. ifdeal(ifield)) goto 101
-------------------------------------^
ftn -c  -O2 -O3 -r8 -fpconstant -fpp -craympich-dpm -r8 -fpconstant -fpp -DMPI -DUNDERSCORE -DTIMER -I/projects/wall_turb_dd/vpuri/NekTools/wpts -I/lus/theta-fs0/projects/wall_turb_dd/vpuri/Nek5000-v17/core -I./ /lus/theta-fs0/projects/wall_turb_dd/vpuri/Nek5000-v17/core/navier4.f -o obj/navier4.o
ftn -c  -O2 -O3 -r8 -fpconstant -fpp -craympich-dpm -r8 -fpconstant -fpp -DMPI -DUNDERSCORE -DTIMER -I/projects/wall_turb_dd/vpuri/NekTools/wpts -I/lus/theta-fs0/projects/wall_turb_dd/vpuri/Nek5000-v17/core -I./ /lus/theta-fs0/projects/wall_turb_dd/vpuri/Nek5000-v17/core/prepost.f -o obj/prepost.o
ftn -c  -O2 -O3 -r8 -fpconstant -fpp -craympich-dpm -r8 -fpconstant -fpp -DMPI -DUNDERSCORE -DTIMER -I/projects/wall_turb_dd/vpuri/NekTools/wpts -I/lus/theta-fs0/projects/wall_turb_dd/vpuri/Nek5000-v17/core -I./ /lus/theta-fs0/projects/wall_turb_dd/vpuri/Nek5000-v17/core/speclib.f -o obj/speclib.o
ftn -c  -O2 -O3 -r8 -fpconstant -fpp -craympich-dpm -r8 -fpconstant -fpp -DMPI -DUNDERSCORE -DTIMER -I/projects/wall_turb_dd/vpuri/NekTools/wpts -I/lus/theta-fs0/projects/wall_turb_dd/vpuri/Nek5000-v17/core -I./ /lus/theta-fs0/projects/wall_turb_dd/vpuri/Nek5000-v17/core/map2.f -o obj/map2.o
ftn -c  -O2 -O3 -r8 -fpconstant -fpp -craympich-dpm -r8 -fpconstant -fpp -DMPI -DUNDERSCORE -DTIMER -I/projects/wall_turb_dd/vpuri/NekTools/wpts -I/lus/theta-fs0/projects/wall_turb_dd/vpuri/Nek5000-v17/core -I./ /lus/theta-fs0/projects/wall_turb_dd/vpuri/Nek5000-v17/core/mvmesh.f -o obj/mvmesh.o
ftn -c  -O2 -O3 -r8 -fpconstant -fpp -craympich-dpm -r8 -fpconstant -fpp -DMPI -DUNDERSCORE -DTIMER -I/projects/wall_turb_dd/vpuri/NekTools/wpts -I/lus/theta-fs0/projects/wall_turb_dd/vpuri/Nek5000-v17/core -I./ /lus/theta-fs0/projects/wall_turb_dd/vpuri/Nek5000-v17/core/ic.f -o obj/ic.o
ftn -c  -O2 -O3 -r8 -fpconstant -fpp -craympich-dpm -r8 -fpconstant -fpp -DMPI -DUNDERSCORE -DTIMER -I/projects/wall_turb_dd/vpuri/NekTools/wpts -I/lus/theta-fs0/projects/wall_turb_dd/vpuri/Nek5000-v17/core -I./ /lus/theta-fs0/projects/wall_turb_dd/vpuri/Nek5000-v17/core/gfldr.f -o obj/gfldr.o
ftn -c  -O2 -O3 -r8 -fpconstant -fpp -craympich-dpm -r8 -fpconstant -fpp -DMPI -DUNDERSCORE -DTIMER -I/projects/wall_turb_dd/vpuri/NekTools/wpts -I/lus/theta-fs0/projects/wall_turb_dd/vpuri/Nek5000-v17/core -I./ /lus/theta-fs0/projects/wall_turb_dd/vpuri/Nek5000-v17/core/ssolv.f -o obj/ssolv.o
/lus/theta-fs0/projects/wall_turb_dd/vpuri/Nek5000-v17/core/gfldr.f(149): remark #8291: Recommended relationship between field width 'W' and the number of fractional digits 'D' in this edit descriptor is 'W>=D+7'.
      if(nio.eq.0) write(6,'(A,1(1g8.2),A)')
-----------------------------------^
ftn -c  -O2 -O3 -r8 -fpconstant -fpp -craympich-dpm -r8 -fpconstant -fpp -DMPI -DUNDERSCORE -DTIMER -I/projects/wall_turb_dd/vpuri/NekTools/wpts -I/lus/theta-fs0/projects/wall_turb_dd/vpuri/Nek5000-v17/core -I./ /lus/theta-fs0/projects/wall_turb_dd/vpuri/Nek5000-v17/core/planx.f -o obj/planx.o
ftn -c  -O3 -O3 -r8 -fpconstant -fpp -craympich-dpm -r8 -fpconstant -fpp -DMPI -DUNDERSCORE -DTIMER -I/projects/wall_turb_dd/vpuri/NekTools/wpts -I/lus/theta-fs0/projects/wall_turb_dd/vpuri/Nek5000-v17/core -I./ /lus/theta-fs0/projects/wall_turb_dd/vpuri/Nek5000-v17/core/math.f -o obj/math.o
ftn -c  -O2 -O3 -r8 -fpconstant -fpp -craympich-dpm -r8 -fpconstant -fpp -DMPI -DUNDERSCORE -DTIMER -I/projects/wall_turb_dd/vpuri/NekTools/wpts -I/lus/theta-fs0/projects/wall_turb_dd/vpuri/Nek5000-v17/core -I./ /lus/theta-fs0/projects/wall_turb_dd/vpuri/Nek5000-v17/core/mxm_wrapper.f -o obj/mxm_wrapper.o 
ftn -c  -O2 -O3 -r8 -fpconstant -fpp -craympich-dpm -r8 -fpconstant -fpp -DMPI -DUNDERSCORE -DTIMER -I/projects/wall_turb_dd/vpuri/NekTools/wpts -I/lus/theta-fs0/projects/wall_turb_dd/vpuri/Nek5000-v17/core -I./ /lus/theta-fs0/projects/wall_turb_dd/vpuri/Nek5000-v17/core/hmholtz.f -o obj/hmholtz.o
ftn -c  -O2 -O3 -r8 -fpconstant -fpp -craympich-dpm -r8 -fpconstant -fpp -DMPI -DUNDERSCORE -DTIMER -I/projects/wall_turb_dd/vpuri/NekTools/wpts -I/lus/theta-fs0/projects/wall_turb_dd/vpuri/Nek5000-v17/core -I./ /lus/theta-fs0/projects/wall_turb_dd/vpuri/Nek5000-v17/core/gfdm_par.f -o obj/gfdm_par.o
ftn -c  -O2 -O3 -r8 -fpconstant -fpp -craympich-dpm -r8 -fpconstant -fpp -DMPI -DUNDERSCORE -DTIMER -I/projects/wall_turb_dd/vpuri/NekTools/wpts -I/lus/theta-fs0/projects/wall_turb_dd/vpuri/Nek5000-v17/core -I./ /lus/theta-fs0/projects/wall_turb_dd/vpuri/Nek5000-v17/core/gfdm_op.f -o obj/gfdm_op.o
ftn -c  -O2 -O3 -r8 -fpconstant -fpp -craympich-dpm -r8 -fpconstant -fpp -DMPI -DUNDERSCORE -DTIMER -I/projects/wall_turb_dd/vpuri/NekTools/wpts -I/lus/theta-fs0/projects/wall_turb_dd/vpuri/Nek5000-v17/core -I./ /lus/theta-fs0/projects/wall_turb_dd/vpuri/Nek5000-v17/core/gfdm_solve.f -o obj/gfdm_solve.o
ftn -c  -O2 -O3 -r8 -fpconstant -fpp -craympich-dpm -r8 -fpconstant -fpp -DMPI -DUNDERSCORE -DTIMER -I/projects/wall_turb_dd/vpuri/NekTools/wpts -I/lus/theta-fs0/projects/wall_turb_dd/vpuri/Nek5000-v17/core -I./ /lus/theta-fs0/projects/wall_turb_dd/vpuri/Nek5000-v17/core/subs1.f -o obj/subs1.o
ftn -c  -O2 -O3 -r8 -fpconstant -fpp -craympich-dpm -r8 -fpconstant -fpp -DMPI -DUNDERSCORE -DTIMER -I/projects/wall_turb_dd/vpuri/NekTools/wpts -I/lus/theta-fs0/projects/wall_turb_dd/vpuri/Nek5000-v17/core -I./ /lus/theta-fs0/projects/wall_turb_dd/vpuri/Nek5000-v17/core/subs2.f -o obj/subs2.o
ftn -c  -O2 -O3 -r8 -fpconstant -fpp -craympich-dpm -r8 -fpconstant -fpp -DMPI -DUNDERSCORE -DTIMER -I/projects/wall_turb_dd/vpuri/NekTools/wpts -I/lus/theta-fs0/projects/wall_turb_dd/vpuri/Nek5000-v17/core -I./ /lus/theta-fs0/projects/wall_turb_dd/vpuri/Nek5000-v17/core/genbox.f -o obj/genbox.o
ftn -c  -O2 -O3 -r8 -fpconstant -fpp -craympich-dpm -r8 -fpconstant -fpp -DMPI -DUNDERSCORE -DTIMER -I/projects/wall_turb_dd/vpuri/NekTools/wpts -I/lus/theta-fs0/projects/wall_turb_dd/vpuri/Nek5000-v17/core -I./ /lus/theta-fs0/projects/wall_turb_dd/vpuri/Nek5000-v17/core/gmres.f -o obj/gmres.o
ftn -c  -O2 -O3 -r8 -fpconstant -fpp -craympich-dpm -r8 -fpconstant -fpp -DMPI -DUNDERSCORE -DTIMER -I/projects/wall_turb_dd/vpuri/NekTools/wpts -I/lus/theta-fs0/projects/wall_turb_dd/vpuri/Nek5000-v17/core -I./ /lus/theta-fs0/projects/wall_turb_dd/vpuri/Nek5000-v17/core/hsmg.f -o obj/hsmg.o
ftn -c  -O2 -O3 -r8 -fpconstant -fpp -craympich-dpm -r8 -fpconstant -fpp -DMPI -DUNDERSCORE -DTIMER -I/projects/wall_turb_dd/vpuri/NekTools/wpts -I/lus/theta-fs0/projects/wall_turb_dd/vpuri/Nek5000-v17/core -I./ /lus/theta-fs0/projects/wall_turb_dd/vpuri/Nek5000-v17/core/convect.f -o obj/convect.o
ftn -c  -O2 -O3 -r8 -fpconstant -fpp -craympich-dpm -r8 -fpconstant -fpp -DMPI -DUNDERSCORE -DTIMER -I/projects/wall_turb_dd/vpuri/NekTools/wpts -I/lus/theta-fs0/projects/wall_turb_dd/vpuri/Nek5000-v17/core -I./ /lus/theta-fs0/projects/wall_turb_dd/vpuri/Nek5000-v17/core/induct.f -o obj/induct.o
ftn -c  -O2 -O3 -r8 -fpconstant -fpp -craympich-dpm -r8 -fpconstant -fpp -DMPI -DUNDERSCORE -DTIMER -I/projects/wall_turb_dd/vpuri/NekTools/wpts -I/lus/theta-fs0/projects/wall_turb_dd/vpuri/Nek5000-v17/core -I./ /lus/theta-fs0/projects/wall_turb_dd/vpuri/Nek5000-v17/core/perturb.f -o obj/perturb.o
ftn -c  -O2 -O3 -r8 -fpconstant -fpp -craympich-dpm -r8 -fpconstant -fpp -DMPI -DUNDERSCORE -DTIMER -I/projects/wall_turb_dd/vpuri/NekTools/wpts -I/lus/theta-fs0/projects/wall_turb_dd/vpuri/Nek5000-v17/core -I./ /lus/theta-fs0/projects/wall_turb_dd/vpuri/Nek5000-v17/core/navier5.f -o obj/navier5.o
ftn -c  -O2 -O3 -r8 -fpconstant -fpp -craympich-dpm -r8 -fpconstant -fpp -DMPI -DUNDERSCORE -DTIMER -I/projects/wall_turb_dd/vpuri/NekTools/wpts -I/lus/theta-fs0/projects/wall_turb_dd/vpuri/Nek5000-v17/core -I./ /lus/theta-fs0/projects/wall_turb_dd/vpuri/Nek5000-v17/core/navier6.f -o obj/navier6.o
ftn -c  -O2 -O3 -r8 -fpconstant -fpp -craympich-dpm -r8 -fpconstant -fpp -DMPI -DUNDERSCORE -DTIMER -I/projects/wall_turb_dd/vpuri/NekTools/wpts -I/lus/theta-fs0/projects/wall_turb_dd/vpuri/Nek5000-v17/core -I./ /lus/theta-fs0/projects/wall_turb_dd/vpuri/Nek5000-v17/core/navier7.f -o obj/navier7.o
ftn -c  -O2 -O3 -r8 -fpconstant -fpp -craympich-dpm -r8 -fpconstant -fpp -DMPI -DUNDERSCORE -DTIMER -I/projects/wall_turb_dd/vpuri/NekTools/wpts -I/lus/theta-fs0/projects/wall_turb_dd/vpuri/Nek5000-v17/core -I./ /lus/theta-fs0/projects/wall_turb_dd/vpuri/Nek5000-v17/core/navier8.f -o obj/navier8.o
ftn -c  -O2 -O3 -r8 -fpconstant -fpp -craympich-dpm -r8 -fpconstant -fpp -DMPI -DUNDERSCORE -DTIMER -I/projects/wall_turb_dd/vpuri/NekTools/wpts -I/lus/theta-fs0/projects/wall_turb_dd/vpuri/Nek5000-v17/core -I./ /lus/theta-fs0/projects/wall_turb_dd/vpuri/Nek5000-v17/core/fast3d.f -o obj/fast3d.o
ftn -c  -O2 -O3 -r8 -fpconstant -fpp -craympich-dpm -r8 -fpconstant -fpp -DMPI -DUNDERSCORE -DTIMER -I/projects/wall_turb_dd/vpuri/NekTools/wpts -I/lus/theta-fs0/projects/wall_turb_dd/vpuri/Nek5000-v17/core -I./ /lus/theta-fs0/projects/wall_turb_dd/vpuri/Nek5000-v17/core/fasts.f -o obj/fasts.o
ftn -c  -O2 -O3 -r8 -fpconstant -fpp -craympich-dpm -r8 -fpconstant -fpp -DMPI -DUNDERSCORE -DTIMER -I/projects/wall_turb_dd/vpuri/NekTools/wpts -I/lus/theta-fs0/projects/wall_turb_dd/vpuri/Nek5000-v17/core -I./ /lus/theta-fs0/projects/wall_turb_dd/vpuri/Nek5000-v17/core/calcz.f -o obj/calcz.o
cc -c  -O2 -O3 -craympich-dpm -DMPI -DUNDERSCORE -DTIMER /lus/theta-fs0/projects/wall_turb_dd/vpuri/Nek5000-v17/core/byte.c -o obj/byte.o
cc -c  -O2 -O3 -craympich-dpm -DMPI -DUNDERSCORE -DTIMER /lus/theta-fs0/projects/wall_turb_dd/vpuri/Nek5000-v17/core/chelpers.c -o obj/chelpers.o
ftn -c  -O2 -O3 -r8 -fpconstant -fpp -craympich-dpm -r8 -fpconstant -fpp -DMPI -DUNDERSCORE -DTIMER -I/projects/wall_turb_dd/vpuri/NekTools/wpts -I/lus/theta-fs0/projects/wall_turb_dd/vpuri/Nek5000-v17/core -I./ /lus/theta-fs0/projects/wall_turb_dd/vpuri/Nek5000-v17/core/byte_mpi.f -o obj/byte_mpi.o
ftn -c  -O2 -O3 -r8 -fpconstant -fpp -craympich-dpm -r8 -fpconstant -fpp -DMPI -DUNDERSCORE -DTIMER -I/projects/wall_turb_dd/vpuri/NekTools/wpts -I/lus/theta-fs0/projects/wall_turb_dd/vpuri/Nek5000-v17/core -I./ /lus/theta-fs0/projects/wall_turb_dd/vpuri/Nek5000-v17/core/postpro.f -o obj/postpro.o
ftn -c  -O2 -O3 -r8 -fpconstant -fpp -craympich-dpm -r8 -fpconstant -fpp -DMPI -DUNDERSCORE -DTIMER -I/projects/wall_turb_dd/vpuri/NekTools/wpts -I/lus/theta-fs0/projects/wall_turb_dd/vpuri/Nek5000-v17/core -I./ /lus/theta-fs0/projects/wall_turb_dd/vpuri/Nek5000-v17/core/intp_usr.f -o obj/intp_usr.o
ftn -c  -O2 -O3 -r8 -fpconstant -fpp -craympich-dpm -r8 -fpconstant -fpp -DMPI -DUNDERSCORE -DTIMER -I/projects/wall_turb_dd/vpuri/NekTools/wpts -I/lus/theta-fs0/projects/wall_turb_dd/vpuri/Nek5000-v17/core -I./ /lus/theta-fs0/projects/wall_turb_dd/vpuri/Nek5000-v17/core/cvode_driver.f -o obj/cvode_driver.o
cc -c  -O2 -O3 -craympich-dpm -DMPI -DUNDERSCORE -DTIMER /lus/theta-fs0/projects/wall_turb_dd/vpuri/Nek5000-v17/core/nek_comm.c -o obj/nek_comm.o
ftn -c  -O2 -O3 -r8 -fpconstant -fpp -craympich-dpm -r8 -fpconstant -fpp -DMPI -DUNDERSCORE -DTIMER -I/projects/wall_turb_dd/vpuri/NekTools/wpts -I/lus/theta-fs0/projects/wall_turb_dd/vpuri/Nek5000-v17/core -I./ /lus/theta-fs0/projects/wall_turb_dd/vpuri/Nek5000-v17/core/vprops.f -o obj/vprops.o
ftn -c  -O2 -O3 -r8 -fpconstant -fpp -craympich-dpm -r8 -fpconstant -fpp -DMPI -DUNDERSCORE -DTIMER -I/projects/wall_turb_dd/vpuri/NekTools/wpts -I/lus/theta-fs0/projects/wall_turb_dd/vpuri/Nek5000-v17/core -I./ /lus/theta-fs0/projects/wall_turb_dd/vpuri/Nek5000-v17/core/makeq_aux.f -o obj/makeq_aux.o
ftn -c  -O2 -O3 -r8 -fpconstant -fpp -craympich-dpm -r8 -fpconstant -fpp -DMPI -DUNDERSCORE -DTIMER -I/projects/wall_turb_dd/vpuri/NekTools/wpts -I/lus/theta-fs0/projects/wall_turb_dd/vpuri/Nek5000-v17/core -I./ /lus/theta-fs0/projects/wall_turb_dd/vpuri/Nek5000-v17/core/papi.f -o obj/papi.o
ftn -c   -O2 -O3 -r8 -fpconstant -fpp -craympich-dpm -r8 -fpconstant -fpp -DMPI -DUNDERSCORE -DTIMER -I/projects/wall_turb_dd/vpuri/NekTools/wpts -I/lus/theta-fs0/projects/wall_turb_dd/vpuri/Nek5000-v17/core -I./ /lus/theta-fs0/projects/wall_turb_dd/vpuri/Nek5000-v17/core/3rd_party/nek_in_situ.f -o obj/nek_in_situ.o
ftn -c  -O2 -O3 -r8 -fpconstant -fpp -craympich-dpm -r8 -fpconstant -fpp -DMPI -DUNDERSCORE -DTIMER -I/projects/wall_turb_dd/vpuri/NekTools/wpts -I/lus/theta-fs0/projects/wall_turb_dd/vpuri/Nek5000-v17/core -I./ /lus/theta-fs0/projects/wall_turb_dd/vpuri/Nek5000-v17/core/reader_rea.f -o obj/reader_rea.o
ftn -c  -O2 -O3 -r8 -fpconstant -fpp -craympich-dpm -r8 -fpconstant -fpp -DMPI -DUNDERSCORE -DTIMER -I/projects/wall_turb_dd/vpuri/NekTools/wpts -I/lus/theta-fs0/projects/wall_turb_dd/vpuri/Nek5000-v17/core -I./ /lus/theta-fs0/projects/wall_turb_dd/vpuri/Nek5000-v17/core/reader_par.f -o obj/reader_par.o
ftn -c  -O2 -O3 -r8 -fpconstant -fpp -craympich-dpm -r8 -fpconstant -fpp -DMPI -DUNDERSCORE -DTIMER -I/projects/wall_turb_dd/vpuri/NekTools/wpts -I/lus/theta-fs0/projects/wall_turb_dd/vpuri/Nek5000-v17/core -I./ /lus/theta-fs0/projects/wall_turb_dd/vpuri/Nek5000-v17/core/reader_re2.f -o obj/reader_re2.o
/lus/theta-fs0/projects/wall_turb_dd/vpuri/Nek5000-v17/core/reader_re2.f(61): remark #8291: Recommended relationship between field width 'W' and the number of fractional digits 'D' in this edit descriptor is 'W>=D+7'.
      if(nio.eq.0) write(6,'(A,1(1g8.2),A,/)')
-----------------------------------^
cc  -c  -O2 -O3 -craympich-dpm -DMPI -DUNDERSCORE -DTIMER  /lus/theta-fs0/projects/wall_turb_dd/vpuri/Nek5000-v17/core/3rd_party/finiparser.c -o obj/finiparser.o
cc  -c  -O2 -O3 -craympich-dpm -DMPI -DUNDERSCORE -DTIMER  /lus/theta-fs0/projects/wall_turb_dd/vpuri/Nek5000-v17/core/3rd_party/iniparser.c -o obj/iniparser.o
cc  -c  -O2 -O3 -craympich-dpm -DMPI -DUNDERSCORE -DTIMER  /lus/theta-fs0/projects/wall_turb_dd/vpuri/Nek5000-v17/core/3rd_party/dictionary.c -o obj/dictionary.o
ftn -c  -O2 -O3 -r8 -fpconstant -fpp -craympich-dpm -r8 -fpconstant -fpp -DMPI -DUNDERSCORE -DTIMER -I/projects/wall_turb_dd/vpuri/NekTools/wpts -I/lus/theta-fs0/projects/wall_turb_dd/vpuri/Nek5000-v17/core -I./ /lus/theta-fs0/projects/wall_turb_dd/vpuri/Nek5000-v17/core/hpf.f -o obj/hpf.o
ftn -c  -O3 -O3 -r8 -fpconstant -fpp -craympich-dpm -r8 -fpconstant -fpp -DMPI -DUNDERSCORE -DTIMER -I/projects/wall_turb_dd/vpuri/NekTools/wpts -I/lus/theta-fs0/projects/wall_turb_dd/vpuri/Nek5000-v17/core -I./ /lus/theta-fs0/projects/wall_turb_dd/vpuri/Nek5000-v17/core/mxm_std.f -o obj/mxm_std.o
ftn -c  -O2 -O3 -r8 -fpconstant -fpp -craympich-dpm -r8 -fpconstant -fpp -DMPI -DUNDERSCORE -DTIMER -I/projects/wall_turb_dd/vpuri/NekTools/wpts -I/lus/theta-fs0/projects/wall_turb_dd/vpuri/Nek5000-v17/core -I./ /lus/theta-fs0/projects/wall_turb_dd/vpuri/Nek5000-v17/core/comm_mpi.f -o obj/comm_mpi.o
ftn -c  -O2 -O3 -r8 -fpconstant -fpp -craympich-dpm -r8 -fpconstant -fpp -DMPI -DUNDERSCORE -DTIMER -I/projects/wall_turb_dd/vpuri/NekTools/wpts -I/lus/theta-fs0/projects/wall_turb_dd/vpuri/Nek5000-v17/core -I./ /lus/theta-fs0/projects/wall_turb_dd/vpuri/Nek5000-v17/core/singlmesh.f -o obj/singlmesh.o
/lus/theta-fs0/projects/wall_turb_dd/vpuri/Nek5000-v17/core/comm_mpi.f(91): remark #8291: Recommended relationship between field width 'W' and the number of fractional digits 'D' in this edit descriptor is 'W>=D+7'.
         WRITE(6,'(A,1pE8.2)') ' Timer accuracy      : ',edif
------------------------^
ftn -c  -O0 -DMPI -DUNDERSCORE -DTIMER /lus/theta-fs0/projects/wall_turb_dd/vpuri/Nek5000-v17/core/3rd_party/blas.f -o obj/blas.o
ftn -c  -O0 -DMPI -DUNDERSCORE -DTIMER /lus/theta-fs0/projects/wall_turb_dd/vpuri/Nek5000-v17/core/3rd_party/dsygv.f -o obj/dsygv.o
'channel.usr' -> 'channel.f'
ftn -c  -O2 -O3 -r8 -fpconstant -fpp -craympich-dpm -r8 -fpconstant -fpp -DMPI -DUNDERSCORE -DTIMER -I/projects/wall_turb_dd/vpuri/NekTools/wpts -I/lus/theta-fs0/projects/wall_turb_dd/vpuri/Nek5000-v17/core -I./ /projects/wall_turb_dd/vpuri/NekTools/wpts/channel.f  -o obj/channel.o 
ftn  -O2 -O3 -r8 -fpconstant -fpp -craympich-dpm -r8 -fpconstant -fpp -DMPI -DUNDERSCORE -DTIMER -I/projects/wall_turb_dd/vpuri/NekTools/wpts -I/lus/theta-fs0/projects/wall_turb_dd/vpuri/Nek5000-v17/core -I./ -o nek5000 obj/channel.o obj/drive.o obj/drive1.o obj/drive2.o obj/plan5.o obj/plan4.o obj/bdry.o obj/coef.o obj/conduct.o obj/connect1.o obj/connect2.o obj/dssum.o obj/edgec.o obj/eigsolv.o obj/gauss.o obj/genxyz.o obj/navier1.o obj/makeq.o obj/navier0.o obj/navier2.o obj/navier3.o obj/navier4.o obj/prepost.o obj/speclib.o obj/map2.o obj/mvmesh.o obj/ic.o obj/gfldr.o obj/ssolv.o obj/planx.o obj/math.o obj/mxm_wrapper.o obj/hmholtz.o obj/gfdm_par.o obj/gfdm_op.o obj/gfdm_solve.o obj/subs1.o obj/subs2.o obj/genbox.o obj/gmres.o obj/hsmg.o obj/convect.o obj/induct.o obj/perturb.o obj/navier5.o obj/navier6.o obj/navier7.o obj/navier8.o obj/fast3d.o obj/fasts.o obj/calcz.o obj/byte.o obj/chelpers.o obj/byte_mpi.o obj/postpro.o obj/intp_usr.o obj/cvode_driver.o obj/nek_comm.o obj/vprops.o obj/makeq_aux.o obj/papi.o obj/nek_in_situ.o obj/reader_rea.o obj/reader_par.o obj/reader_re2.o obj/finiparser.o obj/iniparser.o obj/dictionary.o obj/hpf.o obj/mxm_std.o obj/comm_mpi.o obj/singlmesh.o obj/blas.o obj/dsygv.o -craympich-dpm -L/lus/theta-fs0/projects/wall_turb_dd/vpuri/Nek5000-v17/3rd_party/gslib/lib -lgs 

#############################################################
#                  Compilation successful!                  #
#############################################################
   text	   data	    bss	    dec	    hex	filename
11521527	 175276	1657694928	1669391731	6380e573	nek5000


build 3rd-party software ...
'channel.usr' -> 'channel.f'
ftn -c  -O2 -O3 -r8 -fpconstant -fpp -craympich-dpm -r8 -fpconstant -fpp -DMPI -DUNDERSCORE -DTIMER -I/projects/wall_turb_dd/vpuri/NekTools/wpts -I/lus/theta-fs0/projects/wall_turb_dd/vpuri/Nek5000-v17/core -I./ /projects/wall_turb_dd/vpuri/NekTools/wpts/channel.f  -o obj/channel.o 
ftn  -O2 -O3 -r8 -fpconstant -fpp -craympich-dpm -r8 -fpconstant -fpp -DMPI -DUNDERSCORE -DTIMER -I/projects/wall_turb_dd/vpuri/NekTools/wpts -I/lus/theta-fs0/projects/wall_turb_dd/vpuri/Nek5000-v17/core -I./ -o nek5000 obj/channel.o obj/drive.o obj/drive1.o obj/drive2.o obj/plan5.o obj/plan4.o obj/bdry.o obj/coef.o obj/conduct.o obj/connect1.o obj/connect2.o obj/dssum.o obj/edgec.o obj/eigsolv.o obj/gauss.o obj/genxyz.o obj/navier1.o obj/makeq.o obj/navier0.o obj/navier2.o obj/navier3.o obj/navier4.o obj/prepost.o obj/speclib.o obj/map2.o obj/mvmesh.o obj/ic.o obj/gfldr.o obj/ssolv.o obj/planx.o obj/math.o obj/mxm_wrapper.o obj/hmholtz.o obj/gfdm_par.o obj/gfdm_op.o obj/gfdm_solve.o obj/subs1.o obj/subs2.o obj/genbox.o obj/gmres.o obj/hsmg.o obj/convect.o obj/induct.o obj/perturb.o obj/navier5.o obj/navier6.o obj/navier7.o obj/navier8.o obj/fast3d.o obj/fasts.o obj/calcz.o obj/byte.o obj/chelpers.o obj/byte_mpi.o obj/postpro.o obj/intp_usr.o obj/cvode_driver.o obj/nek_comm.o obj/vprops.o obj/makeq_aux.o obj/papi.o obj/nek_in_situ.o obj/reader_rea.o obj/reader_par.o obj/reader_re2.o obj/finiparser.o obj/iniparser.o obj/dictionary.o obj/hpf.o obj/mxm_std.o obj/comm_mpi.o obj/singlmesh.o obj/blas.o obj/dsygv.o -craympich-dpm -L/lus/theta-fs0/projects/wall_turb_dd/vpuri/Nek5000-v17/3rd_party/gslib/lib -lgs 

#############################################################
#                  Compilation successful!                  #
#############################################################
   text	   data	    bss	    dec	    hex	filename
11521527	 175276	1657694928	1669391731	6380e573	nek5000


build 3rd-party software ...
'channel.usr' -> 'channel.f'
ftn -c  -O2 -O3 -r8 -fpconstant -fpp -craympich-dpm -r8 -fpconstant -fpp -DMPI -DUNDERSCORE -DTIMER -I/projects/wall_turb_dd/vpuri/NekTools/wpts -I/lus/theta-fs0/projects/wall_turb_dd/vpuri/Nek5000-v17/core -I./ /projects/wall_turb_dd/vpuri/NekTools/wpts/channel.f  -o obj/channel.o 
/projects/wall_turb_dd/vpuri/NekTools/wpts/wallpts.usr(61): error #6404: This name does not have a type, and must have an explicit type.   [DTMP]
               dtmp = d(ii,jj,kk,e) + dist3d(
---------------^
/projects/wall_turb_dd/vpuri/NekTools/wpts/wallpts.usr(61): error #6404: This name does not have a type, and must have an explicit type.   [DIST3D]
               dtmp = d(ii,jj,kk,e) + dist3d(
--------------------------------------^
/projects/wall_turb_dd/vpuri/NekTools/wpts/wallpts.usr(65): error #6404: This name does not have a type, and must have an explicit type.   [DIST2D]
               dtmp = d(ii,jj,kk,e) + dist2d(
--------------------------------------^
compilation aborted for /projects/wall_turb_dd/vpuri/NekTools/wpts/channel.f (code 1)
makefile:119: recipe for target 'nek5000' failed
make: *** [nek5000] Error 1
build 3rd-party software ...
'channel.usr' -> 'channel.f'
ftn -c  -O2 -O3 -r8 -fpconstant -fpp -craympich-dpm -r8 -fpconstant -fpp -DMPI -DUNDERSCORE -DTIMER -I/projects/wall_turb_dd/vpuri/NekTools/wpts -I/lus/theta-fs0/projects/wall_turb_dd/vpuri/Nek5000-v17/core -I./ /projects/wall_turb_dd/vpuri/NekTools/wpts/channel.f  -o obj/channel.o 
/projects/wall_turb_dd/vpuri/NekTools/wpts/wallpts.usr(61): error #6404: This name does not have a type, and must have an explicit type.   [DIST3D]
               dtmp = d(ii,jj,kk,e) + dist3d(
--------------------------------------^
/projects/wall_turb_dd/vpuri/NekTools/wpts/wallpts.usr(65): error #6404: This name does not have a type, and must have an explicit type.   [DIST2D]
               dtmp = d(ii,jj,kk,e) + dist2d(
--------------------------------------^
compilation aborted for /projects/wall_turb_dd/vpuri/NekTools/wpts/channel.f (code 1)
makefile:119: recipe for target 'nek5000' failed
make: *** [nek5000] Error 1
build 3rd-party software ...
'channel.usr' -> 'channel.f'
ftn -c  -O2 -O3 -r8 -fpconstant -fpp -craympich-dpm -r8 -fpconstant -fpp -DMPI -DUNDERSCORE -DTIMER -I/projects/wall_turb_dd/vpuri/NekTools/wpts -I/lus/theta-fs0/projects/wall_turb_dd/vpuri/Nek5000-v17/core -I./ /projects/wall_turb_dd/vpuri/NekTools/wpts/channel.f  -o obj/channel.o 
/projects/wall_turb_dd/vpuri/NekTools/wpts/wallpts.usr(61): error #6404: This name does not have a type, and must have an explicit type.   [DIST3D]
               dtmp = d(ii,jj,kk,e) + dist3d(
--------------------------------------^
/projects/wall_turb_dd/vpuri/NekTools/wpts/wallpts.usr(65): error #6404: This name does not have a type, and must have an explicit type.   [DIST2D]
               dtmp = d(ii,jj,kk,e) + dist2d(
--------------------------------------^
/projects/wall_turb_dd/vpuri/NekTools/wpts/wallpts.usr(87): error #6404: This name does not have a type, and must have an explicit type.   [NAN]
        if(d(i,1,1,1).gt.(big-tol)) d(i,1,1,1) = NaN
-------------------------------------------------^
compilation aborted for /projects/wall_turb_dd/vpuri/NekTools/wpts/channel.f (code 1)
makefile:119: recipe for target 'nek5000' failed
make: *** [nek5000] Error 1
build 3rd-party software ...
'channel.usr' -> 'channel.f'
ftn -c  -O2 -O3 -r8 -fpconstant -fpp -craympich-dpm -r8 -fpconstant -fpp -DMPI -DUNDERSCORE -DTIMER -I/projects/wall_turb_dd/vpuri/NekTools/wpts -I/lus/theta-fs0/projects/wall_turb_dd/vpuri/Nek5000-v17/core -I./ /projects/wall_turb_dd/vpuri/NekTools/wpts/channel.f  -o obj/channel.o 
/projects/wall_turb_dd/vpuri/NekTools/wpts/wallpts.usr(16): error #6418: This name has already been assigned a data type.   [F]
      integer i ,j ,k ,e,f,ipass
-------------------------^
/projects/wall_turb_dd/vpuri/NekTools/wpts/wallpts.usr(41): error #6335: An array name is invalid in this context.   [F]
      do f=1,nface
---------^
/projects/wall_turb_dd/vpuri/NekTools/wpts/wallpts.usr(42): error #6365: A vector subscript must be an integer array expression of rank one.
         if (cbc(f,e,ifld).eq.b) call facev(d,e,f,0.,lx1,ly1,lz1)
-----------------^
/projects/wall_turb_dd/vpuri/NekTools/wpts/wallpts.usr(42): error #6512: A scalar-valued expression is required in this context.
         if (cbc(f,e,ifld).eq.b) call facev(d,e,f,0.,lx1,ly1,lz1)
--------------------------^
compilation aborted for /projects/wall_turb_dd/vpuri/NekTools/wpts/channel.f (code 1)
makefile:119: recipe for target 'nek5000' failed
make: *** [nek5000] Error 1
build 3rd-party software ...
'channel.usr' -> 'channel.f'
ftn -c  -O2 -O3 -r8 -fpconstant -fpp -craympich-dpm -r8 -fpconstant -fpp -DMPI -DUNDERSCORE -DTIMER -I/projects/wall_turb_dd/vpuri/NekTools/wpts -I/lus/theta-fs0/projects/wall_turb_dd/vpuri/Nek5000-v17/core -I./ /projects/wall_turb_dd/vpuri/NekTools/wpts/channel.f  -o obj/channel.o 
ftn  -O2 -O3 -r8 -fpconstant -fpp -craympich-dpm -r8 -fpconstant -fpp -DMPI -DUNDERSCORE -DTIMER -I/projects/wall_turb_dd/vpuri/NekTools/wpts -I/lus/theta-fs0/projects/wall_turb_dd/vpuri/Nek5000-v17/core -I./ -o nek5000 obj/channel.o obj/drive.o obj/drive1.o obj/drive2.o obj/plan5.o obj/plan4.o obj/bdry.o obj/coef.o obj/conduct.o obj/connect1.o obj/connect2.o obj/dssum.o obj/edgec.o obj/eigsolv.o obj/gauss.o obj/genxyz.o obj/navier1.o obj/makeq.o obj/navier0.o obj/navier2.o obj/navier3.o obj/navier4.o obj/prepost.o obj/speclib.o obj/map2.o obj/mvmesh.o obj/ic.o obj/gfldr.o obj/ssolv.o obj/planx.o obj/math.o obj/mxm_wrapper.o obj/hmholtz.o obj/gfdm_par.o obj/gfdm_op.o obj/gfdm_solve.o obj/subs1.o obj/subs2.o obj/genbox.o obj/gmres.o obj/hsmg.o obj/convect.o obj/induct.o obj/perturb.o obj/navier5.o obj/navier6.o obj/navier7.o obj/navier8.o obj/fast3d.o obj/fasts.o obj/calcz.o obj/byte.o obj/chelpers.o obj/byte_mpi.o obj/postpro.o obj/intp_usr.o obj/cvode_driver.o obj/nek_comm.o obj/vprops.o obj/makeq_aux.o obj/papi.o obj/nek_in_situ.o obj/reader_rea.o obj/reader_par.o obj/reader_re2.o obj/finiparser.o obj/iniparser.o obj/dictionary.o obj/hpf.o obj/mxm_std.o obj/comm_mpi.o obj/singlmesh.o obj/blas.o obj/dsygv.o -craympich-dpm -L/lus/theta-fs0/projects/wall_turb_dd/vpuri/Nek5000-v17/3rd_party/gslib/lib -lgs 

#############################################################
#                  Compilation successful!                  #
#############################################################
   text	   data	    bss	    dec	    hex	filename
11530639	 175340	1703791120	1715497099	6640688b	nek5000


build 3rd-party software ...
'channel.usr' -> 'channel.f'
ftn -c  -O2 -O3 -r8 -fpconstant -fpp -craympich-dpm -r8 -fpconstant -fpp -DMPI -DUNDERSCORE -DTIMER -I/projects/wall_turb_dd/vpuri/NekTools/wpts -I/lus/theta-fs0/projects/wall_turb_dd/vpuri/Nek5000-v17/core -I./ /projects/wall_turb_dd/vpuri/NekTools/wpts/channel.f  -o obj/channel.o 
ftn  -O2 -O3 -r8 -fpconstant -fpp -craympich-dpm -r8 -fpconstant -fpp -DMPI -DUNDERSCORE -DTIMER -I/projects/wall_turb_dd/vpuri/NekTools/wpts -I/lus/theta-fs0/projects/wall_turb_dd/vpuri/Nek5000-v17/core -I./ -o nek5000 obj/channel.o obj/drive.o obj/drive1.o obj/drive2.o obj/plan5.o obj/plan4.o obj/bdry.o obj/coef.o obj/conduct.o obj/connect1.o obj/connect2.o obj/dssum.o obj/edgec.o obj/eigsolv.o obj/gauss.o obj/genxyz.o obj/navier1.o obj/makeq.o obj/navier0.o obj/navier2.o obj/navier3.o obj/navier4.o obj/prepost.o obj/speclib.o obj/map2.o obj/mvmesh.o obj/ic.o obj/gfldr.o obj/ssolv.o obj/planx.o obj/math.o obj/mxm_wrapper.o obj/hmholtz.o obj/gfdm_par.o obj/gfdm_op.o obj/gfdm_solve.o obj/subs1.o obj/subs2.o obj/genbox.o obj/gmres.o obj/hsmg.o obj/convect.o obj/induct.o obj/perturb.o obj/navier5.o obj/navier6.o obj/navier7.o obj/navier8.o obj/fast3d.o obj/fasts.o obj/calcz.o obj/byte.o obj/chelpers.o obj/byte_mpi.o obj/postpro.o obj/intp_usr.o obj/cvode_driver.o obj/nek_comm.o obj/vprops.o obj/makeq_aux.o obj/papi.o obj/nek_in_situ.o obj/reader_rea.o obj/reader_par.o obj/reader_re2.o obj/finiparser.o obj/iniparser.o obj/dictionary.o obj/hpf.o obj/mxm_std.o obj/comm_mpi.o obj/singlmesh.o obj/blas.o obj/dsygv.o -craympich-dpm -L/lus/theta-fs0/projects/wall_turb_dd/vpuri/Nek5000-v17/3rd_party/gslib/lib -lgs 

#############################################################
#                  Compilation successful!                  #
#############################################################
   text	   data	    bss	    dec	    hex	filename
11530639	 175340	1703791120	1715497099	6640688b	nek5000


build 3rd-party software ...
'channel.usr' -> 'channel.f'
ftn -c  -O2 -O3 -r8 -fpconstant -fpp -craympich-dpm -r8 -fpconstant -fpp -DMPI -DUNDERSCORE -DTIMER -I/projects/wall_turb_dd/vpuri/NekTools/wpts -I/lus/theta-fs0/projects/wall_turb_dd/vpuri/Nek5000-v17/core -I./ /projects/wall_turb_dd/vpuri/NekTools/wpts/channel.f  -o obj/channel.o 
/projects/wall_turb_dd/vpuri/NekTools/wpts/wallpts.usr(33): error #6321: An unterminated block exists.
      do ipass=1,lx1
^
compilation aborted for /projects/wall_turb_dd/vpuri/NekTools/wpts/channel.f (code 1)
makefile:119: recipe for target 'nek5000' failed
make: *** [nek5000] Error 1
build 3rd-party software ...
'channel.usr' -> 'channel.f'
ftn -c  -O2 -O3 -r8 -fpconstant -fpp -craympich-dpm -r8 -fpconstant -fpp -DMPI -DUNDERSCORE -DTIMER -I/projects/wall_turb_dd/vpuri/NekTools/wpts -I/lus/theta-fs0/projects/wall_turb_dd/vpuri/Nek5000-v17/core -I./ /projects/wall_turb_dd/vpuri/NekTools/wpts/channel.f  -o obj/channel.o 
ftn  -O2 -O3 -r8 -fpconstant -fpp -craympich-dpm -r8 -fpconstant -fpp -DMPI -DUNDERSCORE -DTIMER -I/projects/wall_turb_dd/vpuri/NekTools/wpts -I/lus/theta-fs0/projects/wall_turb_dd/vpuri/Nek5000-v17/core -I./ -o nek5000 obj/channel.o obj/drive.o obj/drive1.o obj/drive2.o obj/plan5.o obj/plan4.o obj/bdry.o obj/coef.o obj/conduct.o obj/connect1.o obj/connect2.o obj/dssum.o obj/edgec.o obj/eigsolv.o obj/gauss.o obj/genxyz.o obj/navier1.o obj/makeq.o obj/navier0.o obj/navier2.o obj/navier3.o obj/navier4.o obj/prepost.o obj/speclib.o obj/map2.o obj/mvmesh.o obj/ic.o obj/gfldr.o obj/ssolv.o obj/planx.o obj/math.o obj/mxm_wrapper.o obj/hmholtz.o obj/gfdm_par.o obj/gfdm_op.o obj/gfdm_solve.o obj/subs1.o obj/subs2.o obj/genbox.o obj/gmres.o obj/hsmg.o obj/convect.o obj/induct.o obj/perturb.o obj/navier5.o obj/navier6.o obj/navier7.o obj/navier8.o obj/fast3d.o obj/fasts.o obj/calcz.o obj/byte.o obj/chelpers.o obj/byte_mpi.o obj/postpro.o obj/intp_usr.o obj/cvode_driver.o obj/nek_comm.o obj/vprops.o obj/makeq_aux.o obj/papi.o obj/nek_in_situ.o obj/reader_rea.o obj/reader_par.o obj/reader_re2.o obj/finiparser.o obj/iniparser.o obj/dictionary.o obj/hpf.o obj/mxm_std.o obj/comm_mpi.o obj/singlmesh.o obj/blas.o obj/dsygv.o -craympich-dpm -L/lus/theta-fs0/projects/wall_turb_dd/vpuri/Nek5000-v17/3rd_party/gslib/lib -lgs 

#############################################################
#                  Compilation successful!                  #
#############################################################
   text	   data	    bss	    dec	    hex	filename
11525559	 175340	1703791120	1715492019	664054b3	nek5000


build 3rd-party software ...
'channel.usr' -> 'channel.f'
ftn -c  -O2 -O3 -r8 -fpconstant -fpp -craympich-dpm -r8 -fpconstant -fpp -DMPI -DUNDERSCORE -DTIMER -I/projects/wall_turb_dd/vpuri/NekTools/wpts -I/lus/theta-fs0/projects/wall_turb_dd/vpuri/Nek5000-v17/core -I./ /projects/wall_turb_dd/vpuri/NekTools/wpts/channel.f  -o obj/channel.o 
ftn  -O2 -O3 -r8 -fpconstant -fpp -craympich-dpm -r8 -fpconstant -fpp -DMPI -DUNDERSCORE -DTIMER -I/projects/wall_turb_dd/vpuri/NekTools/wpts -I/lus/theta-fs0/projects/wall_turb_dd/vpuri/Nek5000-v17/core -I./ -o nek5000 obj/channel.o obj/drive.o obj/drive1.o obj/drive2.o obj/plan5.o obj/plan4.o obj/bdry.o obj/coef.o obj/conduct.o obj/connect1.o obj/connect2.o obj/dssum.o obj/edgec.o obj/eigsolv.o obj/gauss.o obj/genxyz.o obj/navier1.o obj/makeq.o obj/navier0.o obj/navier2.o obj/navier3.o obj/navier4.o obj/prepost.o obj/speclib.o obj/map2.o obj/mvmesh.o obj/ic.o obj/gfldr.o obj/ssolv.o obj/planx.o obj/math.o obj/mxm_wrapper.o obj/hmholtz.o obj/gfdm_par.o obj/gfdm_op.o obj/gfdm_solve.o obj/subs1.o obj/subs2.o obj/genbox.o obj/gmres.o obj/hsmg.o obj/convect.o obj/induct.o obj/perturb.o obj/navier5.o obj/navier6.o obj/navier7.o obj/navier8.o obj/fast3d.o obj/fasts.o obj/calcz.o obj/byte.o obj/chelpers.o obj/byte_mpi.o obj/postpro.o obj/intp_usr.o obj/cvode_driver.o obj/nek_comm.o obj/vprops.o obj/makeq_aux.o obj/papi.o obj/nek_in_situ.o obj/reader_rea.o obj/reader_par.o obj/reader_re2.o obj/finiparser.o obj/iniparser.o obj/dictionary.o obj/hpf.o obj/mxm_std.o obj/comm_mpi.o obj/singlmesh.o obj/blas.o obj/dsygv.o -craympich-dpm -L/lus/theta-fs0/projects/wall_turb_dd/vpuri/Nek5000-v17/3rd_party/gslib/lib -lgs 

#############################################################
#                  Compilation successful!                  #
#############################################################
   text	   data	    bss	    dec	    hex	filename
11530071	 175340	1703791120	1715496531	66406653	nek5000


build 3rd-party software ...
'channel.usr' -> 'channel.f'
ftn -c  -O2 -O3 -r8 -fpconstant -fpp -craympich-dpm -r8 -fpconstant -fpp -DMPI -DUNDERSCORE -DTIMER -I/projects/wall_turb_dd/vpuri/NekTools/wpts -I/lus/theta-fs0/projects/wall_turb_dd/vpuri/Nek5000-v17/core -I./ /projects/wall_turb_dd/vpuri/NekTools/wpts/channel.f  -o obj/channel.o 
ftn  -O2 -O3 -r8 -fpconstant -fpp -craympich-dpm -r8 -fpconstant -fpp -DMPI -DUNDERSCORE -DTIMER -I/projects/wall_turb_dd/vpuri/NekTools/wpts -I/lus/theta-fs0/projects/wall_turb_dd/vpuri/Nek5000-v17/core -I./ -o nek5000 obj/channel.o obj/drive.o obj/drive1.o obj/drive2.o obj/plan5.o obj/plan4.o obj/bdry.o obj/coef.o obj/conduct.o obj/connect1.o obj/connect2.o obj/dssum.o obj/edgec.o obj/eigsolv.o obj/gauss.o obj/genxyz.o obj/navier1.o obj/makeq.o obj/navier0.o obj/navier2.o obj/navier3.o obj/navier4.o obj/prepost.o obj/speclib.o obj/map2.o obj/mvmesh.o obj/ic.o obj/gfldr.o obj/ssolv.o obj/planx.o obj/math.o obj/mxm_wrapper.o obj/hmholtz.o obj/gfdm_par.o obj/gfdm_op.o obj/gfdm_solve.o obj/subs1.o obj/subs2.o obj/genbox.o obj/gmres.o obj/hsmg.o obj/convect.o obj/induct.o obj/perturb.o obj/navier5.o obj/navier6.o obj/navier7.o obj/navier8.o obj/fast3d.o obj/fasts.o obj/calcz.o obj/byte.o obj/chelpers.o obj/byte_mpi.o obj/postpro.o obj/intp_usr.o obj/cvode_driver.o obj/nek_comm.o obj/vprops.o obj/makeq_aux.o obj/papi.o obj/nek_in_situ.o obj/reader_rea.o obj/reader_par.o obj/reader_re2.o obj/finiparser.o obj/iniparser.o obj/dictionary.o obj/hpf.o obj/mxm_std.o obj/comm_mpi.o obj/singlmesh.o obj/blas.o obj/dsygv.o -craympich-dpm -L/lus/theta-fs0/projects/wall_turb_dd/vpuri/Nek5000-v17/3rd_party/gslib/lib -lgs 

#############################################################
#                  Compilation successful!                  #
#############################################################
   text	   data	    bss	    dec	    hex	filename
11530071	 175340	1703791120	1715496531	66406653	nek5000


build 3rd-party software ...
'channel.usr' -> 'channel.f'
ftn -c  -O2 -O3 -r8 -fpconstant -fpp -craympich-dpm -r8 -fpconstant -fpp -DMPI -DUNDERSCORE -DTIMER -I/projects/wall_turb_dd/vpuri/NekTools/wpts -I/lus/theta-fs0/projects/wall_turb_dd/vpuri/Nek5000-v17/core -I./ /projects/wall_turb_dd/vpuri/NekTools/wpts/channel.f  -o obj/channel.o 
ftn  -O2 -O3 -r8 -fpconstant -fpp -craympich-dpm -r8 -fpconstant -fpp -DMPI -DUNDERSCORE -DTIMER -I/projects/wall_turb_dd/vpuri/NekTools/wpts -I/lus/theta-fs0/projects/wall_turb_dd/vpuri/Nek5000-v17/core -I./ -o nek5000 obj/channel.o obj/drive.o obj/drive1.o obj/drive2.o obj/plan5.o obj/plan4.o obj/bdry.o obj/coef.o obj/conduct.o obj/connect1.o obj/connect2.o obj/dssum.o obj/edgec.o obj/eigsolv.o obj/gauss.o obj/genxyz.o obj/navier1.o obj/makeq.o obj/navier0.o obj/navier2.o obj/navier3.o obj/navier4.o obj/prepost.o obj/speclib.o obj/map2.o obj/mvmesh.o obj/ic.o obj/gfldr.o obj/ssolv.o obj/planx.o obj/math.o obj/mxm_wrapper.o obj/hmholtz.o obj/gfdm_par.o obj/gfdm_op.o obj/gfdm_solve.o obj/subs1.o obj/subs2.o obj/genbox.o obj/gmres.o obj/hsmg.o obj/convect.o obj/induct.o obj/perturb.o obj/navier5.o obj/navier6.o obj/navier7.o obj/navier8.o obj/fast3d.o obj/fasts.o obj/calcz.o obj/byte.o obj/chelpers.o obj/byte_mpi.o obj/postpro.o obj/intp_usr.o obj/cvode_driver.o obj/nek_comm.o obj/vprops.o obj/makeq_aux.o obj/papi.o obj/nek_in_situ.o obj/reader_rea.o obj/reader_par.o obj/reader_re2.o obj/finiparser.o obj/iniparser.o obj/dictionary.o obj/hpf.o obj/mxm_std.o obj/comm_mpi.o obj/singlmesh.o obj/blas.o obj/dsygv.o -craympich-dpm -L/lus/theta-fs0/projects/wall_turb_dd/vpuri/Nek5000-v17/3rd_party/gslib/lib -lgs 

#############################################################
#                  Compilation successful!                  #
#############################################################
   text	   data	    bss	    dec	    hex	filename
11529927	 175340	1703791120	1715496387	664065c3	nek5000


build 3rd-party software ...
'channel.usr' -> 'channel.f'
ftn -c  -O2 -O3 -r8 -fpconstant -fpp -craympich-dpm -r8 -fpconstant -fpp -DMPI -DUNDERSCORE -DTIMER -I/projects/wall_turb_dd/vpuri/NekTools/wpts -I/lus/theta-fs0/projects/wall_turb_dd/vpuri/Nek5000-v17/core -I./ /projects/wall_turb_dd/vpuri/NekTools/wpts/channel.f  -o obj/channel.o 
ftn  -O2 -O3 -r8 -fpconstant -fpp -craympich-dpm -r8 -fpconstant -fpp -DMPI -DUNDERSCORE -DTIMER -I/projects/wall_turb_dd/vpuri/NekTools/wpts -I/lus/theta-fs0/projects/wall_turb_dd/vpuri/Nek5000-v17/core -I./ -o nek5000 obj/channel.o obj/drive.o obj/drive1.o obj/drive2.o obj/plan5.o obj/plan4.o obj/bdry.o obj/coef.o obj/conduct.o obj/connect1.o obj/connect2.o obj/dssum.o obj/edgec.o obj/eigsolv.o obj/gauss.o obj/genxyz.o obj/navier1.o obj/makeq.o obj/navier0.o obj/navier2.o obj/navier3.o obj/navier4.o obj/prepost.o obj/speclib.o obj/map2.o obj/mvmesh.o obj/ic.o obj/gfldr.o obj/ssolv.o obj/planx.o obj/math.o obj/mxm_wrapper.o obj/hmholtz.o obj/gfdm_par.o obj/gfdm_op.o obj/gfdm_solve.o obj/subs1.o obj/subs2.o obj/genbox.o obj/gmres.o obj/hsmg.o obj/convect.o obj/induct.o obj/perturb.o obj/navier5.o obj/navier6.o obj/navier7.o obj/navier8.o obj/fast3d.o obj/fasts.o obj/calcz.o obj/byte.o obj/chelpers.o obj/byte_mpi.o obj/postpro.o obj/intp_usr.o obj/cvode_driver.o obj/nek_comm.o obj/vprops.o obj/makeq_aux.o obj/papi.o obj/nek_in_situ.o obj/reader_rea.o obj/reader_par.o obj/reader_re2.o obj/finiparser.o obj/iniparser.o obj/dictionary.o obj/hpf.o obj/mxm_std.o obj/comm_mpi.o obj/singlmesh.o obj/blas.o obj/dsygv.o -craympich-dpm -L/lus/theta-fs0/projects/wall_turb_dd/vpuri/Nek5000-v17/3rd_party/gslib/lib -lgs 

#############################################################
#                  Compilation successful!                  #
#############################################################
   text	   data	    bss	    dec	    hex	filename
11529927	 175340	1703791120	1715496387	664065c3	nek5000


build 3rd-party software ...
'channel.usr' -> 'channel.f'
ftn -c  -O2 -O3 -r8 -fpconstant -fpp -craympich-dpm -r8 -fpconstant -fpp -DMPI -DUNDERSCORE -DTIMER -I/projects/wall_turb_dd/vpuri/NekTools/wpts -I/lus/theta-fs0/projects/wall_turb_dd/vpuri/Nek5000-v17/core -I./ /projects/wall_turb_dd/vpuri/NekTools/wpts/channel.f  -o obj/channel.o 
ftn  -O2 -O3 -r8 -fpconstant -fpp -craympich-dpm -r8 -fpconstant -fpp -DMPI -DUNDERSCORE -DTIMER -I/projects/wall_turb_dd/vpuri/NekTools/wpts -I/lus/theta-fs0/projects/wall_turb_dd/vpuri/Nek5000-v17/core -I./ -o nek5000 obj/channel.o obj/drive.o obj/drive1.o obj/drive2.o obj/plan5.o obj/plan4.o obj/bdry.o obj/coef.o obj/conduct.o obj/connect1.o obj/connect2.o obj/dssum.o obj/edgec.o obj/eigsolv.o obj/gauss.o obj/genxyz.o obj/navier1.o obj/makeq.o obj/navier0.o obj/navier2.o obj/navier3.o obj/navier4.o obj/prepost.o obj/speclib.o obj/map2.o obj/mvmesh.o obj/ic.o obj/gfldr.o obj/ssolv.o obj/planx.o obj/math.o obj/mxm_wrapper.o obj/hmholtz.o obj/gfdm_par.o obj/gfdm_op.o obj/gfdm_solve.o obj/subs1.o obj/subs2.o obj/genbox.o obj/gmres.o obj/hsmg.o obj/convect.o obj/induct.o obj/perturb.o obj/navier5.o obj/navier6.o obj/navier7.o obj/navier8.o obj/fast3d.o obj/fasts.o obj/calcz.o obj/byte.o obj/chelpers.o obj/byte_mpi.o obj/postpro.o obj/intp_usr.o obj/cvode_driver.o obj/nek_comm.o obj/vprops.o obj/makeq_aux.o obj/papi.o obj/nek_in_situ.o obj/reader_rea.o obj/reader_par.o obj/reader_re2.o obj/finiparser.o obj/iniparser.o obj/dictionary.o obj/hpf.o obj/mxm_std.o obj/comm_mpi.o obj/singlmesh.o obj/blas.o obj/dsygv.o -craympich-dpm -L/lus/theta-fs0/projects/wall_turb_dd/vpuri/Nek5000-v17/3rd_party/gslib/lib -lgs 

#############################################################
#                  Compilation successful!                  #
#############################################################
   text	   data	    bss	    dec	    hex	filename
11529927	 175340	1703791120	1715496387	664065c3	nek5000


build 3rd-party software ...
'channel.usr' -> 'channel.f'
ftn -c  -O2 -O3 -r8 -fpconstant -fpp -craympich-dpm -r8 -fpconstant -fpp -DMPI -DUNDERSCORE -DTIMER -I/projects/wall_turb_dd/vpuri/NekTools/wpts -I/lus/theta-fs0/projects/wall_turb_dd/vpuri/Nek5000-v17/core -I./ /projects/wall_turb_dd/vpuri/NekTools/wpts/channel.f  -o obj/channel.o 
ftn  -O2 -O3 -r8 -fpconstant -fpp -craympich-dpm -r8 -fpconstant -fpp -DMPI -DUNDERSCORE -DTIMER -I/projects/wall_turb_dd/vpuri/NekTools/wpts -I/lus/theta-fs0/projects/wall_turb_dd/vpuri/Nek5000-v17/core -I./ -o nek5000 obj/channel.o obj/drive.o obj/drive1.o obj/drive2.o obj/plan5.o obj/plan4.o obj/bdry.o obj/coef.o obj/conduct.o obj/connect1.o obj/connect2.o obj/dssum.o obj/edgec.o obj/eigsolv.o obj/gauss.o obj/genxyz.o obj/navier1.o obj/makeq.o obj/navier0.o obj/navier2.o obj/navier3.o obj/navier4.o obj/prepost.o obj/speclib.o obj/map2.o obj/mvmesh.o obj/ic.o obj/gfldr.o obj/ssolv.o obj/planx.o obj/math.o obj/mxm_wrapper.o obj/hmholtz.o obj/gfdm_par.o obj/gfdm_op.o obj/gfdm_solve.o obj/subs1.o obj/subs2.o obj/genbox.o obj/gmres.o obj/hsmg.o obj/convect.o obj/induct.o obj/perturb.o obj/navier5.o obj/navier6.o obj/navier7.o obj/navier8.o obj/fast3d.o obj/fasts.o obj/calcz.o obj/byte.o obj/chelpers.o obj/byte_mpi.o obj/postpro.o obj/intp_usr.o obj/cvode_driver.o obj/nek_comm.o obj/vprops.o obj/makeq_aux.o obj/papi.o obj/nek_in_situ.o obj/reader_rea.o obj/reader_par.o obj/reader_re2.o obj/finiparser.o obj/iniparser.o obj/dictionary.o obj/hpf.o obj/mxm_std.o obj/comm_mpi.o obj/singlmesh.o obj/blas.o obj/dsygv.o -craympich-dpm -L/lus/theta-fs0/projects/wall_turb_dd/vpuri/Nek5000-v17/3rd_party/gslib/lib -lgs 

#############################################################
#                  Compilation successful!                  #
#############################################################
   text	   data	    bss	    dec	    hex	filename
11529927	 175340	1703791120	1715496387	664065c3	nek5000


build 3rd-party software ...
'channel.usr' -> 'channel.f'
ftn -c  -O2 -O3 -r8 -fpconstant -fpp -craympich-dpm -r8 -fpconstant -fpp -DMPI -DUNDERSCORE -DTIMER -I/projects/wall_turb_dd/vpuri/NekTools/wpts -I/lus/theta-fs0/projects/wall_turb_dd/vpuri/Nek5000-v17/core -I./ /projects/wall_turb_dd/vpuri/NekTools/wpts/channel.f  -o obj/channel.o 
ftn  -O2 -O3 -r8 -fpconstant -fpp -craympich-dpm -r8 -fpconstant -fpp -DMPI -DUNDERSCORE -DTIMER -I/projects/wall_turb_dd/vpuri/NekTools/wpts -I/lus/theta-fs0/projects/wall_turb_dd/vpuri/Nek5000-v17/core -I./ -o nek5000 obj/channel.o obj/drive.o obj/drive1.o obj/drive2.o obj/plan5.o obj/plan4.o obj/bdry.o obj/coef.o obj/conduct.o obj/connect1.o obj/connect2.o obj/dssum.o obj/edgec.o obj/eigsolv.o obj/gauss.o obj/genxyz.o obj/navier1.o obj/makeq.o obj/navier0.o obj/navier2.o obj/navier3.o obj/navier4.o obj/prepost.o obj/speclib.o obj/map2.o obj/mvmesh.o obj/ic.o obj/gfldr.o obj/ssolv.o obj/planx.o obj/math.o obj/mxm_wrapper.o obj/hmholtz.o obj/gfdm_par.o obj/gfdm_op.o obj/gfdm_solve.o obj/subs1.o obj/subs2.o obj/genbox.o obj/gmres.o obj/hsmg.o obj/convect.o obj/induct.o obj/perturb.o obj/navier5.o obj/navier6.o obj/navier7.o obj/navier8.o obj/fast3d.o obj/fasts.o obj/calcz.o obj/byte.o obj/chelpers.o obj/byte_mpi.o obj/postpro.o obj/intp_usr.o obj/cvode_driver.o obj/nek_comm.o obj/vprops.o obj/makeq_aux.o obj/papi.o obj/nek_in_situ.o obj/reader_rea.o obj/reader_par.o obj/reader_re2.o obj/finiparser.o obj/iniparser.o obj/dictionary.o obj/hpf.o obj/mxm_std.o obj/comm_mpi.o obj/singlmesh.o obj/blas.o obj/dsygv.o -craympich-dpm -L/lus/theta-fs0/projects/wall_turb_dd/vpuri/Nek5000-v17/3rd_party/gslib/lib -lgs 

#############################################################
#                  Compilation successful!                  #
#############################################################
   text	   data	    bss	    dec	    hex	filename
11529735	 175340	1703791120	1715496195	66406503	nek5000


build 3rd-party software ...
'channel.usr' -> 'channel.f'
ftn -c  -O2 -O3 -r8 -fpconstant -fpp -craympich-dpm -r8 -fpconstant -fpp -DMPI -DUNDERSCORE -DTIMER -I/projects/wall_turb_dd/vpuri/NekTools/wpts -I/lus/theta-fs0/projects/wall_turb_dd/vpuri/Nek5000-v17/core -I./ /projects/wall_turb_dd/vpuri/NekTools/wpts/channel.f  -o obj/channel.o 
/projects/wall_turb_dd/vpuri/NekTools/wpts/wallpts.usr(76): error #6404: This name does not have a type, and must have an explicit type.   [J]
      jj = j
-----------^
/projects/wall_turb_dd/vpuri/NekTools/wpts/wallpts.usr(77): error #6404: This name does not have a type, and must have an explicit type.   [K]
      kk = k
-----------^
/projects/wall_turb_dd/vpuri/NekTools/wpts/wallpts.usr(85): error #6404: This name does not have a type, and must have an explicit type.   [I]
      elseif(dd.gt.d(i,j0,k,e)) then
---------------------^
compilation aborted for /projects/wall_turb_dd/vpuri/NekTools/wpts/channel.f (code 1)
makefile:119: recipe for target 'nek5000' failed
make: *** [nek5000] Error 1
build 3rd-party software ...
'channel.usr' -> 'channel.f'
ftn -c  -O2 -O3 -r8 -fpconstant -fpp -craympich-dpm -r8 -fpconstant -fpp -DMPI -DUNDERSCORE -DTIMER -I/projects/wall_turb_dd/vpuri/NekTools/wpts -I/lus/theta-fs0/projects/wall_turb_dd/vpuri/Nek5000-v17/core -I./ /projects/wall_turb_dd/vpuri/NekTools/wpts/channel.f  -o obj/channel.o 
/projects/wall_turb_dd/vpuri/NekTools/wpts/wallpts.usr(76): error #6404: This name does not have a type, and must have an explicit type.   [II]
      ii = i0
------^
/projects/wall_turb_dd/vpuri/NekTools/wpts/wallpts.usr(79): error #6404: This name does not have a type, and must have an explicit type.   [E]
      dd = d(ii,jj,kk,e)
----------------------^
compilation aborted for /projects/wall_turb_dd/vpuri/NekTools/wpts/channel.f (code 1)
makefile:119: recipe for target 'nek5000' failed
make: *** [nek5000] Error 1
build 3rd-party software ...
'channel.usr' -> 'channel.f'
ftn -c  -O2 -O3 -r8 -fpconstant -fpp -craympich-dpm -r8 -fpconstant -fpp -DMPI -DUNDERSCORE -DTIMER -I/projects/wall_turb_dd/vpuri/NekTools/wpts -I/lus/theta-fs0/projects/wall_turb_dd/vpuri/Nek5000-v17/core -I./ /projects/wall_turb_dd/vpuri/NekTools/wpts/channel.f  -o obj/channel.o 
ftn  -O2 -O3 -r8 -fpconstant -fpp -craympich-dpm -r8 -fpconstant -fpp -DMPI -DUNDERSCORE -DTIMER -I/projects/wall_turb_dd/vpuri/NekTools/wpts -I/lus/theta-fs0/projects/wall_turb_dd/vpuri/Nek5000-v17/core -I./ -o nek5000 obj/channel.o obj/drive.o obj/drive1.o obj/drive2.o obj/plan5.o obj/plan4.o obj/bdry.o obj/coef.o obj/conduct.o obj/connect1.o obj/connect2.o obj/dssum.o obj/edgec.o obj/eigsolv.o obj/gauss.o obj/genxyz.o obj/navier1.o obj/makeq.o obj/navier0.o obj/navier2.o obj/navier3.o obj/navier4.o obj/prepost.o obj/speclib.o obj/map2.o obj/mvmesh.o obj/ic.o obj/gfldr.o obj/ssolv.o obj/planx.o obj/math.o obj/mxm_wrapper.o obj/hmholtz.o obj/gfdm_par.o obj/gfdm_op.o obj/gfdm_solve.o obj/subs1.o obj/subs2.o obj/genbox.o obj/gmres.o obj/hsmg.o obj/convect.o obj/induct.o obj/perturb.o obj/navier5.o obj/navier6.o obj/navier7.o obj/navier8.o obj/fast3d.o obj/fasts.o obj/calcz.o obj/byte.o obj/chelpers.o obj/byte_mpi.o obj/postpro.o obj/intp_usr.o obj/cvode_driver.o obj/nek_comm.o obj/vprops.o obj/makeq_aux.o obj/papi.o obj/nek_in_situ.o obj/reader_rea.o obj/reader_par.o obj/reader_re2.o obj/finiparser.o obj/iniparser.o obj/dictionary.o obj/hpf.o obj/mxm_std.o obj/comm_mpi.o obj/singlmesh.o obj/blas.o obj/dsygv.o -craympich-dpm -L/lus/theta-fs0/projects/wall_turb_dd/vpuri/Nek5000-v17/3rd_party/gslib/lib -lgs 

#############################################################
#                  Compilation successful!                  #
#############################################################
   text	   data	    bss	    dec	    hex	filename
11532455	 175340	1703791120	1715498915	66406fa3	nek5000


build 3rd-party software ...
'channel.usr' -> 'channel.f'
ftn -c  -O2 -O3 -r8 -fpconstant -fpp -craympich-dpm -r8 -fpconstant -fpp -DMPI -DUNDERSCORE -DTIMER -I/projects/wall_turb_dd/vpuri/NekTools/wpts -I/lus/theta-fs0/projects/wall_turb_dd/vpuri/Nek5000-v17/core -I./ /projects/wall_turb_dd/vpuri/NekTools/wpts/channel.f  -o obj/channel.o 
/projects/wall_turb_dd/vpuri/NekTools/wpts/wallpts.usr(25): error #6404: This name does not have a type, and must have an explicit type.   [TOL]
      tol  = 1e-8
------^
compilation aborted for /projects/wall_turb_dd/vpuri/NekTools/wpts/channel.f (code 1)
makefile:119: recipe for target 'nek5000' failed
make: *** [nek5000] Error 1
build 3rd-party software ...
'channel.usr' -> 'channel.f'
ftn -c  -O2 -O3 -r8 -fpconstant -fpp -craympich-dpm -r8 -fpconstant -fpp -DMPI -DUNDERSCORE -DTIMER -I/projects/wall_turb_dd/vpuri/NekTools/wpts -I/lus/theta-fs0/projects/wall_turb_dd/vpuri/Nek5000-v17/core -I./ /projects/wall_turb_dd/vpuri/NekTools/wpts/channel.f  -o obj/channel.o 
ftn  -O2 -O3 -r8 -fpconstant -fpp -craympich-dpm -r8 -fpconstant -fpp -DMPI -DUNDERSCORE -DTIMER -I/projects/wall_turb_dd/vpuri/NekTools/wpts -I/lus/theta-fs0/projects/wall_turb_dd/vpuri/Nek5000-v17/core -I./ -o nek5000 obj/channel.o obj/drive.o obj/drive1.o obj/drive2.o obj/plan5.o obj/plan4.o obj/bdry.o obj/coef.o obj/conduct.o obj/connect1.o obj/connect2.o obj/dssum.o obj/edgec.o obj/eigsolv.o obj/gauss.o obj/genxyz.o obj/navier1.o obj/makeq.o obj/navier0.o obj/navier2.o obj/navier3.o obj/navier4.o obj/prepost.o obj/speclib.o obj/map2.o obj/mvmesh.o obj/ic.o obj/gfldr.o obj/ssolv.o obj/planx.o obj/math.o obj/mxm_wrapper.o obj/hmholtz.o obj/gfdm_par.o obj/gfdm_op.o obj/gfdm_solve.o obj/subs1.o obj/subs2.o obj/genbox.o obj/gmres.o obj/hsmg.o obj/convect.o obj/induct.o obj/perturb.o obj/navier5.o obj/navier6.o obj/navier7.o obj/navier8.o obj/fast3d.o obj/fasts.o obj/calcz.o obj/byte.o obj/chelpers.o obj/byte_mpi.o obj/postpro.o obj/intp_usr.o obj/cvode_driver.o obj/nek_comm.o obj/vprops.o obj/makeq_aux.o obj/papi.o obj/nek_in_situ.o obj/reader_rea.o obj/reader_par.o obj/reader_re2.o obj/finiparser.o obj/iniparser.o obj/dictionary.o obj/hpf.o obj/mxm_std.o obj/comm_mpi.o obj/singlmesh.o obj/blas.o obj/dsygv.o -craympich-dpm -L/lus/theta-fs0/projects/wall_turb_dd/vpuri/Nek5000-v17/3rd_party/gslib/lib -lgs 

#############################################################
#                  Compilation successful!                  #
#############################################################
   text	   data	    bss	    dec	    hex	filename
11532711	 175340	1703791120	1715499171	664070a3	nek5000


build 3rd-party software ...
'channel.usr' -> 'channel.f'
ftn -c  -O2 -O3 -r8 -fpconstant -fpp -craympich-dpm -r8 -fpconstant -fpp -DMPI -DUNDERSCORE -DTIMER -I/projects/wall_turb_dd/vpuri/NekTools/wpts -I/lus/theta-fs0/projects/wall_turb_dd/vpuri/Nek5000-v17/core -I./ /projects/wall_turb_dd/vpuri/NekTools/wpts/channel.f  -o obj/channel.o 
ftn  -O2 -O3 -r8 -fpconstant -fpp -craympich-dpm -r8 -fpconstant -fpp -DMPI -DUNDERSCORE -DTIMER -I/projects/wall_turb_dd/vpuri/NekTools/wpts -I/lus/theta-fs0/projects/wall_turb_dd/vpuri/Nek5000-v17/core -I./ -o nek5000 obj/channel.o obj/drive.o obj/drive1.o obj/drive2.o obj/plan5.o obj/plan4.o obj/bdry.o obj/coef.o obj/conduct.o obj/connect1.o obj/connect2.o obj/dssum.o obj/edgec.o obj/eigsolv.o obj/gauss.o obj/genxyz.o obj/navier1.o obj/makeq.o obj/navier0.o obj/navier2.o obj/navier3.o obj/navier4.o obj/prepost.o obj/speclib.o obj/map2.o obj/mvmesh.o obj/ic.o obj/gfldr.o obj/ssolv.o obj/planx.o obj/math.o obj/mxm_wrapper.o obj/hmholtz.o obj/gfdm_par.o obj/gfdm_op.o obj/gfdm_solve.o obj/subs1.o obj/subs2.o obj/genbox.o obj/gmres.o obj/hsmg.o obj/convect.o obj/induct.o obj/perturb.o obj/navier5.o obj/navier6.o obj/navier7.o obj/navier8.o obj/fast3d.o obj/fasts.o obj/calcz.o obj/byte.o obj/chelpers.o obj/byte_mpi.o obj/postpro.o obj/intp_usr.o obj/cvode_driver.o obj/nek_comm.o obj/vprops.o obj/makeq_aux.o obj/papi.o obj/nek_in_situ.o obj/reader_rea.o obj/reader_par.o obj/reader_re2.o obj/finiparser.o obj/iniparser.o obj/dictionary.o obj/hpf.o obj/mxm_std.o obj/comm_mpi.o obj/singlmesh.o obj/blas.o obj/dsygv.o -craympich-dpm -L/lus/theta-fs0/projects/wall_turb_dd/vpuri/Nek5000-v17/3rd_party/gslib/lib -lgs 

#############################################################
#                  Compilation successful!                  #
#############################################################
   text	   data	    bss	    dec	    hex	filename
11532711	 175340	1703791120	1715499171	664070a3	nek5000


build 3rd-party software ...
'channel.usr' -> 'channel.f'
ftn -c  -O2 -O3 -r8 -fpconstant -fpp -craympich-dpm -r8 -fpconstant -fpp -DMPI -DUNDERSCORE -DTIMER -I/projects/wall_turb_dd/vpuri/NekTools/scatter -I/lus/theta-fs0/projects/wall_turb_dd/vpuri/Nek5000-v17/core -I./ /projects/wall_turb_dd/vpuri/NekTools/scatter/channel.f  -o obj/channel.o 
ftn  -O2 -O3 -r8 -fpconstant -fpp -craympich-dpm -r8 -fpconstant -fpp -DMPI -DUNDERSCORE -DTIMER -I/projects/wall_turb_dd/vpuri/NekTools/scatter -I/lus/theta-fs0/projects/wall_turb_dd/vpuri/Nek5000-v17/core -I./ -o nek5000 obj/channel.o obj/drive.o obj/drive1.o obj/drive2.o obj/plan5.o obj/plan4.o obj/bdry.o obj/coef.o obj/conduct.o obj/connect1.o obj/connect2.o obj/dssum.o obj/edgec.o obj/eigsolv.o obj/gauss.o obj/genxyz.o obj/navier1.o obj/makeq.o obj/navier0.o obj/navier2.o obj/navier3.o obj/navier4.o obj/prepost.o obj/speclib.o obj/map2.o obj/mvmesh.o obj/ic.o obj/gfldr.o obj/ssolv.o obj/planx.o obj/math.o obj/mxm_wrapper.o obj/hmholtz.o obj/gfdm_par.o obj/gfdm_op.o obj/gfdm_solve.o obj/subs1.o obj/subs2.o obj/genbox.o obj/gmres.o obj/hsmg.o obj/convect.o obj/induct.o obj/perturb.o obj/navier5.o obj/navier6.o obj/navier7.o obj/navier8.o obj/fast3d.o obj/fasts.o obj/calcz.o obj/byte.o obj/chelpers.o obj/byte_mpi.o obj/postpro.o obj/intp_usr.o obj/cvode_driver.o obj/nek_comm.o obj/vprops.o obj/makeq_aux.o obj/papi.o obj/nek_in_situ.o obj/reader_rea.o obj/reader_par.o obj/reader_re2.o obj/finiparser.o obj/iniparser.o obj/dictionary.o obj/hpf.o obj/mxm_std.o obj/comm_mpi.o obj/singlmesh.o obj/blas.o obj/dsygv.o -craympich-dpm -L/lus/theta-fs0/projects/wall_turb_dd/vpuri/Nek5000-v17/3rd_party/gslib/lib -lgs 

#############################################################
#                  Compilation successful!                  #
#############################################################
   text	   data	    bss	    dec	    hex	filename
11530575	 175340	1703791120	1715497035	6640684b	nek5000


build 3rd-party software ...
'channel.usr' -> 'channel.f'
ftn -c  -O2 -O3 -r8 -fpconstant -fpp -craympich-dpm -r8 -fpconstant -fpp -DMPI -DUNDERSCORE -DTIMER -I/projects/wall_turb_dd/vpuri/NekTools/scatter -I/lus/theta-fs0/projects/wall_turb_dd/vpuri/Nek5000-v17/core -I./ /projects/wall_turb_dd/vpuri/NekTools/scatter/channel.f  -o obj/channel.o 
ftn  -O2 -O3 -r8 -fpconstant -fpp -craympich-dpm -r8 -fpconstant -fpp -DMPI -DUNDERSCORE -DTIMER -I/projects/wall_turb_dd/vpuri/NekTools/scatter -I/lus/theta-fs0/projects/wall_turb_dd/vpuri/Nek5000-v17/core -I./ -o nek5000 obj/channel.o obj/drive.o obj/drive1.o obj/drive2.o obj/plan5.o obj/plan4.o obj/bdry.o obj/coef.o obj/conduct.o obj/connect1.o obj/connect2.o obj/dssum.o obj/edgec.o obj/eigsolv.o obj/gauss.o obj/genxyz.o obj/navier1.o obj/makeq.o obj/navier0.o obj/navier2.o obj/navier3.o obj/navier4.o obj/prepost.o obj/speclib.o obj/map2.o obj/mvmesh.o obj/ic.o obj/gfldr.o obj/ssolv.o obj/planx.o obj/math.o obj/mxm_wrapper.o obj/hmholtz.o obj/gfdm_par.o obj/gfdm_op.o obj/gfdm_solve.o obj/subs1.o obj/subs2.o obj/genbox.o obj/gmres.o obj/hsmg.o obj/convect.o obj/induct.o obj/perturb.o obj/navier5.o obj/navier6.o obj/navier7.o obj/navier8.o obj/fast3d.o obj/fasts.o obj/calcz.o obj/byte.o obj/chelpers.o obj/byte_mpi.o obj/postpro.o obj/intp_usr.o obj/cvode_driver.o obj/nek_comm.o obj/vprops.o obj/makeq_aux.o obj/papi.o obj/nek_in_situ.o obj/reader_rea.o obj/reader_par.o obj/reader_re2.o obj/finiparser.o obj/iniparser.o obj/dictionary.o obj/hpf.o obj/mxm_std.o obj/comm_mpi.o obj/singlmesh.o obj/blas.o obj/dsygv.o -craympich-dpm -L/lus/theta-fs0/projects/wall_turb_dd/vpuri/Nek5000-v17/3rd_party/gslib/lib -lgs 

#############################################################
#                  Compilation successful!                  #
#############################################################
   text	   data	    bss	    dec	    hex	filename
11532711	 175340	1703791120	1715499171	664070a3	nek5000


build 3rd-party software ...
'channel.usr' -> 'channel.f'
ftn -c  -O2 -O3 -r8 -fpconstant -fpp -craympich-dpm -r8 -fpconstant -fpp -DMPI -DUNDERSCORE -DTIMER -I/projects/wall_turb_dd/vpuri/NekTools/scatter -I/lus/theta-fs0/projects/wall_turb_dd/vpuri/Nek5000-v17/core -I./ /projects/wall_turb_dd/vpuri/NekTools/scatter/channel.f  -o obj/channel.o 
ftn  -O2 -O3 -r8 -fpconstant -fpp -craympich-dpm -r8 -fpconstant -fpp -DMPI -DUNDERSCORE -DTIMER -I/projects/wall_turb_dd/vpuri/NekTools/scatter -I/lus/theta-fs0/projects/wall_turb_dd/vpuri/Nek5000-v17/core -I./ -o nek5000 obj/channel.o obj/drive.o obj/drive1.o obj/drive2.o obj/plan5.o obj/plan4.o obj/bdry.o obj/coef.o obj/conduct.o obj/connect1.o obj/connect2.o obj/dssum.o obj/edgec.o obj/eigsolv.o obj/gauss.o obj/genxyz.o obj/navier1.o obj/makeq.o obj/navier0.o obj/navier2.o obj/navier3.o obj/navier4.o obj/prepost.o obj/speclib.o obj/map2.o obj/mvmesh.o obj/ic.o obj/gfldr.o obj/ssolv.o obj/planx.o obj/math.o obj/mxm_wrapper.o obj/hmholtz.o obj/gfdm_par.o obj/gfdm_op.o obj/gfdm_solve.o obj/subs1.o obj/subs2.o obj/genbox.o obj/gmres.o obj/hsmg.o obj/convect.o obj/induct.o obj/perturb.o obj/navier5.o obj/navier6.o obj/navier7.o obj/navier8.o obj/fast3d.o obj/fasts.o obj/calcz.o obj/byte.o obj/chelpers.o obj/byte_mpi.o obj/postpro.o obj/intp_usr.o obj/cvode_driver.o obj/nek_comm.o obj/vprops.o obj/makeq_aux.o obj/papi.o obj/nek_in_situ.o obj/reader_rea.o obj/reader_par.o obj/reader_re2.o obj/finiparser.o obj/iniparser.o obj/dictionary.o obj/hpf.o obj/mxm_std.o obj/comm_mpi.o obj/singlmesh.o obj/blas.o obj/dsygv.o -craympich-dpm -L/lus/theta-fs0/projects/wall_turb_dd/vpuri/Nek5000-v17/3rd_party/gslib/lib -lgs 

#############################################################
#                  Compilation successful!                  #
#############################################################
   text	   data	    bss	    dec	    hex	filename
11530575	 175340	1703791120	1715497035	6640684b	nek5000


build 3rd-party software ...
'channel.usr' -> 'channel.f'
ftn -c  -O2 -O3 -r8 -fpconstant -fpp -craympich-dpm -r8 -fpconstant -fpp -DMPI -DUNDERSCORE -DTIMER -I/projects/wall_turb_dd/vpuri/NekTools/scatter -I/lus/theta-fs0/projects/wall_turb_dd/vpuri/Nek5000-v17/core -I./ /projects/wall_turb_dd/vpuri/NekTools/scatter/channel.f  -o obj/channel.o 
ftn  -O2 -O3 -r8 -fpconstant -fpp -craympich-dpm -r8 -fpconstant -fpp -DMPI -DUNDERSCORE -DTIMER -I/projects/wall_turb_dd/vpuri/NekTools/scatter -I/lus/theta-fs0/projects/wall_turb_dd/vpuri/Nek5000-v17/core -I./ -o nek5000 obj/channel.o obj/drive.o obj/drive1.o obj/drive2.o obj/plan5.o obj/plan4.o obj/bdry.o obj/coef.o obj/conduct.o obj/connect1.o obj/connect2.o obj/dssum.o obj/edgec.o obj/eigsolv.o obj/gauss.o obj/genxyz.o obj/navier1.o obj/makeq.o obj/navier0.o obj/navier2.o obj/navier3.o obj/navier4.o obj/prepost.o obj/speclib.o obj/map2.o obj/mvmesh.o obj/ic.o obj/gfldr.o obj/ssolv.o obj/planx.o obj/math.o obj/mxm_wrapper.o obj/hmholtz.o obj/gfdm_par.o obj/gfdm_op.o obj/gfdm_solve.o obj/subs1.o obj/subs2.o obj/genbox.o obj/gmres.o obj/hsmg.o obj/convect.o obj/induct.o obj/perturb.o obj/navier5.o obj/navier6.o obj/navier7.o obj/navier8.o obj/fast3d.o obj/fasts.o obj/calcz.o obj/byte.o obj/chelpers.o obj/byte_mpi.o obj/postpro.o obj/intp_usr.o obj/cvode_driver.o obj/nek_comm.o obj/vprops.o obj/makeq_aux.o obj/papi.o obj/nek_in_situ.o obj/reader_rea.o obj/reader_par.o obj/reader_re2.o obj/finiparser.o obj/iniparser.o obj/dictionary.o obj/hpf.o obj/mxm_std.o obj/comm_mpi.o obj/singlmesh.o obj/blas.o obj/dsygv.o -craympich-dpm -L/lus/theta-fs0/projects/wall_turb_dd/vpuri/Nek5000-v17/3rd_party/gslib/lib -lgs 

#############################################################
#                  Compilation successful!                  #
#############################################################
   text	   data	    bss	    dec	    hex	filename
11531623	 175340	1703791120	1715498083	66406c63	nek5000


build 3rd-party software ...
'channel.usr' -> 'channel.f'
ftn -c  -O2 -O3 -r8 -fpconstant -fpp -craympich-dpm -r8 -fpconstant -fpp -DMPI -DUNDERSCORE -DTIMER -I/projects/wall_turb_dd/vpuri/NekTools/scatter -I/lus/theta-fs0/projects/wall_turb_dd/vpuri/Nek5000-v17/core -I./ /projects/wall_turb_dd/vpuri/NekTools/scatter/channel.f  -o obj/channel.o 
ftn  -O2 -O3 -r8 -fpconstant -fpp -craympich-dpm -r8 -fpconstant -fpp -DMPI -DUNDERSCORE -DTIMER -I/projects/wall_turb_dd/vpuri/NekTools/scatter -I/lus/theta-fs0/projects/wall_turb_dd/vpuri/Nek5000-v17/core -I./ -o nek5000 obj/channel.o obj/drive.o obj/drive1.o obj/drive2.o obj/plan5.o obj/plan4.o obj/bdry.o obj/coef.o obj/conduct.o obj/connect1.o obj/connect2.o obj/dssum.o obj/edgec.o obj/eigsolv.o obj/gauss.o obj/genxyz.o obj/navier1.o obj/makeq.o obj/navier0.o obj/navier2.o obj/navier3.o obj/navier4.o obj/prepost.o obj/speclib.o obj/map2.o obj/mvmesh.o obj/ic.o obj/gfldr.o obj/ssolv.o obj/planx.o obj/math.o obj/mxm_wrapper.o obj/hmholtz.o obj/gfdm_par.o obj/gfdm_op.o obj/gfdm_solve.o obj/subs1.o obj/subs2.o obj/genbox.o obj/gmres.o obj/hsmg.o obj/convect.o obj/induct.o obj/perturb.o obj/navier5.o obj/navier6.o obj/navier7.o obj/navier8.o obj/fast3d.o obj/fasts.o obj/calcz.o obj/byte.o obj/chelpers.o obj/byte_mpi.o obj/postpro.o obj/intp_usr.o obj/cvode_driver.o obj/nek_comm.o obj/vprops.o obj/makeq_aux.o obj/papi.o obj/nek_in_situ.o obj/reader_rea.o obj/reader_par.o obj/reader_re2.o obj/finiparser.o obj/iniparser.o obj/dictionary.o obj/hpf.o obj/mxm_std.o obj/comm_mpi.o obj/singlmesh.o obj/blas.o obj/dsygv.o -craympich-dpm -L/lus/theta-fs0/projects/wall_turb_dd/vpuri/Nek5000-v17/3rd_party/gslib/lib -lgs 

#############################################################
#                  Compilation successful!                  #
#############################################################
   text	   data	    bss	    dec	    hex	filename
11531623	 175340	1703791120	1715498083	66406c63	nek5000


build 3rd-party software ...
'channel.usr' -> 'channel.f'
ftn -c  -O2 -O3 -r8 -fpconstant -fpp -craympich-dpm -r8 -fpconstant -fpp -DMPI -DUNDERSCORE -DTIMER -I/projects/wall_turb_dd/vpuri/NekTools/scatter -I/lus/theta-fs0/projects/wall_turb_dd/vpuri/Nek5000-v17/core -I./ /projects/wall_turb_dd/vpuri/NekTools/scatter/channel.f  -o obj/channel.o 
ftn  -O2 -O3 -r8 -fpconstant -fpp -craympich-dpm -r8 -fpconstant -fpp -DMPI -DUNDERSCORE -DTIMER -I/projects/wall_turb_dd/vpuri/NekTools/scatter -I/lus/theta-fs0/projects/wall_turb_dd/vpuri/Nek5000-v17/core -I./ -o nek5000 obj/channel.o obj/drive.o obj/drive1.o obj/drive2.o obj/plan5.o obj/plan4.o obj/bdry.o obj/coef.o obj/conduct.o obj/connect1.o obj/connect2.o obj/dssum.o obj/edgec.o obj/eigsolv.o obj/gauss.o obj/genxyz.o obj/navier1.o obj/makeq.o obj/navier0.o obj/navier2.o obj/navier3.o obj/navier4.o obj/prepost.o obj/speclib.o obj/map2.o obj/mvmesh.o obj/ic.o obj/gfldr.o obj/ssolv.o obj/planx.o obj/math.o obj/mxm_wrapper.o obj/hmholtz.o obj/gfdm_par.o obj/gfdm_op.o obj/gfdm_solve.o obj/subs1.o obj/subs2.o obj/genbox.o obj/gmres.o obj/hsmg.o obj/convect.o obj/induct.o obj/perturb.o obj/navier5.o obj/navier6.o obj/navier7.o obj/navier8.o obj/fast3d.o obj/fasts.o obj/calcz.o obj/byte.o obj/chelpers.o obj/byte_mpi.o obj/postpro.o obj/intp_usr.o obj/cvode_driver.o obj/nek_comm.o obj/vprops.o obj/makeq_aux.o obj/papi.o obj/nek_in_situ.o obj/reader_rea.o obj/reader_par.o obj/reader_re2.o obj/finiparser.o obj/iniparser.o obj/dictionary.o obj/hpf.o obj/mxm_std.o obj/comm_mpi.o obj/singlmesh.o obj/blas.o obj/dsygv.o -craympich-dpm -L/lus/theta-fs0/projects/wall_turb_dd/vpuri/Nek5000-v17/3rd_party/gslib/lib -lgs 

#############################################################
#                  Compilation successful!                  #
#############################################################
   text	   data	    bss	    dec	    hex	filename
11531751	 175340	1703791120	1715498211	66406ce3	nek5000


