build 3rd-party software ...
mpif77 -c  -O2 -r8 -Mpreprocess -DMPI -DUNDERSCORE -DTIMER -I/homes/vpuri/NekRoutines/post/geomavg -I/homes/vpuri/Nek5000/core -I./ /homes/vpuri/Nek5000/core/drive.f -o obj/drive.o
mpif77 -c  -O2 -r8 -Mpreprocess -DMPI -DUNDERSCORE -DTIMER -I/homes/vpuri/NekRoutines/post/geomavg -I/homes/vpuri/Nek5000/core -I./ /homes/vpuri/Nek5000/core/drive1.f -o obj/drive1.o
mpif77 -c  -O2 -r8 -Mpreprocess -DMPI -DUNDERSCORE -DTIMER -I/homes/vpuri/NekRoutines/post/geomavg -I/homes/vpuri/Nek5000/core -I./ /homes/vpuri/Nek5000/core/drive2.f -o obj/drive2.o
mpif77 -c  -O2 -r8 -Mpreprocess -DMPI -DUNDERSCORE -DTIMER -I/homes/vpuri/NekRoutines/post/geomavg -I/homes/vpuri/Nek5000/core -I./ /homes/vpuri/Nek5000/core/plan5.f -o obj/plan5.o
mpif77 -c  -O2 -r8 -Mpreprocess -DMPI -DUNDERSCORE -DTIMER -I/homes/vpuri/NekRoutines/post/geomavg -I/homes/vpuri/Nek5000/core -I./ /homes/vpuri/Nek5000/core/plan4.f -o obj/plan4.o
mpif77 -c  -O2 -r8 -Mpreprocess -DMPI -DUNDERSCORE -DTIMER -I/homes/vpuri/NekRoutines/post/geomavg -I/homes/vpuri/Nek5000/core -I./ /homes/vpuri/Nek5000/core/bdry.f -o obj/bdry.o
mpif77 -c  -O2 -r8 -Mpreprocess -DMPI -DUNDERSCORE -DTIMER -I/homes/vpuri/NekRoutines/post/geomavg -I/homes/vpuri/Nek5000/core -I./ /homes/vpuri/Nek5000/core/coef.f -o obj/coef.o
mpif77 -c  -O2 -r8 -Mpreprocess -DMPI -DUNDERSCORE -DTIMER -I/homes/vpuri/NekRoutines/post/geomavg -I/homes/vpuri/Nek5000/core -I./ /homes/vpuri/Nek5000/core/conduct.f -o obj/conduct.o
mpif77 -c  -O2 -r8 -Mpreprocess -DMPI -DUNDERSCORE -DTIMER -I/homes/vpuri/NekRoutines/post/geomavg -I/homes/vpuri/Nek5000/core -I./ /homes/vpuri/Nek5000/core/connect1.f -o obj/connect1.o
PGF90-W-0155-The type of FLOAT is now double precision with -r8  (/homes/vpuri/Nek5000/core/connect1.f: 745)
  0 inform,   1 warnings,   0 severes, 0 fatal for genxyzl
mpif77 -c  -O2 -r8 -Mpreprocess -DMPI -DUNDERSCORE -DTIMER -I/homes/vpuri/NekRoutines/post/geomavg -I/homes/vpuri/Nek5000/core -I./ /homes/vpuri/Nek5000/core/connect2.f -o obj/connect2.o
mpif77 -c  -O2 -r8 -Mpreprocess -DMPI -DUNDERSCORE -DTIMER -I/homes/vpuri/NekRoutines/post/geomavg -I/homes/vpuri/Nek5000/core -I./ /homes/vpuri/Nek5000/core/dssum.f -o obj/dssum.o
mpif77 -c  -O2 -r8 -Mpreprocess -DMPI -DUNDERSCORE -DTIMER -I/homes/vpuri/NekRoutines/post/geomavg -I/homes/vpuri/Nek5000/core -I./ /homes/vpuri/Nek5000/core/edgec.f -o obj/edgec.o
mpif77 -c  -O2 -r8 -Mpreprocess -DMPI -DUNDERSCORE -DTIMER -I/homes/vpuri/NekRoutines/post/geomavg -I/homes/vpuri/Nek5000/core -I./ /homes/vpuri/Nek5000/core/eigsolv.f -o obj/eigsolv.o
mpif77 -c  -O2 -r8 -Mpreprocess -DMPI -DUNDERSCORE -DTIMER -I/homes/vpuri/NekRoutines/post/geomavg -I/homes/vpuri/Nek5000/core -I./ /homes/vpuri/Nek5000/core/gauss.f -o obj/gauss.o
mpif77 -c  -O2 -r8 -Mpreprocess -DMPI -DUNDERSCORE -DTIMER -I/homes/vpuri/NekRoutines/post/geomavg -I/homes/vpuri/Nek5000/core -I./ /homes/vpuri/Nek5000/core/genxyz.f -o obj/genxyz.o
mpif77 -c  -O2 -r8 -Mpreprocess -DMPI -DUNDERSCORE -DTIMER -I/homes/vpuri/NekRoutines/post/geomavg -I/homes/vpuri/Nek5000/core -I./ /homes/vpuri/Nek5000/core/navier1.f -o obj/navier1.o
mpif77 -c  -O2 -r8 -Mpreprocess -DMPI -DUNDERSCORE -DTIMER -I/homes/vpuri/NekRoutines/post/geomavg -I/homes/vpuri/Nek5000/core -I./ /homes/vpuri/Nek5000/core/makeq.f -o obj/makeq.o
mpif77 -c  -O2 -r8 -Mpreprocess -DMPI -DUNDERSCORE -DTIMER -I/homes/vpuri/NekRoutines/post/geomavg -I/homes/vpuri/Nek5000/core -I./ /homes/vpuri/Nek5000/core/navier0.f -o obj/navier0.o
mpif77 -c  -O2 -r8 -Mpreprocess -DMPI -DUNDERSCORE -DTIMER -I/homes/vpuri/NekRoutines/post/geomavg -I/homes/vpuri/Nek5000/core -I./ /homes/vpuri/Nek5000/core/navier2.f -o obj/navier2.o
mpif77 -c  -O2 -r8 -Mpreprocess -DMPI -DUNDERSCORE -DTIMER -I/homes/vpuri/NekRoutines/post/geomavg -I/homes/vpuri/Nek5000/core -I./ /homes/vpuri/Nek5000/core/navier3.f -o obj/navier3.o
mpif77 -c  -O2 -r8 -Mpreprocess -DMPI -DUNDERSCORE -DTIMER -I/homes/vpuri/NekRoutines/post/geomavg -I/homes/vpuri/Nek5000/core -I./ /homes/vpuri/Nek5000/core/navier4.f -o obj/navier4.o
mpif77 -c  -O2 -r8 -Mpreprocess -DMPI -DUNDERSCORE -DTIMER -I/homes/vpuri/NekRoutines/post/geomavg -I/homes/vpuri/Nek5000/core -I./ /homes/vpuri/Nek5000/core/prepost.f -o obj/prepost.o
mpif77 -c  -O2 -r8 -Mpreprocess -DMPI -DUNDERSCORE -DTIMER -I/homes/vpuri/NekRoutines/post/geomavg -I/homes/vpuri/Nek5000/core -I./ /homes/vpuri/Nek5000/core/speclib.f -o obj/speclib.o
mpif77 -c  -O2 -r8 -Mpreprocess -DMPI -DUNDERSCORE -DTIMER -I/homes/vpuri/NekRoutines/post/geomavg -I/homes/vpuri/Nek5000/core -I./ /homes/vpuri/Nek5000/core/map2.f -o obj/map2.o
mpif77 -c  -O2 -r8 -Mpreprocess -DMPI -DUNDERSCORE -DTIMER -I/homes/vpuri/NekRoutines/post/geomavg -I/homes/vpuri/Nek5000/core -I./ /homes/vpuri/Nek5000/core/mvmesh.f -o obj/mvmesh.o
PGF90-W-0155-The type of FLOAT is now double precision with -r8  (/homes/vpuri/Nek5000/core/map2.f: 96)
  0 inform,   1 warnings,   0 severes, 0 fatal for mapelpr
mpif77 -c  -O2 -r8 -Mpreprocess -DMPI -DUNDERSCORE -DTIMER -I/homes/vpuri/NekRoutines/post/geomavg -I/homes/vpuri/Nek5000/core -I./ /homes/vpuri/Nek5000/core/ic.f -o obj/ic.o
mpif77 -c  -O2 -r8 -Mpreprocess -DMPI -DUNDERSCORE -DTIMER -I/homes/vpuri/NekRoutines/post/geomavg -I/homes/vpuri/Nek5000/core -I./ /homes/vpuri/Nek5000/core/gfldr.f -o obj/gfldr.o
mpif77 -c  -O2 -r8 -Mpreprocess -DMPI -DUNDERSCORE -DTIMER -I/homes/vpuri/NekRoutines/post/geomavg -I/homes/vpuri/Nek5000/core -I./ /homes/vpuri/Nek5000/core/ssolv.f -o obj/ssolv.o
mpif77 -c  -O2 -r8 -Mpreprocess -DMPI -DUNDERSCORE -DTIMER -I/homes/vpuri/NekRoutines/post/geomavg -I/homes/vpuri/Nek5000/core -I./ /homes/vpuri/Nek5000/core/planx.f -o obj/planx.o
mpif77 -c  -O3 -r8 -Mpreprocess -DMPI -DUNDERSCORE -DTIMER -I/homes/vpuri/NekRoutines/post/geomavg -I/homes/vpuri/Nek5000/core -I./ /homes/vpuri/Nek5000/core/math.f -o obj/math.o
mpif77 -c  -O2 -r8 -Mpreprocess -DMPI -DUNDERSCORE -DTIMER -I/homes/vpuri/NekRoutines/post/geomavg -I/homes/vpuri/Nek5000/core -I./ /homes/vpuri/Nek5000/core/mxm_wrapper.f -o obj/mxm_wrapper.o 
mpif77 -c  -O2 -r8 -Mpreprocess -DMPI -DUNDERSCORE -DTIMER -I/homes/vpuri/NekRoutines/post/geomavg -I/homes/vpuri/Nek5000/core -I./ /homes/vpuri/Nek5000/core/hmholtz.f -o obj/hmholtz.o
mpif77 -c  -O2 -r8 -Mpreprocess -DMPI -DUNDERSCORE -DTIMER -I/homes/vpuri/NekRoutines/post/geomavg -I/homes/vpuri/Nek5000/core -I./ /homes/vpuri/Nek5000/core/gfdm_par.f -o obj/gfdm_par.o
mpif77 -c  -O2 -r8 -Mpreprocess -DMPI -DUNDERSCORE -DTIMER -I/homes/vpuri/NekRoutines/post/geomavg -I/homes/vpuri/Nek5000/core -I./ /homes/vpuri/Nek5000/core/gfdm_op.f -o obj/gfdm_op.o
mpif77 -c  -O2 -r8 -Mpreprocess -DMPI -DUNDERSCORE -DTIMER -I/homes/vpuri/NekRoutines/post/geomavg -I/homes/vpuri/Nek5000/core -I./ /homes/vpuri/Nek5000/core/gfdm_solve.f -o obj/gfdm_solve.o
mpif77 -c  -O2 -r8 -Mpreprocess -DMPI -DUNDERSCORE -DTIMER -I/homes/vpuri/NekRoutines/post/geomavg -I/homes/vpuri/Nek5000/core -I./ /homes/vpuri/Nek5000/core/subs1.f -o obj/subs1.o
mpif77 -c  -O2 -r8 -Mpreprocess -DMPI -DUNDERSCORE -DTIMER -I/homes/vpuri/NekRoutines/post/geomavg -I/homes/vpuri/Nek5000/core -I./ /homes/vpuri/Nek5000/core/subs2.f -o obj/subs2.o
mpif77 -c  -O2 -r8 -Mpreprocess -DMPI -DUNDERSCORE -DTIMER -I/homes/vpuri/NekRoutines/post/geomavg -I/homes/vpuri/Nek5000/core -I./ /homes/vpuri/Nek5000/core/genbox.f -o obj/genbox.o
mpif77 -c  -O2 -r8 -Mpreprocess -DMPI -DUNDERSCORE -DTIMER -I/homes/vpuri/NekRoutines/post/geomavg -I/homes/vpuri/Nek5000/core -I./ /homes/vpuri/Nek5000/core/gmres.f -o obj/gmres.o
mpif77 -c  -O2 -r8 -Mpreprocess -DMPI -DUNDERSCORE -DTIMER -I/homes/vpuri/NekRoutines/post/geomavg -I/homes/vpuri/Nek5000/core -I./ /homes/vpuri/Nek5000/core/hsmg.f -o obj/hsmg.o
mpif77 -c  -O2 -r8 -Mpreprocess -DMPI -DUNDERSCORE -DTIMER -I/homes/vpuri/NekRoutines/post/geomavg -I/homes/vpuri/Nek5000/core -I./ /homes/vpuri/Nek5000/core/convect.f -o obj/convect.o
mpif77 -c  -O2 -r8 -Mpreprocess -DMPI -DUNDERSCORE -DTIMER -I/homes/vpuri/NekRoutines/post/geomavg -I/homes/vpuri/Nek5000/core -I./ /homes/vpuri/Nek5000/core/induct.f -o obj/induct.o
mpif77 -c  -O2 -r8 -Mpreprocess -DMPI -DUNDERSCORE -DTIMER -I/homes/vpuri/NekRoutines/post/geomavg -I/homes/vpuri/Nek5000/core -I./ /homes/vpuri/Nek5000/core/perturb.f -o obj/perturb.o
mpif77 -c  -O2 -r8 -Mpreprocess -DMPI -DUNDERSCORE -DTIMER -I/homes/vpuri/NekRoutines/post/geomavg -I/homes/vpuri/Nek5000/core -I./ /homes/vpuri/Nek5000/core/navier5.f -o obj/navier5.o
mpif77 -c  -O2 -r8 -Mpreprocess -DMPI -DUNDERSCORE -DTIMER -I/homes/vpuri/NekRoutines/post/geomavg -I/homes/vpuri/Nek5000/core -I./ /homes/vpuri/Nek5000/core/navier6.f -o obj/navier6.o
mpif77 -c  -O2 -r8 -Mpreprocess -DMPI -DUNDERSCORE -DTIMER -I/homes/vpuri/NekRoutines/post/geomavg -I/homes/vpuri/Nek5000/core -I./ /homes/vpuri/Nek5000/core/navier7.f -o obj/navier7.o
mpif77 -c  -O2 -r8 -Mpreprocess -DMPI -DUNDERSCORE -DTIMER -I/homes/vpuri/NekRoutines/post/geomavg -I/homes/vpuri/Nek5000/core -I./ /homes/vpuri/Nek5000/core/navier8.f -o obj/navier8.o
mpif77 -c  -O2 -r8 -Mpreprocess -DMPI -DUNDERSCORE -DTIMER -I/homes/vpuri/NekRoutines/post/geomavg -I/homes/vpuri/Nek5000/core -I./ /homes/vpuri/Nek5000/core/fast3d.f -o obj/fast3d.o
mpif77 -c  -O2 -r8 -Mpreprocess -DMPI -DUNDERSCORE -DTIMER -I/homes/vpuri/NekRoutines/post/geomavg -I/homes/vpuri/Nek5000/core -I./ /homes/vpuri/Nek5000/core/fasts.f -o obj/fasts.o
mpif77 -c  -O2 -r8 -Mpreprocess -DMPI -DUNDERSCORE -DTIMER -I/homes/vpuri/NekRoutines/post/geomavg -I/homes/vpuri/Nek5000/core -I./ /homes/vpuri/Nek5000/core/calcz.f -o obj/calcz.o
mpicc -c  -O2  -DMPI -DUNDERSCORE -DTIMER /homes/vpuri/Nek5000/core/byte.c -o obj/byte.o
mpicc -c  -O2  -DMPI -DUNDERSCORE -DTIMER /homes/vpuri/Nek5000/core/chelpers.c -o obj/chelpers.o
mpif77 -c  -O2 -r8 -Mpreprocess -DMPI -DUNDERSCORE -DTIMER -I/homes/vpuri/NekRoutines/post/geomavg -I/homes/vpuri/Nek5000/core -I./ /homes/vpuri/Nek5000/core/byte_mpi.f -o obj/byte_mpi.o
mpif77 -c  -O2 -r8 -Mpreprocess -DMPI -DUNDERSCORE -DTIMER -I/homes/vpuri/NekRoutines/post/geomavg -I/homes/vpuri/Nek5000/core -I./ /homes/vpuri/Nek5000/core/postpro.f -o obj/postpro.o
mpif77 -c  -O2 -r8 -Mpreprocess -DMPI -DUNDERSCORE -DTIMER -I/homes/vpuri/NekRoutines/post/geomavg -I/homes/vpuri/Nek5000/core -I./ /homes/vpuri/Nek5000/core/intp_usr.f -o obj/intp_usr.o
mpif77 -c  -O2 -r8 -Mpreprocess -DMPI -DUNDERSCORE -DTIMER -I/homes/vpuri/NekRoutines/post/geomavg -I/homes/vpuri/Nek5000/core -I./ /homes/vpuri/Nek5000/core/cvode_driver.f -o obj/cvode_driver.o
PGF90-W-0155-The type of FLOAT is now double precision with -r8  (/homes/vpuri/Nek5000/core/cvode_driver.f: 597)
  0 inform,   1 warnings,   0 severes, 0 fatal for cv_pstat
mpicc -c  -O2  -DMPI -DUNDERSCORE -DTIMER /homes/vpuri/Nek5000/core/nek_comm.c -o obj/nek_comm.o
mpif77 -c  -O2 -r8 -Mpreprocess -DMPI -DUNDERSCORE -DTIMER -I/homes/vpuri/NekRoutines/post/geomavg -I/homes/vpuri/Nek5000/core -I./ /homes/vpuri/Nek5000/core/vprops.f -o obj/vprops.o
mpif77 -c  -O2 -r8 -Mpreprocess -DMPI -DUNDERSCORE -DTIMER -I/homes/vpuri/NekRoutines/post/geomavg -I/homes/vpuri/Nek5000/core -I./ /homes/vpuri/Nek5000/core/makeq_aux.f -o obj/makeq_aux.o
mpif77 -c  -O2 -r8 -Mpreprocess -DMPI -DUNDERSCORE -DTIMER -I/homes/vpuri/NekRoutines/post/geomavg -I/homes/vpuri/Nek5000/core -I./ /homes/vpuri/Nek5000/core/papi.f -o obj/papi.o
mpif77 -c   -O2 -r8 -Mpreprocess -DMPI -DUNDERSCORE -DTIMER -I/homes/vpuri/NekRoutines/post/geomavg -I/homes/vpuri/Nek5000/core -I./ /homes/vpuri/Nek5000/core/3rd_party/nek_in_situ.f -o obj/nek_in_situ.o
mpif77 -c  -O2 -r8 -Mpreprocess -DMPI -DUNDERSCORE -DTIMER -I/homes/vpuri/NekRoutines/post/geomavg -I/homes/vpuri/Nek5000/core -I./ /homes/vpuri/Nek5000/core/reader_rea.f -o obj/reader_rea.o
mpif77 -c  -O2 -r8 -Mpreprocess -DMPI -DUNDERSCORE -DTIMER -I/homes/vpuri/NekRoutines/post/geomavg -I/homes/vpuri/Nek5000/core -I./ /homes/vpuri/Nek5000/core/reader_par.f -o obj/reader_par.o
mpif77 -c  -O2 -r8 -Mpreprocess -DMPI -DUNDERSCORE -DTIMER -I/homes/vpuri/NekRoutines/post/geomavg -I/homes/vpuri/Nek5000/core -I./ /homes/vpuri/Nek5000/core/reader_re2.f -o obj/reader_re2.o
mpicc  -c  -O2  -DMPI -DUNDERSCORE -DTIMER  /homes/vpuri/Nek5000/core/3rd_party/finiparser.c -o obj/finiparser.o
mpicc  -c  -O2  -DMPI -DUNDERSCORE -DTIMER  /homes/vpuri/Nek5000/core/3rd_party/iniparser.c -o obj/iniparser.o
mpicc  -c  -O2  -DMPI -DUNDERSCORE -DTIMER  /homes/vpuri/Nek5000/core/3rd_party/dictionary.c -o obj/dictionary.o
mpif77 -c  -O2 -r8 -Mpreprocess -DMPI -DUNDERSCORE -DTIMER -I/homes/vpuri/NekRoutines/post/geomavg -I/homes/vpuri/Nek5000/core -I./ /homes/vpuri/Nek5000/core/hpf.f -o obj/hpf.o
mpif77 -c  -O3 -r8 -Mpreprocess -DMPI -DUNDERSCORE -DTIMER -I/homes/vpuri/NekRoutines/post/geomavg -I/homes/vpuri/Nek5000/core -I./ /homes/vpuri/Nek5000/core/mxm_std.f -o obj/mxm_std.o
mpif77 -c  -O2 -r8 -Mpreprocess -DMPI -DUNDERSCORE -DTIMER -I/homes/vpuri/NekRoutines/post/geomavg -I/homes/vpuri/Nek5000/core -I./ /homes/vpuri/Nek5000/core/comm_mpi.f -o obj/comm_mpi.o
mpif77 -c  -O2 -r8 -Mpreprocess -DMPI -DUNDERSCORE -DTIMER -I/homes/vpuri/NekRoutines/post/geomavg -I/homes/vpuri/Nek5000/core -I./ /homes/vpuri/Nek5000/core/singlmesh.f -o obj/singlmesh.o
mpif77 -c  -O0 -DMPI -DUNDERSCORE -DTIMER /homes/vpuri/Nek5000/core/3rd_party/blas.f -o obj/blas.o
mpif77 -c  -O0 -DMPI -DUNDERSCORE -DTIMER /homes/vpuri/Nek5000/core/3rd_party/dsygv.f -o obj/dsygv.o
‘smoothWavyWall.usr’ -> ‘smoothWavyWall.f’
mpif77 -c  -O2 -r8 -Mpreprocess -DMPI -DUNDERSCORE -DTIMER -I/homes/vpuri/NekRoutines/post/geomavg -I/homes/vpuri/Nek5000/core -I./ /homes/vpuri/NekRoutines/post/geomavg/smoothWavyWall.f  -o obj/smoothWavyWall.o 
mpif77  -O2 -r8 -Mpreprocess -DMPI -DUNDERSCORE -DTIMER -I/homes/vpuri/NekRoutines/post/geomavg -I/homes/vpuri/Nek5000/core -I./ -o nek5000 obj/smoothWavyWall.o obj/drive.o obj/drive1.o obj/drive2.o obj/plan5.o obj/plan4.o obj/bdry.o obj/coef.o obj/conduct.o obj/connect1.o obj/connect2.o obj/dssum.o obj/edgec.o obj/eigsolv.o obj/gauss.o obj/genxyz.o obj/navier1.o obj/makeq.o obj/navier0.o obj/navier2.o obj/navier3.o obj/navier4.o obj/prepost.o obj/speclib.o obj/map2.o obj/mvmesh.o obj/ic.o obj/gfldr.o obj/ssolv.o obj/planx.o obj/math.o obj/mxm_wrapper.o obj/hmholtz.o obj/gfdm_par.o obj/gfdm_op.o obj/gfdm_solve.o obj/subs1.o obj/subs2.o obj/genbox.o obj/gmres.o obj/hsmg.o obj/convect.o obj/induct.o obj/perturb.o obj/navier5.o obj/navier6.o obj/navier7.o obj/navier8.o obj/fast3d.o obj/fasts.o obj/calcz.o obj/byte.o obj/chelpers.o obj/byte_mpi.o obj/postpro.o obj/intp_usr.o obj/cvode_driver.o obj/nek_comm.o obj/vprops.o obj/makeq_aux.o obj/papi.o obj/nek_in_situ.o obj/reader_rea.o obj/reader_par.o obj/reader_re2.o obj/finiparser.o obj/iniparser.o obj/dictionary.o obj/hpf.o obj/mxm_std.o obj/comm_mpi.o obj/singlmesh.o obj/blas.o obj/dsygv.o -L/homes/vpuri/Nek5000/3rd_party/gslib/lib -lgs 
obj/smoothWavyWall.o: In function `set_gs_xgeom_hndl_':
/homes/vpuri/NekRoutines/post/geomavg/geomavg.usr:67:(.text+0x8ed): relocation truncated to fit: R_X86_64_32S against symbol `c_is1_' defined in COMMON section in obj/convect.o
obj/smoothWavyWall.o: In function `set_gs_ygeom_hndl_':
/homes/vpuri/NekRoutines/post/geomavg/geomavg.usr:95:(.text+0xaf3): relocation truncated to fit: R_X86_64_32S against symbol `c_is1_' defined in COMMON section in obj/convect.o
/homes/vpuri/NekRoutines/post/geomavg/geomavg.usr:102:(.text+0xd0e): relocation truncated to fit: R_X86_64_32S against symbol `c_is1_' defined in COMMON section in obj/convect.o
obj/smoothWavyWall.o: In function `set_gs_zgeom_hndl_':
/homes/vpuri/NekRoutines/post/geomavg/geomavg.usr:129:(.text+0xe96): relocation truncated to fit: R_X86_64_32S against symbol `c_is1_' defined in COMMON section in obj/convect.o
/homes/vpuri/NekRoutines/post/geomavg/geomavg.usr:135:(.text+0x112a): relocation truncated to fit: R_X86_64_32S against symbol `c_is1_' defined in COMMON section in obj/convect.o
obj/drive2.o: In function `plan2_vol_':
/homes/vpuri/Nek5000/core/drive2.f:1773:(.text+0x9a52): relocation truncated to fit: R_X86_64_32S against symbol `scrvh_' defined in COMMON section in obj/gfldr.o
/homes/vpuri/Nek5000/core/drive2.f:1773:(.text+0x9a67): relocation truncated to fit: R_X86_64_32S against symbol `scrvh_' defined in COMMON section in obj/gfldr.o
obj/drive2.o: In function `plan3_vol_':
/homes/vpuri/Nek5000/core/drive2.f:1843:(.text+0x9bc2): relocation truncated to fit: R_X86_64_32S against symbol `scrvh_' defined in COMMON section in obj/gfldr.o
/homes/vpuri/Nek5000/core/drive2.f:1843:(.text+0x9bd7): relocation truncated to fit: R_X86_64_32S against symbol `scrvh_' defined in COMMON section in obj/gfldr.o
obj/drive2.o: In function `plan4_vol_':
/homes/vpuri/Nek5000/core/drive2.f:1930:(.text+0x9fcc): relocation truncated to fit: R_X86_64_32S against symbol `scrvh_' defined in COMMON section in obj/gfldr.o
/homes/vpuri/Nek5000/core/drive2.f:1930:(.text+0x9fe1): additional relocation overflows omitted from the output
make: *** [nek5000] Error 2
build 3rd-party software ...
mpif77 -c  -O2 -r8 -Mpreprocess -DMPI -DUNDERSCORE -DTIMER -I/homes/vpuri/NekRoutines/post/geomavg -I/homes/vpuri/Nek5000/core -I./ /homes/vpuri/Nek5000/core/drive.f -o obj/drive.o
mpif77 -c  -O2 -r8 -Mpreprocess -DMPI -DUNDERSCORE -DTIMER -I/homes/vpuri/NekRoutines/post/geomavg -I/homes/vpuri/Nek5000/core -I./ /homes/vpuri/Nek5000/core/drive1.f -o obj/drive1.o
mpif77 -c  -O2 -r8 -Mpreprocess -DMPI -DUNDERSCORE -DTIMER -I/homes/vpuri/NekRoutines/post/geomavg -I/homes/vpuri/Nek5000/core -I./ /homes/vpuri/Nek5000/core/drive2.f -o obj/drive2.o
mpif77 -c  -O2 -r8 -Mpreprocess -DMPI -DUNDERSCORE -DTIMER -I/homes/vpuri/NekRoutines/post/geomavg -I/homes/vpuri/Nek5000/core -I./ /homes/vpuri/Nek5000/core/plan5.f -o obj/plan5.o
mpif77 -c  -O2 -r8 -Mpreprocess -DMPI -DUNDERSCORE -DTIMER -I/homes/vpuri/NekRoutines/post/geomavg -I/homes/vpuri/Nek5000/core -I./ /homes/vpuri/Nek5000/core/plan4.f -o obj/plan4.o
mpif77 -c  -O2 -r8 -Mpreprocess -DMPI -DUNDERSCORE -DTIMER -I/homes/vpuri/NekRoutines/post/geomavg -I/homes/vpuri/Nek5000/core -I./ /homes/vpuri/Nek5000/core/bdry.f -o obj/bdry.o
mpif77 -c  -O2 -r8 -Mpreprocess -DMPI -DUNDERSCORE -DTIMER -I/homes/vpuri/NekRoutines/post/geomavg -I/homes/vpuri/Nek5000/core -I./ /homes/vpuri/Nek5000/core/coef.f -o obj/coef.o
mpif77 -c  -O2 -r8 -Mpreprocess -DMPI -DUNDERSCORE -DTIMER -I/homes/vpuri/NekRoutines/post/geomavg -I/homes/vpuri/Nek5000/core -I./ /homes/vpuri/Nek5000/core/conduct.f -o obj/conduct.o
mpif77 -c  -O2 -r8 -Mpreprocess -DMPI -DUNDERSCORE -DTIMER -I/homes/vpuri/NekRoutines/post/geomavg -I/homes/vpuri/Nek5000/core -I./ /homes/vpuri/Nek5000/core/connect1.f -o obj/connect1.o
PGF90-W-0155-The type of FLOAT is now double precision with -r8  (/homes/vpuri/Nek5000/core/connect1.f: 745)
  0 inform,   1 warnings,   0 severes, 0 fatal for genxyzl
mpif77 -c  -O2 -r8 -Mpreprocess -DMPI -DUNDERSCORE -DTIMER -I/homes/vpuri/NekRoutines/post/geomavg -I/homes/vpuri/Nek5000/core -I./ /homes/vpuri/Nek5000/core/connect2.f -o obj/connect2.o
mpif77 -c  -O2 -r8 -Mpreprocess -DMPI -DUNDERSCORE -DTIMER -I/homes/vpuri/NekRoutines/post/geomavg -I/homes/vpuri/Nek5000/core -I./ /homes/vpuri/Nek5000/core/dssum.f -o obj/dssum.o
mpif77 -c  -O2 -r8 -Mpreprocess -DMPI -DUNDERSCORE -DTIMER -I/homes/vpuri/NekRoutines/post/geomavg -I/homes/vpuri/Nek5000/core -I./ /homes/vpuri/Nek5000/core/edgec.f -o obj/edgec.o
mpif77 -c  -O2 -r8 -Mpreprocess -DMPI -DUNDERSCORE -DTIMER -I/homes/vpuri/NekRoutines/post/geomavg -I/homes/vpuri/Nek5000/core -I./ /homes/vpuri/Nek5000/core/eigsolv.f -o obj/eigsolv.o
mpif77 -c  -O2 -r8 -Mpreprocess -DMPI -DUNDERSCORE -DTIMER -I/homes/vpuri/NekRoutines/post/geomavg -I/homes/vpuri/Nek5000/core -I./ /homes/vpuri/Nek5000/core/gauss.f -o obj/gauss.o
mpif77 -c  -O2 -r8 -Mpreprocess -DMPI -DUNDERSCORE -DTIMER -I/homes/vpuri/NekRoutines/post/geomavg -I/homes/vpuri/Nek5000/core -I./ /homes/vpuri/Nek5000/core/genxyz.f -o obj/genxyz.o
mpif77 -c  -O2 -r8 -Mpreprocess -DMPI -DUNDERSCORE -DTIMER -I/homes/vpuri/NekRoutines/post/geomavg -I/homes/vpuri/Nek5000/core -I./ /homes/vpuri/Nek5000/core/navier1.f -o obj/navier1.o
mpif77 -c  -O2 -r8 -Mpreprocess -DMPI -DUNDERSCORE -DTIMER -I/homes/vpuri/NekRoutines/post/geomavg -I/homes/vpuri/Nek5000/core -I./ /homes/vpuri/Nek5000/core/makeq.f -o obj/makeq.o
mpif77 -c  -O2 -r8 -Mpreprocess -DMPI -DUNDERSCORE -DTIMER -I/homes/vpuri/NekRoutines/post/geomavg -I/homes/vpuri/Nek5000/core -I./ /homes/vpuri/Nek5000/core/navier0.f -o obj/navier0.o
mpif77 -c  -O2 -r8 -Mpreprocess -DMPI -DUNDERSCORE -DTIMER -I/homes/vpuri/NekRoutines/post/geomavg -I/homes/vpuri/Nek5000/core -I./ /homes/vpuri/Nek5000/core/navier2.f -o obj/navier2.o
mpif77 -c  -O2 -r8 -Mpreprocess -DMPI -DUNDERSCORE -DTIMER -I/homes/vpuri/NekRoutines/post/geomavg -I/homes/vpuri/Nek5000/core -I./ /homes/vpuri/Nek5000/core/navier3.f -o obj/navier3.o
mpif77 -c  -O2 -r8 -Mpreprocess -DMPI -DUNDERSCORE -DTIMER -I/homes/vpuri/NekRoutines/post/geomavg -I/homes/vpuri/Nek5000/core -I./ /homes/vpuri/Nek5000/core/navier4.f -o obj/navier4.o
mpif77 -c  -O2 -r8 -Mpreprocess -DMPI -DUNDERSCORE -DTIMER -I/homes/vpuri/NekRoutines/post/geomavg -I/homes/vpuri/Nek5000/core -I./ /homes/vpuri/Nek5000/core/prepost.f -o obj/prepost.o
mpif77 -c  -O2 -r8 -Mpreprocess -DMPI -DUNDERSCORE -DTIMER -I/homes/vpuri/NekRoutines/post/geomavg -I/homes/vpuri/Nek5000/core -I./ /homes/vpuri/Nek5000/core/speclib.f -o obj/speclib.o
mpif77 -c  -O2 -r8 -Mpreprocess -DMPI -DUNDERSCORE -DTIMER -I/homes/vpuri/NekRoutines/post/geomavg -I/homes/vpuri/Nek5000/core -I./ /homes/vpuri/Nek5000/core/map2.f -o obj/map2.o
mpif77 -c  -O2 -r8 -Mpreprocess -DMPI -DUNDERSCORE -DTIMER -I/homes/vpuri/NekRoutines/post/geomavg -I/homes/vpuri/Nek5000/core -I./ /homes/vpuri/Nek5000/core/mvmesh.f -o obj/mvmesh.o
PGF90-W-0155-The type of FLOAT is now double precision with -r8  (/homes/vpuri/Nek5000/core/map2.f: 96)
  0 inform,   1 warnings,   0 severes, 0 fatal for mapelpr
mpif77 -c  -O2 -r8 -Mpreprocess -DMPI -DUNDERSCORE -DTIMER -I/homes/vpuri/NekRoutines/post/geomavg -I/homes/vpuri/Nek5000/core -I./ /homes/vpuri/Nek5000/core/ic.f -o obj/ic.o
mpif77 -c  -O2 -r8 -Mpreprocess -DMPI -DUNDERSCORE -DTIMER -I/homes/vpuri/NekRoutines/post/geomavg -I/homes/vpuri/Nek5000/core -I./ /homes/vpuri/Nek5000/core/gfldr.f -o obj/gfldr.o
mpif77 -c  -O2 -r8 -Mpreprocess -DMPI -DUNDERSCORE -DTIMER -I/homes/vpuri/NekRoutines/post/geomavg -I/homes/vpuri/Nek5000/core -I./ /homes/vpuri/Nek5000/core/ssolv.f -o obj/ssolv.o
mpif77 -c  -O2 -r8 -Mpreprocess -DMPI -DUNDERSCORE -DTIMER -I/homes/vpuri/NekRoutines/post/geomavg -I/homes/vpuri/Nek5000/core -I./ /homes/vpuri/Nek5000/core/planx.f -o obj/planx.o
mpif77 -c  -O3 -r8 -Mpreprocess -DMPI -DUNDERSCORE -DTIMER -I/homes/vpuri/NekRoutines/post/geomavg -I/homes/vpuri/Nek5000/core -I./ /homes/vpuri/Nek5000/core/math.f -o obj/math.o
mpif77 -c  -O2 -r8 -Mpreprocess -DMPI -DUNDERSCORE -DTIMER -I/homes/vpuri/NekRoutines/post/geomavg -I/homes/vpuri/Nek5000/core -I./ /homes/vpuri/Nek5000/core/mxm_wrapper.f -o obj/mxm_wrapper.o 
mpif77 -c  -O2 -r8 -Mpreprocess -DMPI -DUNDERSCORE -DTIMER -I/homes/vpuri/NekRoutines/post/geomavg -I/homes/vpuri/Nek5000/core -I./ /homes/vpuri/Nek5000/core/hmholtz.f -o obj/hmholtz.o
mpif77 -c  -O2 -r8 -Mpreprocess -DMPI -DUNDERSCORE -DTIMER -I/homes/vpuri/NekRoutines/post/geomavg -I/homes/vpuri/Nek5000/core -I./ /homes/vpuri/Nek5000/core/gfdm_par.f -o obj/gfdm_par.o
mpif77 -c  -O2 -r8 -Mpreprocess -DMPI -DUNDERSCORE -DTIMER -I/homes/vpuri/NekRoutines/post/geomavg -I/homes/vpuri/Nek5000/core -I./ /homes/vpuri/Nek5000/core/gfdm_op.f -o obj/gfdm_op.o
mpif77 -c  -O2 -r8 -Mpreprocess -DMPI -DUNDERSCORE -DTIMER -I/homes/vpuri/NekRoutines/post/geomavg -I/homes/vpuri/Nek5000/core -I./ /homes/vpuri/Nek5000/core/gfdm_solve.f -o obj/gfdm_solve.o
mpif77 -c  -O2 -r8 -Mpreprocess -DMPI -DUNDERSCORE -DTIMER -I/homes/vpuri/NekRoutines/post/geomavg -I/homes/vpuri/Nek5000/core -I./ /homes/vpuri/Nek5000/core/subs1.f -o obj/subs1.o
mpif77 -c  -O2 -r8 -Mpreprocess -DMPI -DUNDERSCORE -DTIMER -I/homes/vpuri/NekRoutines/post/geomavg -I/homes/vpuri/Nek5000/core -I./ /homes/vpuri/Nek5000/core/subs2.f -o obj/subs2.o
mpif77 -c  -O2 -r8 -Mpreprocess -DMPI -DUNDERSCORE -DTIMER -I/homes/vpuri/NekRoutines/post/geomavg -I/homes/vpuri/Nek5000/core -I./ /homes/vpuri/Nek5000/core/genbox.f -o obj/genbox.o
mpif77 -c  -O2 -r8 -Mpreprocess -DMPI -DUNDERSCORE -DTIMER -I/homes/vpuri/NekRoutines/post/geomavg -I/homes/vpuri/Nek5000/core -I./ /homes/vpuri/Nek5000/core/gmres.f -o obj/gmres.o
mpif77 -c  -O2 -r8 -Mpreprocess -DMPI -DUNDERSCORE -DTIMER -I/homes/vpuri/NekRoutines/post/geomavg -I/homes/vpuri/Nek5000/core -I./ /homes/vpuri/Nek5000/core/hsmg.f -o obj/hsmg.o
mpif77 -c  -O2 -r8 -Mpreprocess -DMPI -DUNDERSCORE -DTIMER -I/homes/vpuri/NekRoutines/post/geomavg -I/homes/vpuri/Nek5000/core -I./ /homes/vpuri/Nek5000/core/convect.f -o obj/convect.o
mpif77 -c  -O2 -r8 -Mpreprocess -DMPI -DUNDERSCORE -DTIMER -I/homes/vpuri/NekRoutines/post/geomavg -I/homes/vpuri/Nek5000/core -I./ /homes/vpuri/Nek5000/core/induct.f -o obj/induct.o
mpif77 -c  -O2 -r8 -Mpreprocess -DMPI -DUNDERSCORE -DTIMER -I/homes/vpuri/NekRoutines/post/geomavg -I/homes/vpuri/Nek5000/core -I./ /homes/vpuri/Nek5000/core/perturb.f -o obj/perturb.o
mpif77 -c  -O2 -r8 -Mpreprocess -DMPI -DUNDERSCORE -DTIMER -I/homes/vpuri/NekRoutines/post/geomavg -I/homes/vpuri/Nek5000/core -I./ /homes/vpuri/Nek5000/core/navier5.f -o obj/navier5.o
mpif77 -c  -O2 -r8 -Mpreprocess -DMPI -DUNDERSCORE -DTIMER -I/homes/vpuri/NekRoutines/post/geomavg -I/homes/vpuri/Nek5000/core -I./ /homes/vpuri/Nek5000/core/navier6.f -o obj/navier6.o
mpif77 -c  -O2 -r8 -Mpreprocess -DMPI -DUNDERSCORE -DTIMER -I/homes/vpuri/NekRoutines/post/geomavg -I/homes/vpuri/Nek5000/core -I./ /homes/vpuri/Nek5000/core/navier7.f -o obj/navier7.o
mpif77 -c  -O2 -r8 -Mpreprocess -DMPI -DUNDERSCORE -DTIMER -I/homes/vpuri/NekRoutines/post/geomavg -I/homes/vpuri/Nek5000/core -I./ /homes/vpuri/Nek5000/core/navier8.f -o obj/navier8.o
mpif77 -c  -O2 -r8 -Mpreprocess -DMPI -DUNDERSCORE -DTIMER -I/homes/vpuri/NekRoutines/post/geomavg -I/homes/vpuri/Nek5000/core -I./ /homes/vpuri/Nek5000/core/fast3d.f -o obj/fast3d.o
mpif77 -c  -O2 -r8 -Mpreprocess -DMPI -DUNDERSCORE -DTIMER -I/homes/vpuri/NekRoutines/post/geomavg -I/homes/vpuri/Nek5000/core -I./ /homes/vpuri/Nek5000/core/fasts.f -o obj/fasts.o
mpif77 -c  -O2 -r8 -Mpreprocess -DMPI -DUNDERSCORE -DTIMER -I/homes/vpuri/NekRoutines/post/geomavg -I/homes/vpuri/Nek5000/core -I./ /homes/vpuri/Nek5000/core/calcz.f -o obj/calcz.o
mpicc -c  -O2  -DMPI -DUNDERSCORE -DTIMER /homes/vpuri/Nek5000/core/byte.c -o obj/byte.o
mpicc -c  -O2  -DMPI -DUNDERSCORE -DTIMER /homes/vpuri/Nek5000/core/chelpers.c -o obj/chelpers.o
mpif77 -c  -O2 -r8 -Mpreprocess -DMPI -DUNDERSCORE -DTIMER -I/homes/vpuri/NekRoutines/post/geomavg -I/homes/vpuri/Nek5000/core -I./ /homes/vpuri/Nek5000/core/byte_mpi.f -o obj/byte_mpi.o
mpif77 -c  -O2 -r8 -Mpreprocess -DMPI -DUNDERSCORE -DTIMER -I/homes/vpuri/NekRoutines/post/geomavg -I/homes/vpuri/Nek5000/core -I./ /homes/vpuri/Nek5000/core/postpro.f -o obj/postpro.o
mpif77 -c  -O2 -r8 -Mpreprocess -DMPI -DUNDERSCORE -DTIMER -I/homes/vpuri/NekRoutines/post/geomavg -I/homes/vpuri/Nek5000/core -I./ /homes/vpuri/Nek5000/core/intp_usr.f -o obj/intp_usr.o
mpif77 -c  -O2 -r8 -Mpreprocess -DMPI -DUNDERSCORE -DTIMER -I/homes/vpuri/NekRoutines/post/geomavg -I/homes/vpuri/Nek5000/core -I./ /homes/vpuri/Nek5000/core/cvode_driver.f -o obj/cvode_driver.o
mpicc -c  -O2  -DMPI -DUNDERSCORE -DTIMER /homes/vpuri/Nek5000/core/nek_comm.c -o obj/nek_comm.o
PGF90-W-0155-The type of FLOAT is now double precision with -r8  (/homes/vpuri/Nek5000/core/cvode_driver.f: 597)
  0 inform,   1 warnings,   0 severes, 0 fatal for cv_pstat
mpif77 -c  -O2 -r8 -Mpreprocess -DMPI -DUNDERSCORE -DTIMER -I/homes/vpuri/NekRoutines/post/geomavg -I/homes/vpuri/Nek5000/core -I./ /homes/vpuri/Nek5000/core/vprops.f -o obj/vprops.o
mpif77 -c  -O2 -r8 -Mpreprocess -DMPI -DUNDERSCORE -DTIMER -I/homes/vpuri/NekRoutines/post/geomavg -I/homes/vpuri/Nek5000/core -I./ /homes/vpuri/Nek5000/core/makeq_aux.f -o obj/makeq_aux.o
mpif77 -c  -O2 -r8 -Mpreprocess -DMPI -DUNDERSCORE -DTIMER -I/homes/vpuri/NekRoutines/post/geomavg -I/homes/vpuri/Nek5000/core -I./ /homes/vpuri/Nek5000/core/papi.f -o obj/papi.o
mpif77 -c   -O2 -r8 -Mpreprocess -DMPI -DUNDERSCORE -DTIMER -I/homes/vpuri/NekRoutines/post/geomavg -I/homes/vpuri/Nek5000/core -I./ /homes/vpuri/Nek5000/core/3rd_party/nek_in_situ.f -o obj/nek_in_situ.o
mpif77 -c  -O2 -r8 -Mpreprocess -DMPI -DUNDERSCORE -DTIMER -I/homes/vpuri/NekRoutines/post/geomavg -I/homes/vpuri/Nek5000/core -I./ /homes/vpuri/Nek5000/core/reader_rea.f -o obj/reader_rea.o
mpif77 -c  -O2 -r8 -Mpreprocess -DMPI -DUNDERSCORE -DTIMER -I/homes/vpuri/NekRoutines/post/geomavg -I/homes/vpuri/Nek5000/core -I./ /homes/vpuri/Nek5000/core/reader_par.f -o obj/reader_par.o
mpif77 -c  -O2 -r8 -Mpreprocess -DMPI -DUNDERSCORE -DTIMER -I/homes/vpuri/NekRoutines/post/geomavg -I/homes/vpuri/Nek5000/core -I./ /homes/vpuri/Nek5000/core/reader_re2.f -o obj/reader_re2.o
mpicc  -c  -O2  -DMPI -DUNDERSCORE -DTIMER  /homes/vpuri/Nek5000/core/3rd_party/finiparser.c -o obj/finiparser.o
mpicc  -c  -O2  -DMPI -DUNDERSCORE -DTIMER  /homes/vpuri/Nek5000/core/3rd_party/iniparser.c -o obj/iniparser.o
mpicc  -c  -O2  -DMPI -DUNDERSCORE -DTIMER  /homes/vpuri/Nek5000/core/3rd_party/dictionary.c -o obj/dictionary.o
mpif77 -c  -O2 -r8 -Mpreprocess -DMPI -DUNDERSCORE -DTIMER -I/homes/vpuri/NekRoutines/post/geomavg -I/homes/vpuri/Nek5000/core -I./ /homes/vpuri/Nek5000/core/hpf.f -o obj/hpf.o
mpif77 -c  -O3 -r8 -Mpreprocess -DMPI -DUNDERSCORE -DTIMER -I/homes/vpuri/NekRoutines/post/geomavg -I/homes/vpuri/Nek5000/core -I./ /homes/vpuri/Nek5000/core/mxm_std.f -o obj/mxm_std.o
mpif77 -c  -O2 -r8 -Mpreprocess -DMPI -DUNDERSCORE -DTIMER -I/homes/vpuri/NekRoutines/post/geomavg -I/homes/vpuri/Nek5000/core -I./ /homes/vpuri/Nek5000/core/comm_mpi.f -o obj/comm_mpi.o
mpif77 -c  -O2 -r8 -Mpreprocess -DMPI -DUNDERSCORE -DTIMER -I/homes/vpuri/NekRoutines/post/geomavg -I/homes/vpuri/Nek5000/core -I./ /homes/vpuri/Nek5000/core/singlmesh.f -o obj/singlmesh.o
mpif77 -c  -O0 -DMPI -DUNDERSCORE -DTIMER /homes/vpuri/Nek5000/core/3rd_party/blas.f -o obj/blas.o
mpif77 -c  -O0 -DMPI -DUNDERSCORE -DTIMER /homes/vpuri/Nek5000/core/3rd_party/dsygv.f -o obj/dsygv.o
‘smoothWavyWall.usr’ -> ‘smoothWavyWall.f’
mpif77 -c  -O2 -r8 -Mpreprocess -DMPI -DUNDERSCORE -DTIMER -I/homes/vpuri/NekRoutines/post/geomavg -I/homes/vpuri/Nek5000/core -I./ /homes/vpuri/NekRoutines/post/geomavg/smoothWavyWall.f  -o obj/smoothWavyWall.o 
mpif77  -O2 -r8 -Mpreprocess -DMPI -DUNDERSCORE -DTIMER -I/homes/vpuri/NekRoutines/post/geomavg -I/homes/vpuri/Nek5000/core -I./ -o nek5000 obj/smoothWavyWall.o obj/drive.o obj/drive1.o obj/drive2.o obj/plan5.o obj/plan4.o obj/bdry.o obj/coef.o obj/conduct.o obj/connect1.o obj/connect2.o obj/dssum.o obj/edgec.o obj/eigsolv.o obj/gauss.o obj/genxyz.o obj/navier1.o obj/makeq.o obj/navier0.o obj/navier2.o obj/navier3.o obj/navier4.o obj/prepost.o obj/speclib.o obj/map2.o obj/mvmesh.o obj/ic.o obj/gfldr.o obj/ssolv.o obj/planx.o obj/math.o obj/mxm_wrapper.o obj/hmholtz.o obj/gfdm_par.o obj/gfdm_op.o obj/gfdm_solve.o obj/subs1.o obj/subs2.o obj/genbox.o obj/gmres.o obj/hsmg.o obj/convect.o obj/induct.o obj/perturb.o obj/navier5.o obj/navier6.o obj/navier7.o obj/navier8.o obj/fast3d.o obj/fasts.o obj/calcz.o obj/byte.o obj/chelpers.o obj/byte_mpi.o obj/postpro.o obj/intp_usr.o obj/cvode_driver.o obj/nek_comm.o obj/vprops.o obj/makeq_aux.o obj/papi.o obj/nek_in_situ.o obj/reader_rea.o obj/reader_par.o obj/reader_re2.o obj/finiparser.o obj/iniparser.o obj/dictionary.o obj/hpf.o obj/mxm_std.o obj/comm_mpi.o obj/singlmesh.o obj/blas.o obj/dsygv.o -L/homes/vpuri/Nek5000/3rd_party/gslib/lib -lgs 

#############################################################
#                  Compilation successful!                  #
#############################################################
   text	   data	    bss	    dec	    hex	filename
4317484	 158860	452543016	457019360	1b3d8fe0	nek5000


build 3rd-party software ...
mpif77 -c  -O2 -r8 -Mpreprocess -DMPI -DUNDERSCORE -DTIMER -I/homes/vpuri/NekRoutines/post/geomavg -I/homes/vpuri/Nek5000/core -I./ /homes/vpuri/Nek5000/core/drive.f -o obj/drive.o
mpif77 -c  -O2 -r8 -Mpreprocess -DMPI -DUNDERSCORE -DTIMER -I/homes/vpuri/NekRoutines/post/geomavg -I/homes/vpuri/Nek5000/core -I./ /homes/vpuri/Nek5000/core/drive1.f -o obj/drive1.o
mpif77 -c  -O2 -r8 -Mpreprocess -DMPI -DUNDERSCORE -DTIMER -I/homes/vpuri/NekRoutines/post/geomavg -I/homes/vpuri/Nek5000/core -I./ /homes/vpuri/Nek5000/core/drive2.f -o obj/drive2.o
mpif77 -c  -O2 -r8 -Mpreprocess -DMPI -DUNDERSCORE -DTIMER -I/homes/vpuri/NekRoutines/post/geomavg -I/homes/vpuri/Nek5000/core -I./ /homes/vpuri/Nek5000/core/plan5.f -o obj/plan5.o
mpif77 -c  -O2 -r8 -Mpreprocess -DMPI -DUNDERSCORE -DTIMER -I/homes/vpuri/NekRoutines/post/geomavg -I/homes/vpuri/Nek5000/core -I./ /homes/vpuri/Nek5000/core/plan4.f -o obj/plan4.o
mpif77 -c  -O2 -r8 -Mpreprocess -DMPI -DUNDERSCORE -DTIMER -I/homes/vpuri/NekRoutines/post/geomavg -I/homes/vpuri/Nek5000/core -I./ /homes/vpuri/Nek5000/core/bdry.f -o obj/bdry.o
mpif77 -c  -O2 -r8 -Mpreprocess -DMPI -DUNDERSCORE -DTIMER -I/homes/vpuri/NekRoutines/post/geomavg -I/homes/vpuri/Nek5000/core -I./ /homes/vpuri/Nek5000/core/coef.f -o obj/coef.o
mpif77 -c  -O2 -r8 -Mpreprocess -DMPI -DUNDERSCORE -DTIMER -I/homes/vpuri/NekRoutines/post/geomavg -I/homes/vpuri/Nek5000/core -I./ /homes/vpuri/Nek5000/core/conduct.f -o obj/conduct.o
mpif77 -c  -O2 -r8 -Mpreprocess -DMPI -DUNDERSCORE -DTIMER -I/homes/vpuri/NekRoutines/post/geomavg -I/homes/vpuri/Nek5000/core -I./ /homes/vpuri/Nek5000/core/connect1.f -o obj/connect1.o
PGF90-W-0155-The type of FLOAT is now double precision with -r8  (/homes/vpuri/Nek5000/core/connect1.f: 745)
  0 inform,   1 warnings,   0 severes, 0 fatal for genxyzl
mpif77 -c  -O2 -r8 -Mpreprocess -DMPI -DUNDERSCORE -DTIMER -I/homes/vpuri/NekRoutines/post/geomavg -I/homes/vpuri/Nek5000/core -I./ /homes/vpuri/Nek5000/core/connect2.f -o obj/connect2.o
mpif77 -c  -O2 -r8 -Mpreprocess -DMPI -DUNDERSCORE -DTIMER -I/homes/vpuri/NekRoutines/post/geomavg -I/homes/vpuri/Nek5000/core -I./ /homes/vpuri/Nek5000/core/dssum.f -o obj/dssum.o
mpif77 -c  -O2 -r8 -Mpreprocess -DMPI -DUNDERSCORE -DTIMER -I/homes/vpuri/NekRoutines/post/geomavg -I/homes/vpuri/Nek5000/core -I./ /homes/vpuri/Nek5000/core/edgec.f -o obj/edgec.o
mpif77 -c  -O2 -r8 -Mpreprocess -DMPI -DUNDERSCORE -DTIMER -I/homes/vpuri/NekRoutines/post/geomavg -I/homes/vpuri/Nek5000/core -I./ /homes/vpuri/Nek5000/core/eigsolv.f -o obj/eigsolv.o
mpif77 -c  -O2 -r8 -Mpreprocess -DMPI -DUNDERSCORE -DTIMER -I/homes/vpuri/NekRoutines/post/geomavg -I/homes/vpuri/Nek5000/core -I./ /homes/vpuri/Nek5000/core/gauss.f -o obj/gauss.o
mpif77 -c  -O2 -r8 -Mpreprocess -DMPI -DUNDERSCORE -DTIMER -I/homes/vpuri/NekRoutines/post/geomavg -I/homes/vpuri/Nek5000/core -I./ /homes/vpuri/Nek5000/core/genxyz.f -o obj/genxyz.o
mpif77 -c  -O2 -r8 -Mpreprocess -DMPI -DUNDERSCORE -DTIMER -I/homes/vpuri/NekRoutines/post/geomavg -I/homes/vpuri/Nek5000/core -I./ /homes/vpuri/Nek5000/core/navier1.f -o obj/navier1.o
mpif77 -c  -O2 -r8 -Mpreprocess -DMPI -DUNDERSCORE -DTIMER -I/homes/vpuri/NekRoutines/post/geomavg -I/homes/vpuri/Nek5000/core -I./ /homes/vpuri/Nek5000/core/makeq.f -o obj/makeq.o
mpif77 -c  -O2 -r8 -Mpreprocess -DMPI -DUNDERSCORE -DTIMER -I/homes/vpuri/NekRoutines/post/geomavg -I/homes/vpuri/Nek5000/core -I./ /homes/vpuri/Nek5000/core/navier0.f -o obj/navier0.o
mpif77 -c  -O2 -r8 -Mpreprocess -DMPI -DUNDERSCORE -DTIMER -I/homes/vpuri/NekRoutines/post/geomavg -I/homes/vpuri/Nek5000/core -I./ /homes/vpuri/Nek5000/core/navier2.f -o obj/navier2.o
mpif77 -c  -O2 -r8 -Mpreprocess -DMPI -DUNDERSCORE -DTIMER -I/homes/vpuri/NekRoutines/post/geomavg -I/homes/vpuri/Nek5000/core -I./ /homes/vpuri/Nek5000/core/navier3.f -o obj/navier3.o
mpif77 -c  -O2 -r8 -Mpreprocess -DMPI -DUNDERSCORE -DTIMER -I/homes/vpuri/NekRoutines/post/geomavg -I/homes/vpuri/Nek5000/core -I./ /homes/vpuri/Nek5000/core/navier4.f -o obj/navier4.o
mpif77 -c  -O2 -r8 -Mpreprocess -DMPI -DUNDERSCORE -DTIMER -I/homes/vpuri/NekRoutines/post/geomavg -I/homes/vpuri/Nek5000/core -I./ /homes/vpuri/Nek5000/core/prepost.f -o obj/prepost.o
mpif77 -c  -O2 -r8 -Mpreprocess -DMPI -DUNDERSCORE -DTIMER -I/homes/vpuri/NekRoutines/post/geomavg -I/homes/vpuri/Nek5000/core -I./ /homes/vpuri/Nek5000/core/speclib.f -o obj/speclib.o
mpif77 -c  -O2 -r8 -Mpreprocess -DMPI -DUNDERSCORE -DTIMER -I/homes/vpuri/NekRoutines/post/geomavg -I/homes/vpuri/Nek5000/core -I./ /homes/vpuri/Nek5000/core/map2.f -o obj/map2.o
mpif77 -c  -O2 -r8 -Mpreprocess -DMPI -DUNDERSCORE -DTIMER -I/homes/vpuri/NekRoutines/post/geomavg -I/homes/vpuri/Nek5000/core -I./ /homes/vpuri/Nek5000/core/mvmesh.f -o obj/mvmesh.o
PGF90-W-0155-The type of FLOAT is now double precision with -r8  (/homes/vpuri/Nek5000/core/map2.f: 96)
  0 inform,   1 warnings,   0 severes, 0 fatal for mapelpr
mpif77 -c  -O2 -r8 -Mpreprocess -DMPI -DUNDERSCORE -DTIMER -I/homes/vpuri/NekRoutines/post/geomavg -I/homes/vpuri/Nek5000/core -I./ /homes/vpuri/Nek5000/core/ic.f -o obj/ic.o
mpif77 -c  -O2 -r8 -Mpreprocess -DMPI -DUNDERSCORE -DTIMER -I/homes/vpuri/NekRoutines/post/geomavg -I/homes/vpuri/Nek5000/core -I./ /homes/vpuri/Nek5000/core/gfldr.f -o obj/gfldr.o
mpif77 -c  -O2 -r8 -Mpreprocess -DMPI -DUNDERSCORE -DTIMER -I/homes/vpuri/NekRoutines/post/geomavg -I/homes/vpuri/Nek5000/core -I./ /homes/vpuri/Nek5000/core/ssolv.f -o obj/ssolv.o
mpif77 -c  -O2 -r8 -Mpreprocess -DMPI -DUNDERSCORE -DTIMER -I/homes/vpuri/NekRoutines/post/geomavg -I/homes/vpuri/Nek5000/core -I./ /homes/vpuri/Nek5000/core/planx.f -o obj/planx.o
mpif77 -c  -O3 -r8 -Mpreprocess -DMPI -DUNDERSCORE -DTIMER -I/homes/vpuri/NekRoutines/post/geomavg -I/homes/vpuri/Nek5000/core -I./ /homes/vpuri/Nek5000/core/math.f -o obj/math.o
mpif77 -c  -O2 -r8 -Mpreprocess -DMPI -DUNDERSCORE -DTIMER -I/homes/vpuri/NekRoutines/post/geomavg -I/homes/vpuri/Nek5000/core -I./ /homes/vpuri/Nek5000/core/mxm_wrapper.f -o obj/mxm_wrapper.o 
mpif77 -c  -O2 -r8 -Mpreprocess -DMPI -DUNDERSCORE -DTIMER -I/homes/vpuri/NekRoutines/post/geomavg -I/homes/vpuri/Nek5000/core -I./ /homes/vpuri/Nek5000/core/hmholtz.f -o obj/hmholtz.o
mpif77 -c  -O2 -r8 -Mpreprocess -DMPI -DUNDERSCORE -DTIMER -I/homes/vpuri/NekRoutines/post/geomavg -I/homes/vpuri/Nek5000/core -I./ /homes/vpuri/Nek5000/core/gfdm_par.f -o obj/gfdm_par.o
mpif77 -c  -O2 -r8 -Mpreprocess -DMPI -DUNDERSCORE -DTIMER -I/homes/vpuri/NekRoutines/post/geomavg -I/homes/vpuri/Nek5000/core -I./ /homes/vpuri/Nek5000/core/gfdm_op.f -o obj/gfdm_op.o
mpif77 -c  -O2 -r8 -Mpreprocess -DMPI -DUNDERSCORE -DTIMER -I/homes/vpuri/NekRoutines/post/geomavg -I/homes/vpuri/Nek5000/core -I./ /homes/vpuri/Nek5000/core/gfdm_solve.f -o obj/gfdm_solve.o
mpif77 -c  -O2 -r8 -Mpreprocess -DMPI -DUNDERSCORE -DTIMER -I/homes/vpuri/NekRoutines/post/geomavg -I/homes/vpuri/Nek5000/core -I./ /homes/vpuri/Nek5000/core/subs1.f -o obj/subs1.o
mpif77 -c  -O2 -r8 -Mpreprocess -DMPI -DUNDERSCORE -DTIMER -I/homes/vpuri/NekRoutines/post/geomavg -I/homes/vpuri/Nek5000/core -I./ /homes/vpuri/Nek5000/core/subs2.f -o obj/subs2.o
mpif77 -c  -O2 -r8 -Mpreprocess -DMPI -DUNDERSCORE -DTIMER -I/homes/vpuri/NekRoutines/post/geomavg -I/homes/vpuri/Nek5000/core -I./ /homes/vpuri/Nek5000/core/genbox.f -o obj/genbox.o
mpif77 -c  -O2 -r8 -Mpreprocess -DMPI -DUNDERSCORE -DTIMER -I/homes/vpuri/NekRoutines/post/geomavg -I/homes/vpuri/Nek5000/core -I./ /homes/vpuri/Nek5000/core/gmres.f -o obj/gmres.o
mpif77 -c  -O2 -r8 -Mpreprocess -DMPI -DUNDERSCORE -DTIMER -I/homes/vpuri/NekRoutines/post/geomavg -I/homes/vpuri/Nek5000/core -I./ /homes/vpuri/Nek5000/core/hsmg.f -o obj/hsmg.o
mpif77 -c  -O2 -r8 -Mpreprocess -DMPI -DUNDERSCORE -DTIMER -I/homes/vpuri/NekRoutines/post/geomavg -I/homes/vpuri/Nek5000/core -I./ /homes/vpuri/Nek5000/core/convect.f -o obj/convect.o
mpif77 -c  -O2 -r8 -Mpreprocess -DMPI -DUNDERSCORE -DTIMER -I/homes/vpuri/NekRoutines/post/geomavg -I/homes/vpuri/Nek5000/core -I./ /homes/vpuri/Nek5000/core/induct.f -o obj/induct.o
mpif77 -c  -O2 -r8 -Mpreprocess -DMPI -DUNDERSCORE -DTIMER -I/homes/vpuri/NekRoutines/post/geomavg -I/homes/vpuri/Nek5000/core -I./ /homes/vpuri/Nek5000/core/perturb.f -o obj/perturb.o
mpif77 -c  -O2 -r8 -Mpreprocess -DMPI -DUNDERSCORE -DTIMER -I/homes/vpuri/NekRoutines/post/geomavg -I/homes/vpuri/Nek5000/core -I./ /homes/vpuri/Nek5000/core/navier5.f -o obj/navier5.o
mpif77 -c  -O2 -r8 -Mpreprocess -DMPI -DUNDERSCORE -DTIMER -I/homes/vpuri/NekRoutines/post/geomavg -I/homes/vpuri/Nek5000/core -I./ /homes/vpuri/Nek5000/core/navier6.f -o obj/navier6.o
mpif77 -c  -O2 -r8 -Mpreprocess -DMPI -DUNDERSCORE -DTIMER -I/homes/vpuri/NekRoutines/post/geomavg -I/homes/vpuri/Nek5000/core -I./ /homes/vpuri/Nek5000/core/navier7.f -o obj/navier7.o
mpif77 -c  -O2 -r8 -Mpreprocess -DMPI -DUNDERSCORE -DTIMER -I/homes/vpuri/NekRoutines/post/geomavg -I/homes/vpuri/Nek5000/core -I./ /homes/vpuri/Nek5000/core/navier8.f -o obj/navier8.o
mpif77 -c  -O2 -r8 -Mpreprocess -DMPI -DUNDERSCORE -DTIMER -I/homes/vpuri/NekRoutines/post/geomavg -I/homes/vpuri/Nek5000/core -I./ /homes/vpuri/Nek5000/core/fast3d.f -o obj/fast3d.o
mpif77 -c  -O2 -r8 -Mpreprocess -DMPI -DUNDERSCORE -DTIMER -I/homes/vpuri/NekRoutines/post/geomavg -I/homes/vpuri/Nek5000/core -I./ /homes/vpuri/Nek5000/core/fasts.f -o obj/fasts.o
mpif77 -c  -O2 -r8 -Mpreprocess -DMPI -DUNDERSCORE -DTIMER -I/homes/vpuri/NekRoutines/post/geomavg -I/homes/vpuri/Nek5000/core -I./ /homes/vpuri/Nek5000/core/calcz.f -o obj/calcz.o
mpicc -c  -O2  -DMPI -DUNDERSCORE -DTIMER /homes/vpuri/Nek5000/core/byte.c -o obj/byte.o
mpicc -c  -O2  -DMPI -DUNDERSCORE -DTIMER /homes/vpuri/Nek5000/core/chelpers.c -o obj/chelpers.o
mpif77 -c  -O2 -r8 -Mpreprocess -DMPI -DUNDERSCORE -DTIMER -I/homes/vpuri/NekRoutines/post/geomavg -I/homes/vpuri/Nek5000/core -I./ /homes/vpuri/Nek5000/core/byte_mpi.f -o obj/byte_mpi.o
mpif77 -c  -O2 -r8 -Mpreprocess -DMPI -DUNDERSCORE -DTIMER -I/homes/vpuri/NekRoutines/post/geomavg -I/homes/vpuri/Nek5000/core -I./ /homes/vpuri/Nek5000/core/postpro.f -o obj/postpro.o
mpif77 -c  -O2 -r8 -Mpreprocess -DMPI -DUNDERSCORE -DTIMER -I/homes/vpuri/NekRoutines/post/geomavg -I/homes/vpuri/Nek5000/core -I./ /homes/vpuri/Nek5000/core/intp_usr.f -o obj/intp_usr.o
mpif77 -c  -O2 -r8 -Mpreprocess -DMPI -DUNDERSCORE -DTIMER -I/homes/vpuri/NekRoutines/post/geomavg -I/homes/vpuri/Nek5000/core -I./ /homes/vpuri/Nek5000/core/cvode_driver.f -o obj/cvode_driver.o
mpicc -c  -O2  -DMPI -DUNDERSCORE -DTIMER /homes/vpuri/Nek5000/core/nek_comm.c -o obj/nek_comm.o
PGF90-W-0155-The type of FLOAT is now double precision with -r8  (/homes/vpuri/Nek5000/core/cvode_driver.f: 597)
  0 inform,   1 warnings,   0 severes, 0 fatal for cv_pstat
mpif77 -c  -O2 -r8 -Mpreprocess -DMPI -DUNDERSCORE -DTIMER -I/homes/vpuri/NekRoutines/post/geomavg -I/homes/vpuri/Nek5000/core -I./ /homes/vpuri/Nek5000/core/vprops.f -o obj/vprops.o
mpif77 -c  -O2 -r8 -Mpreprocess -DMPI -DUNDERSCORE -DTIMER -I/homes/vpuri/NekRoutines/post/geomavg -I/homes/vpuri/Nek5000/core -I./ /homes/vpuri/Nek5000/core/makeq_aux.f -o obj/makeq_aux.o
mpif77 -c  -O2 -r8 -Mpreprocess -DMPI -DUNDERSCORE -DTIMER -I/homes/vpuri/NekRoutines/post/geomavg -I/homes/vpuri/Nek5000/core -I./ /homes/vpuri/Nek5000/core/papi.f -o obj/papi.o
mpif77 -c   -O2 -r8 -Mpreprocess -DMPI -DUNDERSCORE -DTIMER -I/homes/vpuri/NekRoutines/post/geomavg -I/homes/vpuri/Nek5000/core -I./ /homes/vpuri/Nek5000/core/3rd_party/nek_in_situ.f -o obj/nek_in_situ.o
mpif77 -c  -O2 -r8 -Mpreprocess -DMPI -DUNDERSCORE -DTIMER -I/homes/vpuri/NekRoutines/post/geomavg -I/homes/vpuri/Nek5000/core -I./ /homes/vpuri/Nek5000/core/reader_rea.f -o obj/reader_rea.o
mpif77 -c  -O2 -r8 -Mpreprocess -DMPI -DUNDERSCORE -DTIMER -I/homes/vpuri/NekRoutines/post/geomavg -I/homes/vpuri/Nek5000/core -I./ /homes/vpuri/Nek5000/core/reader_par.f -o obj/reader_par.o
mpif77 -c  -O2 -r8 -Mpreprocess -DMPI -DUNDERSCORE -DTIMER -I/homes/vpuri/NekRoutines/post/geomavg -I/homes/vpuri/Nek5000/core -I./ /homes/vpuri/Nek5000/core/reader_re2.f -o obj/reader_re2.o
mpicc  -c  -O2  -DMPI -DUNDERSCORE -DTIMER  /homes/vpuri/Nek5000/core/3rd_party/finiparser.c -o obj/finiparser.o
mpicc  -c  -O2  -DMPI -DUNDERSCORE -DTIMER  /homes/vpuri/Nek5000/core/3rd_party/iniparser.c -o obj/iniparser.o
mpicc  -c  -O2  -DMPI -DUNDERSCORE -DTIMER  /homes/vpuri/Nek5000/core/3rd_party/dictionary.c -o obj/dictionary.o
mpif77 -c  -O2 -r8 -Mpreprocess -DMPI -DUNDERSCORE -DTIMER -I/homes/vpuri/NekRoutines/post/geomavg -I/homes/vpuri/Nek5000/core -I./ /homes/vpuri/Nek5000/core/hpf.f -o obj/hpf.o
mpif77 -c  -O3 -r8 -Mpreprocess -DMPI -DUNDERSCORE -DTIMER -I/homes/vpuri/NekRoutines/post/geomavg -I/homes/vpuri/Nek5000/core -I./ /homes/vpuri/Nek5000/core/mxm_std.f -o obj/mxm_std.o
mpif77 -c  -O2 -r8 -Mpreprocess -DMPI -DUNDERSCORE -DTIMER -I/homes/vpuri/NekRoutines/post/geomavg -I/homes/vpuri/Nek5000/core -I./ /homes/vpuri/Nek5000/core/comm_mpi.f -o obj/comm_mpi.o
mpif77 -c  -O2 -r8 -Mpreprocess -DMPI -DUNDERSCORE -DTIMER -I/homes/vpuri/NekRoutines/post/geomavg -I/homes/vpuri/Nek5000/core -I./ /homes/vpuri/Nek5000/core/singlmesh.f -o obj/singlmesh.o
mpif77 -c  -O0 -DMPI -DUNDERSCORE -DTIMER /homes/vpuri/Nek5000/core/3rd_party/blas.f -o obj/blas.o
mpif77 -c  -O0 -DMPI -DUNDERSCORE -DTIMER /homes/vpuri/Nek5000/core/3rd_party/dsygv.f -o obj/dsygv.o
‘smoothWavyWall.usr’ -> ‘smoothWavyWall.f’
mpif77 -c  -O2 -r8 -Mpreprocess -DMPI -DUNDERSCORE -DTIMER -I/homes/vpuri/NekRoutines/post/geomavg -I/homes/vpuri/Nek5000/core -I./ /homes/vpuri/NekRoutines/post/geomavg/smoothWavyWall.f  -o obj/smoothWavyWall.o 
mpif77  -O2 -r8 -Mpreprocess -DMPI -DUNDERSCORE -DTIMER -I/homes/vpuri/NekRoutines/post/geomavg -I/homes/vpuri/Nek5000/core -I./ -o nek5000 obj/smoothWavyWall.o obj/drive.o obj/drive1.o obj/drive2.o obj/plan5.o obj/plan4.o obj/bdry.o obj/coef.o obj/conduct.o obj/connect1.o obj/connect2.o obj/dssum.o obj/edgec.o obj/eigsolv.o obj/gauss.o obj/genxyz.o obj/navier1.o obj/makeq.o obj/navier0.o obj/navier2.o obj/navier3.o obj/navier4.o obj/prepost.o obj/speclib.o obj/map2.o obj/mvmesh.o obj/ic.o obj/gfldr.o obj/ssolv.o obj/planx.o obj/math.o obj/mxm_wrapper.o obj/hmholtz.o obj/gfdm_par.o obj/gfdm_op.o obj/gfdm_solve.o obj/subs1.o obj/subs2.o obj/genbox.o obj/gmres.o obj/hsmg.o obj/convect.o obj/induct.o obj/perturb.o obj/navier5.o obj/navier6.o obj/navier7.o obj/navier8.o obj/fast3d.o obj/fasts.o obj/calcz.o obj/byte.o obj/chelpers.o obj/byte_mpi.o obj/postpro.o obj/intp_usr.o obj/cvode_driver.o obj/nek_comm.o obj/vprops.o obj/makeq_aux.o obj/papi.o obj/nek_in_situ.o obj/reader_rea.o obj/reader_par.o obj/reader_re2.o obj/finiparser.o obj/iniparser.o obj/dictionary.o obj/hpf.o obj/mxm_std.o obj/comm_mpi.o obj/singlmesh.o obj/blas.o obj/dsygv.o -L/homes/vpuri/Nek5000/3rd_party/gslib/lib -lgs 

#############################################################
#                  Compilation successful!                  #
#############################################################
   text	   data	    bss	    dec	    hex	filename
4317484	 158860	893881896	898358240	358bdbe0	nek5000


build 3rd-party software ...
‘smoothWavyWall.usr’ -> ‘smoothWavyWall.f’
mpif77 -c  -O2 -r8 -Mpreprocess -DMPI -DUNDERSCORE -DTIMER -I/homes/vpuri/NekRoutines/post/geomavg -I/homes/vpuri/Nek5000/core -I./ /homes/vpuri/NekRoutines/post/geomavg/smoothWavyWall.f  -o obj/smoothWavyWall.o 
mpif77  -O2 -r8 -Mpreprocess -DMPI -DUNDERSCORE -DTIMER -I/homes/vpuri/NekRoutines/post/geomavg -I/homes/vpuri/Nek5000/core -I./ -o nek5000 obj/smoothWavyWall.o obj/drive.o obj/drive1.o obj/drive2.o obj/plan5.o obj/plan4.o obj/bdry.o obj/coef.o obj/conduct.o obj/connect1.o obj/connect2.o obj/dssum.o obj/edgec.o obj/eigsolv.o obj/gauss.o obj/genxyz.o obj/navier1.o obj/makeq.o obj/navier0.o obj/navier2.o obj/navier3.o obj/navier4.o obj/prepost.o obj/speclib.o obj/map2.o obj/mvmesh.o obj/ic.o obj/gfldr.o obj/ssolv.o obj/planx.o obj/math.o obj/mxm_wrapper.o obj/hmholtz.o obj/gfdm_par.o obj/gfdm_op.o obj/gfdm_solve.o obj/subs1.o obj/subs2.o obj/genbox.o obj/gmres.o obj/hsmg.o obj/convect.o obj/induct.o obj/perturb.o obj/navier5.o obj/navier6.o obj/navier7.o obj/navier8.o obj/fast3d.o obj/fasts.o obj/calcz.o obj/byte.o obj/chelpers.o obj/byte_mpi.o obj/postpro.o obj/intp_usr.o obj/cvode_driver.o obj/nek_comm.o obj/vprops.o obj/makeq_aux.o obj/papi.o obj/nek_in_situ.o obj/reader_rea.o obj/reader_par.o obj/reader_re2.o obj/finiparser.o obj/iniparser.o obj/dictionary.o obj/hpf.o obj/mxm_std.o obj/comm_mpi.o obj/singlmesh.o obj/blas.o obj/dsygv.o -L/homes/vpuri/Nek5000/3rd_party/gslib/lib -lgs 

#############################################################
#                  Compilation successful!                  #
#############################################################
   text	   data	    bss	    dec	    hex	filename
4317564	 158988	893881896	898358448	358bdcb0	nek5000


build 3rd-party software ...
‘smoothWavyWall.usr’ -> ‘smoothWavyWall.f’
mpif77 -c  -O2 -r8 -Mpreprocess -DMPI -DUNDERSCORE -DTIMER -I/homes/vpuri/NekRoutines/post/geomavg -I/homes/vpuri/Nek5000/core -I./ /homes/vpuri/NekRoutines/post/geomavg/smoothWavyWall.f  -o obj/smoothWavyWall.o 
mpif77  -O2 -r8 -Mpreprocess -DMPI -DUNDERSCORE -DTIMER -I/homes/vpuri/NekRoutines/post/geomavg -I/homes/vpuri/Nek5000/core -I./ -o nek5000 obj/smoothWavyWall.o obj/drive.o obj/drive1.o obj/drive2.o obj/plan5.o obj/plan4.o obj/bdry.o obj/coef.o obj/conduct.o obj/connect1.o obj/connect2.o obj/dssum.o obj/edgec.o obj/eigsolv.o obj/gauss.o obj/genxyz.o obj/navier1.o obj/makeq.o obj/navier0.o obj/navier2.o obj/navier3.o obj/navier4.o obj/prepost.o obj/speclib.o obj/map2.o obj/mvmesh.o obj/ic.o obj/gfldr.o obj/ssolv.o obj/planx.o obj/math.o obj/mxm_wrapper.o obj/hmholtz.o obj/gfdm_par.o obj/gfdm_op.o obj/gfdm_solve.o obj/subs1.o obj/subs2.o obj/genbox.o obj/gmres.o obj/hsmg.o obj/convect.o obj/induct.o obj/perturb.o obj/navier5.o obj/navier6.o obj/navier7.o obj/navier8.o obj/fast3d.o obj/fasts.o obj/calcz.o obj/byte.o obj/chelpers.o obj/byte_mpi.o obj/postpro.o obj/intp_usr.o obj/cvode_driver.o obj/nek_comm.o obj/vprops.o obj/makeq_aux.o obj/papi.o obj/nek_in_situ.o obj/reader_rea.o obj/reader_par.o obj/reader_re2.o obj/finiparser.o obj/iniparser.o obj/dictionary.o obj/hpf.o obj/mxm_std.o obj/comm_mpi.o obj/singlmesh.o obj/blas.o obj/dsygv.o -L/homes/vpuri/Nek5000/3rd_party/gslib/lib -lgs 

#############################################################
#                  Compilation successful!                  #
#############################################################
   text	   data	    bss	    dec	    hex	filename
4317644	 159084	893881896	898358624	358bdd60	nek5000


build 3rd-party software ...
‘smoothWavyWall.usr’ -> ‘smoothWavyWall.f’
mpif77 -c  -O2 -r8 -Mpreprocess -DMPI -DUNDERSCORE -DTIMER -I/homes/vpuri/NekRoutines/post/geomavg -I/homes/vpuri/Nek5000/core -I./ /homes/vpuri/NekRoutines/post/geomavg/smoothWavyWall.f  -o obj/smoothWavyWall.o 
mpif77  -O2 -r8 -Mpreprocess -DMPI -DUNDERSCORE -DTIMER -I/homes/vpuri/NekRoutines/post/geomavg -I/homes/vpuri/Nek5000/core -I./ -o nek5000 obj/smoothWavyWall.o obj/drive.o obj/drive1.o obj/drive2.o obj/plan5.o obj/plan4.o obj/bdry.o obj/coef.o obj/conduct.o obj/connect1.o obj/connect2.o obj/dssum.o obj/edgec.o obj/eigsolv.o obj/gauss.o obj/genxyz.o obj/navier1.o obj/makeq.o obj/navier0.o obj/navier2.o obj/navier3.o obj/navier4.o obj/prepost.o obj/speclib.o obj/map2.o obj/mvmesh.o obj/ic.o obj/gfldr.o obj/ssolv.o obj/planx.o obj/math.o obj/mxm_wrapper.o obj/hmholtz.o obj/gfdm_par.o obj/gfdm_op.o obj/gfdm_solve.o obj/subs1.o obj/subs2.o obj/genbox.o obj/gmres.o obj/hsmg.o obj/convect.o obj/induct.o obj/perturb.o obj/navier5.o obj/navier6.o obj/navier7.o obj/navier8.o obj/fast3d.o obj/fasts.o obj/calcz.o obj/byte.o obj/chelpers.o obj/byte_mpi.o obj/postpro.o obj/intp_usr.o obj/cvode_driver.o obj/nek_comm.o obj/vprops.o obj/makeq_aux.o obj/papi.o obj/nek_in_situ.o obj/reader_rea.o obj/reader_par.o obj/reader_re2.o obj/finiparser.o obj/iniparser.o obj/dictionary.o obj/hpf.o obj/mxm_std.o obj/comm_mpi.o obj/singlmesh.o obj/blas.o obj/dsygv.o -L/homes/vpuri/Nek5000/3rd_party/gslib/lib -lgs 

#############################################################
#                  Compilation successful!                  #
#############################################################
   text	   data	    bss	    dec	    hex	filename
4317740	 159116	893881896	898358752	358bdde0	nek5000


build 3rd-party software ...
‘smoothWavyWall.usr’ -> ‘smoothWavyWall.f’
mpif77 -c  -O2 -r8 -Mpreprocess -DMPI -DUNDERSCORE -DTIMER -I/homes/vpuri/NekRoutines/post/geomavg -I/homes/vpuri/Nek5000/core -I./ /homes/vpuri/NekRoutines/post/geomavg/smoothWavyWall.f  -o obj/smoothWavyWall.o 
mpif77  -O2 -r8 -Mpreprocess -DMPI -DUNDERSCORE -DTIMER -I/homes/vpuri/NekRoutines/post/geomavg -I/homes/vpuri/Nek5000/core -I./ -o nek5000 obj/smoothWavyWall.o obj/drive.o obj/drive1.o obj/drive2.o obj/plan5.o obj/plan4.o obj/bdry.o obj/coef.o obj/conduct.o obj/connect1.o obj/connect2.o obj/dssum.o obj/edgec.o obj/eigsolv.o obj/gauss.o obj/genxyz.o obj/navier1.o obj/makeq.o obj/navier0.o obj/navier2.o obj/navier3.o obj/navier4.o obj/prepost.o obj/speclib.o obj/map2.o obj/mvmesh.o obj/ic.o obj/gfldr.o obj/ssolv.o obj/planx.o obj/math.o obj/mxm_wrapper.o obj/hmholtz.o obj/gfdm_par.o obj/gfdm_op.o obj/gfdm_solve.o obj/subs1.o obj/subs2.o obj/genbox.o obj/gmres.o obj/hsmg.o obj/convect.o obj/induct.o obj/perturb.o obj/navier5.o obj/navier6.o obj/navier7.o obj/navier8.o obj/fast3d.o obj/fasts.o obj/calcz.o obj/byte.o obj/chelpers.o obj/byte_mpi.o obj/postpro.o obj/intp_usr.o obj/cvode_driver.o obj/nek_comm.o obj/vprops.o obj/makeq_aux.o obj/papi.o obj/nek_in_situ.o obj/reader_rea.o obj/reader_par.o obj/reader_re2.o obj/finiparser.o obj/iniparser.o obj/dictionary.o obj/hpf.o obj/mxm_std.o obj/comm_mpi.o obj/singlmesh.o obj/blas.o obj/dsygv.o -L/homes/vpuri/Nek5000/3rd_party/gslib/lib -lgs 

#############################################################
#                  Compilation successful!                  #
#############################################################
   text	   data	    bss	    dec	    hex	filename
4317740	 159116	893881896	898358752	358bdde0	nek5000


build 3rd-party software ...
‘smoothWavyWall.usr’ -> ‘smoothWavyWall.f’
mpif77 -c  -O2 -r8 -Mpreprocess -DMPI -DUNDERSCORE -DTIMER -I/homes/vpuri/NekRoutines/post/geomavg -I/homes/vpuri/Nek5000/core -I./ /homes/vpuri/NekRoutines/post/geomavg/smoothWavyWall.f  -o obj/smoothWavyWall.o 
mpif77  -O2 -r8 -Mpreprocess -DMPI -DUNDERSCORE -DTIMER -I/homes/vpuri/NekRoutines/post/geomavg -I/homes/vpuri/Nek5000/core -I./ -o nek5000 obj/smoothWavyWall.o obj/drive.o obj/drive1.o obj/drive2.o obj/plan5.o obj/plan4.o obj/bdry.o obj/coef.o obj/conduct.o obj/connect1.o obj/connect2.o obj/dssum.o obj/edgec.o obj/eigsolv.o obj/gauss.o obj/genxyz.o obj/navier1.o obj/makeq.o obj/navier0.o obj/navier2.o obj/navier3.o obj/navier4.o obj/prepost.o obj/speclib.o obj/map2.o obj/mvmesh.o obj/ic.o obj/gfldr.o obj/ssolv.o obj/planx.o obj/math.o obj/mxm_wrapper.o obj/hmholtz.o obj/gfdm_par.o obj/gfdm_op.o obj/gfdm_solve.o obj/subs1.o obj/subs2.o obj/genbox.o obj/gmres.o obj/hsmg.o obj/convect.o obj/induct.o obj/perturb.o obj/navier5.o obj/navier6.o obj/navier7.o obj/navier8.o obj/fast3d.o obj/fasts.o obj/calcz.o obj/byte.o obj/chelpers.o obj/byte_mpi.o obj/postpro.o obj/intp_usr.o obj/cvode_driver.o obj/nek_comm.o obj/vprops.o obj/makeq_aux.o obj/papi.o obj/nek_in_situ.o obj/reader_rea.o obj/reader_par.o obj/reader_re2.o obj/finiparser.o obj/iniparser.o obj/dictionary.o obj/hpf.o obj/mxm_std.o obj/comm_mpi.o obj/singlmesh.o obj/blas.o obj/dsygv.o -L/homes/vpuri/Nek5000/3rd_party/gslib/lib -lgs 

#############################################################
#                  Compilation successful!                  #
#############################################################
   text	   data	    bss	    dec	    hex	filename
4317820	 159148	893881896	898358864	358bde50	nek5000


build 3rd-party software ...
‘smoothWavyWall.usr’ -> ‘smoothWavyWall.f’
mpif77 -c  -O2 -r8 -Mpreprocess -DMPI -DUNDERSCORE -DTIMER -I/homes/vpuri/NekRoutines/post/geomavg -I/homes/vpuri/Nek5000/core -I./ /homes/vpuri/NekRoutines/post/geomavg/smoothWavyWall.f  -o obj/smoothWavyWall.o 
mpif77  -O2 -r8 -Mpreprocess -DMPI -DUNDERSCORE -DTIMER -I/homes/vpuri/NekRoutines/post/geomavg -I/homes/vpuri/Nek5000/core -I./ -o nek5000 obj/smoothWavyWall.o obj/drive.o obj/drive1.o obj/drive2.o obj/plan5.o obj/plan4.o obj/bdry.o obj/coef.o obj/conduct.o obj/connect1.o obj/connect2.o obj/dssum.o obj/edgec.o obj/eigsolv.o obj/gauss.o obj/genxyz.o obj/navier1.o obj/makeq.o obj/navier0.o obj/navier2.o obj/navier3.o obj/navier4.o obj/prepost.o obj/speclib.o obj/map2.o obj/mvmesh.o obj/ic.o obj/gfldr.o obj/ssolv.o obj/planx.o obj/math.o obj/mxm_wrapper.o obj/hmholtz.o obj/gfdm_par.o obj/gfdm_op.o obj/gfdm_solve.o obj/subs1.o obj/subs2.o obj/genbox.o obj/gmres.o obj/hsmg.o obj/convect.o obj/induct.o obj/perturb.o obj/navier5.o obj/navier6.o obj/navier7.o obj/navier8.o obj/fast3d.o obj/fasts.o obj/calcz.o obj/byte.o obj/chelpers.o obj/byte_mpi.o obj/postpro.o obj/intp_usr.o obj/cvode_driver.o obj/nek_comm.o obj/vprops.o obj/makeq_aux.o obj/papi.o obj/nek_in_situ.o obj/reader_rea.o obj/reader_par.o obj/reader_re2.o obj/finiparser.o obj/iniparser.o obj/dictionary.o obj/hpf.o obj/mxm_std.o obj/comm_mpi.o obj/singlmesh.o obj/blas.o obj/dsygv.o -L/homes/vpuri/Nek5000/3rd_party/gslib/lib -lgs 

#############################################################
#                  Compilation successful!                  #
#############################################################
   text	   data	    bss	    dec	    hex	filename
4317820	 159148	893881896	898358864	358bde50	nek5000


build 3rd-party software ...
‘smoothWavyWall.usr’ -> ‘smoothWavyWall.f’
mpif77 -c  -O2 -r8 -Mpreprocess -DMPI -DUNDERSCORE -DTIMER -I/homes/vpuri/NekRoutines/post/geomavg -I/homes/vpuri/Nek5000/core -I./ /homes/vpuri/NekRoutines/post/geomavg/smoothWavyWall.f  -o obj/smoothWavyWall.o 
mpif77  -O2 -r8 -Mpreprocess -DMPI -DUNDERSCORE -DTIMER -I/homes/vpuri/NekRoutines/post/geomavg -I/homes/vpuri/Nek5000/core -I./ -o nek5000 obj/smoothWavyWall.o obj/drive.o obj/drive1.o obj/drive2.o obj/plan5.o obj/plan4.o obj/bdry.o obj/coef.o obj/conduct.o obj/connect1.o obj/connect2.o obj/dssum.o obj/edgec.o obj/eigsolv.o obj/gauss.o obj/genxyz.o obj/navier1.o obj/makeq.o obj/navier0.o obj/navier2.o obj/navier3.o obj/navier4.o obj/prepost.o obj/speclib.o obj/map2.o obj/mvmesh.o obj/ic.o obj/gfldr.o obj/ssolv.o obj/planx.o obj/math.o obj/mxm_wrapper.o obj/hmholtz.o obj/gfdm_par.o obj/gfdm_op.o obj/gfdm_solve.o obj/subs1.o obj/subs2.o obj/genbox.o obj/gmres.o obj/hsmg.o obj/convect.o obj/induct.o obj/perturb.o obj/navier5.o obj/navier6.o obj/navier7.o obj/navier8.o obj/fast3d.o obj/fasts.o obj/calcz.o obj/byte.o obj/chelpers.o obj/byte_mpi.o obj/postpro.o obj/intp_usr.o obj/cvode_driver.o obj/nek_comm.o obj/vprops.o obj/makeq_aux.o obj/papi.o obj/nek_in_situ.o obj/reader_rea.o obj/reader_par.o obj/reader_re2.o obj/finiparser.o obj/iniparser.o obj/dictionary.o obj/hpf.o obj/mxm_std.o obj/comm_mpi.o obj/singlmesh.o obj/blas.o obj/dsygv.o -L/homes/vpuri/Nek5000/3rd_party/gslib/lib -lgs 

#############################################################
#                  Compilation successful!                  #
#############################################################
   text	   data	    bss	    dec	    hex	filename
4317836	 159148	893881896	898358880	358bde60	nek5000


build 3rd-party software ...
‘smoothWavyWall.usr’ -> ‘smoothWavyWall.f’
mpif77 -c  -O2 -r8 -Mpreprocess -DMPI -DUNDERSCORE -DTIMER -I/homes/vpuri/NekRoutines/post/geomavg -I/homes/vpuri/Nek5000/core -I./ /homes/vpuri/NekRoutines/post/geomavg/smoothWavyWall.f  -o obj/smoothWavyWall.o 
mpif77  -O2 -r8 -Mpreprocess -DMPI -DUNDERSCORE -DTIMER -I/homes/vpuri/NekRoutines/post/geomavg -I/homes/vpuri/Nek5000/core -I./ -o nek5000 obj/smoothWavyWall.o obj/drive.o obj/drive1.o obj/drive2.o obj/plan5.o obj/plan4.o obj/bdry.o obj/coef.o obj/conduct.o obj/connect1.o obj/connect2.o obj/dssum.o obj/edgec.o obj/eigsolv.o obj/gauss.o obj/genxyz.o obj/navier1.o obj/makeq.o obj/navier0.o obj/navier2.o obj/navier3.o obj/navier4.o obj/prepost.o obj/speclib.o obj/map2.o obj/mvmesh.o obj/ic.o obj/gfldr.o obj/ssolv.o obj/planx.o obj/math.o obj/mxm_wrapper.o obj/hmholtz.o obj/gfdm_par.o obj/gfdm_op.o obj/gfdm_solve.o obj/subs1.o obj/subs2.o obj/genbox.o obj/gmres.o obj/hsmg.o obj/convect.o obj/induct.o obj/perturb.o obj/navier5.o obj/navier6.o obj/navier7.o obj/navier8.o obj/fast3d.o obj/fasts.o obj/calcz.o obj/byte.o obj/chelpers.o obj/byte_mpi.o obj/postpro.o obj/intp_usr.o obj/cvode_driver.o obj/nek_comm.o obj/vprops.o obj/makeq_aux.o obj/papi.o obj/nek_in_situ.o obj/reader_rea.o obj/reader_par.o obj/reader_re2.o obj/finiparser.o obj/iniparser.o obj/dictionary.o obj/hpf.o obj/mxm_std.o obj/comm_mpi.o obj/singlmesh.o obj/blas.o obj/dsygv.o -L/homes/vpuri/Nek5000/3rd_party/gslib/lib -lgs 

#############################################################
#                  Compilation successful!                  #
#############################################################
   text	   data	    bss	    dec	    hex	filename
4317804	 159148	893881896	898358848	358bde40	nek5000


build 3rd-party software ...
‘smoothWavyWall.usr’ -> ‘smoothWavyWall.f’
mpif77 -c  -O2 -r8 -Mpreprocess -DMPI -DUNDERSCORE -DTIMER -I/homes/vpuri/NekRoutines/post/geomavg -I/homes/vpuri/Nek5000/core -I./ /homes/vpuri/NekRoutines/post/geomavg/smoothWavyWall.f  -o obj/smoothWavyWall.o 
mpif77  -O2 -r8 -Mpreprocess -DMPI -DUNDERSCORE -DTIMER -I/homes/vpuri/NekRoutines/post/geomavg -I/homes/vpuri/Nek5000/core -I./ -o nek5000 obj/smoothWavyWall.o obj/drive.o obj/drive1.o obj/drive2.o obj/plan5.o obj/plan4.o obj/bdry.o obj/coef.o obj/conduct.o obj/connect1.o obj/connect2.o obj/dssum.o obj/edgec.o obj/eigsolv.o obj/gauss.o obj/genxyz.o obj/navier1.o obj/makeq.o obj/navier0.o obj/navier2.o obj/navier3.o obj/navier4.o obj/prepost.o obj/speclib.o obj/map2.o obj/mvmesh.o obj/ic.o obj/gfldr.o obj/ssolv.o obj/planx.o obj/math.o obj/mxm_wrapper.o obj/hmholtz.o obj/gfdm_par.o obj/gfdm_op.o obj/gfdm_solve.o obj/subs1.o obj/subs2.o obj/genbox.o obj/gmres.o obj/hsmg.o obj/convect.o obj/induct.o obj/perturb.o obj/navier5.o obj/navier6.o obj/navier7.o obj/navier8.o obj/fast3d.o obj/fasts.o obj/calcz.o obj/byte.o obj/chelpers.o obj/byte_mpi.o obj/postpro.o obj/intp_usr.o obj/cvode_driver.o obj/nek_comm.o obj/vprops.o obj/makeq_aux.o obj/papi.o obj/nek_in_situ.o obj/reader_rea.o obj/reader_par.o obj/reader_re2.o obj/finiparser.o obj/iniparser.o obj/dictionary.o obj/hpf.o obj/mxm_std.o obj/comm_mpi.o obj/singlmesh.o obj/blas.o obj/dsygv.o -L/homes/vpuri/Nek5000/3rd_party/gslib/lib -lgs 

#############################################################
#                  Compilation successful!                  #
#############################################################
   text	   data	    bss	    dec	    hex	filename
4317804	 159148	893881896	898358848	358bde40	nek5000


build 3rd-party software ...
‘smoothWavyWall.usr’ -> ‘smoothWavyWall.f’
mpif77 -c  -O2 -r8 -Mpreprocess -DMPI -DUNDERSCORE -DTIMER -I/homes/vpuri/NekRoutines/post/geomavg -I/homes/vpuri/Nek5000/core -I./ /homes/vpuri/NekRoutines/post/geomavg/smoothWavyWall.f  -o obj/smoothWavyWall.o 
mpif77  -O2 -r8 -Mpreprocess -DMPI -DUNDERSCORE -DTIMER -I/homes/vpuri/NekRoutines/post/geomavg -I/homes/vpuri/Nek5000/core -I./ -o nek5000 obj/smoothWavyWall.o obj/drive.o obj/drive1.o obj/drive2.o obj/plan5.o obj/plan4.o obj/bdry.o obj/coef.o obj/conduct.o obj/connect1.o obj/connect2.o obj/dssum.o obj/edgec.o obj/eigsolv.o obj/gauss.o obj/genxyz.o obj/navier1.o obj/makeq.o obj/navier0.o obj/navier2.o obj/navier3.o obj/navier4.o obj/prepost.o obj/speclib.o obj/map2.o obj/mvmesh.o obj/ic.o obj/gfldr.o obj/ssolv.o obj/planx.o obj/math.o obj/mxm_wrapper.o obj/hmholtz.o obj/gfdm_par.o obj/gfdm_op.o obj/gfdm_solve.o obj/subs1.o obj/subs2.o obj/genbox.o obj/gmres.o obj/hsmg.o obj/convect.o obj/induct.o obj/perturb.o obj/navier5.o obj/navier6.o obj/navier7.o obj/navier8.o obj/fast3d.o obj/fasts.o obj/calcz.o obj/byte.o obj/chelpers.o obj/byte_mpi.o obj/postpro.o obj/intp_usr.o obj/cvode_driver.o obj/nek_comm.o obj/vprops.o obj/makeq_aux.o obj/papi.o obj/nek_in_situ.o obj/reader_rea.o obj/reader_par.o obj/reader_re2.o obj/finiparser.o obj/iniparser.o obj/dictionary.o obj/hpf.o obj/mxm_std.o obj/comm_mpi.o obj/singlmesh.o obj/blas.o obj/dsygv.o -L/homes/vpuri/Nek5000/3rd_party/gslib/lib -lgs 

#############################################################
#                  Compilation successful!                  #
#############################################################
   text	   data	    bss	    dec	    hex	filename
4317804	 159148	893881896	898358848	358bde40	nek5000


build 3rd-party software ...
‘smoothWavyWall.usr’ -> ‘smoothWavyWall.f’
mpif77 -c  -O2 -r8 -Mpreprocess -DMPI -DUNDERSCORE -DTIMER -I/homes/vpuri/NekRoutines/post/geomavg -I/homes/vpuri/Nek5000/core -I./ /homes/vpuri/NekRoutines/post/geomavg/smoothWavyWall.f  -o obj/smoothWavyWall.o 
mpif77  -O2 -r8 -Mpreprocess -DMPI -DUNDERSCORE -DTIMER -I/homes/vpuri/NekRoutines/post/geomavg -I/homes/vpuri/Nek5000/core -I./ -o nek5000 obj/smoothWavyWall.o obj/drive.o obj/drive1.o obj/drive2.o obj/plan5.o obj/plan4.o obj/bdry.o obj/coef.o obj/conduct.o obj/connect1.o obj/connect2.o obj/dssum.o obj/edgec.o obj/eigsolv.o obj/gauss.o obj/genxyz.o obj/navier1.o obj/makeq.o obj/navier0.o obj/navier2.o obj/navier3.o obj/navier4.o obj/prepost.o obj/speclib.o obj/map2.o obj/mvmesh.o obj/ic.o obj/gfldr.o obj/ssolv.o obj/planx.o obj/math.o obj/mxm_wrapper.o obj/hmholtz.o obj/gfdm_par.o obj/gfdm_op.o obj/gfdm_solve.o obj/subs1.o obj/subs2.o obj/genbox.o obj/gmres.o obj/hsmg.o obj/convect.o obj/induct.o obj/perturb.o obj/navier5.o obj/navier6.o obj/navier7.o obj/navier8.o obj/fast3d.o obj/fasts.o obj/calcz.o obj/byte.o obj/chelpers.o obj/byte_mpi.o obj/postpro.o obj/intp_usr.o obj/cvode_driver.o obj/nek_comm.o obj/vprops.o obj/makeq_aux.o obj/papi.o obj/nek_in_situ.o obj/reader_rea.o obj/reader_par.o obj/reader_re2.o obj/finiparser.o obj/iniparser.o obj/dictionary.o obj/hpf.o obj/mxm_std.o obj/comm_mpi.o obj/singlmesh.o obj/blas.o obj/dsygv.o -L/homes/vpuri/Nek5000/3rd_party/gslib/lib -lgs 

#############################################################
#                  Compilation successful!                  #
#############################################################
   text	   data	    bss	    dec	    hex	filename
4317836	 159148	893881896	898358880	358bde60	nek5000


