build 3rd-party software ...
ftn -c  -O2 -O3 -r8 -fpconstant -fpp -craympich-dpm -r8 -fpconstant -fpp -DMPI -DUNDERSCORE -DTIMER -I/projects/wall_turb_dd/vpuri/NekTools/ww -I/lus/theta-fs0/projects/wall_turb_dd/vpuri/Nek5000-v17/core -I./ /lus/theta-fs0/projects/wall_turb_dd/vpuri/Nek5000-v17/core/drive.f -o obj/drive.o
ftn -c  -O2 -O3 -r8 -fpconstant -fpp -craympich-dpm -r8 -fpconstant -fpp -DMPI -DUNDERSCORE -DTIMER -I/projects/wall_turb_dd/vpuri/NekTools/ww -I/lus/theta-fs0/projects/wall_turb_dd/vpuri/Nek5000-v17/core -I./ /lus/theta-fs0/projects/wall_turb_dd/vpuri/Nek5000-v17/core/drive1.f -o obj/drive1.o
ftn -c  -O2 -O3 -r8 -fpconstant -fpp -craympich-dpm -r8 -fpconstant -fpp -DMPI -DUNDERSCORE -DTIMER -I/projects/wall_turb_dd/vpuri/NekTools/ww -I/lus/theta-fs0/projects/wall_turb_dd/vpuri/Nek5000-v17/core -I./ /lus/theta-fs0/projects/wall_turb_dd/vpuri/Nek5000-v17/core/drive2.f -o obj/drive2.o
ftn -c  -O2 -O3 -r8 -fpconstant -fpp -craympich-dpm -r8 -fpconstant -fpp -DMPI -DUNDERSCORE -DTIMER -I/projects/wall_turb_dd/vpuri/NekTools/ww -I/lus/theta-fs0/projects/wall_turb_dd/vpuri/Nek5000-v17/core -I./ /lus/theta-fs0/projects/wall_turb_dd/vpuri/Nek5000-v17/core/plan5.f -o obj/plan5.o
ftn -c  -O2 -O3 -r8 -fpconstant -fpp -craympich-dpm -r8 -fpconstant -fpp -DMPI -DUNDERSCORE -DTIMER -I/projects/wall_turb_dd/vpuri/NekTools/ww -I/lus/theta-fs0/projects/wall_turb_dd/vpuri/Nek5000-v17/core -I./ /lus/theta-fs0/projects/wall_turb_dd/vpuri/Nek5000-v17/core/plan4.f -o obj/plan4.o
ftn -c  -O2 -O3 -r8 -fpconstant -fpp -craympich-dpm -r8 -fpconstant -fpp -DMPI -DUNDERSCORE -DTIMER -I/projects/wall_turb_dd/vpuri/NekTools/ww -I/lus/theta-fs0/projects/wall_turb_dd/vpuri/Nek5000-v17/core -I./ /lus/theta-fs0/projects/wall_turb_dd/vpuri/Nek5000-v17/core/bdry.f -o obj/bdry.o
ftn -c  -O2 -O3 -r8 -fpconstant -fpp -craympich-dpm -r8 -fpconstant -fpp -DMPI -DUNDERSCORE -DTIMER -I/projects/wall_turb_dd/vpuri/NekTools/ww -I/lus/theta-fs0/projects/wall_turb_dd/vpuri/Nek5000-v17/core -I./ /lus/theta-fs0/projects/wall_turb_dd/vpuri/Nek5000-v17/core/coef.f -o obj/coef.o
ftn -c  -O2 -O3 -r8 -fpconstant -fpp -craympich-dpm -r8 -fpconstant -fpp -DMPI -DUNDERSCORE -DTIMER -I/projects/wall_turb_dd/vpuri/NekTools/ww -I/lus/theta-fs0/projects/wall_turb_dd/vpuri/Nek5000-v17/core -I./ /lus/theta-fs0/projects/wall_turb_dd/vpuri/Nek5000-v17/core/conduct.f -o obj/conduct.o
ftn -c  -O2 -O3 -r8 -fpconstant -fpp -craympich-dpm -r8 -fpconstant -fpp -DMPI -DUNDERSCORE -DTIMER -I/projects/wall_turb_dd/vpuri/NekTools/ww -I/lus/theta-fs0/projects/wall_turb_dd/vpuri/Nek5000-v17/core -I./ /lus/theta-fs0/projects/wall_turb_dd/vpuri/Nek5000-v17/core/connect1.f -o obj/connect1.o
ftn -c  -O2 -O3 -r8 -fpconstant -fpp -craympich-dpm -r8 -fpconstant -fpp -DMPI -DUNDERSCORE -DTIMER -I/projects/wall_turb_dd/vpuri/NekTools/ww -I/lus/theta-fs0/projects/wall_turb_dd/vpuri/Nek5000-v17/core -I./ /lus/theta-fs0/projects/wall_turb_dd/vpuri/Nek5000-v17/core/connect2.f -o obj/connect2.o
ftn -c  -O2 -O3 -r8 -fpconstant -fpp -craympich-dpm -r8 -fpconstant -fpp -DMPI -DUNDERSCORE -DTIMER -I/projects/wall_turb_dd/vpuri/NekTools/ww -I/lus/theta-fs0/projects/wall_turb_dd/vpuri/Nek5000-v17/core -I./ /lus/theta-fs0/projects/wall_turb_dd/vpuri/Nek5000-v17/core/dssum.f -o obj/dssum.o
ftn -c  -O2 -O3 -r8 -fpconstant -fpp -craympich-dpm -r8 -fpconstant -fpp -DMPI -DUNDERSCORE -DTIMER -I/projects/wall_turb_dd/vpuri/NekTools/ww -I/lus/theta-fs0/projects/wall_turb_dd/vpuri/Nek5000-v17/core -I./ /lus/theta-fs0/projects/wall_turb_dd/vpuri/Nek5000-v17/core/edgec.f -o obj/edgec.o
ftn -c  -O2 -O3 -r8 -fpconstant -fpp -craympich-dpm -r8 -fpconstant -fpp -DMPI -DUNDERSCORE -DTIMER -I/projects/wall_turb_dd/vpuri/NekTools/ww -I/lus/theta-fs0/projects/wall_turb_dd/vpuri/Nek5000-v17/core -I./ /lus/theta-fs0/projects/wall_turb_dd/vpuri/Nek5000-v17/core/eigsolv.f -o obj/eigsolv.o
ftn -c  -O2 -O3 -r8 -fpconstant -fpp -craympich-dpm -r8 -fpconstant -fpp -DMPI -DUNDERSCORE -DTIMER -I/projects/wall_turb_dd/vpuri/NekTools/ww -I/lus/theta-fs0/projects/wall_turb_dd/vpuri/Nek5000-v17/core -I./ /lus/theta-fs0/projects/wall_turb_dd/vpuri/Nek5000-v17/core/gauss.f -o obj/gauss.o
ftn -c  -O2 -O3 -r8 -fpconstant -fpp -craympich-dpm -r8 -fpconstant -fpp -DMPI -DUNDERSCORE -DTIMER -I/projects/wall_turb_dd/vpuri/NekTools/ww -I/lus/theta-fs0/projects/wall_turb_dd/vpuri/Nek5000-v17/core -I./ /lus/theta-fs0/projects/wall_turb_dd/vpuri/Nek5000-v17/core/genxyz.f -o obj/genxyz.o
ftn -c  -O2 -O3 -r8 -fpconstant -fpp -craympich-dpm -r8 -fpconstant -fpp -DMPI -DUNDERSCORE -DTIMER -I/projects/wall_turb_dd/vpuri/NekTools/ww -I/lus/theta-fs0/projects/wall_turb_dd/vpuri/Nek5000-v17/core -I./ /lus/theta-fs0/projects/wall_turb_dd/vpuri/Nek5000-v17/core/navier1.f -o obj/navier1.o
ftn -c  -O2 -O3 -r8 -fpconstant -fpp -craympich-dpm -r8 -fpconstant -fpp -DMPI -DUNDERSCORE -DTIMER -I/projects/wall_turb_dd/vpuri/NekTools/ww -I/lus/theta-fs0/projects/wall_turb_dd/vpuri/Nek5000-v17/core -I./ /lus/theta-fs0/projects/wall_turb_dd/vpuri/Nek5000-v17/core/makeq.f -o obj/makeq.o
ftn -c  -O2 -O3 -r8 -fpconstant -fpp -craympich-dpm -r8 -fpconstant -fpp -DMPI -DUNDERSCORE -DTIMER -I/projects/wall_turb_dd/vpuri/NekTools/ww -I/lus/theta-fs0/projects/wall_turb_dd/vpuri/Nek5000-v17/core -I./ /lus/theta-fs0/projects/wall_turb_dd/vpuri/Nek5000-v17/core/navier0.f -o obj/navier0.o
ftn -c  -O2 -O3 -r8 -fpconstant -fpp -craympich-dpm -r8 -fpconstant -fpp -DMPI -DUNDERSCORE -DTIMER -I/projects/wall_turb_dd/vpuri/NekTools/ww -I/lus/theta-fs0/projects/wall_turb_dd/vpuri/Nek5000-v17/core -I./ /lus/theta-fs0/projects/wall_turb_dd/vpuri/Nek5000-v17/core/navier2.f -o obj/navier2.o
ftn -c  -O2 -O3 -r8 -fpconstant -fpp -craympich-dpm -r8 -fpconstant -fpp -DMPI -DUNDERSCORE -DTIMER -I/projects/wall_turb_dd/vpuri/NekTools/ww -I/lus/theta-fs0/projects/wall_turb_dd/vpuri/Nek5000-v17/core -I./ /lus/theta-fs0/projects/wall_turb_dd/vpuri/Nek5000-v17/core/navier3.f -o obj/navier3.o
/lus/theta-fs0/projects/wall_turb_dd/vpuri/Nek5000-v17/core/navier1.f(3253): warning #6371: A jump into a block from outside the block may have occurred.   [101]
      if (.not. ifdeal(ifield)) goto 101
-------------------------------------^
ftn -c  -O2 -O3 -r8 -fpconstant -fpp -craympich-dpm -r8 -fpconstant -fpp -DMPI -DUNDERSCORE -DTIMER -I/projects/wall_turb_dd/vpuri/NekTools/ww -I/lus/theta-fs0/projects/wall_turb_dd/vpuri/Nek5000-v17/core -I./ /lus/theta-fs0/projects/wall_turb_dd/vpuri/Nek5000-v17/core/navier4.f -o obj/navier4.o
ftn -c  -O2 -O3 -r8 -fpconstant -fpp -craympich-dpm -r8 -fpconstant -fpp -DMPI -DUNDERSCORE -DTIMER -I/projects/wall_turb_dd/vpuri/NekTools/ww -I/lus/theta-fs0/projects/wall_turb_dd/vpuri/Nek5000-v17/core -I./ /lus/theta-fs0/projects/wall_turb_dd/vpuri/Nek5000-v17/core/prepost.f -o obj/prepost.o
ftn -c  -O2 -O3 -r8 -fpconstant -fpp -craympich-dpm -r8 -fpconstant -fpp -DMPI -DUNDERSCORE -DTIMER -I/projects/wall_turb_dd/vpuri/NekTools/ww -I/lus/theta-fs0/projects/wall_turb_dd/vpuri/Nek5000-v17/core -I./ /lus/theta-fs0/projects/wall_turb_dd/vpuri/Nek5000-v17/core/speclib.f -o obj/speclib.o
ftn -c  -O2 -O3 -r8 -fpconstant -fpp -craympich-dpm -r8 -fpconstant -fpp -DMPI -DUNDERSCORE -DTIMER -I/projects/wall_turb_dd/vpuri/NekTools/ww -I/lus/theta-fs0/projects/wall_turb_dd/vpuri/Nek5000-v17/core -I./ /lus/theta-fs0/projects/wall_turb_dd/vpuri/Nek5000-v17/core/map2.f -o obj/map2.o
ftn -c  -O2 -O3 -r8 -fpconstant -fpp -craympich-dpm -r8 -fpconstant -fpp -DMPI -DUNDERSCORE -DTIMER -I/projects/wall_turb_dd/vpuri/NekTools/ww -I/lus/theta-fs0/projects/wall_turb_dd/vpuri/Nek5000-v17/core -I./ /lus/theta-fs0/projects/wall_turb_dd/vpuri/Nek5000-v17/core/mvmesh.f -o obj/mvmesh.o
ftn -c  -O2 -O3 -r8 -fpconstant -fpp -craympich-dpm -r8 -fpconstant -fpp -DMPI -DUNDERSCORE -DTIMER -I/projects/wall_turb_dd/vpuri/NekTools/ww -I/lus/theta-fs0/projects/wall_turb_dd/vpuri/Nek5000-v17/core -I./ /lus/theta-fs0/projects/wall_turb_dd/vpuri/Nek5000-v17/core/ic.f -o obj/ic.o
ftn -c  -O2 -O3 -r8 -fpconstant -fpp -craympich-dpm -r8 -fpconstant -fpp -DMPI -DUNDERSCORE -DTIMER -I/projects/wall_turb_dd/vpuri/NekTools/ww -I/lus/theta-fs0/projects/wall_turb_dd/vpuri/Nek5000-v17/core -I./ /lus/theta-fs0/projects/wall_turb_dd/vpuri/Nek5000-v17/core/gfldr.f -o obj/gfldr.o
/lus/theta-fs0/projects/wall_turb_dd/vpuri/Nek5000-v17/core/gfldr.f(149): remark #8291: Recommended relationship between field width 'W' and the number of fractional digits 'D' in this edit descriptor is 'W>=D+7'.
      if(nio.eq.0) write(6,'(A,1(1g8.2),A)')
-----------------------------------^
ftn -c  -O2 -O3 -r8 -fpconstant -fpp -craympich-dpm -r8 -fpconstant -fpp -DMPI -DUNDERSCORE -DTIMER -I/projects/wall_turb_dd/vpuri/NekTools/ww -I/lus/theta-fs0/projects/wall_turb_dd/vpuri/Nek5000-v17/core -I./ /lus/theta-fs0/projects/wall_turb_dd/vpuri/Nek5000-v17/core/ssolv.f -o obj/ssolv.o
ftn -c  -O2 -O3 -r8 -fpconstant -fpp -craympich-dpm -r8 -fpconstant -fpp -DMPI -DUNDERSCORE -DTIMER -I/projects/wall_turb_dd/vpuri/NekTools/ww -I/lus/theta-fs0/projects/wall_turb_dd/vpuri/Nek5000-v17/core -I./ /lus/theta-fs0/projects/wall_turb_dd/vpuri/Nek5000-v17/core/planx.f -o obj/planx.o
ftn -c  -O3 -O3 -r8 -fpconstant -fpp -craympich-dpm -r8 -fpconstant -fpp -DMPI -DUNDERSCORE -DTIMER -I/projects/wall_turb_dd/vpuri/NekTools/ww -I/lus/theta-fs0/projects/wall_turb_dd/vpuri/Nek5000-v17/core -I./ /lus/theta-fs0/projects/wall_turb_dd/vpuri/Nek5000-v17/core/math.f -o obj/math.o
ftn -c  -O2 -O3 -r8 -fpconstant -fpp -craympich-dpm -r8 -fpconstant -fpp -DMPI -DUNDERSCORE -DTIMER -I/projects/wall_turb_dd/vpuri/NekTools/ww -I/lus/theta-fs0/projects/wall_turb_dd/vpuri/Nek5000-v17/core -I./ /lus/theta-fs0/projects/wall_turb_dd/vpuri/Nek5000-v17/core/mxm_wrapper.f -o obj/mxm_wrapper.o 
ftn -c  -O2 -O3 -r8 -fpconstant -fpp -craympich-dpm -r8 -fpconstant -fpp -DMPI -DUNDERSCORE -DTIMER -I/projects/wall_turb_dd/vpuri/NekTools/ww -I/lus/theta-fs0/projects/wall_turb_dd/vpuri/Nek5000-v17/core -I./ /lus/theta-fs0/projects/wall_turb_dd/vpuri/Nek5000-v17/core/hmholtz.f -o obj/hmholtz.o
ftn -c  -O2 -O3 -r8 -fpconstant -fpp -craympich-dpm -r8 -fpconstant -fpp -DMPI -DUNDERSCORE -DTIMER -I/projects/wall_turb_dd/vpuri/NekTools/ww -I/lus/theta-fs0/projects/wall_turb_dd/vpuri/Nek5000-v17/core -I./ /lus/theta-fs0/projects/wall_turb_dd/vpuri/Nek5000-v17/core/gfdm_par.f -o obj/gfdm_par.o
ftn -c  -O2 -O3 -r8 -fpconstant -fpp -craympich-dpm -r8 -fpconstant -fpp -DMPI -DUNDERSCORE -DTIMER -I/projects/wall_turb_dd/vpuri/NekTools/ww -I/lus/theta-fs0/projects/wall_turb_dd/vpuri/Nek5000-v17/core -I./ /lus/theta-fs0/projects/wall_turb_dd/vpuri/Nek5000-v17/core/gfdm_op.f -o obj/gfdm_op.o
ftn -c  -O2 -O3 -r8 -fpconstant -fpp -craympich-dpm -r8 -fpconstant -fpp -DMPI -DUNDERSCORE -DTIMER -I/projects/wall_turb_dd/vpuri/NekTools/ww -I/lus/theta-fs0/projects/wall_turb_dd/vpuri/Nek5000-v17/core -I./ /lus/theta-fs0/projects/wall_turb_dd/vpuri/Nek5000-v17/core/gfdm_solve.f -o obj/gfdm_solve.o
ftn -c  -O2 -O3 -r8 -fpconstant -fpp -craympich-dpm -r8 -fpconstant -fpp -DMPI -DUNDERSCORE -DTIMER -I/projects/wall_turb_dd/vpuri/NekTools/ww -I/lus/theta-fs0/projects/wall_turb_dd/vpuri/Nek5000-v17/core -I./ /lus/theta-fs0/projects/wall_turb_dd/vpuri/Nek5000-v17/core/subs1.f -o obj/subs1.o
ftn -c  -O2 -O3 -r8 -fpconstant -fpp -craympich-dpm -r8 -fpconstant -fpp -DMPI -DUNDERSCORE -DTIMER -I/projects/wall_turb_dd/vpuri/NekTools/ww -I/lus/theta-fs0/projects/wall_turb_dd/vpuri/Nek5000-v17/core -I./ /lus/theta-fs0/projects/wall_turb_dd/vpuri/Nek5000-v17/core/subs2.f -o obj/subs2.o
ftn -c  -O2 -O3 -r8 -fpconstant -fpp -craympich-dpm -r8 -fpconstant -fpp -DMPI -DUNDERSCORE -DTIMER -I/projects/wall_turb_dd/vpuri/NekTools/ww -I/lus/theta-fs0/projects/wall_turb_dd/vpuri/Nek5000-v17/core -I./ /lus/theta-fs0/projects/wall_turb_dd/vpuri/Nek5000-v17/core/genbox.f -o obj/genbox.o
ftn -c  -O2 -O3 -r8 -fpconstant -fpp -craympich-dpm -r8 -fpconstant -fpp -DMPI -DUNDERSCORE -DTIMER -I/projects/wall_turb_dd/vpuri/NekTools/ww -I/lus/theta-fs0/projects/wall_turb_dd/vpuri/Nek5000-v17/core -I./ /lus/theta-fs0/projects/wall_turb_dd/vpuri/Nek5000-v17/core/gmres.f -o obj/gmres.o
ftn -c  -O2 -O3 -r8 -fpconstant -fpp -craympich-dpm -r8 -fpconstant -fpp -DMPI -DUNDERSCORE -DTIMER -I/projects/wall_turb_dd/vpuri/NekTools/ww -I/lus/theta-fs0/projects/wall_turb_dd/vpuri/Nek5000-v17/core -I./ /lus/theta-fs0/projects/wall_turb_dd/vpuri/Nek5000-v17/core/hsmg.f -o obj/hsmg.o
ftn -c  -O2 -O3 -r8 -fpconstant -fpp -craympich-dpm -r8 -fpconstant -fpp -DMPI -DUNDERSCORE -DTIMER -I/projects/wall_turb_dd/vpuri/NekTools/ww -I/lus/theta-fs0/projects/wall_turb_dd/vpuri/Nek5000-v17/core -I./ /lus/theta-fs0/projects/wall_turb_dd/vpuri/Nek5000-v17/core/convect.f -o obj/convect.o
ftn -c  -O2 -O3 -r8 -fpconstant -fpp -craympich-dpm -r8 -fpconstant -fpp -DMPI -DUNDERSCORE -DTIMER -I/projects/wall_turb_dd/vpuri/NekTools/ww -I/lus/theta-fs0/projects/wall_turb_dd/vpuri/Nek5000-v17/core -I./ /lus/theta-fs0/projects/wall_turb_dd/vpuri/Nek5000-v17/core/induct.f -o obj/induct.o
ftn -c  -O2 -O3 -r8 -fpconstant -fpp -craympich-dpm -r8 -fpconstant -fpp -DMPI -DUNDERSCORE -DTIMER -I/projects/wall_turb_dd/vpuri/NekTools/ww -I/lus/theta-fs0/projects/wall_turb_dd/vpuri/Nek5000-v17/core -I./ /lus/theta-fs0/projects/wall_turb_dd/vpuri/Nek5000-v17/core/perturb.f -o obj/perturb.o
ftn -c  -O2 -O3 -r8 -fpconstant -fpp -craympich-dpm -r8 -fpconstant -fpp -DMPI -DUNDERSCORE -DTIMER -I/projects/wall_turb_dd/vpuri/NekTools/ww -I/lus/theta-fs0/projects/wall_turb_dd/vpuri/Nek5000-v17/core -I./ /lus/theta-fs0/projects/wall_turb_dd/vpuri/Nek5000-v17/core/navier5.f -o obj/navier5.o
ftn -c  -O2 -O3 -r8 -fpconstant -fpp -craympich-dpm -r8 -fpconstant -fpp -DMPI -DUNDERSCORE -DTIMER -I/projects/wall_turb_dd/vpuri/NekTools/ww -I/lus/theta-fs0/projects/wall_turb_dd/vpuri/Nek5000-v17/core -I./ /lus/theta-fs0/projects/wall_turb_dd/vpuri/Nek5000-v17/core/navier6.f -o obj/navier6.o
ftn -c  -O2 -O3 -r8 -fpconstant -fpp -craympich-dpm -r8 -fpconstant -fpp -DMPI -DUNDERSCORE -DTIMER -I/projects/wall_turb_dd/vpuri/NekTools/ww -I/lus/theta-fs0/projects/wall_turb_dd/vpuri/Nek5000-v17/core -I./ /lus/theta-fs0/projects/wall_turb_dd/vpuri/Nek5000-v17/core/navier7.f -o obj/navier7.o
ftn -c  -O2 -O3 -r8 -fpconstant -fpp -craympich-dpm -r8 -fpconstant -fpp -DMPI -DUNDERSCORE -DTIMER -I/projects/wall_turb_dd/vpuri/NekTools/ww -I/lus/theta-fs0/projects/wall_turb_dd/vpuri/Nek5000-v17/core -I./ /lus/theta-fs0/projects/wall_turb_dd/vpuri/Nek5000-v17/core/navier8.f -o obj/navier8.o
ftn -c  -O2 -O3 -r8 -fpconstant -fpp -craympich-dpm -r8 -fpconstant -fpp -DMPI -DUNDERSCORE -DTIMER -I/projects/wall_turb_dd/vpuri/NekTools/ww -I/lus/theta-fs0/projects/wall_turb_dd/vpuri/Nek5000-v17/core -I./ /lus/theta-fs0/projects/wall_turb_dd/vpuri/Nek5000-v17/core/fast3d.f -o obj/fast3d.o
ftn -c  -O2 -O3 -r8 -fpconstant -fpp -craympich-dpm -r8 -fpconstant -fpp -DMPI -DUNDERSCORE -DTIMER -I/projects/wall_turb_dd/vpuri/NekTools/ww -I/lus/theta-fs0/projects/wall_turb_dd/vpuri/Nek5000-v17/core -I./ /lus/theta-fs0/projects/wall_turb_dd/vpuri/Nek5000-v17/core/fasts.f -o obj/fasts.o
ftn -c  -O2 -O3 -r8 -fpconstant -fpp -craympich-dpm -r8 -fpconstant -fpp -DMPI -DUNDERSCORE -DTIMER -I/projects/wall_turb_dd/vpuri/NekTools/ww -I/lus/theta-fs0/projects/wall_turb_dd/vpuri/Nek5000-v17/core -I./ /lus/theta-fs0/projects/wall_turb_dd/vpuri/Nek5000-v17/core/calcz.f -o obj/calcz.o
cc -c  -O2 -O3 -craympich-dpm -DMPI -DUNDERSCORE -DTIMER /lus/theta-fs0/projects/wall_turb_dd/vpuri/Nek5000-v17/core/byte.c -o obj/byte.o
cc -c  -O2 -O3 -craympich-dpm -DMPI -DUNDERSCORE -DTIMER /lus/theta-fs0/projects/wall_turb_dd/vpuri/Nek5000-v17/core/chelpers.c -o obj/chelpers.o
ftn -c  -O2 -O3 -r8 -fpconstant -fpp -craympich-dpm -r8 -fpconstant -fpp -DMPI -DUNDERSCORE -DTIMER -I/projects/wall_turb_dd/vpuri/NekTools/ww -I/lus/theta-fs0/projects/wall_turb_dd/vpuri/Nek5000-v17/core -I./ /lus/theta-fs0/projects/wall_turb_dd/vpuri/Nek5000-v17/core/byte_mpi.f -o obj/byte_mpi.o
ftn -c  -O2 -O3 -r8 -fpconstant -fpp -craympich-dpm -r8 -fpconstant -fpp -DMPI -DUNDERSCORE -DTIMER -I/projects/wall_turb_dd/vpuri/NekTools/ww -I/lus/theta-fs0/projects/wall_turb_dd/vpuri/Nek5000-v17/core -I./ /lus/theta-fs0/projects/wall_turb_dd/vpuri/Nek5000-v17/core/postpro.f -o obj/postpro.o
ftn -c  -O2 -O3 -r8 -fpconstant -fpp -craympich-dpm -r8 -fpconstant -fpp -DMPI -DUNDERSCORE -DTIMER -I/projects/wall_turb_dd/vpuri/NekTools/ww -I/lus/theta-fs0/projects/wall_turb_dd/vpuri/Nek5000-v17/core -I./ /lus/theta-fs0/projects/wall_turb_dd/vpuri/Nek5000-v17/core/intp_usr.f -o obj/intp_usr.o
ftn -c  -O2 -O3 -r8 -fpconstant -fpp -craympich-dpm -r8 -fpconstant -fpp -DMPI -DUNDERSCORE -DTIMER -I/projects/wall_turb_dd/vpuri/NekTools/ww -I/lus/theta-fs0/projects/wall_turb_dd/vpuri/Nek5000-v17/core -I./ /lus/theta-fs0/projects/wall_turb_dd/vpuri/Nek5000-v17/core/cvode_driver.f -o obj/cvode_driver.o
cc -c  -O2 -O3 -craympich-dpm -DMPI -DUNDERSCORE -DTIMER /lus/theta-fs0/projects/wall_turb_dd/vpuri/Nek5000-v17/core/nek_comm.c -o obj/nek_comm.o
ftn -c  -O2 -O3 -r8 -fpconstant -fpp -craympich-dpm -r8 -fpconstant -fpp -DMPI -DUNDERSCORE -DTIMER -I/projects/wall_turb_dd/vpuri/NekTools/ww -I/lus/theta-fs0/projects/wall_turb_dd/vpuri/Nek5000-v17/core -I./ /lus/theta-fs0/projects/wall_turb_dd/vpuri/Nek5000-v17/core/vprops.f -o obj/vprops.o
ftn -c  -O2 -O3 -r8 -fpconstant -fpp -craympich-dpm -r8 -fpconstant -fpp -DMPI -DUNDERSCORE -DTIMER -I/projects/wall_turb_dd/vpuri/NekTools/ww -I/lus/theta-fs0/projects/wall_turb_dd/vpuri/Nek5000-v17/core -I./ /lus/theta-fs0/projects/wall_turb_dd/vpuri/Nek5000-v17/core/makeq_aux.f -o obj/makeq_aux.o
ftn -c  -O2 -O3 -r8 -fpconstant -fpp -craympich-dpm -r8 -fpconstant -fpp -DMPI -DUNDERSCORE -DTIMER -I/projects/wall_turb_dd/vpuri/NekTools/ww -I/lus/theta-fs0/projects/wall_turb_dd/vpuri/Nek5000-v17/core -I./ /lus/theta-fs0/projects/wall_turb_dd/vpuri/Nek5000-v17/core/papi.f -o obj/papi.o
ftn -c   -O2 -O3 -r8 -fpconstant -fpp -craympich-dpm -r8 -fpconstant -fpp -DMPI -DUNDERSCORE -DTIMER -I/projects/wall_turb_dd/vpuri/NekTools/ww -I/lus/theta-fs0/projects/wall_turb_dd/vpuri/Nek5000-v17/core -I./ /lus/theta-fs0/projects/wall_turb_dd/vpuri/Nek5000-v17/core/3rd_party/nek_in_situ.f -o obj/nek_in_situ.o
ftn -c  -O2 -O3 -r8 -fpconstant -fpp -craympich-dpm -r8 -fpconstant -fpp -DMPI -DUNDERSCORE -DTIMER -I/projects/wall_turb_dd/vpuri/NekTools/ww -I/lus/theta-fs0/projects/wall_turb_dd/vpuri/Nek5000-v17/core -I./ /lus/theta-fs0/projects/wall_turb_dd/vpuri/Nek5000-v17/core/reader_rea.f -o obj/reader_rea.o
ftn -c  -O2 -O3 -r8 -fpconstant -fpp -craympich-dpm -r8 -fpconstant -fpp -DMPI -DUNDERSCORE -DTIMER -I/projects/wall_turb_dd/vpuri/NekTools/ww -I/lus/theta-fs0/projects/wall_turb_dd/vpuri/Nek5000-v17/core -I./ /lus/theta-fs0/projects/wall_turb_dd/vpuri/Nek5000-v17/core/reader_par.f -o obj/reader_par.o
ftn -c  -O2 -O3 -r8 -fpconstant -fpp -craympich-dpm -r8 -fpconstant -fpp -DMPI -DUNDERSCORE -DTIMER -I/projects/wall_turb_dd/vpuri/NekTools/ww -I/lus/theta-fs0/projects/wall_turb_dd/vpuri/Nek5000-v17/core -I./ /lus/theta-fs0/projects/wall_turb_dd/vpuri/Nek5000-v17/core/reader_re2.f -o obj/reader_re2.o
cc  -c  -O2 -O3 -craympich-dpm -DMPI -DUNDERSCORE -DTIMER  /lus/theta-fs0/projects/wall_turb_dd/vpuri/Nek5000-v17/core/3rd_party/finiparser.c -o obj/finiparser.o
/lus/theta-fs0/projects/wall_turb_dd/vpuri/Nek5000-v17/core/reader_re2.f(61): remark #8291: Recommended relationship between field width 'W' and the number of fractional digits 'D' in this edit descriptor is 'W>=D+7'.
      if(nio.eq.0) write(6,'(A,1(1g8.2),A,/)')
-----------------------------------^
cc  -c  -O2 -O3 -craympich-dpm -DMPI -DUNDERSCORE -DTIMER  /lus/theta-fs0/projects/wall_turb_dd/vpuri/Nek5000-v17/core/3rd_party/iniparser.c -o obj/iniparser.o
cc  -c  -O2 -O3 -craympich-dpm -DMPI -DUNDERSCORE -DTIMER  /lus/theta-fs0/projects/wall_turb_dd/vpuri/Nek5000-v17/core/3rd_party/dictionary.c -o obj/dictionary.o
ftn -c  -O2 -O3 -r8 -fpconstant -fpp -craympich-dpm -r8 -fpconstant -fpp -DMPI -DUNDERSCORE -DTIMER -I/projects/wall_turb_dd/vpuri/NekTools/ww -I/lus/theta-fs0/projects/wall_turb_dd/vpuri/Nek5000-v17/core -I./ /lus/theta-fs0/projects/wall_turb_dd/vpuri/Nek5000-v17/core/hpf.f -o obj/hpf.o
ftn -c  -O3 -O3 -r8 -fpconstant -fpp -craympich-dpm -r8 -fpconstant -fpp -DMPI -DUNDERSCORE -DTIMER -I/projects/wall_turb_dd/vpuri/NekTools/ww -I/lus/theta-fs0/projects/wall_turb_dd/vpuri/Nek5000-v17/core -I./ /lus/theta-fs0/projects/wall_turb_dd/vpuri/Nek5000-v17/core/mxm_std.f -o obj/mxm_std.o
ftn -c  -O2 -O3 -r8 -fpconstant -fpp -craympich-dpm -r8 -fpconstant -fpp -DMPI -DUNDERSCORE -DTIMER -I/projects/wall_turb_dd/vpuri/NekTools/ww -I/lus/theta-fs0/projects/wall_turb_dd/vpuri/Nek5000-v17/core -I./ /lus/theta-fs0/projects/wall_turb_dd/vpuri/Nek5000-v17/core/comm_mpi.f -o obj/comm_mpi.o
ftn -c  -O2 -O3 -r8 -fpconstant -fpp -craympich-dpm -r8 -fpconstant -fpp -DMPI -DUNDERSCORE -DTIMER -I/projects/wall_turb_dd/vpuri/NekTools/ww -I/lus/theta-fs0/projects/wall_turb_dd/vpuri/Nek5000-v17/core -I./ /lus/theta-fs0/projects/wall_turb_dd/vpuri/Nek5000-v17/core/singlmesh.f -o obj/singlmesh.o
/lus/theta-fs0/projects/wall_turb_dd/vpuri/Nek5000-v17/core/comm_mpi.f(91): remark #8291: Recommended relationship between field width 'W' and the number of fractional digits 'D' in this edit descriptor is 'W>=D+7'.
         WRITE(6,'(A,1pE8.2)') ' Timer accuracy      : ',edif
------------------------^
ftn -c  -O0 -DMPI -DUNDERSCORE -DTIMER /lus/theta-fs0/projects/wall_turb_dd/vpuri/Nek5000-v17/core/3rd_party/blas.f -o obj/blas.o
ftn -c  -O0 -DMPI -DUNDERSCORE -DTIMER /lus/theta-fs0/projects/wall_turb_dd/vpuri/Nek5000-v17/core/3rd_party/dsygv.f -o obj/dsygv.o
'smoothWavyWall.usr' -> 'smoothWavyWall.f'
ftn -c  -O2 -O3 -r8 -fpconstant -fpp -craympich-dpm -r8 -fpconstant -fpp -DMPI -DUNDERSCORE -DTIMER -I/projects/wall_turb_dd/vpuri/NekTools/ww -I/lus/theta-fs0/projects/wall_turb_dd/vpuri/Nek5000-v17/core -I./ /projects/wall_turb_dd/vpuri/NekTools/ww/smoothWavyWall.f  -o obj/smoothWavyWall.o 
ftn  -O2 -O3 -r8 -fpconstant -fpp -craympich-dpm -r8 -fpconstant -fpp -DMPI -DUNDERSCORE -DTIMER -I/projects/wall_turb_dd/vpuri/NekTools/ww -I/lus/theta-fs0/projects/wall_turb_dd/vpuri/Nek5000-v17/core -I./ -o nek5000 obj/smoothWavyWall.o obj/drive.o obj/drive1.o obj/drive2.o obj/plan5.o obj/plan4.o obj/bdry.o obj/coef.o obj/conduct.o obj/connect1.o obj/connect2.o obj/dssum.o obj/edgec.o obj/eigsolv.o obj/gauss.o obj/genxyz.o obj/navier1.o obj/makeq.o obj/navier0.o obj/navier2.o obj/navier3.o obj/navier4.o obj/prepost.o obj/speclib.o obj/map2.o obj/mvmesh.o obj/ic.o obj/gfldr.o obj/ssolv.o obj/planx.o obj/math.o obj/mxm_wrapper.o obj/hmholtz.o obj/gfdm_par.o obj/gfdm_op.o obj/gfdm_solve.o obj/subs1.o obj/subs2.o obj/genbox.o obj/gmres.o obj/hsmg.o obj/convect.o obj/induct.o obj/perturb.o obj/navier5.o obj/navier6.o obj/navier7.o obj/navier8.o obj/fast3d.o obj/fasts.o obj/calcz.o obj/byte.o obj/chelpers.o obj/byte_mpi.o obj/postpro.o obj/intp_usr.o obj/cvode_driver.o obj/nek_comm.o obj/vprops.o obj/makeq_aux.o obj/papi.o obj/nek_in_situ.o obj/reader_rea.o obj/reader_par.o obj/reader_re2.o obj/finiparser.o obj/iniparser.o obj/dictionary.o obj/hpf.o obj/mxm_std.o obj/comm_mpi.o obj/singlmesh.o obj/blas.o obj/dsygv.o -craympich-dpm -L/lus/theta-fs0/projects/wall_turb_dd/vpuri/Nek5000-v17/3rd_party/gslib/lib -lgs 

#############################################################
#                  Compilation successful!                  #
#############################################################
   text	   data	    bss	    dec	    hex	filename
11526135	 175340	1698502352	1710203827	65efa3b3	nek5000


build 3rd-party software ...
'smoothWavyWall.usr' -> 'smoothWavyWall.f'
ftn -c  -O2 -O3 -r8 -fpconstant -fpp -craympich-dpm -r8 -fpconstant -fpp -DMPI -DUNDERSCORE -DTIMER -I/projects/wall_turb_dd/vpuri/NekTools/ww -I/lus/theta-fs0/projects/wall_turb_dd/vpuri/Nek5000-v17/core -I./ /projects/wall_turb_dd/vpuri/NekTools/ww/smoothWavyWall.f  -o obj/smoothWavyWall.o 
ftn  -O2 -O3 -r8 -fpconstant -fpp -craympich-dpm -r8 -fpconstant -fpp -DMPI -DUNDERSCORE -DTIMER -I/projects/wall_turb_dd/vpuri/NekTools/ww -I/lus/theta-fs0/projects/wall_turb_dd/vpuri/Nek5000-v17/core -I./ -o nek5000 obj/smoothWavyWall.o obj/drive.o obj/drive1.o obj/drive2.o obj/plan5.o obj/plan4.o obj/bdry.o obj/coef.o obj/conduct.o obj/connect1.o obj/connect2.o obj/dssum.o obj/edgec.o obj/eigsolv.o obj/gauss.o obj/genxyz.o obj/navier1.o obj/makeq.o obj/navier0.o obj/navier2.o obj/navier3.o obj/navier4.o obj/prepost.o obj/speclib.o obj/map2.o obj/mvmesh.o obj/ic.o obj/gfldr.o obj/ssolv.o obj/planx.o obj/math.o obj/mxm_wrapper.o obj/hmholtz.o obj/gfdm_par.o obj/gfdm_op.o obj/gfdm_solve.o obj/subs1.o obj/subs2.o obj/genbox.o obj/gmres.o obj/hsmg.o obj/convect.o obj/induct.o obj/perturb.o obj/navier5.o obj/navier6.o obj/navier7.o obj/navier8.o obj/fast3d.o obj/fasts.o obj/calcz.o obj/byte.o obj/chelpers.o obj/byte_mpi.o obj/postpro.o obj/intp_usr.o obj/cvode_driver.o obj/nek_comm.o obj/vprops.o obj/makeq_aux.o obj/papi.o obj/nek_in_situ.o obj/reader_rea.o obj/reader_par.o obj/reader_re2.o obj/finiparser.o obj/iniparser.o obj/dictionary.o obj/hpf.o obj/mxm_std.o obj/comm_mpi.o obj/singlmesh.o obj/blas.o obj/dsygv.o -craympich-dpm -L/lus/theta-fs0/projects/wall_turb_dd/vpuri/Nek5000-v17/3rd_party/gslib/lib -lgs 

#############################################################
#                  Compilation successful!                  #
#############################################################
   text	   data	    bss	    dec	    hex	filename
11526263	 175340	1698502352	1710203955	65efa433	nek5000


build 3rd-party software ...
'smoothWavyWall.usr' -> 'smoothWavyWall.f'
ftn -c  -O2 -O3 -r8 -fpconstant -fpp -craympich-dpm -r8 -fpconstant -fpp -DMPI -DUNDERSCORE -DTIMER -I/projects/wall_turb_dd/vpuri/NekTools/ww -I/lus/theta-fs0/projects/wall_turb_dd/vpuri/Nek5000-v17/core -I./ /projects/wall_turb_dd/vpuri/NekTools/ww/smoothWavyWall.f  -o obj/smoothWavyWall.o 
ftn  -O2 -O3 -r8 -fpconstant -fpp -craympich-dpm -r8 -fpconstant -fpp -DMPI -DUNDERSCORE -DTIMER -I/projects/wall_turb_dd/vpuri/NekTools/ww -I/lus/theta-fs0/projects/wall_turb_dd/vpuri/Nek5000-v17/core -I./ -o nek5000 obj/smoothWavyWall.o obj/drive.o obj/drive1.o obj/drive2.o obj/plan5.o obj/plan4.o obj/bdry.o obj/coef.o obj/conduct.o obj/connect1.o obj/connect2.o obj/dssum.o obj/edgec.o obj/eigsolv.o obj/gauss.o obj/genxyz.o obj/navier1.o obj/makeq.o obj/navier0.o obj/navier2.o obj/navier3.o obj/navier4.o obj/prepost.o obj/speclib.o obj/map2.o obj/mvmesh.o obj/ic.o obj/gfldr.o obj/ssolv.o obj/planx.o obj/math.o obj/mxm_wrapper.o obj/hmholtz.o obj/gfdm_par.o obj/gfdm_op.o obj/gfdm_solve.o obj/subs1.o obj/subs2.o obj/genbox.o obj/gmres.o obj/hsmg.o obj/convect.o obj/induct.o obj/perturb.o obj/navier5.o obj/navier6.o obj/navier7.o obj/navier8.o obj/fast3d.o obj/fasts.o obj/calcz.o obj/byte.o obj/chelpers.o obj/byte_mpi.o obj/postpro.o obj/intp_usr.o obj/cvode_driver.o obj/nek_comm.o obj/vprops.o obj/makeq_aux.o obj/papi.o obj/nek_in_situ.o obj/reader_rea.o obj/reader_par.o obj/reader_re2.o obj/finiparser.o obj/iniparser.o obj/dictionary.o obj/hpf.o obj/mxm_std.o obj/comm_mpi.o obj/singlmesh.o obj/blas.o obj/dsygv.o -craympich-dpm -L/lus/theta-fs0/projects/wall_turb_dd/vpuri/Nek5000-v17/3rd_party/gslib/lib -lgs 

#############################################################
#                  Compilation successful!                  #
#############################################################
   text	   data	    bss	    dec	    hex	filename
11526263	 175340	1698502352	1710203955	65efa433	nek5000


build 3rd-party software ...
'smoothWavyWall.usr' -> 'smoothWavyWall.f'
ftn -c  -O2 -O3 -r8 -fpconstant -fpp -craympich-dpm -r8 -fpconstant -fpp -DMPI -DUNDERSCORE -DTIMER -I/projects/wall_turb_dd/vpuri/NekTools/ww -I/lus/theta-fs0/projects/wall_turb_dd/vpuri/Nek5000-v17/core -I./ /projects/wall_turb_dd/vpuri/NekTools/ww/smoothWavyWall.f  -o obj/smoothWavyWall.o 
ftn  -O2 -O3 -r8 -fpconstant -fpp -craympich-dpm -r8 -fpconstant -fpp -DMPI -DUNDERSCORE -DTIMER -I/projects/wall_turb_dd/vpuri/NekTools/ww -I/lus/theta-fs0/projects/wall_turb_dd/vpuri/Nek5000-v17/core -I./ -o nek5000 obj/smoothWavyWall.o obj/drive.o obj/drive1.o obj/drive2.o obj/plan5.o obj/plan4.o obj/bdry.o obj/coef.o obj/conduct.o obj/connect1.o obj/connect2.o obj/dssum.o obj/edgec.o obj/eigsolv.o obj/gauss.o obj/genxyz.o obj/navier1.o obj/makeq.o obj/navier0.o obj/navier2.o obj/navier3.o obj/navier4.o obj/prepost.o obj/speclib.o obj/map2.o obj/mvmesh.o obj/ic.o obj/gfldr.o obj/ssolv.o obj/planx.o obj/math.o obj/mxm_wrapper.o obj/hmholtz.o obj/gfdm_par.o obj/gfdm_op.o obj/gfdm_solve.o obj/subs1.o obj/subs2.o obj/genbox.o obj/gmres.o obj/hsmg.o obj/convect.o obj/induct.o obj/perturb.o obj/navier5.o obj/navier6.o obj/navier7.o obj/navier8.o obj/fast3d.o obj/fasts.o obj/calcz.o obj/byte.o obj/chelpers.o obj/byte_mpi.o obj/postpro.o obj/intp_usr.o obj/cvode_driver.o obj/nek_comm.o obj/vprops.o obj/makeq_aux.o obj/papi.o obj/nek_in_situ.o obj/reader_rea.o obj/reader_par.o obj/reader_re2.o obj/finiparser.o obj/iniparser.o obj/dictionary.o obj/hpf.o obj/mxm_std.o obj/comm_mpi.o obj/singlmesh.o obj/blas.o obj/dsygv.o -craympich-dpm -L/lus/theta-fs0/projects/wall_turb_dd/vpuri/Nek5000-v17/3rd_party/gslib/lib -lgs 

#############################################################
#                  Compilation successful!                  #
#############################################################
   text	   data	    bss	    dec	    hex	filename
11526263	 175340	1698502352	1710203955	65efa433	nek5000


build 3rd-party software ...
'smoothWavyWall.usr' -> 'smoothWavyWall.f'
ftn -c  -O2 -O3 -r8 -fpconstant -fpp -craympich-dpm -r8 -fpconstant -fpp -DMPI -DUNDERSCORE -DTIMER -I/projects/wall_turb_dd/vpuri/NekTools/ww -I/lus/theta-fs0/projects/wall_turb_dd/vpuri/Nek5000-v17/core -I./ /projects/wall_turb_dd/vpuri/NekTools/ww/smoothWavyWall.f  -o obj/smoothWavyWall.o 
ftn  -O2 -O3 -r8 -fpconstant -fpp -craympich-dpm -r8 -fpconstant -fpp -DMPI -DUNDERSCORE -DTIMER -I/projects/wall_turb_dd/vpuri/NekTools/ww -I/lus/theta-fs0/projects/wall_turb_dd/vpuri/Nek5000-v17/core -I./ -o nek5000 obj/smoothWavyWall.o obj/drive.o obj/drive1.o obj/drive2.o obj/plan5.o obj/plan4.o obj/bdry.o obj/coef.o obj/conduct.o obj/connect1.o obj/connect2.o obj/dssum.o obj/edgec.o obj/eigsolv.o obj/gauss.o obj/genxyz.o obj/navier1.o obj/makeq.o obj/navier0.o obj/navier2.o obj/navier3.o obj/navier4.o obj/prepost.o obj/speclib.o obj/map2.o obj/mvmesh.o obj/ic.o obj/gfldr.o obj/ssolv.o obj/planx.o obj/math.o obj/mxm_wrapper.o obj/hmholtz.o obj/gfdm_par.o obj/gfdm_op.o obj/gfdm_solve.o obj/subs1.o obj/subs2.o obj/genbox.o obj/gmres.o obj/hsmg.o obj/convect.o obj/induct.o obj/perturb.o obj/navier5.o obj/navier6.o obj/navier7.o obj/navier8.o obj/fast3d.o obj/fasts.o obj/calcz.o obj/byte.o obj/chelpers.o obj/byte_mpi.o obj/postpro.o obj/intp_usr.o obj/cvode_driver.o obj/nek_comm.o obj/vprops.o obj/makeq_aux.o obj/papi.o obj/nek_in_situ.o obj/reader_rea.o obj/reader_par.o obj/reader_re2.o obj/finiparser.o obj/iniparser.o obj/dictionary.o obj/hpf.o obj/mxm_std.o obj/comm_mpi.o obj/singlmesh.o obj/blas.o obj/dsygv.o -craympich-dpm -L/lus/theta-fs0/projects/wall_turb_dd/vpuri/Nek5000-v17/3rd_party/gslib/lib -lgs 

#############################################################
#                  Compilation successful!                  #
#############################################################
   text	   data	    bss	    dec	    hex	filename
11526247	 175340	1698502352	1710203939	65efa423	nek5000


build 3rd-party software ...
'smoothWavyWall.usr' -> 'smoothWavyWall.f'
ftn -c  -O2 -O3 -r8 -fpconstant -fpp -craympich-dpm -r8 -fpconstant -fpp -DMPI -DUNDERSCORE -DTIMER -I/projects/wall_turb_dd/vpuri/NekTools/ww -I/lus/theta-fs0/projects/wall_turb_dd/vpuri/Nek5000-v17/core -I./ /projects/wall_turb_dd/vpuri/NekTools/ww/smoothWavyWall.f  -o obj/smoothWavyWall.o 
/projects/wall_turb_dd/vpuri/NekTools/ww/smoothWavyWall.f(161): error #6404: This name does not have a type, and must have an explicit type.   [IFLD]
        if (cbc(f,e,ifld).eq.bctyp) then
--------------------^
/projects/wall_turb_dd/vpuri/NekTools/ww/smoothWavyWall.f(162): error #6404: This name does not have a type, and must have an explicit type.   [IFACE]
          iface  = eface1(f)   ! surface to volume shifts
----------^
/projects/wall_turb_dd/vpuri/NekTools/ww/smoothWavyWall.f(163): error #6404: This name does not have a type, and must have an explicit type.   [JS1]
          js1    = skpdat(1,iface)
----------^
/projects/wall_turb_dd/vpuri/NekTools/ww/smoothWavyWall.f(164): error #6404: This name does not have a type, and must have an explicit type.   [JF1]
          jf1    = skpdat(2,iface)
----------^
/projects/wall_turb_dd/vpuri/NekTools/ww/smoothWavyWall.f(165): error #6404: This name does not have a type, and must have an explicit type.   [JSKIP1]
          jskip1 = skpdat(3,iface)
----------^
/projects/wall_turb_dd/vpuri/NekTools/ww/smoothWavyWall.f(166): error #6404: This name does not have a type, and must have an explicit type.   [JS2]
          js2    = skpdat(4,iface)
----------^
/projects/wall_turb_dd/vpuri/NekTools/ww/smoothWavyWall.f(167): error #6404: This name does not have a type, and must have an explicit type.   [JF2]
          jf2    = skpdat(5,iface)
----------^
/projects/wall_turb_dd/vpuri/NekTools/ww/smoothWavyWall.f(168): error #6404: This name does not have a type, and must have an explicit type.   [JSKIP2]
          jskip2 = skpdat(6,iface)
----------^
/projects/wall_turb_dd/vpuri/NekTools/ww/smoothWavyWall.f(170): error #6404: This name does not have a type, and must have an explicit type.   [K]
          k = 0
----------^
/projects/wall_turb_dd/vpuri/NekTools/ww/smoothWavyWall.f(171): error #6404: This name does not have a type, and must have an explicit type.   [J2]
          do j2=js2,jf2,jskip2
-------------^
/projects/wall_turb_dd/vpuri/NekTools/ww/smoothWavyWall.f(171): error #6063: An INTEGER or REAL data type is required in this context.   [J2]
          do j2=js2,jf2,jskip2
-------------^
/projects/wall_turb_dd/vpuri/NekTools/ww/smoothWavyWall.f(172): error #6404: This name does not have a type, and must have an explicit type.   [J1]
          do j1=js1,jf1,jskip1
-------------^
/projects/wall_turb_dd/vpuri/NekTools/ww/smoothWavyWall.f(172): error #6063: An INTEGER or REAL data type is required in this context.   [J1]
          do j1=js1,jf1,jskip1
-------------^
/projects/wall_turb_dd/vpuri/NekTools/ww/smoothWavyWall.f(180): error #6404: This name does not have a type, and must have an explicit type.   [SSX]
            tmp = 1 + ssx(x,0.2)**2
----------------------^
/projects/wall_turb_dd/vpuri/NekTools/ww/smoothWavyWall.f(233): error #6404: This name does not have a type, and must have an explicit type.   [GLMAX]
      tmp = glmax(Tx,ntot)
------------^
compilation aborted for /projects/wall_turb_dd/vpuri/NekTools/ww/smoothWavyWall.f (code 1)
makefile:119: recipe for target 'nek5000' failed
make: *** [nek5000] Error 1
build 3rd-party software ...
'smoothWavyWall.usr' -> 'smoothWavyWall.f'
ftn -c  -O2 -O3 -r8 -fpconstant -fpp -craympich-dpm -r8 -fpconstant -fpp -DMPI -DUNDERSCORE -DTIMER -I/projects/wall_turb_dd/vpuri/NekTools/ww -I/lus/theta-fs0/projects/wall_turb_dd/vpuri/Nek5000-v17/core -I./ /projects/wall_turb_dd/vpuri/NekTools/ww/smoothWavyWall.f  -o obj/smoothWavyWall.o 
/projects/wall_turb_dd/vpuri/NekTools/ww/smoothWavyWall.f(186): error #6404: This name does not have a type, and must have an explicit type.   [SSX]
            tmp = 1 + ssx(x,0.2)**2
----------------------^
/projects/wall_turb_dd/vpuri/NekTools/ww/smoothWavyWall.f(239): error #6404: This name does not have a type, and must have an explicit type.   [GLMAX]
      tmp = glmax(Tx,ntot)
------------^
compilation aborted for /projects/wall_turb_dd/vpuri/NekTools/ww/smoothWavyWall.f (code 1)
makefile:119: recipe for target 'nek5000' failed
make: *** [nek5000] Error 1
build 3rd-party software ...
'smoothWavyWall.usr' -> 'smoothWavyWall.f'
ftn -c  -O2 -O3 -r8 -fpconstant -fpp -craympich-dpm -r8 -fpconstant -fpp -DMPI -DUNDERSCORE -DTIMER -I/projects/wall_turb_dd/vpuri/NekTools/ww -I/lus/theta-fs0/projects/wall_turb_dd/vpuri/Nek5000-v17/core -I./ /projects/wall_turb_dd/vpuri/NekTools/ww/smoothWavyWall.f  -o obj/smoothWavyWall.o 
ftn  -O2 -O3 -r8 -fpconstant -fpp -craympich-dpm -r8 -fpconstant -fpp -DMPI -DUNDERSCORE -DTIMER -I/projects/wall_turb_dd/vpuri/NekTools/ww -I/lus/theta-fs0/projects/wall_turb_dd/vpuri/Nek5000-v17/core -I./ -o nek5000 obj/smoothWavyWall.o obj/drive.o obj/drive1.o obj/drive2.o obj/plan5.o obj/plan4.o obj/bdry.o obj/coef.o obj/conduct.o obj/connect1.o obj/connect2.o obj/dssum.o obj/edgec.o obj/eigsolv.o obj/gauss.o obj/genxyz.o obj/navier1.o obj/makeq.o obj/navier0.o obj/navier2.o obj/navier3.o obj/navier4.o obj/prepost.o obj/speclib.o obj/map2.o obj/mvmesh.o obj/ic.o obj/gfldr.o obj/ssolv.o obj/planx.o obj/math.o obj/mxm_wrapper.o obj/hmholtz.o obj/gfdm_par.o obj/gfdm_op.o obj/gfdm_solve.o obj/subs1.o obj/subs2.o obj/genbox.o obj/gmres.o obj/hsmg.o obj/convect.o obj/induct.o obj/perturb.o obj/navier5.o obj/navier6.o obj/navier7.o obj/navier8.o obj/fast3d.o obj/fasts.o obj/calcz.o obj/byte.o obj/chelpers.o obj/byte_mpi.o obj/postpro.o obj/intp_usr.o obj/cvode_driver.o obj/nek_comm.o obj/vprops.o obj/makeq_aux.o obj/papi.o obj/nek_in_situ.o obj/reader_rea.o obj/reader_par.o obj/reader_re2.o obj/finiparser.o obj/iniparser.o obj/dictionary.o obj/hpf.o obj/mxm_std.o obj/comm_mpi.o obj/singlmesh.o obj/blas.o obj/dsygv.o -craympich-dpm -L/lus/theta-fs0/projects/wall_turb_dd/vpuri/Nek5000-v17/3rd_party/gslib/lib -lgs 

#############################################################
#                  Compilation successful!                  #
#############################################################
   text	   data	    bss	    dec	    hex	filename
11526183	 175340	1698502352	1710203875	65efa3e3	nek5000


build 3rd-party software ...
'smoothWavyWall.usr' -> 'smoothWavyWall.f'
ftn -c  -O2 -O3 -r8 -fpconstant -fpp -craympich-dpm -r8 -fpconstant -fpp -DMPI -DUNDERSCORE -DTIMER -I/projects/wall_turb_dd/vpuri/NekTools/ww -I/lus/theta-fs0/projects/wall_turb_dd/vpuri/Nek5000-v17/core -I./ /projects/wall_turb_dd/vpuri/NekTools/ww/smoothWavyWall.f  -o obj/smoothWavyWall.o 
ftn  -O2 -O3 -r8 -fpconstant -fpp -craympich-dpm -r8 -fpconstant -fpp -DMPI -DUNDERSCORE -DTIMER -I/projects/wall_turb_dd/vpuri/NekTools/ww -I/lus/theta-fs0/projects/wall_turb_dd/vpuri/Nek5000-v17/core -I./ -o nek5000 obj/smoothWavyWall.o obj/drive.o obj/drive1.o obj/drive2.o obj/plan5.o obj/plan4.o obj/bdry.o obj/coef.o obj/conduct.o obj/connect1.o obj/connect2.o obj/dssum.o obj/edgec.o obj/eigsolv.o obj/gauss.o obj/genxyz.o obj/navier1.o obj/makeq.o obj/navier0.o obj/navier2.o obj/navier3.o obj/navier4.o obj/prepost.o obj/speclib.o obj/map2.o obj/mvmesh.o obj/ic.o obj/gfldr.o obj/ssolv.o obj/planx.o obj/math.o obj/mxm_wrapper.o obj/hmholtz.o obj/gfdm_par.o obj/gfdm_op.o obj/gfdm_solve.o obj/subs1.o obj/subs2.o obj/genbox.o obj/gmres.o obj/hsmg.o obj/convect.o obj/induct.o obj/perturb.o obj/navier5.o obj/navier6.o obj/navier7.o obj/navier8.o obj/fast3d.o obj/fasts.o obj/calcz.o obj/byte.o obj/chelpers.o obj/byte_mpi.o obj/postpro.o obj/intp_usr.o obj/cvode_driver.o obj/nek_comm.o obj/vprops.o obj/makeq_aux.o obj/papi.o obj/nek_in_situ.o obj/reader_rea.o obj/reader_par.o obj/reader_re2.o obj/finiparser.o obj/iniparser.o obj/dictionary.o obj/hpf.o obj/mxm_std.o obj/comm_mpi.o obj/singlmesh.o obj/blas.o obj/dsygv.o -craympich-dpm -L/lus/theta-fs0/projects/wall_turb_dd/vpuri/Nek5000-v17/3rd_party/gslib/lib -lgs 

#############################################################
#                  Compilation successful!                  #
#############################################################
   text	   data	    bss	    dec	    hex	filename
11526055	 175340	1698502352	1710203747	65efa363	nek5000


build 3rd-party software ...
'smoothWavyWall.usr' -> 'smoothWavyWall.f'
ftn -c  -O2 -O3 -r8 -fpconstant -fpp -craympich-dpm -r8 -fpconstant -fpp -DMPI -DUNDERSCORE -DTIMER -I/projects/wall_turb_dd/vpuri/NekTools/ww -I/lus/theta-fs0/projects/wall_turb_dd/vpuri/Nek5000-v17/core -I./ /projects/wall_turb_dd/vpuri/NekTools/ww/smoothWavyWall.f  -o obj/smoothWavyWall.o 
ftn  -O2 -O3 -r8 -fpconstant -fpp -craympich-dpm -r8 -fpconstant -fpp -DMPI -DUNDERSCORE -DTIMER -I/projects/wall_turb_dd/vpuri/NekTools/ww -I/lus/theta-fs0/projects/wall_turb_dd/vpuri/Nek5000-v17/core -I./ -o nek5000 obj/smoothWavyWall.o obj/drive.o obj/drive1.o obj/drive2.o obj/plan5.o obj/plan4.o obj/bdry.o obj/coef.o obj/conduct.o obj/connect1.o obj/connect2.o obj/dssum.o obj/edgec.o obj/eigsolv.o obj/gauss.o obj/genxyz.o obj/navier1.o obj/makeq.o obj/navier0.o obj/navier2.o obj/navier3.o obj/navier4.o obj/prepost.o obj/speclib.o obj/map2.o obj/mvmesh.o obj/ic.o obj/gfldr.o obj/ssolv.o obj/planx.o obj/math.o obj/mxm_wrapper.o obj/hmholtz.o obj/gfdm_par.o obj/gfdm_op.o obj/gfdm_solve.o obj/subs1.o obj/subs2.o obj/genbox.o obj/gmres.o obj/hsmg.o obj/convect.o obj/induct.o obj/perturb.o obj/navier5.o obj/navier6.o obj/navier7.o obj/navier8.o obj/fast3d.o obj/fasts.o obj/calcz.o obj/byte.o obj/chelpers.o obj/byte_mpi.o obj/postpro.o obj/intp_usr.o obj/cvode_driver.o obj/nek_comm.o obj/vprops.o obj/makeq_aux.o obj/papi.o obj/nek_in_situ.o obj/reader_rea.o obj/reader_par.o obj/reader_re2.o obj/finiparser.o obj/iniparser.o obj/dictionary.o obj/hpf.o obj/mxm_std.o obj/comm_mpi.o obj/singlmesh.o obj/blas.o obj/dsygv.o -craympich-dpm -L/lus/theta-fs0/projects/wall_turb_dd/vpuri/Nek5000-v17/3rd_party/gslib/lib -lgs 

#############################################################
#                  Compilation successful!                  #
#############################################################
   text	   data	    bss	    dec	    hex	filename
11526175	 175340	1698502352	1710203867	65efa3db	nek5000


build 3rd-party software ...
'smoothWavyWall.usr' -> 'smoothWavyWall.f'
ftn -c  -O2 -O3 -r8 -fpconstant -fpp -craympich-dpm -r8 -fpconstant -fpp -DMPI -DUNDERSCORE -DTIMER -I/projects/wall_turb_dd/vpuri/NekTools/ww -I/lus/theta-fs0/projects/wall_turb_dd/vpuri/Nek5000-v17/core -I./ /projects/wall_turb_dd/vpuri/NekTools/ww/smoothWavyWall.f  -o obj/smoothWavyWall.o 
ftn  -O2 -O3 -r8 -fpconstant -fpp -craympich-dpm -r8 -fpconstant -fpp -DMPI -DUNDERSCORE -DTIMER -I/projects/wall_turb_dd/vpuri/NekTools/ww -I/lus/theta-fs0/projects/wall_turb_dd/vpuri/Nek5000-v17/core -I./ -o nek5000 obj/smoothWavyWall.o obj/drive.o obj/drive1.o obj/drive2.o obj/plan5.o obj/plan4.o obj/bdry.o obj/coef.o obj/conduct.o obj/connect1.o obj/connect2.o obj/dssum.o obj/edgec.o obj/eigsolv.o obj/gauss.o obj/genxyz.o obj/navier1.o obj/makeq.o obj/navier0.o obj/navier2.o obj/navier3.o obj/navier4.o obj/prepost.o obj/speclib.o obj/map2.o obj/mvmesh.o obj/ic.o obj/gfldr.o obj/ssolv.o obj/planx.o obj/math.o obj/mxm_wrapper.o obj/hmholtz.o obj/gfdm_par.o obj/gfdm_op.o obj/gfdm_solve.o obj/subs1.o obj/subs2.o obj/genbox.o obj/gmres.o obj/hsmg.o obj/convect.o obj/induct.o obj/perturb.o obj/navier5.o obj/navier6.o obj/navier7.o obj/navier8.o obj/fast3d.o obj/fasts.o obj/calcz.o obj/byte.o obj/chelpers.o obj/byte_mpi.o obj/postpro.o obj/intp_usr.o obj/cvode_driver.o obj/nek_comm.o obj/vprops.o obj/makeq_aux.o obj/papi.o obj/nek_in_situ.o obj/reader_rea.o obj/reader_par.o obj/reader_re2.o obj/finiparser.o obj/iniparser.o obj/dictionary.o obj/hpf.o obj/mxm_std.o obj/comm_mpi.o obj/singlmesh.o obj/blas.o obj/dsygv.o -craympich-dpm -L/lus/theta-fs0/projects/wall_turb_dd/vpuri/Nek5000-v17/3rd_party/gslib/lib -lgs 

#############################################################
#                  Compilation successful!                  #
#############################################################
   text	   data	    bss	    dec	    hex	filename
11526751	 175340	1698502352	1710204443	65efa61b	nek5000


build 3rd-party software ...
'smoothWavyWall.usr' -> 'smoothWavyWall.f'
ftn -c  -O2 -O3 -r8 -fpconstant -fpp -craympich-dpm -r8 -fpconstant -fpp -DMPI -DUNDERSCORE -DTIMER -I/projects/wall_turb_dd/vpuri/NekTools/ww -I/lus/theta-fs0/projects/wall_turb_dd/vpuri/Nek5000-v17/core -I./ /projects/wall_turb_dd/vpuri/NekTools/ww/smoothWavyWall.f  -o obj/smoothWavyWall.o 
ftn  -O2 -O3 -r8 -fpconstant -fpp -craympich-dpm -r8 -fpconstant -fpp -DMPI -DUNDERSCORE -DTIMER -I/projects/wall_turb_dd/vpuri/NekTools/ww -I/lus/theta-fs0/projects/wall_turb_dd/vpuri/Nek5000-v17/core -I./ -o nek5000 obj/smoothWavyWall.o obj/drive.o obj/drive1.o obj/drive2.o obj/plan5.o obj/plan4.o obj/bdry.o obj/coef.o obj/conduct.o obj/connect1.o obj/connect2.o obj/dssum.o obj/edgec.o obj/eigsolv.o obj/gauss.o obj/genxyz.o obj/navier1.o obj/makeq.o obj/navier0.o obj/navier2.o obj/navier3.o obj/navier4.o obj/prepost.o obj/speclib.o obj/map2.o obj/mvmesh.o obj/ic.o obj/gfldr.o obj/ssolv.o obj/planx.o obj/math.o obj/mxm_wrapper.o obj/hmholtz.o obj/gfdm_par.o obj/gfdm_op.o obj/gfdm_solve.o obj/subs1.o obj/subs2.o obj/genbox.o obj/gmres.o obj/hsmg.o obj/convect.o obj/induct.o obj/perturb.o obj/navier5.o obj/navier6.o obj/navier7.o obj/navier8.o obj/fast3d.o obj/fasts.o obj/calcz.o obj/byte.o obj/chelpers.o obj/byte_mpi.o obj/postpro.o obj/intp_usr.o obj/cvode_driver.o obj/nek_comm.o obj/vprops.o obj/makeq_aux.o obj/papi.o obj/nek_in_situ.o obj/reader_rea.o obj/reader_par.o obj/reader_re2.o obj/finiparser.o obj/iniparser.o obj/dictionary.o obj/hpf.o obj/mxm_std.o obj/comm_mpi.o obj/singlmesh.o obj/blas.o obj/dsygv.o -craympich-dpm -L/lus/theta-fs0/projects/wall_turb_dd/vpuri/Nek5000-v17/3rd_party/gslib/lib -lgs 

#############################################################
#                  Compilation successful!                  #
#############################################################
   text	   data	    bss	    dec	    hex	filename
11527071	 175340	1698502352	1710204763	65efa75b	nek5000


build 3rd-party software ...
'smoothWavyWall.usr' -> 'smoothWavyWall.f'
ftn -c  -O2 -O3 -r8 -fpconstant -fpp -craympich-dpm -r8 -fpconstant -fpp -DMPI -DUNDERSCORE -DTIMER -I/projects/wall_turb_dd/vpuri/NekTools/w2 -I/lus/theta-fs0/projects/wall_turb_dd/vpuri/Nek5000-v17/core -I./ /projects/wall_turb_dd/vpuri/NekTools/w2/smoothWavyWall.f  -o obj/smoothWavyWall.o 
ftn  -O2 -O3 -r8 -fpconstant -fpp -craympich-dpm -r8 -fpconstant -fpp -DMPI -DUNDERSCORE -DTIMER -I/projects/wall_turb_dd/vpuri/NekTools/w2 -I/lus/theta-fs0/projects/wall_turb_dd/vpuri/Nek5000-v17/core -I./ -o nek5000 obj/smoothWavyWall.o obj/drive.o obj/drive1.o obj/drive2.o obj/plan5.o obj/plan4.o obj/bdry.o obj/coef.o obj/conduct.o obj/connect1.o obj/connect2.o obj/dssum.o obj/edgec.o obj/eigsolv.o obj/gauss.o obj/genxyz.o obj/navier1.o obj/makeq.o obj/navier0.o obj/navier2.o obj/navier3.o obj/navier4.o obj/prepost.o obj/speclib.o obj/map2.o obj/mvmesh.o obj/ic.o obj/gfldr.o obj/ssolv.o obj/planx.o obj/math.o obj/mxm_wrapper.o obj/hmholtz.o obj/gfdm_par.o obj/gfdm_op.o obj/gfdm_solve.o obj/subs1.o obj/subs2.o obj/genbox.o obj/gmres.o obj/hsmg.o obj/convect.o obj/induct.o obj/perturb.o obj/navier5.o obj/navier6.o obj/navier7.o obj/navier8.o obj/fast3d.o obj/fasts.o obj/calcz.o obj/byte.o obj/chelpers.o obj/byte_mpi.o obj/postpro.o obj/intp_usr.o obj/cvode_driver.o obj/nek_comm.o obj/vprops.o obj/makeq_aux.o obj/papi.o obj/nek_in_situ.o obj/reader_rea.o obj/reader_par.o obj/reader_re2.o obj/finiparser.o obj/iniparser.o obj/dictionary.o obj/hpf.o obj/mxm_std.o obj/comm_mpi.o obj/singlmesh.o obj/blas.o obj/dsygv.o -craympich-dpm -L/lus/theta-fs0/projects/wall_turb_dd/vpuri/Nek5000-v17/3rd_party/gslib/lib -lgs 

#############################################################
#                  Compilation successful!                  #
#############################################################
   text	   data	    bss	    dec	    hex	filename
11527071	 175340	1698502352	1710204763	65efa75b	nek5000


